Working threads: 60
Using NTL types.
Activating EXTREME pruning.
Setting pruning parameter to 0.22.
Setting candidate-queue size to 10240.
Setting parallel-enum threshold to dimension 15.
Disabling usage of Gauss heuristic
Enabling BKZ-auto-height adaption.
Setting bkz-height to 2.
Setting pre-beta to 24.
Setting parallel-BKZ instances to 1.
Setting randomized trials to 1.
Read conf file at penum.conf
Setting prebeta parameter to 12.
Setting pruning parameter to 0.26.
Delta: 0.999
Beta: 22
Mode: 1
Candidate Height: 10
Target length: 2170
Trying to read: input/svpc-e1-d70.txt
Read a basis of dimension: 70 / 70 with |b_0| = 0.3968251851e211
Starting procedure
Preparing preprocessing of 1 threads.
Thread 0 is BKZ-22 reducing basis
|b_0| of BKZ-22 reduced basis of thread 0 is: 2433.162962(1.24465s [1.17079 s / 0.0126854s ]).
Sorting 1 bases.
-0.0242592 
Time for preprocessing: 1.33052 seconds.
Processing base of thread 0
Executing ENUM with target length 2170
A: 4.7089e+06
Searching candidates in depth 10
Processed 246526 candidate-subtrees.
coefficients: [ 0 0 0 0 0 0 0 0 0 0 0 0 0 0 0 0 0 0 0 0 0 0 0 0 0 0 0 0 0 0 0 0 0 0 0 0 0 0 0 0 0 0 0 0 0 0 0 0 0 0 0 0 0 0 0 0 0 0 0 0 0 0 0 0 0 0 0 0 0 0 ]
Shortest Vector: [0 0 0 0 0 0 0 0 0 0 0 0 0 0 0 0 0 0 0 0 0 0 0 0 0 0 0 0 0 0 0 0 0 0 0 0 0 0 0 0 0 0 0 0 0 0 0 0 0 0 0 0 0 0 0 0 0 0 0 0 0 0 0 0 0 0 0 0 0 0 ]
Len: 0

Runtime of standard enumeration: 9.6507 s.
Unsuccessful after 1 attemps in 11.071 s (processed 1 bases).
Working threads: 50
Using NTL types.
Activating EXTREME pruning.
Setting pruning parameter to 0.22.
Setting candidate-queue size to 10240.
Setting parallel-enum threshold to dimension 15.
Disabling usage of Gauss heuristic
Enabling BKZ-auto-height adaption.
Setting bkz-height to 2.
Setting pre-beta to 24.
Setting parallel-BKZ instances to 1.
Setting randomized trials to 1.
Read conf file at penum.conf
Setting prebeta parameter to 12.
Setting pruning parameter to 0.26.
Delta: 0.999
Beta: 22
Mode: 1
Candidate Height: 10
Target length: 2170
Trying to read: input/svpc-e1-d70.txt
Read a basis of dimension: 70 / 70 with |b_0| = 0.3968251851e211
Starting procedure
Preparing preprocessing of 1 threads.
Thread 0 is BKZ-22 reducing basis
|b_0| of BKZ-22 reduced basis of thread 0 is: 2433.162962(1.18256s [1.1109 s / 0.0120613s ]).
Sorting 1 bases.
-0.0242592 
Time for preprocessing: 1.26668 seconds.
Processing base of thread 0
Executing ENUM with target length 2170
A: 4.7089e+06
Searching candidates in depth 10
Processed 246527 candidate-subtrees.
coefficients: [ 0 0 0 0 0 0 0 0 0 0 0 0 0 0 0 0 0 0 0 0 0 0 0 0 0 0 0 0 0 0 0 0 0 0 0 0 0 0 0 0 0 0 0 0 0 0 0 0 0 0 0 0 0 0 0 0 0 0 0 0 0 0 0 0 0 0 0 0 0 0 ]
Shortest Vector: [0 0 0 0 0 0 0 0 0 0 0 0 0 0 0 0 0 0 0 0 0 0 0 0 0 0 0 0 0 0 0 0 0 0 0 0 0 0 0 0 0 0 0 0 0 0 0 0 0 0 0 0 0 0 0 0 0 0 0 0 0 0 0 0 0 0 0 0 0 0 ]
Len: 0

Runtime of standard enumeration: 8.9775 s.
Unsuccessful after 1 attemps in 10.325 s (processed 1 bases).
Working threads: 40
Using NTL types.
Activating EXTREME pruning.
Setting pruning parameter to 0.22.
Setting candidate-queue size to 10240.
Setting parallel-enum threshold to dimension 15.
Disabling usage of Gauss heuristic
Enabling BKZ-auto-height adaption.
Setting bkz-height to 2.
Setting pre-beta to 24.
Setting parallel-BKZ instances to 1.
Setting randomized trials to 1.
Read conf file at penum.conf
Setting prebeta parameter to 12.
Setting pruning parameter to 0.26.
Delta: 0.999
Beta: 22
Mode: 1
Candidate Height: 10
Target length: 2170
Trying to read: input/svpc-e1-d70.txt
Read a basis of dimension: 70 / 70 with |b_0| = 0.3968251851e211
Starting procedure
Preparing preprocessing of 1 threads.
Thread 0 is BKZ-22 reducing basis
|b_0| of BKZ-22 reduced basis of thread 0 is: 2433.162962(1.18279s [1.10852 s / 0.0126318s ]).
Sorting 1 bases.
-0.0242592 
Time for preprocessing: 1.2665 seconds.
Processing base of thread 0
Executing ENUM with target length 2170
A: 4.7089e+06
Searching candidates in depth 10
Processed 246528 candidate-subtrees.
coefficients: [ 0 0 0 0 0 0 0 0 0 0 0 0 0 0 0 0 0 0 0 0 0 0 0 0 0 0 0 0 0 0 0 0 0 0 0 0 0 0 0 0 0 0 0 0 0 0 0 0 0 0 0 0 0 0 0 0 0 0 0 0 0 0 0 0 0 0 0 0 0 0 ]
Shortest Vector: [0 0 0 0 0 0 0 0 0 0 0 0 0 0 0 0 0 0 0 0 0 0 0 0 0 0 0 0 0 0 0 0 0 0 0 0 0 0 0 0 0 0 0 0 0 0 0 0 0 0 0 0 0 0 0 0 0 0 0 0 0 0 0 0 0 0 0 0 0 0 ]
Len: 0

Runtime of standard enumeration: 8.7906 s.
Unsuccessful after 1 attemps in 10.138 s (processed 1 bases).
Working threads: 30
Using NTL types.
Activating EXTREME pruning.
Setting pruning parameter to 0.22.
Setting candidate-queue size to 10240.
Setting parallel-enum threshold to dimension 15.
Disabling usage of Gauss heuristic
Enabling BKZ-auto-height adaption.
Setting bkz-height to 2.
Setting pre-beta to 24.
Setting parallel-BKZ instances to 1.
Setting randomized trials to 1.
Read conf file at penum.conf
Setting prebeta parameter to 12.
Setting pruning parameter to 0.26.
Delta: 0.999
Beta: 22
Mode: 1
Candidate Height: 10
Target length: 2170
Trying to read: input/svpc-e1-d70.txt
Read a basis of dimension: 70 / 70 with |b_0| = 0.3968251851e211
Starting procedure
Preparing preprocessing of 1 threads.
Thread 0 is BKZ-22 reducing basis
|b_0| of BKZ-22 reduced basis of thread 0 is: 2433.162962(1.17662s [1.10386 s / 0.012046s ]).
Sorting 1 bases.
-0.0242592 
Time for preprocessing: 1.26038 seconds.
Processing base of thread 0
Executing ENUM with target length 2170
A: 4.7089e+06
Searching candidates in depth 10
Processed 246531 candidate-subtrees.
coefficients: [ 0 0 0 0 0 0 0 0 0 0 0 0 0 0 0 0 0 0 0 0 0 0 0 0 0 0 0 0 0 0 0 0 0 0 0 0 0 0 0 0 0 0 0 0 0 0 0 0 0 0 0 0 0 0 0 0 0 0 0 0 0 0 0 0 0 0 0 0 0 0 ]
Shortest Vector: [0 0 0 0 0 0 0 0 0 0 0 0 0 0 0 0 0 0 0 0 0 0 0 0 0 0 0 0 0 0 0 0 0 0 0 0 0 0 0 0 0 0 0 0 0 0 0 0 0 0 0 0 0 0 0 0 0 0 0 0 0 0 0 0 0 0 0 0 0 0 ]
Len: 0

Runtime of standard enumeration: 9.3174 s.
Unsuccessful after 1 attemps in 10.658 s (processed 1 bases).
Working threads: 20
Using NTL types.
Activating EXTREME pruning.
Setting pruning parameter to 0.22.
Setting candidate-queue size to 10240.
Setting parallel-enum threshold to dimension 15.
Disabling usage of Gauss heuristic
Enabling BKZ-auto-height adaption.
Setting bkz-height to 2.
Setting pre-beta to 24.
Setting parallel-BKZ instances to 1.
Setting randomized trials to 1.
Read conf file at penum.conf
Setting prebeta parameter to 12.
Setting pruning parameter to 0.26.
Delta: 0.999
Beta: 22
Mode: 1
Candidate Height: 10
Target length: 2170
Trying to read: input/svpc-e1-d70.txt
Read a basis of dimension: 70 / 70 with |b_0| = 0.3968251851e211
Starting procedure
Preparing preprocessing of 1 threads.
Thread 0 is BKZ-22 reducing basis
|b_0| of BKZ-22 reduced basis of thread 0 is: 2433.162962(1.17901s [1.10719 s / 0.0119206s ]).
Sorting 1 bases.
-0.0242592 
Time for preprocessing: 1.2627 seconds.
Processing base of thread 0
Executing ENUM with target length 2170
A: 4.7089e+06
Searching candidates in depth 10
Processed 246531 candidate-subtrees.
coefficients: [ 0 0 0 0 0 0 0 0 0 0 0 0 0 0 0 0 0 0 0 0 0 0 0 0 0 0 0 0 0 0 0 0 0 0 0 0 0 0 0 0 0 0 0 0 0 0 0 0 0 0 0 0 0 0 0 0 0 0 0 0 0 0 0 0 0 0 0 0 0 0 ]
Shortest Vector: [0 0 0 0 0 0 0 0 0 0 0 0 0 0 0 0 0 0 0 0 0 0 0 0 0 0 0 0 0 0 0 0 0 0 0 0 0 0 0 0 0 0 0 0 0 0 0 0 0 0 0 0 0 0 0 0 0 0 0 0 0 0 0 0 0 0 0 0 0 0 ]
Len: 0

Runtime of standard enumeration: 13.425 s.
Unsuccessful after 1 attemps in 14.768 s (processed 1 bases).
Working threads: 10
Using NTL types.
Activating EXTREME pruning.
Setting pruning parameter to 0.22.
Setting candidate-queue size to 10240.
Setting parallel-enum threshold to dimension 15.
Disabling usage of Gauss heuristic
Enabling BKZ-auto-height adaption.
Setting bkz-height to 2.
Setting pre-beta to 24.
Setting parallel-BKZ instances to 1.
Setting randomized trials to 1.
Read conf file at penum.conf
Setting prebeta parameter to 12.
Setting pruning parameter to 0.26.
Delta: 0.999
Beta: 22
Mode: 1
Candidate Height: 10
Target length: 2170
Trying to read: input/svpc-e1-d70.txt
Read a basis of dimension: 70 / 70 with |b_0| = 0.3968251851e211
Starting procedure
Preparing preprocessing of 1 threads.
Thread 0 is BKZ-22 reducing basis
|b_0| of BKZ-22 reduced basis of thread 0 is: 2433.162962(1.18081s [1.1084 s / 0.0122988s ]).
Sorting 1 bases.
-0.0242592 
Time for preprocessing: 1.26474 seconds.
Processing base of thread 0
Executing ENUM with target length 2170
A: 4.7089e+06
Searching candidates in depth 10
Processed 246531 candidate-subtrees.
coefficients: [ 0 0 0 0 0 0 0 0 0 0 0 0 0 0 0 0 0 0 0 0 0 0 0 0 0 0 0 0 0 0 0 0 0 0 0 0 0 0 0 0 0 0 0 0 0 0 0 0 0 0 0 0 0 0 0 0 0 0 0 0 0 0 0 0 0 0 0 0 0 0 ]
Shortest Vector: [0 0 0 0 0 0 0 0 0 0 0 0 0 0 0 0 0 0 0 0 0 0 0 0 0 0 0 0 0 0 0 0 0 0 0 0 0 0 0 0 0 0 0 0 0 0 0 0 0 0 0 0 0 0 0 0 0 0 0 0 0 0 0 0 0 0 0 0 0 0 ]
Len: 0

Runtime of standard enumeration: 25.88 s.
Unsuccessful after 1 attemps in 27.225 s (processed 1 bases).
Working threads: 5
Using NTL types.
Activating EXTREME pruning.
Setting pruning parameter to 0.22.
Setting candidate-queue size to 10240.
Setting parallel-enum threshold to dimension 15.
Disabling usage of Gauss heuristic
Enabling BKZ-auto-height adaption.
Setting bkz-height to 2.
Setting pre-beta to 24.
Setting parallel-BKZ instances to 1.
Setting randomized trials to 1.
Read conf file at penum.conf
Setting prebeta parameter to 12.
Setting pruning parameter to 0.26.
Delta: 0.999
Beta: 22
Mode: 1
Candidate Height: 10
Target length: 2170
Trying to read: input/svpc-e1-d70.txt
Read a basis of dimension: 70 / 70 with |b_0| = 0.3968251851e211
Starting procedure
Preparing preprocessing of 1 threads.
Thread 0 is BKZ-22 reducing basis
|b_0| of BKZ-22 reduced basis of thread 0 is: 2433.162962(1.17719s [1.10473 s / 0.012287s ]).
Sorting 1 bases.
-0.0242592 
Time for preprocessing: 1.26051 seconds.
Processing base of thread 0
Executing ENUM with target length 2170
A: 4.7089e+06
Searching candidates in depth 10
Processed 246532 candidate-subtrees.
coefficients: [ 0 0 0 0 0 0 0 0 0 0 0 0 0 0 0 0 0 0 0 0 0 0 0 0 0 0 0 0 0 0 0 0 0 0 0 0 0 0 0 0 0 0 0 0 0 0 0 0 0 0 0 0 0 0 0 0 0 0 0 0 0 0 0 0 0 0 0 0 0 0 ]
Shortest Vector: [0 0 0 0 0 0 0 0 0 0 0 0 0 0 0 0 0 0 0 0 0 0 0 0 0 0 0 0 0 0 0 0 0 0 0 0 0 0 0 0 0 0 0 0 0 0 0 0 0 0 0 0 0 0 0 0 0 0 0 0 0 0 0 0 0 0 0 0 0 0 ]
Len: 0

Runtime of standard enumeration: 59.713 s.
Unsuccessful after 1 attemps in 61.054 s (processed 1 bases).
Working threads: 1
Using NTL types.
Activating EXTREME pruning.
Setting pruning parameter to 0.22.
Setting candidate-queue size to 10240.
Setting parallel-enum threshold to dimension 15.
Disabling usage of Gauss heuristic
Enabling BKZ-auto-height adaption.
Setting bkz-height to 2.
Setting pre-beta to 24.
Setting parallel-BKZ instances to 1.
Setting randomized trials to 1.
Read conf file at penum.conf
Setting prebeta parameter to 12.
Setting pruning parameter to 0.26.
Delta: 0.999
Beta: 22
Mode: 1
Candidate Height: 10
Target length: 2170
Trying to read: input/svpc-e1-d70.txt
Read a basis of dimension: 70 / 70 with |b_0| = 0.3968251851e211
Starting procedure
Preparing preprocessing of 1 threads.
Thread 0 is BKZ-22 reducing basis
|b_0| of BKZ-22 reduced basis of thread 0 is: 2433.162962(1.17505s [1.10365 s / 0.0122455s ]).
Sorting 1 bases.
-0.0242592 
Time for preprocessing: 1.25833 seconds.
Processing base of thread 0
Executing ENUM with target length 2170
A: 4.7089e+06
Searching candidates in depth 10
Processed 246533 candidate-subtrees.
coefficients: [ 0 0 0 0 0 0 0 0 0 0 0 0 0 0 0 0 0 0 0 0 0 0 0 0 0 0 0 0 0 0 0 0 0 0 0 0 0 0 0 0 0 0 0 0 0 0 0 0 0 0 0 0 0 0 0 0 0 0 0 0 0 0 0 0 0 0 0 0 0 0 ]
Shortest Vector: [0 0 0 0 0 0 0 0 0 0 0 0 0 0 0 0 0 0 0 0 0 0 0 0 0 0 0 0 0 0 0 0 0 0 0 0 0 0 0 0 0 0 0 0 0 0 0 0 0 0 0 0 0 0 0 0 0 0 0 0 0 0 0 0 0 0 0 0 0 0 ]
Len: 0

Runtime of standard enumeration: 241.31 s.
Unsuccessful after 1 attemps in 242.65 s (processed 1 bases).
