Working threads: 60
Using NTL types.
Activating EXTREME pruning.
Setting pruning parameter to 0.22.
Setting candidate-queue size to 10240.
Setting parallel-enum threshold to dimension 15.
Disabling usage of Gauss heuristic
Enabling BKZ-auto-height adaption.
Setting bkz-height to 2.
Setting pre-beta to 24.
Setting parallel-BKZ instances to 1.
Setting randomized trials to 1.
Read conf file at penum.conf
Setting prebeta parameter to 12.
Setting pruning parameter to 0.26.
Delta: 0.999
Beta: 22
Mode: 1
Candidate Height: 10
Target length: 2170
Trying to read: input/svpc-e1-d70.txt
Read a basis of dimension: 70 / 70 with |b_0| = 0.3968251851e211
Starting procedure
Preparing preprocessing of 1 threads.
Thread 0 is BKZ-22 reducing basis
|b_0| of BKZ-22 reduced basis of thread 0 is: 2433.162962(1.18574s [1.11259 s / 0.012414s ]).
Sorting 1 bases.
-0.0242592 
Time for preprocessing: 1.27029 seconds.
Processing base of thread 0
Executing ENUM with target length 2170
A: 4.7089e+06
Searching candidates in depth 10
Processed 246527 candidate-subtrees.
coefficients: [ 0 0 0 0 0 0 0 0 0 0 0 0 0 0 0 0 0 0 0 0 0 0 0 0 0 0 0 0 0 0 0 0 0 0 0 0 0 0 0 0 0 0 0 0 0 0 0 0 0 0 0 0 0 0 0 0 0 0 0 0 0 0 0 0 0 0 0 0 0 0 ]
Shortest Vector: [0 0 0 0 0 0 0 0 0 0 0 0 0 0 0 0 0 0 0 0 0 0 0 0 0 0 0 0 0 0 0 0 0 0 0 0 0 0 0 0 0 0 0 0 0 0 0 0 0 0 0 0 0 0 0 0 0 0 0 0 0 0 0 0 0 0 0 0 0 0 ]
Len: 0

Runtime of standard enumeration: 8.008 s.
Unsuccessful after 1 attemps in 9.3711 s (processed 1 bases).
Working threads: 50
Using NTL types.
Activating EXTREME pruning.
Setting pruning parameter to 0.22.
Setting candidate-queue size to 10240.
Setting parallel-enum threshold to dimension 15.
Disabling usage of Gauss heuristic
Enabling BKZ-auto-height adaption.
Setting bkz-height to 2.
Setting pre-beta to 24.
Setting parallel-BKZ instances to 1.
Setting randomized trials to 1.
Read conf file at penum.conf
Setting prebeta parameter to 12.
Setting pruning parameter to 0.26.
Delta: 0.999
Beta: 22
Mode: 1
Candidate Height: 10
Target length: 2170
Trying to read: input/svpc-e1-d70.txt
Read a basis of dimension: 70 / 70 with |b_0| = 0.3968251851e211
Starting procedure
Preparing preprocessing of 1 threads.
Thread 0 is BKZ-22 reducing basis
|b_0| of BKZ-22 reduced basis of thread 0 is: 2433.162962(1.1779s [1.10634 s / 0.0120017s ]).
Sorting 1 bases.
-0.0242592 
Time for preprocessing: 1.26179 seconds.
Processing base of thread 0
Executing ENUM with target length 2170
A: 4.7089e+06
Searching candidates in depth 10
Processed 246527 candidate-subtrees.
coefficients: [ 0 0 0 0 0 0 0 0 0 0 0 0 0 0 0 0 0 0 0 0 0 0 0 0 0 0 0 0 0 0 0 0 0 0 0 0 0 0 0 0 0 0 0 0 0 0 0 0 0 0 0 0 0 0 0 0 0 0 0 0 0 0 0 0 0 0 0 0 0 0 ]
Shortest Vector: [0 0 0 0 0 0 0 0 0 0 0 0 0 0 0 0 0 0 0 0 0 0 0 0 0 0 0 0 0 0 0 0 0 0 0 0 0 0 0 0 0 0 0 0 0 0 0 0 0 0 0 0 0 0 0 0 0 0 0 0 0 0 0 0 0 0 0 0 0 0 ]
Len: 0

Runtime of standard enumeration: 8.7816 s.
Unsuccessful after 1 attemps in 10.124 s (processed 1 bases).
Working threads: 40
Using NTL types.
Activating EXTREME pruning.
Setting pruning parameter to 0.22.
Setting candidate-queue size to 10240.
Setting parallel-enum threshold to dimension 15.
Disabling usage of Gauss heuristic
Enabling BKZ-auto-height adaption.
Setting bkz-height to 2.
Setting pre-beta to 24.
Setting parallel-BKZ instances to 1.
Setting randomized trials to 1.
Read conf file at penum.conf
Setting prebeta parameter to 12.
Setting pruning parameter to 0.26.
Delta: 0.999
Beta: 22
Mode: 1
Candidate Height: 10
Target length: 2170
Trying to read: input/svpc-e1-d70.txt
Read a basis of dimension: 70 / 70 with |b_0| = 0.3968251851e211
Starting procedure
Preparing preprocessing of 1 threads.
Thread 0 is BKZ-22 reducing basis
|b_0| of BKZ-22 reduced basis of thread 0 is: 2433.162962(1.18139s [1.11004 s / 0.0120102s ]).
Sorting 1 bases.
-0.0242592 
Time for preprocessing: 1.26567 seconds.
Processing base of thread 0
Executing ENUM with target length 2170
A: 4.7089e+06
Searching candidates in depth 10
Processed 246528 candidate-subtrees.
coefficients: [ 0 0 0 0 0 0 0 0 0 0 0 0 0 0 0 0 0 0 0 0 0 0 0 0 0 0 0 0 0 0 0 0 0 0 0 0 0 0 0 0 0 0 0 0 0 0 0 0 0 0 0 0 0 0 0 0 0 0 0 0 0 0 0 0 0 0 0 0 0 0 ]
Shortest Vector: [0 0 0 0 0 0 0 0 0 0 0 0 0 0 0 0 0 0 0 0 0 0 0 0 0 0 0 0 0 0 0 0 0 0 0 0 0 0 0 0 0 0 0 0 0 0 0 0 0 0 0 0 0 0 0 0 0 0 0 0 0 0 0 0 0 0 0 0 0 0 ]
Len: 0

Runtime of standard enumeration: 7.8657 s.
Unsuccessful after 1 attemps in 9.2119 s (processed 1 bases).
Working threads: 30
Using NTL types.
Activating EXTREME pruning.
Setting pruning parameter to 0.22.
Setting candidate-queue size to 10240.
Setting parallel-enum threshold to dimension 15.
Disabling usage of Gauss heuristic
Enabling BKZ-auto-height adaption.
Setting bkz-height to 2.
Setting pre-beta to 24.
Setting parallel-BKZ instances to 1.
Setting randomized trials to 1.
Read conf file at penum.conf
Setting prebeta parameter to 12.
Setting pruning parameter to 0.26.
Delta: 0.999
Beta: 22
Mode: 1
Candidate Height: 10
Target length: 2170
Trying to read: input/svpc-e1-d70.txt
Read a basis of dimension: 70 / 70 with |b_0| = 0.3968251851e211
Starting procedure
Preparing preprocessing of 1 threads.
Thread 0 is BKZ-22 reducing basis
|b_0| of BKZ-22 reduced basis of thread 0 is: 2433.162962(1.1813s [1.10867 s / 0.0123851s ]).
Sorting 1 bases.
-0.0242592 
Time for preprocessing: 1.26487 seconds.
Processing base of thread 0
Executing ENUM with target length 2170
A: 4.7089e+06
Searching candidates in depth 10
Processed 246530 candidate-subtrees.
coefficients: [ 0 0 0 0 0 0 0 0 0 0 0 0 0 0 0 0 0 0 0 0 0 0 0 0 0 0 0 0 0 0 0 0 0 0 0 0 0 0 0 0 0 0 0 0 0 0 0 0 0 0 0 0 0 0 0 0 0 0 0 0 0 0 0 0 0 0 0 0 0 0 ]
Shortest Vector: [0 0 0 0 0 0 0 0 0 0 0 0 0 0 0 0 0 0 0 0 0 0 0 0 0 0 0 0 0 0 0 0 0 0 0 0 0 0 0 0 0 0 0 0 0 0 0 0 0 0 0 0 0 0 0 0 0 0 0 0 0 0 0 0 0 0 0 0 0 0 ]
Len: 0

Runtime of standard enumeration: 9.5941 s.
Unsuccessful after 1 attemps in 10.939 s (processed 1 bases).
Working threads: 20
Using NTL types.
Activating EXTREME pruning.
Setting pruning parameter to 0.22.
Setting candidate-queue size to 10240.
Setting parallel-enum threshold to dimension 15.
Disabling usage of Gauss heuristic
Enabling BKZ-auto-height adaption.
Setting bkz-height to 2.
Setting pre-beta to 24.
Setting parallel-BKZ instances to 1.
Setting randomized trials to 1.
Read conf file at penum.conf
Setting prebeta parameter to 12.
Setting pruning parameter to 0.26.
Delta: 0.999
Beta: 22
Mode: 1
Candidate Height: 10
Target length: 2170
Trying to read: input/svpc-e1-d70.txt
Read a basis of dimension: 70 / 70 with |b_0| = 0.3968251851e211
Starting procedure
Preparing preprocessing of 1 threads.
Thread 0 is BKZ-22 reducing basis
|b_0| of BKZ-22 reduced basis of thread 0 is: 2433.162962(1.17385s [1.10324 s / 0.0118982s ]).
Sorting 1 bases.
-0.0242592 
Time for preprocessing: 1.25765 seconds.
Processing base of thread 0
Executing ENUM with target length 2170
A: 4.7089e+06
Searching candidates in depth 10
Processed 246531 candidate-subtrees.
coefficients: [ 0 0 0 0 0 0 0 0 0 0 0 0 0 0 0 0 0 0 0 0 0 0 0 0 0 0 0 0 0 0 0 0 0 0 0 0 0 0 0 0 0 0 0 0 0 0 0 0 0 0 0 0 0 0 0 0 0 0 0 0 0 0 0 0 0 0 0 0 0 0 ]
Shortest Vector: [0 0 0 0 0 0 0 0 0 0 0 0 0 0 0 0 0 0 0 0 0 0 0 0 0 0 0 0 0 0 0 0 0 0 0 0 0 0 0 0 0 0 0 0 0 0 0 0 0 0 0 0 0 0 0 0 0 0 0 0 0 0 0 0 0 0 0 0 0 0 ]
Len: 0

Runtime of standard enumeration: 13.157 s.
Unsuccessful after 1 attemps in 14.496 s (processed 1 bases).
Working threads: 10
Using NTL types.
Activating EXTREME pruning.
Setting pruning parameter to 0.22.
Setting candidate-queue size to 10240.
Setting parallel-enum threshold to dimension 15.
Disabling usage of Gauss heuristic
Enabling BKZ-auto-height adaption.
Setting bkz-height to 2.
Setting pre-beta to 24.
Setting parallel-BKZ instances to 1.
Setting randomized trials to 1.
Read conf file at penum.conf
Setting prebeta parameter to 12.
Setting pruning parameter to 0.26.
Delta: 0.999
Beta: 22
Mode: 1
Candidate Height: 10
Target length: 2170
Trying to read: input/svpc-e1-d70.txt
Read a basis of dimension: 70 / 70 with |b_0| = 0.3968251851e211
Starting procedure
Preparing preprocessing of 1 threads.
Thread 0 is BKZ-22 reducing basis
|b_0| of BKZ-22 reduced basis of thread 0 is: 2433.162962(1.17464s [1.10341 s / 0.0119173s ]).
Sorting 1 bases.
-0.0242592 
Time for preprocessing: 1.25853 seconds.
Processing base of thread 0
Executing ENUM with target length 2170
A: 4.7089e+06
Searching candidates in depth 10
Processed 246532 candidate-subtrees.
coefficients: [ 0 0 0 0 0 0 0 0 0 0 0 0 0 0 0 0 0 0 0 0 0 0 0 0 0 0 0 0 0 0 0 0 0 0 0 0 0 0 0 0 0 0 0 0 0 0 0 0 0 0 0 0 0 0 0 0 0 0 0 0 0 0 0 0 0 0 0 0 0 0 ]
Shortest Vector: [0 0 0 0 0 0 0 0 0 0 0 0 0 0 0 0 0 0 0 0 0 0 0 0 0 0 0 0 0 0 0 0 0 0 0 0 0 0 0 0 0 0 0 0 0 0 0 0 0 0 0 0 0 0 0 0 0 0 0 0 0 0 0 0 0 0 0 0 0 0 ]
Len: 0

Runtime of standard enumeration: 25.893 s.
Unsuccessful after 1 attemps in 27.232 s (processed 1 bases).
Working threads: 5
Using NTL types.
Activating EXTREME pruning.
Setting pruning parameter to 0.22.
Setting candidate-queue size to 10240.
Setting parallel-enum threshold to dimension 15.
Disabling usage of Gauss heuristic
Enabling BKZ-auto-height adaption.
Setting bkz-height to 2.
Setting pre-beta to 24.
Setting parallel-BKZ instances to 1.
Setting randomized trials to 1.
Read conf file at penum.conf
Setting prebeta parameter to 12.
Setting pruning parameter to 0.26.
Delta: 0.999
Beta: 22
Mode: 1
Candidate Height: 10
Target length: 2170
Trying to read: input/svpc-e1-d70.txt
Read a basis of dimension: 70 / 70 with |b_0| = 0.3968251851e211
Starting procedure
Preparing preprocessing of 1 threads.
Thread 0 is BKZ-22 reducing basis
|b_0| of BKZ-22 reduced basis of thread 0 is: 2433.162962(1.17529s [1.10381 s / 0.0118406s ]).
Sorting 1 bases.
-0.0242592 
Time for preprocessing: 1.25892 seconds.
Processing base of thread 0
Executing ENUM with target length 2170
A: 4.7089e+06
Searching candidates in depth 10
Processed 246532 candidate-subtrees.
coefficients: [ 0 0 0 0 0 0 0 0 0 0 0 0 0 0 0 0 0 0 0 0 0 0 0 0 0 0 0 0 0 0 0 0 0 0 0 0 0 0 0 0 0 0 0 0 0 0 0 0 0 0 0 0 0 0 0 0 0 0 0 0 0 0 0 0 0 0 0 0 0 0 ]
Shortest Vector: [0 0 0 0 0 0 0 0 0 0 0 0 0 0 0 0 0 0 0 0 0 0 0 0 0 0 0 0 0 0 0 0 0 0 0 0 0 0 0 0 0 0 0 0 0 0 0 0 0 0 0 0 0 0 0 0 0 0 0 0 0 0 0 0 0 0 0 0 0 0 ]
Len: 0

Runtime of standard enumeration: 59.126 s.
Unsuccessful after 1 attemps in 60.466 s (processed 1 bases).
Working threads: 1
Using NTL types.
Activating EXTREME pruning.
Setting pruning parameter to 0.22.
Setting candidate-queue size to 10240.
Setting parallel-enum threshold to dimension 15.
Disabling usage of Gauss heuristic
Enabling BKZ-auto-height adaption.
Setting bkz-height to 2.
Setting pre-beta to 24.
Setting parallel-BKZ instances to 1.
Setting randomized trials to 1.
Read conf file at penum.conf
Setting prebeta parameter to 12.
Setting pruning parameter to 0.26.
Delta: 0.999
Beta: 22
Mode: 1
Candidate Height: 10
Target length: 2170
Trying to read: input/svpc-e1-d70.txt
Read a basis of dimension: 70 / 70 with |b_0| = 0.3968251851e211
Starting procedure
Preparing preprocessing of 1 threads.
Thread 0 is BKZ-22 reducing basis
|b_0| of BKZ-22 reduced basis of thread 0 is: 2433.162962(1.17132s [1.10139 s / 0.0118377s ]).
Sorting 1 bases.
-0.0242592 
Time for preprocessing: 1.25451 seconds.
Processing base of thread 0
Executing ENUM with target length 2170
A: 4.7089e+06
Searching candidates in depth 10
Processed 246533 candidate-subtrees.
coefficients: [ 0 0 0 0 0 0 0 0 0 0 0 0 0 0 0 0 0 0 0 0 0 0 0 0 0 0 0 0 0 0 0 0 0 0 0 0 0 0 0 0 0 0 0 0 0 0 0 0 0 0 0 0 0 0 0 0 0 0 0 0 0 0 0 0 0 0 0 0 0 0 ]
Shortest Vector: [0 0 0 0 0 0 0 0 0 0 0 0 0 0 0 0 0 0 0 0 0 0 0 0 0 0 0 0 0 0 0 0 0 0 0 0 0 0 0 0 0 0 0 0 0 0 0 0 0 0 0 0 0 0 0 0 0 0 0 0 0 0 0 0 0 0 0 0 0 0 ]
Len: 0

Runtime of standard enumeration: 240.8 s.
Unsuccessful after 1 attemps in 242.14 s (processed 1 bases).
