Working threads: 60
Using NTL types.
Activating EXTREME pruning.
Setting pruning parameter to 0.22.
Setting candidate-queue size to 10240.
Setting parallel-enum threshold to dimension 15.
Disabling usage of Gauss heuristic
Enabling BKZ-auto-height adaption.
Setting bkz-height to 2.
Setting pre-beta to 24.
Setting parallel-BKZ instances to 1.
Setting randomized trials to 1.
Read conf file at penum.conf
Setting prebeta parameter to 22.
Setting pruning parameter to 0.02.
Delta: 0.999
Beta: 32
Mode: 1
Candidate Height: 10
Target length: -1
Trying to read: input/svpc-e1-d90.txt
Read a basis of dimension: 90 / 90 with |b_0| = 0.7505061092e271
Starting procedure
NewNew Gauss is: 2543.47
Preparing preprocessing of 1 threads.
Thread 0 is BKZ-32 reducing basis
|b_0| of BKZ-32 reduced basis of thread 0 is: 3105.393695(4.59033s [3.55212 s / 0.972537s ]).
Sorting 1 bases.
-0.0230132 
Time for preprocessing: 4.76691 seconds.
Processing base of thread 0
Executing ENUM with target length 2543.5
A: 6.4693e+06
Searching candidates in depth 10
Processed 107669 candidate-subtrees.
coefficients: [ 0 0 0 0 0 0 0 0 0 0 0 0 0 0 0 0 0 0 0 0 0 0 0 0 0 0 0 0 0 0 0 0 0 0 0 0 0 0 0 0 0 0 0 0 0 0 0 0 0 0 0 0 0 0 0 0 0 0 0 0 0 0 0 0 0 0 0 0 0 0 0 0 0 0 0 0 0 0 0 0 0 0 0 0 0 0 0 0 0 0 ]
Shortest Vector: [0 0 0 0 0 0 0 0 0 0 0 0 0 0 0 0 0 0 0 0 0 0 0 0 0 0 0 0 0 0 0 0 0 0 0 0 0 0 0 0 0 0 0 0 0 0 0 0 0 0 0 0 0 0 0 0 0 0 0 0 0 0 0 0 0 0 0 0 0 0 0 0 0 0 0 0 0 0 0 0 0 0 0 0 0 0 0 0 0 0 ]
Len: 0

Runtime of standard enumeration: 4.5997 s.
Unsuccessful after 1 attemps in 9.614 s (processed 1 bases).
Working threads: 50
Using NTL types.
Activating EXTREME pruning.
Setting pruning parameter to 0.22.
Setting candidate-queue size to 10240.
Setting parallel-enum threshold to dimension 15.
Disabling usage of Gauss heuristic
Enabling BKZ-auto-height adaption.
Setting bkz-height to 2.
Setting pre-beta to 24.
Setting parallel-BKZ instances to 1.
Setting randomized trials to 1.
Read conf file at penum.conf
Setting prebeta parameter to 22.
Setting pruning parameter to 0.02.
Delta: 0.999
Beta: 32
Mode: 1
Candidate Height: 10
Target length: -1
Trying to read: input/svpc-e1-d90.txt
Read a basis of dimension: 90 / 90 with |b_0| = 0.7505061092e271
Starting procedure
NewNew Gauss is: 2543.47
Preparing preprocessing of 1 threads.
Thread 0 is BKZ-32 reducing basis
|b_0| of BKZ-32 reduced basis of thread 0 is: 3105.393695(4.57917s [3.55222 s / 0.961762s ]).
Sorting 1 bases.
-0.0230132 
Time for preprocessing: 4.75587 seconds.
Processing base of thread 0
Executing ENUM with target length 2543.5
A: 6.4693e+06
Searching candidates in depth 10
Processed 107669 candidate-subtrees.
coefficients: [ 0 0 0 0 0 0 0 0 0 0 0 0 0 0 0 0 0 0 0 0 0 0 0 0 0 0 0 0 0 0 0 0 0 0 0 0 0 0 0 0 0 0 0 0 0 0 0 0 0 0 0 0 0 0 0 0 0 0 0 0 0 0 0 0 0 0 0 0 0 0 0 0 0 0 0 0 0 0 0 0 0 0 0 0 0 0 0 0 0 0 ]
Shortest Vector: [0 0 0 0 0 0 0 0 0 0 0 0 0 0 0 0 0 0 0 0 0 0 0 0 0 0 0 0 0 0 0 0 0 0 0 0 0 0 0 0 0 0 0 0 0 0 0 0 0 0 0 0 0 0 0 0 0 0 0 0 0 0 0 0 0 0 0 0 0 0 0 0 0 0 0 0 0 0 0 0 0 0 0 0 0 0 0 0 0 0 ]
Len: 0

Runtime of standard enumeration: 5.3161 s.
Unsuccessful after 1 attemps in 10.319 s (processed 1 bases).
Working threads: 40
Using NTL types.
Activating EXTREME pruning.
Setting pruning parameter to 0.22.
Setting candidate-queue size to 10240.
Setting parallel-enum threshold to dimension 15.
Disabling usage of Gauss heuristic
Enabling BKZ-auto-height adaption.
Setting bkz-height to 2.
Setting pre-beta to 24.
Setting parallel-BKZ instances to 1.
Setting randomized trials to 1.
Read conf file at penum.conf
Setting prebeta parameter to 22.
Setting pruning parameter to 0.02.
Delta: 0.999
Beta: 32
Mode: 1
Candidate Height: 10
Target length: -1
Trying to read: input/svpc-e1-d90.txt
Read a basis of dimension: 90 / 90 with |b_0| = 0.7505061092e271
Starting procedure
NewNew Gauss is: 2543.47
Preparing preprocessing of 1 threads.
Thread 0 is BKZ-32 reducing basis
|b_0| of BKZ-32 reduced basis of thread 0 is: 3105.393695(4.57559s [3.55218 s / 0.958828s ]).
Sorting 1 bases.
-0.0230132 
Time for preprocessing: 4.75078 seconds.
Processing base of thread 0
Executing ENUM with target length 2543.5
A: 6.4693e+06
Searching candidates in depth 10
Processed 107669 candidate-subtrees.
coefficients: [ 0 0 0 0 0 0 0 0 0 0 0 0 0 0 0 0 0 0 0 0 0 0 0 0 0 0 0 0 0 0 0 0 0 0 0 0 0 0 0 0 0 0 0 0 0 0 0 0 0 0 0 0 0 0 0 0 0 0 0 0 0 0 0 0 0 0 0 0 0 0 0 0 0 0 0 0 0 0 0 0 0 0 0 0 0 0 0 0 0 0 ]
Shortest Vector: [0 0 0 0 0 0 0 0 0 0 0 0 0 0 0 0 0 0 0 0 0 0 0 0 0 0 0 0 0 0 0 0 0 0 0 0 0 0 0 0 0 0 0 0 0 0 0 0 0 0 0 0 0 0 0 0 0 0 0 0 0 0 0 0 0 0 0 0 0 0 0 0 0 0 0 0 0 0 0 0 0 0 0 0 0 0 0 0 0 0 ]
Len: 0

Runtime of standard enumeration: 6.5576 s.
Unsuccessful after 1 attemps in 11.552 s (processed 1 bases).
Working threads: 30
Using NTL types.
Activating EXTREME pruning.
Setting pruning parameter to 0.22.
Setting candidate-queue size to 10240.
Setting parallel-enum threshold to dimension 15.
Disabling usage of Gauss heuristic
Enabling BKZ-auto-height adaption.
Setting bkz-height to 2.
Setting pre-beta to 24.
Setting parallel-BKZ instances to 1.
Setting randomized trials to 1.
Read conf file at penum.conf
Setting prebeta parameter to 22.
Setting pruning parameter to 0.02.
Delta: 0.999
Beta: 32
Mode: 1
Candidate Height: 10
Target length: -1
Trying to read: input/svpc-e1-d90.txt
Read a basis of dimension: 90 / 90 with |b_0| = 0.7505061092e271
Starting procedure
NewNew Gauss is: 2543.47
Preparing preprocessing of 1 threads.
Thread 0 is BKZ-32 reducing basis
|b_0| of BKZ-32 reduced basis of thread 0 is: 3105.393695(4.59217s [3.56806 s / 0.959268s ]).
Sorting 1 bases.
-0.0230132 
Time for preprocessing: 4.76849 seconds.
Processing base of thread 0
Executing ENUM with target length 2543.5
A: 6.4693e+06
Searching candidates in depth 10
Processed 107669 candidate-subtrees.
coefficients: [ 0 0 0 0 0 0 0 0 0 0 0 0 0 0 0 0 0 0 0 0 0 0 0 0 0 0 0 0 0 0 0 0 0 0 0 0 0 0 0 0 0 0 0 0 0 0 0 0 0 0 0 0 0 0 0 0 0 0 0 0 0 0 0 0 0 0 0 0 0 0 0 0 0 0 0 0 0 0 0 0 0 0 0 0 0 0 0 0 0 0 ]
Shortest Vector: [0 0 0 0 0 0 0 0 0 0 0 0 0 0 0 0 0 0 0 0 0 0 0 0 0 0 0 0 0 0 0 0 0 0 0 0 0 0 0 0 0 0 0 0 0 0 0 0 0 0 0 0 0 0 0 0 0 0 0 0 0 0 0 0 0 0 0 0 0 0 0 0 0 0 0 0 0 0 0 0 0 0 0 0 0 0 0 0 0 0 ]
Len: 0

Runtime of standard enumeration: 8.8426 s.
Unsuccessful after 1 attemps in 13.854 s (processed 1 bases).
Working threads: 20
Using NTL types.
Activating EXTREME pruning.
Setting pruning parameter to 0.22.
Setting candidate-queue size to 10240.
Setting parallel-enum threshold to dimension 15.
Disabling usage of Gauss heuristic
Enabling BKZ-auto-height adaption.
Setting bkz-height to 2.
Setting pre-beta to 24.
Setting parallel-BKZ instances to 1.
Setting randomized trials to 1.
Read conf file at penum.conf
Setting prebeta parameter to 22.
Setting pruning parameter to 0.02.
Delta: 0.999
Beta: 32
Mode: 1
Candidate Height: 10
Target length: -1
Trying to read: input/svpc-e1-d90.txt
Read a basis of dimension: 90 / 90 with |b_0| = 0.7505061092e271
Starting procedure
NewNew Gauss is: 2543.47
Preparing preprocessing of 1 threads.
Thread 0 is BKZ-32 reducing basis
|b_0| of BKZ-32 reduced basis of thread 0 is: 3105.393695(4.57173s [3.549 s / 0.957524s ]).
Sorting 1 bases.
-0.0230132 
Time for preprocessing: 4.74686 seconds.
Processing base of thread 0
Executing ENUM with target length 2543.5
A: 6.4693e+06
Searching candidates in depth 10
Processed 107669 candidate-subtrees.
coefficients: [ 0 0 0 0 0 0 0 0 0 0 0 0 0 0 0 0 0 0 0 0 0 0 0 0 0 0 0 0 0 0 0 0 0 0 0 0 0 0 0 0 0 0 0 0 0 0 0 0 0 0 0 0 0 0 0 0 0 0 0 0 0 0 0 0 0 0 0 0 0 0 0 0 0 0 0 0 0 0 0 0 0 0 0 0 0 0 0 0 0 0 ]
Shortest Vector: [0 0 0 0 0 0 0 0 0 0 0 0 0 0 0 0 0 0 0 0 0 0 0 0 0 0 0 0 0 0 0 0 0 0 0 0 0 0 0 0 0 0 0 0 0 0 0 0 0 0 0 0 0 0 0 0 0 0 0 0 0 0 0 0 0 0 0 0 0 0 0 0 0 0 0 0 0 0 0 0 0 0 0 0 0 0 0 0 0 0 ]
Len: 0

Runtime of standard enumeration: 13.039 s.
Unsuccessful after 1 attemps in 18.029 s (processed 1 bases).
Working threads: 10
Using NTL types.
Activating EXTREME pruning.
Setting pruning parameter to 0.22.
Setting candidate-queue size to 10240.
Setting parallel-enum threshold to dimension 15.
Disabling usage of Gauss heuristic
Enabling BKZ-auto-height adaption.
Setting bkz-height to 2.
Setting pre-beta to 24.
Setting parallel-BKZ instances to 1.
Setting randomized trials to 1.
Read conf file at penum.conf
Setting prebeta parameter to 22.
Setting pruning parameter to 0.02.
Delta: 0.999
Beta: 32
Mode: 1
Candidate Height: 10
Target length: -1
Trying to read: input/svpc-e1-d90.txt
Read a basis of dimension: 90 / 90 with |b_0| = 0.7505061092e271
Starting procedure
NewNew Gauss is: 2543.47
Preparing preprocessing of 1 threads.
Thread 0 is BKZ-32 reducing basis
|b_0| of BKZ-32 reduced basis of thread 0 is: 3105.393695(4.57806s [3.55337 s / 0.960213s ]).
Sorting 1 bases.
-0.0230132 
Time for preprocessing: 4.75282 seconds.
Processing base of thread 0
Executing ENUM with target length 2543.5
A: 6.4693e+06
Searching candidates in depth 10
Processed 107669 candidate-subtrees.
coefficients: [ 0 0 0 0 0 0 0 0 0 0 0 0 0 0 0 0 0 0 0 0 0 0 0 0 0 0 0 0 0 0 0 0 0 0 0 0 0 0 0 0 0 0 0 0 0 0 0 0 0 0 0 0 0 0 0 0 0 0 0 0 0 0 0 0 0 0 0 0 0 0 0 0 0 0 0 0 0 0 0 0 0 0 0 0 0 0 0 0 0 0 ]
Shortest Vector: [0 0 0 0 0 0 0 0 0 0 0 0 0 0 0 0 0 0 0 0 0 0 0 0 0 0 0 0 0 0 0 0 0 0 0 0 0 0 0 0 0 0 0 0 0 0 0 0 0 0 0 0 0 0 0 0 0 0 0 0 0 0 0 0 0 0 0 0 0 0 0 0 0 0 0 0 0 0 0 0 0 0 0 0 0 0 0 0 0 0 ]
Len: 0

Runtime of standard enumeration: 32.642 s.
Unsuccessful after 1 attemps in 37.641 s (processed 1 bases).
Working threads: 5
Using NTL types.
Activating EXTREME pruning.
Setting pruning parameter to 0.22.
Setting candidate-queue size to 10240.
Setting parallel-enum threshold to dimension 15.
Disabling usage of Gauss heuristic
Enabling BKZ-auto-height adaption.
Setting bkz-height to 2.
Setting pre-beta to 24.
Setting parallel-BKZ instances to 1.
Setting randomized trials to 1.
Read conf file at penum.conf
Setting prebeta parameter to 22.
Setting pruning parameter to 0.02.
Delta: 0.999
Beta: 32
Mode: 1
Candidate Height: 10
Target length: -1
Trying to read: input/svpc-e1-d90.txt
Read a basis of dimension: 90 / 90 with |b_0| = 0.7505061092e271
Starting procedure
NewNew Gauss is: 2543.47
Preparing preprocessing of 1 threads.
Thread 0 is BKZ-32 reducing basis
|b_0| of BKZ-32 reduced basis of thread 0 is: 3105.393695(4.56265s [3.54105 s / 0.956909s ]).
Sorting 1 bases.
-0.0230132 
Time for preprocessing: 4.73747 seconds.
Processing base of thread 0
Executing ENUM with target length 2543.5
A: 6.4693e+06
Searching candidates in depth 10
Processed 107669 candidate-subtrees.
coefficients: [ 0 0 0 0 0 0 0 0 0 0 0 0 0 0 0 0 0 0 0 0 0 0 0 0 0 0 0 0 0 0 0 0 0 0 0 0 0 0 0 0 0 0 0 0 0 0 0 0 0 0 0 0 0 0 0 0 0 0 0 0 0 0 0 0 0 0 0 0 0 0 0 0 0 0 0 0 0 0 0 0 0 0 0 0 0 0 0 0 0 0 ]
Shortest Vector: [0 0 0 0 0 0 0 0 0 0 0 0 0 0 0 0 0 0 0 0 0 0 0 0 0 0 0 0 0 0 0 0 0 0 0 0 0 0 0 0 0 0 0 0 0 0 0 0 0 0 0 0 0 0 0 0 0 0 0 0 0 0 0 0 0 0 0 0 0 0 0 0 0 0 0 0 0 0 0 0 0 0 0 0 0 0 0 0 0 0 ]
Len: 0

Runtime of standard enumeration: 51.74 s.
Unsuccessful after 1 attemps in 56.72 s (processed 1 bases).
Working threads: 1
Using NTL types.
Activating EXTREME pruning.
Setting pruning parameter to 0.22.
Setting candidate-queue size to 10240.
Setting parallel-enum threshold to dimension 15.
Disabling usage of Gauss heuristic
Enabling BKZ-auto-height adaption.
Setting bkz-height to 2.
Setting pre-beta to 24.
Setting parallel-BKZ instances to 1.
Setting randomized trials to 1.
Read conf file at penum.conf
Setting prebeta parameter to 22.
Setting pruning parameter to 0.02.
Delta: 0.999
Beta: 32
Mode: 1
Candidate Height: 10
Target length: -1
Trying to read: input/svpc-e1-d90.txt
Read a basis of dimension: 90 / 90 with |b_0| = 0.7505061092e271
Starting procedure
NewNew Gauss is: 2543.47
Preparing preprocessing of 1 threads.
Thread 0 is BKZ-32 reducing basis
|b_0| of BKZ-32 reduced basis of thread 0 is: 3105.393695(4.56152s [3.54395 s / 0.955151s ]).
Sorting 1 bases.
-0.0230132 
Time for preprocessing: 4.73662 seconds.
Processing base of thread 0
Executing ENUM with target length 2543.5
A: 6.4693e+06
Searching candidates in depth 10
Processed 107669 candidate-subtrees.
coefficients: [ 0 0 0 0 0 0 0 0 0 0 0 0 0 0 0 0 0 0 0 0 0 0 0 0 0 0 0 0 0 0 0 0 0 0 0 0 0 0 0 0 0 0 0 0 0 0 0 0 0 0 0 0 0 0 0 0 0 0 0 0 0 0 0 0 0 0 0 0 0 0 0 0 0 0 0 0 0 0 0 0 0 0 0 0 0 0 0 0 0 0 ]
Shortest Vector: [0 0 0 0 0 0 0 0 0 0 0 0 0 0 0 0 0 0 0 0 0 0 0 0 0 0 0 0 0 0 0 0 0 0 0 0 0 0 0 0 0 0 0 0 0 0 0 0 0 0 0 0 0 0 0 0 0 0 0 0 0 0 0 0 0 0 0 0 0 0 0 0 0 0 0 0 0 0 0 0 0 0 0 0 0 0 0 0 0 0 ]
Len: 0

Runtime of standard enumeration: 240.38 s.
Unsuccessful after 1 attemps in 245.36 s (processed 1 bases).
