Working threads: 60
Using NTL types.
Activating EXTREME pruning.
Setting pruning parameter to 0.22.
Setting candidate-queue size to 10240.
Setting parallel-enum threshold to dimension 15.
Disabling usage of Gauss heuristic
Enabling BKZ-auto-height adaption.
Setting bkz-height to 2.
Setting pre-beta to 24.
Setting parallel-BKZ instances to 1.
Setting randomized trials to 1.
Read conf file at penum.conf
Setting prebeta parameter to 12.
Setting pruning parameter to 0.26.
Delta: 0.999
Beta: 22
Mode: 1
Candidate Height: 10
Target length: 2170
Trying to read: input/svpc-e1-d70.txt
Read a basis of dimension: 70 / 70 with |b_0| = 0.3968251851e211
Starting procedure
Preparing preprocessing of 1 threads.
Thread 0 is BKZ-22 reducing basis
|b_0| of BKZ-22 reduced basis of thread 0 is: 2433.162962(1.18249s [1.11055 s / 0.0121718s ]).
Sorting 1 bases.
-0.0242592 
Time for preprocessing: 1.27221 seconds.
Processing base of thread 0
Executing ENUM with target length 2170
A: 4.7089e+06
Searching candidates in depth 10
Processed 246526 candidate-subtrees.
coefficients: [ 0 0 0 0 0 0 0 0 0 0 0 0 0 0 0 0 0 0 0 0 0 0 0 0 0 0 0 0 0 0 0 0 0 0 0 0 0 0 0 0 0 0 0 0 0 0 0 0 0 0 0 0 0 0 0 0 0 0 0 0 0 0 0 0 0 0 0 0 0 0 ]
Shortest Vector: [0 0 0 0 0 0 0 0 0 0 0 0 0 0 0 0 0 0 0 0 0 0 0 0 0 0 0 0 0 0 0 0 0 0 0 0 0 0 0 0 0 0 0 0 0 0 0 0 0 0 0 0 0 0 0 0 0 0 0 0 0 0 0 0 0 0 0 0 0 0 ]
Len: 0

Runtime of standard enumeration: 9.5427 s.
Unsuccessful after 1 attemps in 10.898 s (processed 1 bases).
Working threads: 50
Using NTL types.
Activating EXTREME pruning.
Setting pruning parameter to 0.22.
Setting candidate-queue size to 10240.
Setting parallel-enum threshold to dimension 15.
Disabling usage of Gauss heuristic
Enabling BKZ-auto-height adaption.
Setting bkz-height to 2.
Setting pre-beta to 24.
Setting parallel-BKZ instances to 1.
Setting randomized trials to 1.
Read conf file at penum.conf
Setting prebeta parameter to 12.
Setting pruning parameter to 0.26.
Delta: 0.999
Beta: 22
Mode: 1
Candidate Height: 10
Target length: 2170
Trying to read: input/svpc-e1-d70.txt
Read a basis of dimension: 70 / 70 with |b_0| = 0.3968251851e211
Starting procedure
Preparing preprocessing of 1 threads.
Thread 0 is BKZ-22 reducing basis
|b_0| of BKZ-22 reduced basis of thread 0 is: 2433.162962(1.1763s [1.10475 s / 0.0119806s ]).
Sorting 1 bases.
-0.0242592 
Time for preprocessing: 1.26013 seconds.
Processing base of thread 0
Executing ENUM with target length 2170
A: 4.7089e+06
Searching candidates in depth 10
Processed 246528 candidate-subtrees.
coefficients: [ 0 0 0 0 0 0 0 0 0 0 0 0 0 0 0 0 0 0 0 0 0 0 0 0 0 0 0 0 0 0 0 0 0 0 0 0 0 0 0 0 0 0 0 0 0 0 0 0 0 0 0 0 0 0 0 0 0 0 0 0 0 0 0 0 0 0 0 0 0 0 ]
Shortest Vector: [0 0 0 0 0 0 0 0 0 0 0 0 0 0 0 0 0 0 0 0 0 0 0 0 0 0 0 0 0 0 0 0 0 0 0 0 0 0 0 0 0 0 0 0 0 0 0 0 0 0 0 0 0 0 0 0 0 0 0 0 0 0 0 0 0 0 0 0 0 0 ]
Len: 0

Runtime of standard enumeration: 8.03 s.
Unsuccessful after 1 attemps in 9.3711 s (processed 1 bases).
Working threads: 40
Using NTL types.
Activating EXTREME pruning.
Setting pruning parameter to 0.22.
Setting candidate-queue size to 10240.
Setting parallel-enum threshold to dimension 15.
Disabling usage of Gauss heuristic
Enabling BKZ-auto-height adaption.
Setting bkz-height to 2.
Setting pre-beta to 24.
Setting parallel-BKZ instances to 1.
Setting randomized trials to 1.
Read conf file at penum.conf
Setting prebeta parameter to 12.
Setting pruning parameter to 0.26.
Delta: 0.999
Beta: 22
Mode: 1
Candidate Height: 10
Target length: 2170
Trying to read: input/svpc-e1-d70.txt
Read a basis of dimension: 70 / 70 with |b_0| = 0.3968251851e211
Starting procedure
Preparing preprocessing of 1 threads.
Thread 0 is BKZ-22 reducing basis
|b_0| of BKZ-22 reduced basis of thread 0 is: 2433.162962(1.17956s [1.1066 s / 0.012487s ]).
Sorting 1 bases.
-0.0242592 
Time for preprocessing: 1.26356 seconds.
Processing base of thread 0
Executing ENUM with target length 2170
A: 4.7089e+06
Searching candidates in depth 10
Processed 246528 candidate-subtrees.
coefficients: [ 0 0 0 0 0 0 0 0 0 0 0 0 0 0 0 0 0 0 0 0 0 0 0 0 0 0 0 0 0 0 0 0 0 0 0 0 0 0 0 0 0 0 0 0 0 0 0 0 0 0 0 0 0 0 0 0 0 0 0 0 0 0 0 0 0 0 0 0 0 0 ]
Shortest Vector: [0 0 0 0 0 0 0 0 0 0 0 0 0 0 0 0 0 0 0 0 0 0 0 0 0 0 0 0 0 0 0 0 0 0 0 0 0 0 0 0 0 0 0 0 0 0 0 0 0 0 0 0 0 0 0 0 0 0 0 0 0 0 0 0 0 0 0 0 0 0 ]
Len: 0

Runtime of standard enumeration: 8.4702 s.
Unsuccessful after 1 attemps in 9.8148 s (processed 1 bases).
Working threads: 30
Using NTL types.
Activating EXTREME pruning.
Setting pruning parameter to 0.22.
Setting candidate-queue size to 10240.
Setting parallel-enum threshold to dimension 15.
Disabling usage of Gauss heuristic
Enabling BKZ-auto-height adaption.
Setting bkz-height to 2.
Setting pre-beta to 24.
Setting parallel-BKZ instances to 1.
Setting randomized trials to 1.
Read conf file at penum.conf
Setting prebeta parameter to 12.
Setting pruning parameter to 0.26.
Delta: 0.999
Beta: 22
Mode: 1
Candidate Height: 10
Target length: 2170
Trying to read: input/svpc-e1-d70.txt
Read a basis of dimension: 70 / 70 with |b_0| = 0.3968251851e211
Starting procedure
Preparing preprocessing of 1 threads.
Thread 0 is BKZ-22 reducing basis
|b_0| of BKZ-22 reduced basis of thread 0 is: 2433.162962(1.177s [1.10435 s / 0.0119373s ]).
Sorting 1 bases.
-0.0242592 
Time for preprocessing: 1.26068 seconds.
Processing base of thread 0
Executing ENUM with target length 2170
A: 4.7089e+06
Searching candidates in depth 10
Processed 246530 candidate-subtrees.
coefficients: [ 0 0 0 0 0 0 0 0 0 0 0 0 0 0 0 0 0 0 0 0 0 0 0 0 0 0 0 0 0 0 0 0 0 0 0 0 0 0 0 0 0 0 0 0 0 0 0 0 0 0 0 0 0 0 0 0 0 0 0 0 0 0 0 0 0 0 0 0 0 0 ]
Shortest Vector: [0 0 0 0 0 0 0 0 0 0 0 0 0 0 0 0 0 0 0 0 0 0 0 0 0 0 0 0 0 0 0 0 0 0 0 0 0 0 0 0 0 0 0 0 0 0 0 0 0 0 0 0 0 0 0 0 0 0 0 0 0 0 0 0 0 0 0 0 0 0 ]
Len: 0

Runtime of standard enumeration: 9.6834 s.
Unsuccessful after 1 attemps in 11.025 s (processed 1 bases).
Working threads: 20
Using NTL types.
Activating EXTREME pruning.
Setting pruning parameter to 0.22.
Setting candidate-queue size to 10240.
Setting parallel-enum threshold to dimension 15.
Disabling usage of Gauss heuristic
Enabling BKZ-auto-height adaption.
Setting bkz-height to 2.
Setting pre-beta to 24.
Setting parallel-BKZ instances to 1.
Setting randomized trials to 1.
Read conf file at penum.conf
Setting prebeta parameter to 12.
Setting pruning parameter to 0.26.
Delta: 0.999
Beta: 22
Mode: 1
Candidate Height: 10
Target length: 2170
Trying to read: input/svpc-e1-d70.txt
Read a basis of dimension: 70 / 70 with |b_0| = 0.3968251851e211
Starting procedure
Preparing preprocessing of 1 threads.
Thread 0 is BKZ-22 reducing basis
|b_0| of BKZ-22 reduced basis of thread 0 is: 2433.162962(1.1736s [1.10289 s / 0.0119762s ]).
Sorting 1 bases.
-0.0242592 
Time for preprocessing: 1.25766 seconds.
Processing base of thread 0
Executing ENUM with target length 2170
A: 4.7089e+06
Searching candidates in depth 10
Processed 246531 candidate-subtrees.
coefficients: [ 0 0 0 0 0 0 0 0 0 0 0 0 0 0 0 0 0 0 0 0 0 0 0 0 0 0 0 0 0 0 0 0 0 0 0 0 0 0 0 0 0 0 0 0 0 0 0 0 0 0 0 0 0 0 0 0 0 0 0 0 0 0 0 0 0 0 0 0 0 0 ]
Shortest Vector: [0 0 0 0 0 0 0 0 0 0 0 0 0 0 0 0 0 0 0 0 0 0 0 0 0 0 0 0 0 0 0 0 0 0 0 0 0 0 0 0 0 0 0 0 0 0 0 0 0 0 0 0 0 0 0 0 0 0 0 0 0 0 0 0 0 0 0 0 0 0 ]
Len: 0

Runtime of standard enumeration: 13.378 s.
Unsuccessful after 1 attemps in 14.716 s (processed 1 bases).
Working threads: 10
Using NTL types.
Activating EXTREME pruning.
Setting pruning parameter to 0.22.
Setting candidate-queue size to 10240.
Setting parallel-enum threshold to dimension 15.
Disabling usage of Gauss heuristic
Enabling BKZ-auto-height adaption.
Setting bkz-height to 2.
Setting pre-beta to 24.
Setting parallel-BKZ instances to 1.
Setting randomized trials to 1.
Read conf file at penum.conf
Setting prebeta parameter to 12.
Setting pruning parameter to 0.26.
Delta: 0.999
Beta: 22
Mode: 1
Candidate Height: 10
Target length: 2170
Trying to read: input/svpc-e1-d70.txt
Read a basis of dimension: 70 / 70 with |b_0| = 0.3968251851e211
Starting procedure
Preparing preprocessing of 1 threads.
Thread 0 is BKZ-22 reducing basis
|b_0| of BKZ-22 reduced basis of thread 0 is: 2433.162962(1.17633s [1.10438 s / 0.0123696s ]).
Sorting 1 bases.
-0.0242592 
Time for preprocessing: 1.26213 seconds.
Processing base of thread 0
Executing ENUM with target length 2170
A: 4.7089e+06
Searching candidates in depth 10
Processed 246531 candidate-subtrees.
coefficients: [ 0 0 0 0 0 0 0 0 0 0 0 0 0 0 0 0 0 0 0 0 0 0 0 0 0 0 0 0 0 0 0 0 0 0 0 0 0 0 0 0 0 0 0 0 0 0 0 0 0 0 0 0 0 0 0 0 0 0 0 0 0 0 0 0 0 0 0 0 0 0 ]
Shortest Vector: [0 0 0 0 0 0 0 0 0 0 0 0 0 0 0 0 0 0 0 0 0 0 0 0 0 0 0 0 0 0 0 0 0 0 0 0 0 0 0 0 0 0 0 0 0 0 0 0 0 0 0 0 0 0 0 0 0 0 0 0 0 0 0 0 0 0 0 0 0 0 ]
Len: 0

Runtime of standard enumeration: 25.801 s.
Unsuccessful after 1 attemps in 27.144 s (processed 1 bases).
Working threads: 5
Using NTL types.
Activating EXTREME pruning.
Setting pruning parameter to 0.22.
Setting candidate-queue size to 10240.
Setting parallel-enum threshold to dimension 15.
Disabling usage of Gauss heuristic
Enabling BKZ-auto-height adaption.
Setting bkz-height to 2.
Setting pre-beta to 24.
Setting parallel-BKZ instances to 1.
Setting randomized trials to 1.
Read conf file at penum.conf
Setting prebeta parameter to 12.
Setting pruning parameter to 0.26.
Delta: 0.999
Beta: 22
Mode: 1
Candidate Height: 10
Target length: 2170
Trying to read: input/svpc-e1-d70.txt
Read a basis of dimension: 70 / 70 with |b_0| = 0.3968251851e211
Starting procedure
Preparing preprocessing of 1 threads.
Thread 0 is BKZ-22 reducing basis
|b_0| of BKZ-22 reduced basis of thread 0 is: 2433.162962(1.17809s [1.10636 s / 0.0119237s ]).
Sorting 1 bases.
-0.0242592 
Time for preprocessing: 1.26182 seconds.
Processing base of thread 0
Executing ENUM with target length 2170
A: 4.7089e+06
Searching candidates in depth 10
Processed 246532 candidate-subtrees.
coefficients: [ 0 0 0 0 0 0 0 0 0 0 0 0 0 0 0 0 0 0 0 0 0 0 0 0 0 0 0 0 0 0 0 0 0 0 0 0 0 0 0 0 0 0 0 0 0 0 0 0 0 0 0 0 0 0 0 0 0 0 0 0 0 0 0 0 0 0 0 0 0 0 ]
Shortest Vector: [0 0 0 0 0 0 0 0 0 0 0 0 0 0 0 0 0 0 0 0 0 0 0 0 0 0 0 0 0 0 0 0 0 0 0 0 0 0 0 0 0 0 0 0 0 0 0 0 0 0 0 0 0 0 0 0 0 0 0 0 0 0 0 0 0 0 0 0 0 0 ]
Len: 0

Runtime of standard enumeration: 58.172 s.
Unsuccessful after 1 attemps in 59.514 s (processed 1 bases).
Working threads: 1
Using NTL types.
Activating EXTREME pruning.
Setting pruning parameter to 0.22.
Setting candidate-queue size to 10240.
Setting parallel-enum threshold to dimension 15.
Disabling usage of Gauss heuristic
Enabling BKZ-auto-height adaption.
Setting bkz-height to 2.
Setting pre-beta to 24.
Setting parallel-BKZ instances to 1.
Setting randomized trials to 1.
Read conf file at penum.conf
Setting prebeta parameter to 12.
Setting pruning parameter to 0.26.
Delta: 0.999
Beta: 22
Mode: 1
Candidate Height: 10
Target length: 2170
Trying to read: input/svpc-e1-d70.txt
Read a basis of dimension: 70 / 70 with |b_0| = 0.3968251851e211
Starting procedure
Preparing preprocessing of 1 threads.
Thread 0 is BKZ-22 reducing basis
|b_0| of BKZ-22 reduced basis of thread 0 is: 2433.162962(1.17107s [1.10108 s / 0.0118865s ]).
Sorting 1 bases.
-0.0242592 
Time for preprocessing: 1.25449 seconds.
Processing base of thread 0
Executing ENUM with target length 2170
A: 4.7089e+06
Searching candidates in depth 10
Processed 246533 candidate-subtrees.
coefficients: [ 0 0 0 0 0 0 0 0 0 0 0 0 0 0 0 0 0 0 0 0 0 0 0 0 0 0 0 0 0 0 0 0 0 0 0 0 0 0 0 0 0 0 0 0 0 0 0 0 0 0 0 0 0 0 0 0 0 0 0 0 0 0 0 0 0 0 0 0 0 0 ]
Shortest Vector: [0 0 0 0 0 0 0 0 0 0 0 0 0 0 0 0 0 0 0 0 0 0 0 0 0 0 0 0 0 0 0 0 0 0 0 0 0 0 0 0 0 0 0 0 0 0 0 0 0 0 0 0 0 0 0 0 0 0 0 0 0 0 0 0 0 0 0 0 0 0 ]
Len: 0

Runtime of standard enumeration: 244.54 s.
Unsuccessful after 1 attemps in 245.88 s (processed 1 bases).
