Working threads: 16
Using NTL types.
Activating EXTREME pruning.
Setting pruning parameter to 0.22.
Setting candidate-queue size to 10240.
Setting parallel-enum threshold to dimension 15.
Disabling usage of Gauss heuristic
Enabling BKZ-auto-height adaption.
Setting bkz-height to 2.
Setting pre-beta to 24.
Setting parallel-BKZ instances to 6.
Setting randomized trials to 4.
Read conf file at penum.conf
Setting prebeta parameter to 20.
Setting pruning parameter to 0.02.
Delta: 0.85
Beta: 0
Mode: 1
Candidate Height: 10
Target length: 2051
No. of threads in ENUM: 16
Trying to read: ./inppap/svpc-e1-d66-237.txt
Read a basis of dimension: 66 / 66 with |b_0| = 0.2446750628e199
Starting procedure
Preparing preprocessing of 6 threads.
Thread 0 is BKZ-0 reducing basis
Thread 2 is BKZ-0 reducing basis
Thread 5 is BKZ-0 reducing basisThread 
4 is BKZ-0 reducing basis
Thread 3 is BKZ-0 reducing basis
Thread 1 is BKZ-0 reducing basis
|b_0| of BKZ-20/0 reduced basis of thread 0 is: 2433.246186(0.70897s [0.679832 s / -1s ]).
|b_0| of BKZ-20/0 reduced basis of thread 2 is: 2434.319823(0.786366s [0.744298 s / -1s ]).
|b_0| of BKZ-20/0 reduced basis of thread 1 is: 2433.184744(0.773946s [0.751479 s / -1s ]).
|b_0| of BKZ-20/0 reduced basis of thread 4 is: 2571.805008(0.843874s [0.800044 s / -1s ]).
|b_0| of BKZ-20/0 reduced basis of thread 3 is: 2552.727561(0.898188s [0.853919 s / -1s ]).
|b_0| of BKZ-20/0 reduced basis of thread 5 is: 2637.188275(0.929993s [0.885929 s / -1s ]).
Time for preprocessing: 0.993968 seconds.
Processing base of thread 0
Executing ENUM with target length 2051
A: 4.2066e+06
Special fplll pruning func
Searching candidates in depth 10
Enumerating with 16 threads.
Special fplll pruning func
Found new minumun (length: 2050)  13    0   -1   -7   -7    5   -1   -1    3    1   -4    0    0   -6    3   -5   -4    1    4   -4   -5    4    1    3   -1    5   -5    2    4   -2    1    0    0   -1    0    2    2   -1   -2   -2   -2   -2    0   -1    1    1   -2    0    2    1   -1    0    0    0    0    1    0   -1    0    1   -1    1    0    0    0    1    0    0 
Special fplll pruning func
Processed 3542 candidate-subtrees.
coefficients: [ 13 -0 -1 -7 -7 5 -1 -1 3 1 -4 -0 -0 -6 3 -5 -4 1 4 -4 -5 4 1 3 -1 5 -5 2 4 -2 1 -0 -0 -1 -0 2 2 -1 -2 -2 -2 -2 -0 -1 1 1 -2 -0 2 1 -1 -0 -0 -0 -0 1 -0 -1 -0 1 -1 1 -0 -0 -0 1 ]
Shortest Vector: [129 96 -288 -151 16 -726 -62 290 230 -118 390 -148 138 112 104 -290 -409 408 19 -333 130 -180 151 183 -131 571 355 210 300 317 -132 534 -105 146 -87 -175 67 -172 20 180 -80 32 -267 248 -284 -98 108 388 -107 207 253 -212 466 131 -281 -32 -152 430 165 376 183 240 97 -192 0 106 ]
Len: 2050.4

Runtime of standard enumeration: 0.090653 s.
Finishing after 1 attemps in 1.1469 s (processed 1 bases).
Working threads: 16
Using NTL types.
Activating EXTREME pruning.
Setting pruning parameter to 0.22.
Setting candidate-queue size to 10240.
Setting parallel-enum threshold to dimension 15.
Disabling usage of Gauss heuristic
Enabling BKZ-auto-height adaption.
Setting bkz-height to 2.
Setting pre-beta to 24.
Setting parallel-BKZ instances to 6.
Setting randomized trials to 4.
Read conf file at penum.conf
Setting prebeta parameter to 20.
Setting pruning parameter to 0.02.
Delta: 0.85
Beta: 0
Mode: 1
Candidate Height: 10
Target length: 2051
No. of threads in ENUM: 16
Trying to read: ./inppap/svpc-e1-d66-237.txt
Read a basis of dimension: 66 / 66 with |b_0| = 0.2446750628e199
Starting procedure
Preparing preprocessing of 6 threads.
Thread 0 is BKZ-0 reducing basis
Thread 4 is BKZ-0 reducing basis
Thread 1 is BKZ-0 reducing basis
Thread 5 is BKZ-0 reducing basis
Thread 2 is BKZ-0 reducing basis
Thread 3 is BKZ-0 reducing basis
|b_0| of BKZ-20/0 reduced basis of thread 0 is: 2433.246186(0.539692s [0.530933 s / -1s ]).
|b_0| of BKZ-20/0 reduced basis of thread 4 is: 2628.728019(0.801573s [0.779784 s / -1s ]).
|b_0| of BKZ-20/0 reduced basis of thread 1 is: 2694.385273(0.810068s [0.78829 s / -1s ]).
|b_0| of BKZ-20/0 reduced basis of thread 3 is: 2507.265044(0.821841s [0.798039 s / -1s ]).
|b_0| of BKZ-20/0 reduced basis of thread 5 is: 2662.664267(0.828981s [0.80082 s / -1s ]).
|b_0| of BKZ-20/0 reduced basis of thread 2 is: 2735.448958(0.826794s [0.801868 s / -1s ]).
Time for preprocessing: 0.837725 seconds.
Processing base of thread 0
Executing ENUM with target length 2051
A: 4.2066e+06
Special fplll pruning func
Searching candidates in depth 10
Enumerating with 16 threads.
Special fplll pruning func
Found new minumun (length: 2050)  13    0   -1   -7   -7    5   -1   -1    3    1   -4    0    0   -6    3   -5   -4    1    4   -4   -5    4    1    3   -1    5   -5    2    4   -2    1    0    0   -1    0    2    2   -1   -2   -2   -2   -2    0   -1    1    1   -2    0    2    1   -1    0    0    0    0    1    0   -1    0    1   -1    1    0    0    0    1    0    0 
Special fplll pruning func
Processed 3543 candidate-subtrees.
coefficients: [ 13 -0 -1 -7 -7 5 -1 -1 3 1 -4 -0 -0 -6 3 -5 -4 1 4 -4 -5 4 1 3 -1 5 -5 2 4 -2 1 -0 -0 -1 -0 2 2 -1 -2 -2 -2 -2 -0 -1 1 1 -2 -0 2 1 -1 -0 -0 -0 -0 1 -0 -1 -0 1 -1 1 -0 -0 -0 1 ]
Shortest Vector: [129 96 -288 -151 16 -726 -62 290 230 -118 390 -148 138 112 104 -290 -409 408 19 -333 130 -180 151 183 -131 571 355 210 300 317 -132 534 -105 146 -87 -175 67 -172 20 180 -80 32 -267 248 -284 -98 108 388 -107 207 253 -212 466 131 -281 -32 -152 430 165 376 183 240 97 -192 0 106 ]
Len: 2050.4

Runtime of standard enumeration: 0.087206 s.
Finishing after 1 attemps in 0.98713 s (processed 1 bases).
Working threads: 16
Using NTL types.
Activating EXTREME pruning.
Setting pruning parameter to 0.22.
Setting candidate-queue size to 10240.
Setting parallel-enum threshold to dimension 15.
Disabling usage of Gauss heuristic
Enabling BKZ-auto-height adaption.
Setting bkz-height to 2.
Setting pre-beta to 24.
Setting parallel-BKZ instances to 6.
Setting randomized trials to 4.
Read conf file at penum.conf
Setting prebeta parameter to 20.
Setting pruning parameter to 0.02.
Delta: 0.85
Beta: 0
Mode: 1
Candidate Height: 10
Target length: 2051
No. of threads in ENUM: 16
Trying to read: ./inppap/svpc-e1-d66-237.txt
Read a basis of dimension: 66 / 66 with |b_0| = 0.2446750628e199
Starting procedure
Preparing preprocessing of 6 threads.
Thread 0 is BKZ-0 reducing basis
Thread 2 is BKZ-0 reducing basis
Thread 1 is BKZ-0 reducing basis
Thread 5 is BKZ-0 reducing basis
Thread 3 is BKZ-0 reducing basis
Thread 4 is BKZ-0 reducing basis
|b_0| of BKZ-20/0 reduced basis of thread 0 is: 2433.246186(0.559471s [0.550362 s / -1s ]).
|b_0| of BKZ-20/0 reduced basis of thread 5 is: 2729.930036(0.802773s [0.780677 s / -1s ]).
|b_0| of BKZ-20/0 reduced basis of thread 1 is: 2365.061099(0.810638s [0.784581 s / -1s ]).
|b_0| of BKZ-20/0 reduced basis of thread 4 is: 2609.926244(0.811071s [0.786411 s / -1s ]).
|b_0| of BKZ-20/0 reduced basis of thread 2 is: 2610.94121(0.823605s [0.803123 s / -1s ]).
|b_0| of BKZ-20/0 reduced basis of thread 3 is: 2383.92072(0.855698s [0.834333 s / -1s ]).
Time for preprocessing: 0.863436 seconds.
Processing base of thread 0
Executing ENUM with target length 2051
A: 4.2066e+06
Special fplll pruning func
Searching candidates in depth 10
Enumerating with 16 threads.
Special fplll pruning func
Found new minumun (length: 2050)  13    0   -1   -7   -7    5   -1   -1    3    1   -4    0    0   -6    3   -5   -4    1    4   -4   -5    4    1    3   -1    5   -5    2    4   -2    1    0    0   -1    0    2    2   -1   -2   -2   -2   -2    0   -1    1    1   -2    0    2    1   -1    0    0    0    0    1    0   -1    0    1   -1    1    0    0    0    1    0    0 
Special fplll pruning func
Processed 3548 candidate-subtrees.
coefficients: [ 13 -0 -1 -7 -7 5 -1 -1 3 1 -4 -0 -0 -6 3 -5 -4 1 4 -4 -5 4 1 3 -1 5 -5 2 4 -2 1 -0 -0 -1 -0 2 2 -1 -2 -2 -2 -2 -0 -1 1 1 -2 -0 2 1 -1 -0 -0 -0 -0 1 -0 -1 -0 1 -1 1 -0 -0 -0 1 ]
Shortest Vector: [129 96 -288 -151 16 -726 -62 290 230 -118 390 -148 138 112 104 -290 -409 408 19 -333 130 -180 151 183 -131 571 355 210 300 317 -132 534 -105 146 -87 -175 67 -172 20 180 -80 32 -267 248 -284 -98 108 388 -107 207 253 -212 466 131 -281 -32 -152 430 165 376 183 240 97 -192 0 106 ]
Len: 2050.4

Runtime of standard enumeration: 0.098129 s.
Finishing after 1 attemps in 1.0338 s (processed 1 bases).
Working threads: 16
Using NTL types.
Activating EXTREME pruning.
Setting pruning parameter to 0.22.
Setting candidate-queue size to 10240.
Setting parallel-enum threshold to dimension 15.
Disabling usage of Gauss heuristic
Enabling BKZ-auto-height adaption.
Setting bkz-height to 2.
Setting pre-beta to 24.
Setting parallel-BKZ instances to 6.
Setting randomized trials to 4.
Read conf file at penum.conf
Setting prebeta parameter to 20.
Setting pruning parameter to 0.02.
Delta: 0.85
Beta: 0
Mode: 1
Candidate Height: 10
Target length: 2051
No. of threads in ENUM: 16
Trying to read: ./inppap/svpc-e1-d66-237.txt
Read a basis of dimension: 66 / 66 with |b_0| = 0.2446750628e199
Starting procedure
Preparing preprocessing of 6 threads.
Thread 0 is BKZ-0 reducing basis
Thread 1 is BKZ-0 reducing basis
Thread 5Thread  is BKZ-30 is BKZ- reducing basis0
 reducing basis
Thread 2 is BKZ-0 reducing basis
Thread 4 is BKZ-0 reducing basis
|b_0| of BKZ-20/0 reduced basis of thread 0 is: 2433.246186(0.533618s [0.525191 s / -1s ]).
|b_0| of BKZ-20/0 reduced basis of thread 1 is: 2244.673027(0.801096s [0.77395 s / -1s ]).
|b_0| of BKZ-20/0 reduced basis of thread 3 is: 2770.531718(0.802062s [0.774345 s / -1s ]).
|b_0| of BKZ-20/0 reduced basis of thread 4 is: 2550.371934(0.839945s [0.821185 s / -1s ]).
|b_0| of BKZ-20/0 reduced basis of thread 5 is: 2384.316674(0.86786s [0.845872 s / -1s ]).
|b_0| of BKZ-20/0 reduced basis of thread 2 is: 2262.152957(0.885173s [0.865139 s / -1s ]).
Time for preprocessing: 0.892969 seconds.
Processing base of thread 0
Executing ENUM with target length 2051
A: 4.2066e+06
Special fplll pruning func
Searching candidates in depth 10
Enumerating with 16 threads.
Special fplll pruning func
Found new minumun (length: 2050)  13    0   -1   -7   -7    5   -1   -1    3    1   -4    0    0   -6    3   -5   -4    1    4   -4   -5    4    1    3   -1    5   -5    2    4   -2    1    0    0   -1    0    2    2   -1   -2   -2   -2   -2    0   -1    1    1   -2    0    2    1   -1    0    0    0    0    1    0   -1    0    1   -1    1    0    0    0    1    0    0 
Special fplll pruning func
Processed 3543 candidate-subtrees.
coefficients: [ 13 -0 -1 -7 -7 5 -1 -1 3 1 -4 -0 -0 -6 3 -5 -4 1 4 -4 -5 4 1 3 -1 5 -5 2 4 -2 1 -0 -0 -1 -0 2 2 -1 -2 -2 -2 -2 -0 -1 1 1 -2 -0 2 1 -1 -0 -0 -0 -0 1 -0 -1 -0 1 -1 1 -0 -0 -0 1 ]
Shortest Vector: [129 96 -288 -151 16 -726 -62 290 230 -118 390 -148 138 112 104 -290 -409 408 19 -333 130 -180 151 183 -131 571 355 210 300 317 -132 534 -105 146 -87 -175 67 -172 20 180 -80 32 -267 248 -284 -98 108 388 -107 207 253 -212 466 131 -281 -32 -152 430 165 376 183 240 97 -192 0 106 ]
Len: 2050.4

Runtime of standard enumeration: 0.091789 s.
Finishing after 1 attemps in 1.0477 s (processed 1 bases).
Working threads: 16
Using NTL types.
Activating EXTREME pruning.
Setting pruning parameter to 0.22.
Setting candidate-queue size to 10240.
Setting parallel-enum threshold to dimension 15.
Disabling usage of Gauss heuristic
Enabling BKZ-auto-height adaption.
Setting bkz-height to 2.
Setting pre-beta to 24.
Setting parallel-BKZ instances to 6.
Setting randomized trials to 4.
Read conf file at penum.conf
Setting prebeta parameter to 20.
Setting pruning parameter to 0.02.
Delta: 0.85
Beta: 0
Mode: 1
Candidate Height: 10
Target length: 2051
No. of threads in ENUM: 16
Trying to read: ./inppap/svpc-e1-d66-237.txt
Read a basis of dimension: 66 / 66 with |b_0| = 0.2446750628e199
Starting procedure
Preparing preprocessing of 6 threads.
Thread 0 is BKZ-0 reducing basis
Thread 3 is BKZ-0 reducing basis
Thread 2 is BKZ-0 reducing basis
Thread 5 is BKZ-0 reducing basis
Thread 1 is BKZ-0 reducing basis
Thread 4 is BKZ-0 reducing basis
|b_0| of BKZ-20/0 reduced basis of thread 0 is: 2433.246186(0.527977s [0.519689 s / -1s ]).
|b_0| of BKZ-20/0 reduced basis of thread 2 is: 2555.625755(0.756596s [0.743406 s / -1s ]).
|b_0| of BKZ-20/0 reduced basis of thread 5 is: 2553.803242(0.796969s [0.777638 s / -1s ]).
|b_0| of BKZ-20/0 reduced basis of thread 4 is: 2572.827044(0.85238s [0.834911 s / -1s ]).
|b_0| of BKZ-20/0 reduced basis of thread 1 is: 2637.82145(0.856764s [0.837334 s / -1s ]).
|b_0| of BKZ-20/0 reduced basis of thread 3 is: 2641.38335(0.923684s [0.905156 s / -1s ]).
Time for preprocessing: 0.932168 seconds.
Processing base of thread 0
Executing ENUM with target length 2051
A: 4.2066e+06
Special fplll pruning func
Searching candidates in depth 10
Enumerating with 16 threads.
Special fplll pruning func
Found new minumun (length: 2050)  13    0   -1   -7   -7    5   -1   -1    3    1   -4    0    0   -6    3   -5   -4    1    4   -4   -5    4    1    3   -1    5   -5    2    4   -2    1    0    0   -1    0    2    2   -1   -2   -2   -2   -2    0   -1    1    1   -2    0    2    1   -1    0    0    0    0    1    0   -1    0    1   -1    1    0    0    0    1    0    0 
Special fplll pruning func
Processed 3544 candidate-subtrees.
coefficients: [ 13 -0 -1 -7 -7 5 -1 -1 3 1 -4 -0 -0 -6 3 -5 -4 1 4 -4 -5 4 1 3 -1 5 -5 2 4 -2 1 -0 -0 -1 -0 2 2 -1 -2 -2 -2 -2 -0 -1 1 1 -2 -0 2 1 -1 -0 -0 -0 -0 1 -0 -1 -0 1 -1 1 -0 -0 -0 1 ]
Shortest Vector: [129 96 -288 -151 16 -726 -62 290 230 -118 390 -148 138 112 104 -290 -409 408 19 -333 130 -180 151 183 -131 571 355 210 300 317 -132 534 -105 146 -87 -175 67 -172 20 180 -80 32 -267 248 -284 -98 108 388 -107 207 253 -212 466 131 -281 -32 -152 430 165 376 183 240 97 -192 0 106 ]
Len: 2050.4

Runtime of standard enumeration: 0.090582 s.
Finishing after 1 attemps in 1.0851 s (processed 1 bases).
Working threads: 16
Using NTL types.
Activating EXTREME pruning.
Setting pruning parameter to 0.22.
Setting candidate-queue size to 10240.
Setting parallel-enum threshold to dimension 15.
Disabling usage of Gauss heuristic
Enabling BKZ-auto-height adaption.
Setting bkz-height to 2.
Setting pre-beta to 24.
Setting parallel-BKZ instances to 6.
Setting randomized trials to 4.
Read conf file at penum.conf
Setting prebeta parameter to 20.
Setting pruning parameter to 0.02.
Delta: 0.85
Beta: 0
Mode: 1
Candidate Height: 10
Target length: 2051
No. of threads in ENUM: 16
Trying to read: ./inppap/svpc-e1-d66-237.txt
Read a basis of dimension: 66 / 66 with |b_0| = 0.2446750628e199
Starting procedure
Preparing preprocessing of 6 threads.
Thread 0 is BKZ-0 reducing basis
Thread 1 is BKZ-0 reducing basis
Thread 2 is BKZ-0 reducing basis
Thread 3 is BKZ-0 reducing basis
Thread 4 is BKZ-0 reducing basis
Thread 5 is BKZ-0 reducing basis
|b_0| of BKZ-20/0 reduced basis of thread 0 is: 2433.246186(0.544765s [0.535553 s / -1s ]).
|b_0| of BKZ-20/0 reduced basis of thread 1 is: 2294.873417(0.707567s [0.688455 s / -1s ]).
|b_0| of BKZ-20/0 reduced basis of thread 2 is: 2598.909002(0.727364s [0.708369 s / -1s ]).
|b_0| of BKZ-20/0 reduced basis of thread 5 is: 2465.751001(0.784423s [0.762725 s / -1s ]).
|b_0| of BKZ-20/0 reduced basis of thread 3 is: 2529.418115(0.819454s [0.797649 s / -1s ]).
|b_0| of BKZ-20/0 reduced basis of thread 4 is: 2497.43088(0.860382s [0.839976 s / -1s ]).
Time for preprocessing: 0.868083 seconds.
Processing base of thread 0
Executing ENUM with target length 2051
A: 4.2066e+06
Special fplll pruning func
Searching candidates in depth 10
Enumerating with 16 threads.
Special fplll pruning func
Found new minumun (length: 2050)  13    0   -1   -7   -7    5   -1   -1    3    1   -4    0    0   -6    3   -5   -4    1    4   -4   -5    4    1    3   -1    5   -5    2    4   -2    1    0    0   -1    0    2    2   -1   -2   -2   -2   -2    0   -1    1    1   -2    0    2    1   -1    0    0    0    0    1    0   -1    0    1   -1    1    0    0    0    1    0    0 
Special fplll pruning func
Processed 3545 candidate-subtrees.
coefficients: [ 13 -0 -1 -7 -7 5 -1 -1 3 1 -4 -0 -0 -6 3 -5 -4 1 4 -4 -5 4 1 3 -1 5 -5 2 4 -2 1 -0 -0 -1 -0 2 2 -1 -2 -2 -2 -2 -0 -1 1 1 -2 -0 2 1 -1 -0 -0 -0 -0 1 -0 -1 -0 1 -1 1 -0 -0 -0 1 ]
Shortest Vector: [129 96 -288 -151 16 -726 -62 290 230 -118 390 -148 138 112 104 -290 -409 408 19 -333 130 -180 151 183 -131 571 355 210 300 317 -132 534 -105 146 -87 -175 67 -172 20 180 -80 32 -267 248 -284 -98 108 388 -107 207 253 -212 466 131 -281 -32 -152 430 165 376 183 240 97 -192 0 106 ]
Len: 2050.4

Runtime of standard enumeration: 0.09062 s.
Finishing after 1 attemps in 1.0339 s (processed 1 bases).
Working threads: 16
Using NTL types.
Activating EXTREME pruning.
Setting pruning parameter to 0.22.
Setting candidate-queue size to 10240.
Setting parallel-enum threshold to dimension 15.
Disabling usage of Gauss heuristic
Enabling BKZ-auto-height adaption.
Setting bkz-height to 2.
Setting pre-beta to 24.
Setting parallel-BKZ instances to 6.
Setting randomized trials to 4.
Read conf file at penum.conf
Setting prebeta parameter to 20.
Setting pruning parameter to 0.02.
Delta: 0.85
Beta: 0
Mode: 1
Candidate Height: 10
Target length: 2051
No. of threads in ENUM: 16
Trying to read: ./inppap/svpc-e1-d66-237.txt
Read a basis of dimension: 66 / 66 with |b_0| = 0.2446750628e199
Starting procedure
Preparing preprocessing of 6 threads.
Thread 0 is BKZ-0 reducing basis
Thread 2 is BKZ-0 reducing basis
Thread 5 is BKZ-0 reducing basis
Thread 4 is BKZ-0 reducing basis
Thread 3 is BKZ-0 reducing basis
Thread 1 is BKZ-0 reducing basis
|b_0| of BKZ-20/0 reduced basis of thread 0 is: 2433.246186(0.533029s [0.524259 s / -1s ]).
|b_0| of BKZ-20/0 reduced basis of thread 1 is: 2699.966111(0.760707s [0.744439 s / -1s ]).
|b_0| of BKZ-20/0 reduced basis of thread 4 is: 2495.229448(0.813913s [0.79019 s / -1s ]).
|b_0| of BKZ-20/0 reduced basis of thread 2 is: 2550.620709(0.81561s [0.796259 s / -1s ]).
|b_0| of BKZ-20/0 reduced basis of thread 5 is: 2522.375269(0.821084s [0.798727 s / -1s ]).
|b_0| of BKZ-20/0 reduced basis of thread 3 is: 2414.263035(0.840462s [0.818224 s / -1s ]).
Time for preprocessing: 0.848219 seconds.
Processing base of thread 0
Executing ENUM with target length 2051
A: 4.2066e+06
Special fplll pruning func
Searching candidates in depth 10
Enumerating with 16 threads.
Special fplll pruning func
Found new minumun (length: 2050)  13    0   -1   -7   -7    5   -1   -1    3    1   -4    0    0   -6    3   -5   -4    1    4   -4   -5    4    1    3   -1    5   -5    2    4   -2    1    0    0   -1    0    2    2   -1   -2   -2   -2   -2    0   -1    1    1   -2    0    2    1   -1    0    0    0    0    1    0   -1    0    1   -1    1    0    0    0    1    0    0 
Special fplll pruning func
Processed 3543 candidate-subtrees.
coefficients: [ 13 -0 -1 -7 -7 5 -1 -1 3 1 -4 -0 -0 -6 3 -5 -4 1 4 -4 -5 4 1 3 -1 5 -5 2 4 -2 1 -0 -0 -1 -0 2 2 -1 -2 -2 -2 -2 -0 -1 1 1 -2 -0 2 1 -1 -0 -0 -0 -0 1 -0 -1 -0 1 -1 1 -0 -0 -0 1 ]
Shortest Vector: [129 96 -288 -151 16 -726 -62 290 230 -118 390 -148 138 112 104 -290 -409 408 19 -333 130 -180 151 183 -131 571 355 210 300 317 -132 534 -105 146 -87 -175 67 -172 20 180 -80 32 -267 248 -284 -98 108 388 -107 207 253 -212 466 131 -281 -32 -152 430 165 376 183 240 97 -192 0 106 ]
Len: 2050.4

Runtime of standard enumeration: 0.089582 s.
Finishing after 1 attemps in 1.001 s (processed 1 bases).
Working threads: 16
Using NTL types.
Activating EXTREME pruning.
Setting pruning parameter to 0.22.
Setting candidate-queue size to 10240.
Setting parallel-enum threshold to dimension 15.
Disabling usage of Gauss heuristic
Enabling BKZ-auto-height adaption.
Setting bkz-height to 2.
Setting pre-beta to 24.
Setting parallel-BKZ instances to 6.
Setting randomized trials to 4.
Read conf file at penum.conf
Setting prebeta parameter to 20.
Setting pruning parameter to 0.02.
Delta: 0.85
Beta: 0
Mode: 1
Candidate Height: 10
Target length: 2051
No. of threads in ENUM: 16
Trying to read: ./inppap/svpc-e1-d66-237.txt
Read a basis of dimension: 66 / 66 with |b_0| = 0.2446750628e199
Starting procedure
Preparing preprocessing of 6 threads.
Thread 0 is BKZ-0 reducing basis
Thread 1 is BKZ-0 reducing basis
Thread 4 is BKZ-0 reducing basis
Thread 5 is BKZ-0 reducing basis
Thread 2 is BKZ-0 reducing basis
Thread 3 is BKZ-0 reducing basis
|b_0| of BKZ-20/0 reduced basis of thread 0 is: 2433.246186(0.5623s [0.553483 s / -1s ]).
|b_0| of BKZ-20/0 reduced basis of thread 1 is: 2494.748885(0.745675s [0.724597 s / -1s ]).
|b_0| of BKZ-20/0 reduced basis of thread 3 is: 2467.240159(0.765535s [0.74453 s / -1s ]).
|b_0| of BKZ-20/0 reduced basis of thread 5 is: 2707.619249(0.817896s [0.796384 s / -1s ]).
|b_0| of BKZ-20/0 reduced basis of thread 2 is: 2655.116758(0.830207s [0.809597 s / -1s ]).
|b_0| of BKZ-20/0 reduced basis of thread 4 is: 2557.483138(0.865195s [0.844663 s / -1s ]).
Time for preprocessing: 0.874994 seconds.
Processing base of thread 0
Executing ENUM with target length 2051
A: 4.2066e+06
Special fplll pruning func
Searching candidates in depth 10
Enumerating with 16 threads.
Special fplll pruning func
Found new minumun (length: 2050)  13    0   -1   -7   -7    5   -1   -1    3    1   -4    0    0   -6    3   -5   -4    1    4   -4   -5    4    1    3   -1    5   -5    2    4   -2    1    0    0   -1    0    2    2   -1   -2   -2   -2   -2    0   -1    1    1   -2    0    2    1   -1    0    0    0    0    1    0   -1    0    1   -1    1    0    0    0    1    0    0 
Special fplll pruning func
Processed 3544 candidate-subtrees.
coefficients: [ 13 -0 -1 -7 -7 5 -1 -1 3 1 -4 -0 -0 -6 3 -5 -4 1 4 -4 -5 4 1 3 -1 5 -5 2 4 -2 1 -0 -0 -1 -0 2 2 -1 -2 -2 -2 -2 -0 -1 1 1 -2 -0 2 1 -1 -0 -0 -0 -0 1 -0 -1 -0 1 -1 1 -0 -0 -0 1 ]
Shortest Vector: [129 96 -288 -151 16 -726 -62 290 230 -118 390 -148 138 112 104 -290 -409 408 19 -333 130 -180 151 183 -131 571 355 210 300 317 -132 534 -105 146 -87 -175 67 -172 20 180 -80 32 -267 248 -284 -98 108 388 -107 207 253 -212 466 131 -281 -32 -152 430 165 376 183 240 97 -192 0 106 ]
Len: 2050.4

Runtime of standard enumeration: 0.090905 s.
Finishing after 1 attemps in 1.034 s (processed 1 bases).
Working threads: 16
Using NTL types.
Activating EXTREME pruning.
Setting pruning parameter to 0.22.
Setting candidate-queue size to 10240.
Setting parallel-enum threshold to dimension 15.
Disabling usage of Gauss heuristic
Enabling BKZ-auto-height adaption.
Setting bkz-height to 2.
Setting pre-beta to 24.
Setting parallel-BKZ instances to 6.
Setting randomized trials to 4.
Read conf file at penum.conf
Setting prebeta parameter to 20.
Setting pruning parameter to 0.02.
Delta: 0.85
Beta: 0
Mode: 1
Candidate Height: 10
Target length: 2051
No. of threads in ENUM: 16
Trying to read: ./inppap/svpc-e1-d66-237.txt
Read a basis of dimension: 66 / 66 with |b_0| = 0.2446750628e199
Starting procedure
Preparing preprocessing of 6 threads.
Thread 0 is BKZ-0 reducing basis
Thread 4 is BKZ-0 reducing basis
Thread 3 is BKZ-0 reducing basis
Thread Thread 12 is BKZ- is BKZ-0 reducing basis0
 reducing basis
Thread 5 is BKZ-0 reducing basis
|b_0| of BKZ-20/0 reduced basis of thread 0 is: 2433.246186(0.508548s [0.4986 s / -1s ]).
|b_0| of BKZ-20/0 reduced basis of thread 2 is: 2663.701748(0.781673s [0.760924 s / -1s ]).
|b_0| of BKZ-20/0 reduced basis of thread 5 is: 2509.662328(0.810342s [0.789794 s / -1s ]).
|b_0| of BKZ-20/0 reduced basis of thread 3 is: 2519.861504(0.819504s [0.799331 s / -1s ]).
|b_0| of BKZ-20/0 reduced basis of thread 1 is: 2269.619792(0.85625s [0.8344 s / -1s ]).
|b_0| of BKZ-20/0 reduced basis of thread 4 is: 2676.590182(0.859677s [0.837708 s / -1s ]).
Time for preprocessing: 0.869497 seconds.
Processing base of thread 0
Executing ENUM with target length 2051
A: 4.2066e+06
Special fplll pruning func
Searching candidates in depth 10
Enumerating with 16 threads.
Special fplll pruning func
Found new minumun (length: 2050)  13    0   -1   -7   -7    5   -1   -1    3    1   -4    0    0   -6    3   -5   -4    1    4   -4   -5    4    1    3   -1    5   -5    2    4   -2    1    0    0   -1    0    2    2   -1   -2   -2   -2   -2    0   -1    1    1   -2    0    2    1   -1    0    0    0    0    1    0   -1    0    1   -1    1    0    0    0    1    0    0 
Special fplll pruning func
Processed 3543 candidate-subtrees.
coefficients: [ 13 -0 -1 -7 -7 5 -1 -1 3 1 -4 -0 -0 -6 3 -5 -4 1 4 -4 -5 4 1 3 -1 5 -5 2 4 -2 1 -0 -0 -1 -0 2 2 -1 -2 -2 -2 -2 -0 -1 1 1 -2 -0 2 1 -1 -0 -0 -0 -0 1 -0 -1 -0 1 -1 1 -0 -0 -0 1 ]
Shortest Vector: [129 96 -288 -151 16 -726 -62 290 230 -118 390 -148 138 112 104 -290 -409 408 19 -333 130 -180 151 183 -131 571 355 210 300 317 -132 534 -105 146 -87 -175 67 -172 20 180 -80 32 -267 248 -284 -98 108 388 -107 207 253 -212 466 131 -281 -32 -152 430 165 376 183 240 97 -192 0 106 ]
Len: 2050.4

Runtime of standard enumeration: 0.09033 s.
Finishing after 1 attemps in 1.022 s (processed 1 bases).
Working threads: 16
Using NTL types.
Activating EXTREME pruning.
Setting pruning parameter to 0.22.
Setting candidate-queue size to 10240.
Setting parallel-enum threshold to dimension 15.
Disabling usage of Gauss heuristic
Enabling BKZ-auto-height adaption.
Setting bkz-height to 2.
Setting pre-beta to 24.
Setting parallel-BKZ instances to 6.
Setting randomized trials to 4.
Read conf file at penum.conf
Setting prebeta parameter to 20.
Setting pruning parameter to 0.02.
Delta: 0.85
Beta: 0
Mode: 1
Candidate Height: 10
Target length: 2051
No. of threads in ENUM: 16
Trying to read: ./inppap/svpc-e1-d66-237.txt
Read a basis of dimension: 66 / 66 with |b_0| = 0.2446750628e199
Starting procedure
Preparing preprocessing of 6 threads.
Thread 0 is BKZ-0 reducing basis
Thread 3 is BKZ-0 reducing basis
Thread 1 is BKZ-0 reducing basis
Thread 4 is BKZ-0 reducing basis
Thread 5 is BKZ-0 reducing basis
Thread 2 is BKZ-0 reducing basis
|b_0| of BKZ-20/0 reduced basis of thread 0 is: 2433.246186(0.549801s [0.540957 s / -1s ]).
|b_0| of BKZ-20/0 reduced basis of thread 3 is: 2399.163604(0.761944s [0.744622 s / -1s ]).
|b_0| of BKZ-20/0 reduced basis of thread 2 is: 2522.674375(0.792724s [0.769777 s / -1s ]).
|b_0| of BKZ-20/0 reduced basis of thread 4 is: 2597.533445(0.794868s [0.768646 s / -1s ]).
|b_0| of BKZ-20/0 reduced basis of thread 5 is: 2571.930792(0.809975s [0.792408 s / -1s ]).
|b_0| of BKZ-20/0 reduced basis of thread 1 is: 2640.0839(0.81801s [0.797001 s / -1s ]).
Time for preprocessing: 0.825767 seconds.
Processing base of thread 0
Executing ENUM with target length 2051
A: 4.2066e+06
Special fplll pruning func
Searching candidates in depth 10
Enumerating with 16 threads.
Special fplll pruning func
Found new minumun (length: 2050)  13    0   -1   -7   -7    5   -1   -1    3    1   -4    0    0   -6    3   -5   -4    1    4   -4   -5    4    1    3   -1    5   -5    2    4   -2    1    0    0   -1    0    2    2   -1   -2   -2   -2   -2    0   -1    1    1   -2    0    2    1   -1    0    0    0    0    1    0   -1    0    1   -1    1    0    0    0    1    0    0 
Special fplll pruning func
Processed 3543 candidate-subtrees.
coefficients: [ 13 -0 -1 -7 -7 5 -1 -1 3 1 -4 -0 -0 -6 3 -5 -4 1 4 -4 -5 4 1 3 -1 5 -5 2 4 -2 1 -0 -0 -1 -0 2 2 -1 -2 -2 -2 -2 -0 -1 1 1 -2 -0 2 1 -1 -0 -0 -0 -0 1 -0 -1 -0 1 -1 1 -0 -0 -0 1 ]
Shortest Vector: [129 96 -288 -151 16 -726 -62 290 230 -118 390 -148 138 112 104 -290 -409 408 19 -333 130 -180 151 183 -131 571 355 210 300 317 -132 534 -105 146 -87 -175 67 -172 20 180 -80 32 -267 248 -284 -98 108 388 -107 207 253 -212 466 131 -281 -32 -152 430 165 376 183 240 97 -192 0 106 ]
Len: 2050.4

Runtime of standard enumeration: 0.089923 s.
Finishing after 1 attemps in 0.98066 s (processed 1 bases).
Working threads: 16
Using NTL types.
Activating EXTREME pruning.
Setting pruning parameter to 0.22.
Setting candidate-queue size to 10240.
Setting parallel-enum threshold to dimension 15.
Disabling usage of Gauss heuristic
Enabling BKZ-auto-height adaption.
Setting bkz-height to 2.
Setting pre-beta to 24.
Setting parallel-BKZ instances to 6.
Setting randomized trials to 4.
Read conf file at penum.conf
Setting prebeta parameter to 20.
Setting pruning parameter to 0.02.
Delta: 0.85
Beta: 0
Mode: 1
Candidate Height: 10
Target length: 2051
No. of threads in ENUM: 16
Trying to read: ./inppap/svpc-e1-d66-237.txt
Read a basis of dimension: 66 / 66 with |b_0| = 0.2446750628e199
Starting procedure
Preparing preprocessing of 6 threads.
Thread 0 is BKZ-0 reducing basis
Thread 4 is BKZ-0 reducing basis
Thread 3 is BKZ-0 reducing basis
Thread 5 is BKZ-0 reducing basis
Thread 2 is BKZ-0 reducing basis
Thread 1 is BKZ-0 reducing basis
|b_0| of BKZ-20/0 reduced basis of thread 0 is: 2433.246186(0.546853s [0.537318 s / -1s ]).
|b_0| of BKZ-20/0 reduced basis of thread 2 is: 2384.316674(0.742284s [0.730354 s / -1s ]).
|b_0| of BKZ-20/0 reduced basis of thread 5 is: 2353.872129(0.810058s [0.790734 s / -1s ]).
|b_0| of BKZ-20/0 reduced basis of thread 3 is: 2579.086854(0.812927s [0.794084 s / -1s ]).
|b_0| of BKZ-20/0 reduced basis of thread 1 is: 2050.375575(0.822524s [0.804965 s / -1s ]).
|b_0| of BKZ-20/0 reduced basis of thread 4 is: 2540.531637(0.849292s [0.835419 s / -1s ]).
Time for preprocessing: 0.857415 seconds.
Processing base of thread 0
Executing ENUM with target length 2051
A: 4.2066e+06
Special fplll pruning func
Searching candidates in depth 10
Enumerating with 16 threads.
Special fplll pruning func
Found new minumun (length: 2050)  13    0   -1   -7   -7    5   -1   -1    3    1   -4    0    0   -6    3   -5   -4    1    4   -4   -5    4    1    3   -1    5   -5    2    4   -2    1    0    0   -1    0    2    2   -1   -2   -2   -2   -2    0   -1    1    1   -2    0    2    1   -1    0    0    0    0    1    0   -1    0    1   -1    1    0    0    0    1    0    0 
Special fplll pruning func
Processed 3545 candidate-subtrees.
coefficients: [ 13 -0 -1 -7 -7 5 -1 -1 3 1 -4 -0 -0 -6 3 -5 -4 1 4 -4 -5 4 1 3 -1 5 -5 2 4 -2 1 -0 -0 -1 -0 2 2 -1 -2 -2 -2 -2 -0 -1 1 1 -2 -0 2 1 -1 -0 -0 -0 -0 1 -0 -1 -0 1 -1 1 -0 -0 -0 1 ]
Shortest Vector: [129 96 -288 -151 16 -726 -62 290 230 -118 390 -148 138 112 104 -290 -409 408 19 -333 130 -180 151 183 -131 571 355 210 300 317 -132 534 -105 146 -87 -175 67 -172 20 180 -80 32 -267 248 -284 -98 108 388 -107 207 253 -212 466 131 -281 -32 -152 430 165 376 183 240 97 -192 0 106 ]
Len: 2050.4

Runtime of standard enumeration: 0.08924 s.
Finishing after 1 attemps in 1.009 s (processed 1 bases).
Working threads: 16
Using NTL types.
Activating EXTREME pruning.
Setting pruning parameter to 0.22.
Setting candidate-queue size to 10240.
Setting parallel-enum threshold to dimension 15.
Disabling usage of Gauss heuristic
Enabling BKZ-auto-height adaption.
Setting bkz-height to 2.
Setting pre-beta to 24.
Setting parallel-BKZ instances to 6.
Setting randomized trials to 4.
Read conf file at penum.conf
Setting prebeta parameter to 20.
Setting pruning parameter to 0.02.
Delta: 0.85
Beta: 0
Mode: 1
Candidate Height: 10
Target length: 2051
No. of threads in ENUM: 16
Trying to read: ./inppap/svpc-e1-d66-237.txt
Read a basis of dimension: 66 / 66 with |b_0| = 0.2446750628e199
Starting procedure
Preparing preprocessing of 6 threads.
Thread 0 is BKZ-0 reducing basis
Thread 1 is BKZ-0 reducing basis
Thread 5 is BKZ-0 reducing basis
Thread 3 is BKZ-0 reducing basis
Thread 4 is BKZ-0 reducing basis
Thread 2 is BKZ-0 reducing basis
|b_0| of BKZ-20/0 reduced basis of thread 0 is: 2433.246186(0.538895s [0.530382 s / -1s ]).
|b_0| of BKZ-20/0 reduced basis of thread 2 is: 2353.302998(0.760477s [0.747918 s / -1s ]).
|b_0| of BKZ-20/0 reduced basis of thread 1 is: 2588.775966(0.786298s [0.765435 s / -1s ]).
|b_0| of BKZ-20/0 reduced basis of thread 4 is: 2525.01802(0.803295s [0.785202 s / -1s ]).
|b_0| of BKZ-20/0 reduced basis of thread 3 is: 2465.781012(0.825599s [0.804531 s / -1s ]).
|b_0| of BKZ-20/0 reduced basis of thread 5 is: 2521.224306(0.83778s [0.817085 s / -1s ]).
Time for preprocessing: 0.845587 seconds.
Processing base of thread 0
Executing ENUM with target length 2051
A: 4.2066e+06
Special fplll pruning func
Searching candidates in depth 10
Enumerating with 16 threads.
Special fplll pruning func
Found new minumun (length: 2050)  13    0   -1   -7   -7    5   -1   -1    3    1   -4    0    0   -6    3   -5   -4    1    4   -4   -5    4    1    3   -1    5   -5    2    4   -2    1    0    0   -1    0    2    2   -1   -2   -2   -2   -2    0   -1    1    1   -2    0    2    1   -1    0    0    0    0    1    0   -1    0    1   -1    1    0    0    0    1    0    0 
Special fplll pruning func
Processed 3543 candidate-subtrees.
coefficients: [ 13 -0 -1 -7 -7 5 -1 -1 3 1 -4 -0 -0 -6 3 -5 -4 1 4 -4 -5 4 1 3 -1 5 -5 2 4 -2 1 -0 -0 -1 -0 2 2 -1 -2 -2 -2 -2 -0 -1 1 1 -2 -0 2 1 -1 -0 -0 -0 -0 1 -0 -1 -0 1 -1 1 -0 -0 -0 1 ]
Shortest Vector: [129 96 -288 -151 16 -726 -62 290 230 -118 390 -148 138 112 104 -290 -409 408 19 -333 130 -180 151 183 -131 571 355 210 300 317 -132 534 -105 146 -87 -175 67 -172 20 180 -80 32 -267 248 -284 -98 108 388 -107 207 253 -212 466 131 -281 -32 -152 430 165 376 183 240 97 -192 0 106 ]
Len: 2050.4

Runtime of standard enumeration: 0.090142 s.
Finishing after 1 attemps in 1.0044 s (processed 1 bases).
Working threads: 16
Using NTL types.
Activating EXTREME pruning.
Setting pruning parameter to 0.22.
Setting candidate-queue size to 10240.
Setting parallel-enum threshold to dimension 15.
Disabling usage of Gauss heuristic
Enabling BKZ-auto-height adaption.
Setting bkz-height to 2.
Setting pre-beta to 24.
Setting parallel-BKZ instances to 6.
Setting randomized trials to 4.
Read conf file at penum.conf
Setting prebeta parameter to 20.
Setting pruning parameter to 0.02.
Delta: 0.85
Beta: 0
Mode: 1
Candidate Height: 10
Target length: 2051
No. of threads in ENUM: 16
Trying to read: ./inppap/svpc-e1-d66-237.txt
Read a basis of dimension: 66 / 66 with |b_0| = 0.2446750628e199
Starting procedure
Preparing preprocessing of 6 threads.
Thread 0 is BKZ-0 reducing basis
Thread 3 is BKZ-0 reducing basis
Thread 5 is BKZ-0 reducing basis
Thread 1 is BKZ-0 reducing basis
Thread 2 is BKZ-0 reducing basis
Thread 4 is BKZ-0 reducing basis
|b_0| of BKZ-20/0 reduced basis of thread 0 is: 2433.246186(0.560422s [0.550917 s / -1s ]).
|b_0| of BKZ-20/0 reduced basis of thread 2 is: 2324.877631(0.764796s [0.746008 s / -1s ]).
|b_0| of BKZ-20/0 reduced basis of thread 1 is: 2749.022372(0.791193s [0.772977 s / -1s ]).
|b_0| of BKZ-20/0 reduced basis of thread 3 is: 2681.648001(0.818659s [0.8012 s / -1s ]).
|b_0| of BKZ-20/0 reduced basis of thread 5 is: 2568.517082(0.841633s [0.823629 s / -1s ]).
|b_0| of BKZ-20/0 reduced basis of thread 4 is: 2565.956547(0.870226s [0.851198 s / -1s ]).
Time for preprocessing: 0.880896 seconds.
Processing base of thread 0
Executing ENUM with target length 2051
A: 4.2066e+06
Special fplll pruning func
Searching candidates in depth 10
Enumerating with 16 threads.
Special fplll pruning func
Found new minumun (length: 2050)  13    0   -1   -7   -7    5   -1   -1    3    1   -4    0    0   -6    3   -5   -4    1    4   -4   -5    4    1    3   -1    5   -5    2    4   -2    1    0    0   -1    0    2    2   -1   -2   -2   -2   -2    0   -1    1    1   -2    0    2    1   -1    0    0    0    0    1    0   -1    0    1   -1    1    0    0    0    1    0    0 
Special fplll pruning func
Processed 3543 candidate-subtrees.
coefficients: [ 13 -0 -1 -7 -7 5 -1 -1 3 1 -4 -0 -0 -6 3 -5 -4 1 4 -4 -5 4 1 3 -1 5 -5 2 4 -2 1 -0 -0 -1 -0 2 2 -1 -2 -2 -2 -2 -0 -1 1 1 -2 -0 2 1 -1 -0 -0 -0 -0 1 -0 -1 -0 1 -1 1 -0 -0 -0 1 ]
Shortest Vector: [129 96 -288 -151 16 -726 -62 290 230 -118 390 -148 138 112 104 -290 -409 408 19 -333 130 -180 151 183 -131 571 355 210 300 317 -132 534 -105 146 -87 -175 67 -172 20 180 -80 32 -267 248 -284 -98 108 388 -107 207 253 -212 466 131 -281 -32 -152 430 165 376 183 240 97 -192 0 106 ]
Len: 2050.4

Runtime of standard enumeration: 0.091033 s.
Finishing after 1 attemps in 1.0482 s (processed 1 bases).
Working threads: 16
Using NTL types.
Activating EXTREME pruning.
Setting pruning parameter to 0.22.
Setting candidate-queue size to 10240.
Setting parallel-enum threshold to dimension 15.
Disabling usage of Gauss heuristic
Enabling BKZ-auto-height adaption.
Setting bkz-height to 2.
Setting pre-beta to 24.
Setting parallel-BKZ instances to 6.
Setting randomized trials to 4.
Read conf file at penum.conf
Setting prebeta parameter to 20.
Setting pruning parameter to 0.02.
Delta: 0.85
Beta: 0
Mode: 1
Candidate Height: 10
Target length: 2051
No. of threads in ENUM: 16
Trying to read: ./inppap/svpc-e1-d66-237.txt
Read a basis of dimension: 66 / 66 with |b_0| = 0.2446750628e199
Starting procedure
Preparing preprocessing of 6 threads.
Thread 0 is BKZ-0 reducing basis
Thread 2 is BKZ-0 reducing basis
Thread 5 is BKZ-0 reducing basis
Thread 4 is BKZ-0 reducing basis
Thread 3 is BKZ-0 reducing basis
Thread 1 is BKZ-0 reducing basis
|b_0| of BKZ-20/0 reduced basis of thread 0 is: 2433.246186(0.55652s [0.54796 s / -1s ]).
|b_0| of BKZ-20/0 reduced basis of thread 2 is: 2542.351864(0.716318s [0.705601 s / -1s ]).
|b_0| of BKZ-20/0 reduced basis of thread 5 is: 2639.566821(0.761662s [0.742639 s / -1s ]).
|b_0| of BKZ-20/0 reduced basis of thread 4 is: 2585.879154(0.778954s [0.763477 s / -1s ]).
|b_0| of BKZ-20/0 reduced basis of thread 3 is: 2449.331541(0.803555s [0.784226 s / -1s ]).
|b_0| of BKZ-20/0 reduced basis of thread 1 is: 2462.68309(0.844581s [0.825621 s / -1s ]).
Time for preprocessing: 0.853816 seconds.
Processing base of thread 0
Executing ENUM with target length 2051
A: 4.2066e+06
Special fplll pruning func
Searching candidates in depth 10
Enumerating with 16 threads.
Special fplll pruning func
Found new minumun (length: 2050)  13    0   -1   -7   -7    5   -1   -1    3    1   -4    0    0   -6    3   -5   -4    1    4   -4   -5    4    1    3   -1    5   -5    2    4   -2    1    0    0   -1    0    2    2   -1   -2   -2   -2   -2    0   -1    1    1   -2    0    2    1   -1    0    0    0    0    1    0   -1    0    1   -1    1    0    0    0    1    0    0 
Special fplll pruning func
Processed 3543 candidate-subtrees.
coefficients: [ 13 -0 -1 -7 -7 5 -1 -1 3 1 -4 -0 -0 -6 3 -5 -4 1 4 -4 -5 4 1 3 -1 5 -5 2 4 -2 1 -0 -0 -1 -0 2 2 -1 -2 -2 -2 -2 -0 -1 1 1 -2 -0 2 1 -1 -0 -0 -0 -0 1 -0 -1 -0 1 -1 1 -0 -0 -0 1 ]
Shortest Vector: [129 96 -288 -151 16 -726 -62 290 230 -118 390 -148 138 112 104 -290 -409 408 19 -333 130 -180 151 183 -131 571 355 210 300 317 -132 534 -105 146 -87 -175 67 -172 20 180 -80 32 -267 248 -284 -98 108 388 -107 207 253 -212 466 131 -281 -32 -152 430 165 376 183 240 97 -192 0 106 ]
Len: 2050.4

Runtime of standard enumeration: 0.088771 s.
Finishing after 1 attemps in 1.0132 s (processed 1 bases).
Working threads: 16
Using NTL types.
Activating EXTREME pruning.
Setting pruning parameter to 0.22.
Setting candidate-queue size to 10240.
Setting parallel-enum threshold to dimension 15.
Disabling usage of Gauss heuristic
Enabling BKZ-auto-height adaption.
Setting bkz-height to 2.
Setting pre-beta to 24.
Setting parallel-BKZ instances to 6.
Setting randomized trials to 4.
Read conf file at penum.conf
Setting prebeta parameter to 20.
Setting pruning parameter to 0.02.
Delta: 0.85
Beta: 0
Mode: 1
Candidate Height: 10
Target length: 2051
No. of threads in ENUM: 16
Trying to read: ./inppap/svpc-e1-d66-237.txt
Read a basis of dimension: 66 / 66 with |b_0| = 0.2446750628e199
Starting procedure
Preparing preprocessing of 6 threads.
Thread 0 is BKZ-0 reducing basis
Thread 1 is BKZ-0 reducing basis
Thread 3 is BKZ-0 reducing basis
Thread 5 is BKZ-0 reducing basis
Thread 4 is BKZ-0 reducing basis
Thread 2 is BKZ-0 reducing basis
|b_0| of BKZ-20/0 reduced basis of thread 0 is: 2433.246186(0.550836s [0.541931 s / -1s ]).
|b_0| of BKZ-20/0 reduced basis of thread 1 is: 2375.267774(0.75524s [0.742367 s / -1s ]).
|b_0| of BKZ-20/0 reduced basis of thread 2 is: 2419.183333(0.807146s [0.782722 s / -1s ]).
|b_0| of BKZ-20/0 reduced basis of thread 4 is: 2620.11889(0.810002s [0.783645 s / -1s ]).
|b_0| of BKZ-20/0 reduced basis of thread 3 is: 2795.094453(0.821615s [0.8003 s / -1s ]).
|b_0| of BKZ-20/0 reduced basis of thread 5 is: 2757.810001(0.846669s [0.825346 s / -1s ]).
Time for preprocessing: 0.855887 seconds.
Processing base of thread 0
Executing ENUM with target length 2051
A: 4.2066e+06
Special fplll pruning func
Searching candidates in depth 10
Enumerating with 16 threads.
Special fplll pruning func
Found new minumun (length: 2050)  13    0   -1   -7   -7    5   -1   -1    3    1   -4    0    0   -6    3   -5   -4    1    4   -4   -5    4    1    3   -1    5   -5    2    4   -2    1    0    0   -1    0    2    2   -1   -2   -2   -2   -2    0   -1    1    1   -2    0    2    1   -1    0    0    0    0    1    0   -1    0    1   -1    1    0    0    0    1    0    0 
Special fplll pruning func
Processed 3544 candidate-subtrees.
coefficients: [ 13 -0 -1 -7 -7 5 -1 -1 3 1 -4 -0 -0 -6 3 -5 -4 1 4 -4 -5 4 1 3 -1 5 -5 2 4 -2 1 -0 -0 -1 -0 2 2 -1 -2 -2 -2 -2 -0 -1 1 1 -2 -0 2 1 -1 -0 -0 -0 -0 1 -0 -1 -0 1 -1 1 -0 -0 -0 1 ]
Shortest Vector: [129 96 -288 -151 16 -726 -62 290 230 -118 390 -148 138 112 104 -290 -409 408 19 -333 130 -180 151 183 -131 571 355 210 300 317 -132 534 -105 146 -87 -175 67 -172 20 180 -80 32 -267 248 -284 -98 108 388 -107 207 253 -212 466 131 -281 -32 -152 430 165 376 183 240 97 -192 0 106 ]
Len: 2050.4

Runtime of standard enumeration: 0.090879 s.
Finishing after 1 attemps in 1.0136 s (processed 1 bases).
