Working threads: 8
Using NTL types.
Activating EXTREME pruning.
Setting pruning parameter to 0.22.
Setting candidate-queue size to 10240.
Setting parallel-enum threshold to dimension 15.
Disabling usage of Gauss heuristic
Enabling BKZ-auto-height adaption.
Setting bkz-height to 2.
Setting pre-beta to 24.
Setting parallel-BKZ instances to 4.
Setting randomized trials to 4.
Read conf file at penum.conf
Setting prebeta parameter to 20.
Setting pruning parameter to 0.02.
Delta: 0.85
Beta: 0
Mode: 1
Candidate Height: 10
Target length: 2016
No. of threads in ENUM: 8
Trying to read: ./inppap/svpc-e1-d66-97575.txt
Read a basis of dimension: 66 / 66 with |b_0| = 0.3914625149e199
Starting procedure
Preparing preprocessing of 4 threads.
Thread 0 is BKZ-0 reducing basis
Thread 2 is BKZ-0 reducing basis
Thread 3 is BKZ-0 reducing basis
Thread 1 is BKZ-0 reducing basis
|b_0| of BKZ-20/0 reduced basis of thread 0 is: 2592.884108(0.697285s [0.676859 s / -1s ]).
|b_0| of BKZ-20/0 reduced basis of thread 2 is: 2656.385891(0.795759s [0.747694 s / -1s ]).
|b_0| of BKZ-20/0 reduced basis of thread 3 is: 2723.091809(0.844343s [0.823278 s / -1s ]).
|b_0| of BKZ-20/0 reduced basis of thread 1 is: 2490.830384(0.921908s [0.900986 s / -1s ]).
Time for preprocessing: 1.00386 seconds.
Processing base of thread 0
Executing ENUM with target length 2016
A: 4.0643e+06
Special fplll pruning func
Searching candidates in depth 10
Enumerating with 8 threads.
Special fplll pruning func
Found new minumun (length: 2015)  -1    2   -2   -2    0   -1   -2   -2   -2   -1    0    2    0    0   -2    0    0    2    0    2    1   -1    0   -2    2   -2    1   -2   -2   -1   -2    2    0   -1   -1    0    0    0    1   -1   -2   -1    2   -1    1   -1   -1    0    0    1    1   -1    1    1    0    1    0    0    0    0   -1    0    0    0    0    1    0    0 
Special fplll pruning func
Processed 3616 candidate-subtrees.
coefficients: [ -1 2 -2 -2 -0 -1 -2 -2 -2 -1 -0 2 -0 -0 -2 -0 -0 2 -0 2 1 -1 -0 -2 2 -2 1 -2 -2 -1 -2 2 -0 -1 -1 0 -0 -0 1 -1 -2 -1 2 -1 1 -1 -1 -0 -0 1 1 -1 1 1 -0 1 -0 -0 -0 -0 -1 -0 -0 -0 -0 1 ]
Shortest Vector: [-63 79 164 80 -116 -95 179 -42 142 56 66 -102 -52 -382 192 417 485 -241 462 470 -25 -84 -142 62 177 295 -232 6 -276 -415 -287 -69 -334 82 17 62 -115 329 101 542 -132 40 -199 -93 113 48 -214 -270 209 -140 -249 -15 511 352 -53 -46 -3 -16 582 -334 54 -58 -576 -126 -355 320 ]
Len: 2015.3

Runtime of standard enumeration: 0.07712 s.
Finishing after 1 attemps in 1.2402 s (processed 1 bases).
Working threads: 8
Using NTL types.
Activating EXTREME pruning.
Setting pruning parameter to 0.22.
Setting candidate-queue size to 10240.
Setting parallel-enum threshold to dimension 15.
Disabling usage of Gauss heuristic
Enabling BKZ-auto-height adaption.
Setting bkz-height to 2.
Setting pre-beta to 24.
Setting parallel-BKZ instances to 4.
Setting randomized trials to 4.
Read conf file at penum.conf
Setting prebeta parameter to 20.
Setting pruning parameter to 0.02.
Delta: 0.85
Beta: 0
Mode: 1
Candidate Height: 10
Target length: 2016
No. of threads in ENUM: 8
Trying to read: ./inppap/svpc-e1-d66-97575.txt
Read a basis of dimension: 66 / 66 with |b_0| = 0.3914625149e199
Starting procedure
Preparing preprocessing of 4 threads.
Thread 0 is BKZ-0 reducing basis
Thread 2 is BKZ-0 reducing basis
Thread 1 is BKZ-0 reducing basis
Thread 3 is BKZ-0 reducing basis
|b_0| of BKZ-20/0 reduced basis of thread 0 is: 2592.884108(0.552811s [0.544127 s / -1s ]).
|b_0| of BKZ-20/0 reduced basis of thread 2 is: 2798.490129(0.81667s [0.801247 s / -1s ]).
|b_0| of BKZ-20/0 reduced basis of thread 3 is: 2501.728802(0.823098s [0.807998 s / -1s ]).
|b_0| of BKZ-20/0 reduced basis of thread 1 is: 2715.688679(0.840682s [0.825481 s / -1s ]).
Time for preprocessing: 0.851245 seconds.
Processing base of thread 0
Executing ENUM with target length 2016
A: 4.0643e+06
Special fplll pruning func
Searching candidates in depth 10
Enumerating with 8 threads.
Special fplll pruning func
Found new minumun (length: 2015)  -1    2   -2   -2    0   -1   -2   -2   -2   -1    0    2    0    0   -2    0    0    2    0    2    1   -1    0   -2    2   -2    1   -2   -2   -1   -2    2    0   -1   -1    0    0    0    1   -1   -2   -1    2   -1    1   -1   -1    0    0    1    1   -1    1    1    0    1    0    0    0    0   -1    0    0    0    0    1    0    0 
Special fplll pruning func
Processed 3605 candidate-subtrees.
coefficients: [ -1 2 -2 -2 -0 -1 -2 -2 -2 -1 -0 2 -0 -0 -2 -0 -0 2 -0 2 1 -1 -0 -2 2 -2 1 -2 -2 -1 -2 2 -0 -1 -1 0 -0 -0 1 -1 -2 -1 2 -1 1 -1 -1 -0 -0 1 1 -1 1 1 -0 1 -0 -0 -0 -0 -1 -0 -0 -0 -0 1 ]
Shortest Vector: [-63 79 164 80 -116 -95 179 -42 142 56 66 -102 -52 -382 192 417 485 -241 462 470 -25 -84 -142 62 177 295 -232 6 -276 -415 -287 -69 -334 82 17 62 -115 329 101 542 -132 40 -199 -93 113 48 -214 -270 209 -140 -249 -15 511 352 -53 -46 -3 -16 582 -334 54 -58 -576 -126 -355 320 ]
Len: 2015.3

Runtime of standard enumeration: 0.077074 s.
Finishing after 1 attemps in 0.99951 s (processed 1 bases).
Working threads: 8
Using NTL types.
Activating EXTREME pruning.
Setting pruning parameter to 0.22.
Setting candidate-queue size to 10240.
Setting parallel-enum threshold to dimension 15.
Disabling usage of Gauss heuristic
Enabling BKZ-auto-height adaption.
Setting bkz-height to 2.
Setting pre-beta to 24.
Setting parallel-BKZ instances to 4.
Setting randomized trials to 4.
Read conf file at penum.conf
Setting prebeta parameter to 20.
Setting pruning parameter to 0.02.
Delta: 0.85
Beta: 0
Mode: 1
Candidate Height: 10
Target length: 2016
No. of threads in ENUM: 8
Trying to read: ./inppap/svpc-e1-d66-97575.txt
Read a basis of dimension: 66 / 66 with |b_0| = 0.3914625149e199
Starting procedure
Preparing preprocessing of 4 threads.
Thread 0 is BKZ-0 reducing basis
Thread 2 is BKZ-0 reducing basis
Thread 1 is BKZ-0 reducing basis
Thread 3 is BKZ-0 reducing basis
|b_0| of BKZ-20/0 reduced basis of thread 0 is: 2592.884108(0.547764s [0.539554 s / -1s ]).
|b_0| of BKZ-20/0 reduced basis of thread 3 is: 2712.391749(0.851255s [0.834376 s / -1s ]).
|b_0| of BKZ-20/0 reduced basis of thread 2 is: 2632.4481(0.854387s [0.837755 s / -1s ]).
|b_0| of BKZ-20/0 reduced basis of thread 1 is: 2445.447198(0.858313s [0.84358 s / -1s ]).
Time for preprocessing: 0.867473 seconds.
Processing base of thread 0
Executing ENUM with target length 2016
A: 4.0643e+06
Special fplll pruning func
Searching candidates in depth 10
Enumerating with 8 threads.
Special fplll pruning func
Found new minumun (length: 2015)  -1    2   -2   -2    0   -1   -2   -2   -2   -1    0    2    0    0   -2    0    0    2    0    2    1   -1    0   -2    2   -2    1   -2   -2   -1   -2    2    0   -1   -1    0    0    0    1   -1   -2   -1    2   -1    1   -1   -1    0    0    1    1   -1    1    1    0    1    0    0    0    0   -1    0    0    0    0    1    0    0 
Special fplll pruning func
Processed 3623 candidate-subtrees.
coefficients: [ -1 2 -2 -2 -0 -1 -2 -2 -2 -1 -0 2 -0 -0 -2 -0 -0 2 -0 2 1 -1 -0 -2 2 -2 1 -2 -2 -1 -2 2 -0 -1 -1 0 -0 -0 1 -1 -2 -1 2 -1 1 -1 -1 -0 -0 1 1 -1 1 1 -0 1 -0 -0 -0 -0 -1 -0 -0 -0 -0 1 ]
Shortest Vector: [-63 79 164 80 -116 -95 179 -42 142 56 66 -102 -52 -382 192 417 485 -241 462 470 -25 -84 -142 62 177 295 -232 6 -276 -415 -287 -69 -334 82 17 62 -115 329 101 542 -132 40 -199 -93 113 48 -214 -270 209 -140 -249 -15 511 352 -53 -46 -3 -16 582 -334 54 -58 -576 -126 -355 320 ]
Len: 2015.3

Runtime of standard enumeration: 0.078536 s.
Finishing after 1 attemps in 1.017 s (processed 1 bases).
Working threads: 8
Using NTL types.
Activating EXTREME pruning.
Setting pruning parameter to 0.22.
Setting candidate-queue size to 10240.
Setting parallel-enum threshold to dimension 15.
Disabling usage of Gauss heuristic
Enabling BKZ-auto-height adaption.
Setting bkz-height to 2.
Setting pre-beta to 24.
Setting parallel-BKZ instances to 4.
Setting randomized trials to 4.
Read conf file at penum.conf
Setting prebeta parameter to 20.
Setting pruning parameter to 0.02.
Delta: 0.85
Beta: 0
Mode: 1
Candidate Height: 10
Target length: 2016
No. of threads in ENUM: 8
Trying to read: ./inppap/svpc-e1-d66-97575.txt
Read a basis of dimension: 66 / 66 with |b_0| = 0.3914625149e199
Starting procedure
Preparing preprocessing of 4 threads.
Thread 0 is BKZ-0 reducing basis
Thread 2 is BKZ-0 reducing basis
Thread 1 is BKZ-0 reducing basis
Thread 3 is BKZ-0 reducing basis
|b_0| of BKZ-20/0 reduced basis of thread 0 is: 2592.884108(0.549108s [0.540782 s / -1s ]).
|b_0| of BKZ-20/0 reduced basis of thread 1 is: 2567.401605(0.782135s [0.771603 s / -1s ]).
|b_0| of BKZ-20/0 reduced basis of thread 2 is: 2729.526516(0.791688s [0.782133 s / -1s ]).
|b_0| of BKZ-20/0 reduced basis of thread 3 is: 2428.755237(0.842376s [0.831866 s / -1s ]).
Time for preprocessing: 0.854986 seconds.
Processing base of thread 0
Executing ENUM with target length 2016
A: 4.0643e+06
Special fplll pruning func
Searching candidates in depth 10
Enumerating with 8 threads.
Special fplll pruning func
Found new minumun (length: 2015)  -1    2   -2   -2    0   -1   -2   -2   -2   -1    0    2    0    0   -2    0    0    2    0    2    1   -1    0   -2    2   -2    1   -2   -2   -1   -2    2    0   -1   -1    0    0    0    1   -1   -2   -1    2   -1    1   -1   -1    0    0    1    1   -1    1    1    0    1    0    0    0    0   -1    0    0    0    0    1    0    0 
Special fplll pruning func
Processed 3604 candidate-subtrees.
coefficients: [ -1 2 -2 -2 -0 -1 -2 -2 -2 -1 -0 2 -0 -0 -2 -0 -0 2 -0 2 1 -1 -0 -2 2 -2 1 -2 -2 -1 -2 2 -0 -1 -1 0 -0 -0 1 -1 -2 -1 2 -1 1 -1 -1 -0 -0 1 1 -1 1 1 -0 1 -0 -0 -0 -0 -1 -0 -0 -0 -0 1 ]
Shortest Vector: [-63 79 164 80 -116 -95 179 -42 142 56 66 -102 -52 -382 192 417 485 -241 462 470 -25 -84 -142 62 177 295 -232 6 -276 -415 -287 -69 -334 82 17 62 -115 329 101 542 -132 40 -199 -93 113 48 -214 -270 209 -140 -249 -15 511 352 -53 -46 -3 -16 582 -334 54 -58 -576 -126 -355 320 ]
Len: 2015.3

Runtime of standard enumeration: 0.077474 s.
Finishing after 1 attemps in 1.0044 s (processed 1 bases).
Working threads: 8
Using NTL types.
Activating EXTREME pruning.
Setting pruning parameter to 0.22.
Setting candidate-queue size to 10240.
Setting parallel-enum threshold to dimension 15.
Disabling usage of Gauss heuristic
Enabling BKZ-auto-height adaption.
Setting bkz-height to 2.
Setting pre-beta to 24.
Setting parallel-BKZ instances to 4.
Setting randomized trials to 4.
Read conf file at penum.conf
Setting prebeta parameter to 20.
Setting pruning parameter to 0.02.
Delta: 0.85
Beta: 0
Mode: 1
Candidate Height: 10
Target length: 2016
No. of threads in ENUM: 8
Trying to read: ./inppap/svpc-e1-d66-97575.txt
Read a basis of dimension: 66 / 66 with |b_0| = 0.3914625149e199
Starting procedure
Preparing preprocessing of 4 threads.
Thread 0 is BKZ-0 reducing basis
Thread 2 is BKZ-0 reducing basis
Thread 3 is BKZ-0 reducing basis
Thread 1 is BKZ-0 reducing basis
|b_0| of BKZ-20/0 reduced basis of thread 0 is: 2592.884108(0.549178s [0.540542 s / -1s ]).
|b_0| of BKZ-20/0 reduced basis of thread 2 is: 2374.188282(0.825525s [0.816827 s / -1s ]).
|b_0| of BKZ-20/0 reduced basis of thread 3 is: 2280.862118(0.835256s [0.824817 s / -1s ]).
|b_0| of BKZ-20/0 reduced basis of thread 1 is: 2537.458177(0.840075s [0.829656 s / -1s ]).
Time for preprocessing: 0.851598 seconds.
Processing base of thread 0
Executing ENUM with target length 2016
A: 4.0643e+06
Special fplll pruning func
Searching candidates in depth 10
Enumerating with 8 threads.
Special fplll pruning func
Found new minumun (length: 2015)  -1    2   -2   -2    0   -1   -2   -2   -2   -1    0    2    0    0   -2    0    0    2    0    2    1   -1    0   -2    2   -2    1   -2   -2   -1   -2    2    0   -1   -1    0    0    0    1   -1   -2   -1    2   -1    1   -1   -1    0    0    1    1   -1    1    1    0    1    0    0    0    0   -1    0    0    0    0    1    0    0 
Special fplll pruning func
Processed 3602 candidate-subtrees.
coefficients: [ -1 2 -2 -2 -0 -1 -2 -2 -2 -1 -0 2 -0 -0 -2 -0 -0 2 -0 2 1 -1 -0 -2 2 -2 1 -2 -2 -1 -2 2 -0 -1 -1 0 -0 -0 1 -1 -2 -1 2 -1 1 -1 -1 -0 -0 1 1 -1 1 1 -0 1 -0 -0 -0 -0 -1 -0 -0 -0 -0 1 ]
Shortest Vector: [-63 79 164 80 -116 -95 179 -42 142 56 66 -102 -52 -382 192 417 485 -241 462 470 -25 -84 -142 62 177 295 -232 6 -276 -415 -287 -69 -334 82 17 62 -115 329 101 542 -132 40 -199 -93 113 48 -214 -270 209 -140 -249 -15 511 352 -53 -46 -3 -16 582 -334 54 -58 -576 -126 -355 320 ]
Len: 2015.3

Runtime of standard enumeration: 0.078471 s.
Finishing after 1 attemps in 1.0058 s (processed 1 bases).
Working threads: 8
Using NTL types.
Activating EXTREME pruning.
Setting pruning parameter to 0.22.
Setting candidate-queue size to 10240.
Setting parallel-enum threshold to dimension 15.
Disabling usage of Gauss heuristic
Enabling BKZ-auto-height adaption.
Setting bkz-height to 2.
Setting pre-beta to 24.
Setting parallel-BKZ instances to 4.
Setting randomized trials to 4.
Read conf file at penum.conf
Setting prebeta parameter to 20.
Setting pruning parameter to 0.02.
Delta: 0.85
Beta: 0
Mode: 1
Candidate Height: 10
Target length: 2016
No. of threads in ENUM: 8
Trying to read: ./inppap/svpc-e1-d66-97575.txt
Read a basis of dimension: 66 / 66 with |b_0| = 0.3914625149e199
Starting procedure
Preparing preprocessing of 4 threads.
Thread 0 is BKZ-0 reducing basis
Thread 2 is BKZ-0 reducing basis
Thread 3 is BKZ-0 reducing basis
Thread 1 is BKZ-0 reducing basis
|b_0| of BKZ-20/0 reduced basis of thread 0 is: 2592.884108(0.549983s [0.540822 s / -1s ]).
|b_0| of BKZ-20/0 reduced basis of thread 3 is: 2476.49046(0.783438s [0.770889 s / -1s ]).
|b_0| of BKZ-20/0 reduced basis of thread 2 is: 2367.833187(0.83157s [0.818727 s / -1s ]).
|b_0| of BKZ-20/0 reduced basis of thread 1 is: 2597.093375(0.833237s [0.819945 s / -1s ]).
Time for preprocessing: 0.845575 seconds.
Processing base of thread 0
Executing ENUM with target length 2016
A: 4.0643e+06
Special fplll pruning func
Searching candidates in depth 10
Enumerating with 8 threads.
Special fplll pruning func
Found new minumun (length: 2015)  -1    2   -2   -2    0   -1   -2   -2   -2   -1    0    2    0    0   -2    0    0    2    0    2    1   -1    0   -2    2   -2    1   -2   -2   -1   -2    2    0   -1   -1    0    0    0    1   -1   -2   -1    2   -1    1   -1   -1    0    0    1    1   -1    1    1    0    1    0    0    0    0   -1    0    0    0    0    1    0    0 
Special fplll pruning func
Processed 3606 candidate-subtrees.
coefficients: [ -1 2 -2 -2 -0 -1 -2 -2 -2 -1 -0 2 -0 -0 -2 -0 -0 2 -0 2 1 -1 -0 -2 2 -2 1 -2 -2 -1 -2 2 -0 -1 -1 0 -0 -0 1 -1 -2 -1 2 -1 1 -1 -1 -0 -0 1 1 -1 1 1 -0 1 -0 -0 -0 -0 -1 -0 -0 -0 -0 1 ]
Shortest Vector: [-63 79 164 80 -116 -95 179 -42 142 56 66 -102 -52 -382 192 417 485 -241 462 470 -25 -84 -142 62 177 295 -232 6 -276 -415 -287 -69 -334 82 17 62 -115 329 101 542 -132 40 -199 -93 113 48 -214 -270 209 -140 -249 -15 511 352 -53 -46 -3 -16 582 -334 54 -58 -576 -126 -355 320 ]
Len: 2015.3

Runtime of standard enumeration: 0.076968 s.
Finishing after 1 attemps in 0.99909 s (processed 1 bases).
Working threads: 8
Using NTL types.
Activating EXTREME pruning.
Setting pruning parameter to 0.22.
Setting candidate-queue size to 10240.
Setting parallel-enum threshold to dimension 15.
Disabling usage of Gauss heuristic
Enabling BKZ-auto-height adaption.
Setting bkz-height to 2.
Setting pre-beta to 24.
Setting parallel-BKZ instances to 4.
Setting randomized trials to 4.
Read conf file at penum.conf
Setting prebeta parameter to 20.
Setting pruning parameter to 0.02.
Delta: 0.85
Beta: 0
Mode: 1
Candidate Height: 10
Target length: 2016
No. of threads in ENUM: 8
Trying to read: ./inppap/svpc-e1-d66-97575.txt
Read a basis of dimension: 66 / 66 with |b_0| = 0.3914625149e199
Starting procedure
Preparing preprocessing of 4 threads.
Thread 0 is BKZ-0 reducing basis
Thread 1 is BKZ-0 reducing basis
Thread Thread 3 is BKZ-0 reducing basis2
 is BKZ-0 reducing basis
|b_0| of BKZ-20/0 reduced basis of thread 0 is: 2592.884108(0.548711s [0.540736 s / -1s ]).
|b_0| of BKZ-20/0 reduced basis of thread 1 is: 2619.878051(0.819769s [0.805861 s / -1s ]).
|b_0| of BKZ-20/0 reduced basis of thread 3 is: 2625.095808(0.83638s [0.822541 s / -1s ]).
|b_0| of BKZ-20/0 reduced basis of thread 2 is: 2015.331983(0.861892s [0.848083 s / -1s ]).
Time for preprocessing: 0.871094 seconds.
Processing base of thread 0
Executing ENUM with target length 2016
A: 4.0643e+06
Special fplll pruning func
Searching candidates in depth 10
Enumerating with 8 threads.
Special fplll pruning func
Found new minumun (length: 2015)  -1    2   -2   -2    0   -1   -2   -2   -2   -1    0    2    0    0   -2    0    0    2    0    2    1   -1    0   -2    2   -2    1   -2   -2   -1   -2    2    0   -1   -1    0    0    0    1   -1   -2   -1    2   -1    1   -1   -1    0    0    1    1   -1    1    1    0    1    0    0    0    0   -1    0    0    0    0    1    0    0 
Special fplll pruning func
Processed 3603 candidate-subtrees.
coefficients: [ -1 2 -2 -2 -0 -1 -2 -2 -2 -1 -0 2 -0 -0 -2 -0 -0 2 -0 2 1 -1 -0 -2 2 -2 1 -2 -2 -1 -2 2 -0 -1 -1 0 -0 -0 1 -1 -2 -1 2 -1 1 -1 -1 -0 -0 1 1 -1 1 1 -0 1 -0 -0 -0 -0 -1 -0 -0 -0 -0 1 ]
Shortest Vector: [-63 79 164 80 -116 -95 179 -42 142 56 66 -102 -52 -382 192 417 485 -241 462 470 -25 -84 -142 62 177 295 -232 6 -276 -415 -287 -69 -334 82 17 62 -115 329 101 542 -132 40 -199 -93 113 48 -214 -270 209 -140 -249 -15 511 352 -53 -46 -3 -16 582 -334 54 -58 -576 -126 -355 320 ]
Len: 2015.3

Runtime of standard enumeration: 0.081587 s.
Finishing after 1 attemps in 1.026 s (processed 1 bases).
Working threads: 8
Using NTL types.
Activating EXTREME pruning.
Setting pruning parameter to 0.22.
Setting candidate-queue size to 10240.
Setting parallel-enum threshold to dimension 15.
Disabling usage of Gauss heuristic
Enabling BKZ-auto-height adaption.
Setting bkz-height to 2.
Setting pre-beta to 24.
Setting parallel-BKZ instances to 4.
Setting randomized trials to 4.
Read conf file at penum.conf
Setting prebeta parameter to 20.
Setting pruning parameter to 0.02.
Delta: 0.85
Beta: 0
Mode: 1
Candidate Height: 10
Target length: 2016
No. of threads in ENUM: 8
Trying to read: ./inppap/svpc-e1-d66-97575.txt
Read a basis of dimension: 66 / 66 with |b_0| = 0.3914625149e199
Starting procedure
Preparing preprocessing of 4 threads.
Thread 0 is BKZ-0 reducing basis
Thread 2 is BKZ-0 reducing basis
Thread 3 is BKZ-0 reducing basis
Thread 1 is BKZ-0 reducing basis
|b_0| of BKZ-20/0 reduced basis of thread 0 is: 2592.884108(0.561451s [0.552282 s / -1s ]).
|b_0| of BKZ-20/0 reduced basis of thread 3 is: 2429.434708(0.831711s [0.821169 s / -1s ]).
|b_0| of BKZ-20/0 reduced basis of thread 2 is: 2334.725894(0.860996s [0.852522 s / -1s ]).
|b_0| of BKZ-20/0 reduced basis of thread 1 is: 2512.865695(0.907194s [0.896656 s / -1s ]).
Time for preprocessing: 0.92003 seconds.
Processing base of thread 0
Executing ENUM with target length 2016
A: 4.0643e+06
Special fplll pruning func
Searching candidates in depth 10
Enumerating with 8 threads.
Special fplll pruning func
Found new minumun (length: 2015)  -1    2   -2   -2    0   -1   -2   -2   -2   -1    0    2    0    0   -2    0    0    2    0    2    1   -1    0   -2    2   -2    1   -2   -2   -1   -2    2    0   -1   -1    0    0    0    1   -1   -2   -1    2   -1    1   -1   -1    0    0    1    1   -1    1    1    0    1    0    0    0    0   -1    0    0    0    0    1    0    0 
Special fplll pruning func
Processed 3606 candidate-subtrees.
coefficients: [ -1 2 -2 -2 -0 -1 -2 -2 -2 -1 -0 2 -0 -0 -2 -0 -0 2 -0 2 1 -1 -0 -2 2 -2 1 -2 -2 -1 -2 2 -0 -1 -1 0 -0 -0 1 -1 -2 -1 2 -1 1 -1 -1 -0 -0 1 1 -1 1 1 -0 1 -0 -0 -0 -0 -1 -0 -0 -0 -0 1 ]
Shortest Vector: [-63 79 164 80 -116 -95 179 -42 142 56 66 -102 -52 -382 192 417 485 -241 462 470 -25 -84 -142 62 177 295 -232 6 -276 -415 -287 -69 -334 82 17 62 -115 329 101 542 -132 40 -199 -93 113 48 -214 -270 209 -140 -249 -15 511 352 -53 -46 -3 -16 582 -334 54 -58 -576 -126 -355 320 ]
Len: 2015.3

Runtime of standard enumeration: 0.076601 s.
Finishing after 1 attemps in 1.0678 s (processed 1 bases).
Working threads: 8
Using NTL types.
Activating EXTREME pruning.
Setting pruning parameter to 0.22.
Setting candidate-queue size to 10240.
Setting parallel-enum threshold to dimension 15.
Disabling usage of Gauss heuristic
Enabling BKZ-auto-height adaption.
Setting bkz-height to 2.
Setting pre-beta to 24.
Setting parallel-BKZ instances to 4.
Setting randomized trials to 4.
Read conf file at penum.conf
Setting prebeta parameter to 20.
Setting pruning parameter to 0.02.
Delta: 0.85
Beta: 0
Mode: 1
Candidate Height: 10
Target length: 2016
No. of threads in ENUM: 8
Trying to read: ./inppap/svpc-e1-d66-97575.txt
Read a basis of dimension: 66 / 66 with |b_0| = 0.3914625149e199
Starting procedure
Preparing preprocessing of 4 threads.
Thread 0 is BKZ-0 reducing basis
Thread 2 is BKZ-0 reducing basis
Thread 1 is BKZ-0 reducing basis
Thread 3 is BKZ-0 reducing basis
|b_0| of BKZ-20/0 reduced basis of thread 0 is: 2592.884108(0.561512s [0.55167 s / -1s ]).
|b_0| of BKZ-20/0 reduced basis of thread 1 is: 2723.96384(0.806622s [0.791934 s / -1s ]).
|b_0| of BKZ-20/0 reduced basis of thread 3 is: 2534.622654(0.849048s [0.834252 s / -1s ]).
|b_0| of BKZ-20/0 reduced basis of thread 2 is: 2687.513535(0.860555s [0.845859 s / -1s ]).
Time for preprocessing: 0.871446 seconds.
Processing base of thread 0
Executing ENUM with target length 2016
A: 4.0643e+06
Special fplll pruning func
Searching candidates in depth 10
Enumerating with 8 threads.
Special fplll pruning func
Found new minumun (length: 2015)  -1    2   -2   -2    0   -1   -2   -2   -2   -1    0    2    0    0   -2    0    0    2    0    2    1   -1    0   -2    2   -2    1   -2   -2   -1   -2    2    0   -1   -1    0    0    0    1   -1   -2   -1    2   -1    1   -1   -1    0    0    1    1   -1    1    1    0    1    0    0    0    0   -1    0    0    0    0    1    0    0 
Special fplll pruning func
Processed 3601 candidate-subtrees.
coefficients: [ -1 2 -2 -2 -0 -1 -2 -2 -2 -1 -0 2 -0 -0 -2 -0 -0 2 -0 2 1 -1 -0 -2 2 -2 1 -2 -2 -1 -2 2 -0 -1 -1 0 -0 -0 1 -1 -2 -1 2 -1 1 -1 -1 -0 -0 1 1 -1 1 1 -0 1 -0 -0 -0 -0 -1 -0 -0 -0 -0 1 ]
Shortest Vector: [-63 79 164 80 -116 -95 179 -42 142 56 66 -102 -52 -382 192 417 485 -241 462 470 -25 -84 -142 62 177 295 -232 6 -276 -415 -287 -69 -334 82 17 62 -115 329 101 542 -132 40 -199 -93 113 48 -214 -270 209 -140 -249 -15 511 352 -53 -46 -3 -16 582 -334 54 -58 -576 -126 -355 320 ]
Len: 2015.3

Runtime of standard enumeration: 0.078039 s.
Finishing after 1 attemps in 1.0205 s (processed 1 bases).
Working threads: 8
Using NTL types.
Activating EXTREME pruning.
Setting pruning parameter to 0.22.
Setting candidate-queue size to 10240.
Setting parallel-enum threshold to dimension 15.
Disabling usage of Gauss heuristic
Enabling BKZ-auto-height adaption.
Setting bkz-height to 2.
Setting pre-beta to 24.
Setting parallel-BKZ instances to 4.
Setting randomized trials to 4.
Read conf file at penum.conf
Setting prebeta parameter to 20.
Setting pruning parameter to 0.02.
Delta: 0.85
Beta: 0
Mode: 1
Candidate Height: 10
Target length: 2016
No. of threads in ENUM: 8
Trying to read: ./inppap/svpc-e1-d66-97575.txt
Read a basis of dimension: 66 / 66 with |b_0| = 0.3914625149e199
Starting procedure
Preparing preprocessing of 4 threads.
Thread 0 is BKZ-0 reducing basis
Thread 3 is BKZ-0 reducing basis
Thread 1 is BKZ-0 reducing basis
Thread 2 is BKZ-0 reducing basis
|b_0| of BKZ-20/0 reduced basis of thread 0 is: 2592.884108(0.547839s [0.538189 s / -1s ]).
|b_0| of BKZ-20/0 reduced basis of thread 2 is: 2242.459364(0.818714s [0.800841 s / -1s ]).
|b_0| of BKZ-20/0 reduced basis of thread 3 is: 2504.845903(0.822037s [0.803199 s / -1s ]).
|b_0| of BKZ-20/0 reduced basis of thread 1 is: 2351.957483(0.830213s [0.815726 s / -1s ]).
Time for preprocessing: 0.839858 seconds.
Processing base of thread 0
Executing ENUM with target length 2016
A: 4.0643e+06
Special fplll pruning func
Searching candidates in depth 10
Enumerating with 8 threads.
Special fplll pruning func
Found new minumun (length: 2015)  -1    2   -2   -2    0   -1   -2   -2   -2   -1    0    2    0    0   -2    0    0    2    0    2    1   -1    0   -2    2   -2    1   -2   -2   -1   -2    2    0   -1   -1    0    0    0    1   -1   -2   -1    2   -1    1   -1   -1    0    0    1    1   -1    1    1    0    1    0    0    0    0   -1    0    0    0    0    1    0    0 
Special fplll pruning func
Processed 3600 candidate-subtrees.
coefficients: [ -1 2 -2 -2 -0 -1 -2 -2 -2 -1 -0 2 -0 -0 -2 -0 -0 2 -0 2 1 -1 -0 -2 2 -2 1 -2 -2 -1 -2 2 -0 -1 -1 0 -0 -0 1 -1 -2 -1 2 -1 1 -1 -1 -0 -0 1 1 -1 1 1 -0 1 -0 -0 -0 -0 -1 -0 -0 -0 -0 1 ]
Shortest Vector: [-63 79 164 80 -116 -95 179 -42 142 56 66 -102 -52 -382 192 417 485 -241 462 470 -25 -84 -142 62 177 295 -232 6 -276 -415 -287 -69 -334 82 17 62 -115 329 101 542 -132 40 -199 -93 113 48 -214 -270 209 -140 -249 -15 511 352 -53 -46 -3 -16 582 -334 54 -58 -576 -126 -355 320 ]
Len: 2015.3

Runtime of standard enumeration: 0.078207 s.
Finishing after 1 attemps in 0.99296 s (processed 1 bases).
Working threads: 8
Using NTL types.
Activating EXTREME pruning.
Setting pruning parameter to 0.22.
Setting candidate-queue size to 10240.
Setting parallel-enum threshold to dimension 15.
Disabling usage of Gauss heuristic
Enabling BKZ-auto-height adaption.
Setting bkz-height to 2.
Setting pre-beta to 24.
Setting parallel-BKZ instances to 4.
Setting randomized trials to 4.
Read conf file at penum.conf
Setting prebeta parameter to 20.
Setting pruning parameter to 0.02.
Delta: 0.85
Beta: 0
Mode: 1
Candidate Height: 10
Target length: 2016
No. of threads in ENUM: 8
Trying to read: ./inppap/svpc-e1-d66-97575.txt
Read a basis of dimension: 66 / 66 with |b_0| = 0.3914625149e199
Starting procedure
Preparing preprocessing of 4 threads.
Thread 0 is BKZ-0 reducing basis
Thread Thread 1 is BKZ-30 reducing basis is BKZ-
0 reducing basis
Thread 2 is BKZ-0 reducing basis
|b_0| of BKZ-20/0 reduced basis of thread 0 is: 2592.884108(0.550827s [0.542492 s / -1s ]).
|b_0| of BKZ-20/0 reduced basis of thread 1 is: 2272.312479(0.825811s [0.810155 s / -1s ]).
|b_0| of BKZ-20/0 reduced basis of thread 2 is: 2578.279853(0.845527s [0.829795 s / -1s ]).
|b_0| of BKZ-20/0 reduced basis of thread 3 is: 2402.415035(0.866408s [0.850728 s / -1s ]).
Time for preprocessing: 0.874979 seconds.
Processing base of thread 0
Executing ENUM with target length 2016
A: 4.0643e+06
Special fplll pruning func
Searching candidates in depth 10
Enumerating with 8 threads.
Special fplll pruning func
Found new minumun (length: 2015)  -1    2   -2   -2    0   -1   -2   -2   -2   -1    0    2    0    0   -2    0    0    2    0    2    1   -1    0   -2    2   -2    1   -2   -2   -1   -2    2    0   -1   -1    0    0    0    1   -1   -2   -1    2   -1    1   -1   -1    0    0    1    1   -1    1    1    0    1    0    0    0    0   -1    0    0    0    0    1    0    0 
Special fplll pruning func
Processed 3603 candidate-subtrees.
coefficients: [ -1 2 -2 -2 -0 -1 -2 -2 -2 -1 -0 2 -0 -0 -2 -0 -0 2 -0 2 1 -1 -0 -2 2 -2 1 -2 -2 -1 -2 2 -0 -1 -1 0 -0 -0 1 -1 -2 -1 2 -1 1 -1 -1 -0 -0 1 1 -1 1 1 -0 1 -0 -0 -0 -0 -1 -0 -0 -0 -0 1 ]
Shortest Vector: [-63 79 164 80 -116 -95 179 -42 142 56 66 -102 -52 -382 192 417 485 -241 462 470 -25 -84 -142 62 177 295 -232 6 -276 -415 -287 -69 -334 82 17 62 -115 329 101 542 -132 40 -199 -93 113 48 -214 -270 209 -140 -249 -15 511 352 -53 -46 -3 -16 582 -334 54 -58 -576 -126 -355 320 ]
Len: 2015.3

Runtime of standard enumeration: 0.077252 s.
Finishing after 1 attemps in 1.0234 s (processed 1 bases).
Working threads: 8
Using NTL types.
Activating EXTREME pruning.
Setting pruning parameter to 0.22.
Setting candidate-queue size to 10240.
Setting parallel-enum threshold to dimension 15.
Disabling usage of Gauss heuristic
Enabling BKZ-auto-height adaption.
Setting bkz-height to 2.
Setting pre-beta to 24.
Setting parallel-BKZ instances to 4.
Setting randomized trials to 4.
Read conf file at penum.conf
Setting prebeta parameter to 20.
Setting pruning parameter to 0.02.
Delta: 0.85
Beta: 0
Mode: 1
Candidate Height: 10
Target length: 2016
No. of threads in ENUM: 8
Trying to read: ./inppap/svpc-e1-d66-97575.txt
Read a basis of dimension: 66 / 66 with |b_0| = 0.3914625149e199
Starting procedure
Preparing preprocessing of 4 threads.
Thread 0 is BKZ-0 reducing basis
Thread 2 is BKZ-0 reducing basis
Thread 1 is BKZ-0 reducing basis
Thread 3 is BKZ-0 reducing basis
|b_0| of BKZ-20/0 reduced basis of thread 0 is: 2592.884108(0.54592s [0.536875 s / -1s ]).
|b_0| of BKZ-20/0 reduced basis of thread 2 is: 2696.417994(0.821359s [0.803554 s / -1s ]).
|b_0| of BKZ-20/0 reduced basis of thread 1 is: 2617.715225(0.843411s [0.825604 s / -1s ]).
|b_0| of BKZ-20/0 reduced basis of thread 3 is: 2490.201397(0.876613s [0.858963 s / -1s ]).
Time for preprocessing: 0.885431 seconds.
Processing base of thread 0
Executing ENUM with target length 2016
A: 4.0643e+06
Special fplll pruning func
Searching candidates in depth 10
Enumerating with 8 threads.
Special fplll pruning func
Found new minumun (length: 2015)  -1    2   -2   -2    0   -1   -2   -2   -2   -1    0    2    0    0   -2    0    0    2    0    2    1   -1    0   -2    2   -2    1   -2   -2   -1   -2    2    0   -1   -1    0    0    0    1   -1   -2   -1    2   -1    1   -1   -1    0    0    1    1   -1    1    1    0    1    0    0    0    0   -1    0    0    0    0    1    0    0 
Special fplll pruning func
Processed 3604 candidate-subtrees.
coefficients: [ -1 2 -2 -2 -0 -1 -2 -2 -2 -1 -0 2 -0 -0 -2 -0 -0 2 -0 2 1 -1 -0 -2 2 -2 1 -2 -2 -1 -2 2 -0 -1 -1 0 -0 -0 1 -1 -2 -1 2 -1 1 -1 -1 -0 -0 1 1 -1 1 1 -0 1 -0 -0 -0 -0 -1 -0 -0 -0 -0 1 ]
Shortest Vector: [-63 79 164 80 -116 -95 179 -42 142 56 66 -102 -52 -382 192 417 485 -241 462 470 -25 -84 -142 62 177 295 -232 6 -276 -415 -287 -69 -334 82 17 62 -115 329 101 542 -132 40 -199 -93 113 48 -214 -270 209 -140 -249 -15 511 352 -53 -46 -3 -16 582 -334 54 -58 -576 -126 -355 320 ]
Len: 2015.3

Runtime of standard enumeration: 0.077092 s.
Finishing after 1 attemps in 1.0336 s (processed 1 bases).
Working threads: 8
Using NTL types.
Activating EXTREME pruning.
Setting pruning parameter to 0.22.
Setting candidate-queue size to 10240.
Setting parallel-enum threshold to dimension 15.
Disabling usage of Gauss heuristic
Enabling BKZ-auto-height adaption.
Setting bkz-height to 2.
Setting pre-beta to 24.
Setting parallel-BKZ instances to 4.
Setting randomized trials to 4.
Read conf file at penum.conf
Setting prebeta parameter to 20.
Setting pruning parameter to 0.02.
Delta: 0.85
Beta: 0
Mode: 1
Candidate Height: 10
Target length: 2016
No. of threads in ENUM: 8
Trying to read: ./inppap/svpc-e1-d66-97575.txt
Read a basis of dimension: 66 / 66 with |b_0| = 0.3914625149e199
Starting procedure
Preparing preprocessing of 4 threads.
Thread 0 is BKZ-0 reducing basis
Thread 2 is BKZ-0 reducing basis
Thread 3 is BKZ-0 reducing basis
Thread 1 is BKZ-0 reducing basis
|b_0| of BKZ-20/0 reduced basis of thread 0 is: 2592.884108(0.546405s [0.536555 s / -1s ]).
|b_0| of BKZ-20/0 reduced basis of thread 1 is: 2564.798433(0.809606s [0.793994 s / -1s ]).
|b_0| of BKZ-20/0 reduced basis of thread 2 is: 2194.794068(0.830028s [0.813777 s / -1s ]).
|b_0| of BKZ-20/0 reduced basis of thread 3 is: 2833.904903(0.834859s [0.819217 s / -1s ]).
Time for preprocessing: 0.84601 seconds.
Processing base of thread 0
Executing ENUM with target length 2016
A: 4.0643e+06
Special fplll pruning func
Searching candidates in depth 10
Enumerating with 8 threads.
Special fplll pruning func
Found new minumun (length: 2015)  -1    2   -2   -2    0   -1   -2   -2   -2   -1    0    2    0    0   -2    0    0    2    0    2    1   -1    0   -2    2   -2    1   -2   -2   -1   -2    2    0   -1   -1    0    0    0    1   -1   -2   -1    2   -1    1   -1   -1    0    0    1    1   -1    1    1    0    1    0    0    0    0   -1    0    0    0    0    1    0    0 
Special fplll pruning func
Processed 3619 candidate-subtrees.
coefficients: [ -1 2 -2 -2 -0 -1 -2 -2 -2 -1 -0 2 -0 -0 -2 -0 -0 2 -0 2 1 -1 -0 -2 2 -2 1 -2 -2 -1 -2 2 -0 -1 -1 0 -0 -0 1 -1 -2 -1 2 -1 1 -1 -1 -0 -0 1 1 -1 1 1 -0 1 -0 -0 -0 -0 -1 -0 -0 -0 -0 1 ]
Shortest Vector: [-63 79 164 80 -116 -95 179 -42 142 56 66 -102 -52 -382 192 417 485 -241 462 470 -25 -84 -142 62 177 295 -232 6 -276 -415 -287 -69 -334 82 17 62 -115 329 101 542 -132 40 -199 -93 113 48 -214 -270 209 -140 -249 -15 511 352 -53 -46 -3 -16 582 -334 54 -58 -576 -126 -355 320 ]
Len: 2015.3

Runtime of standard enumeration: 0.077069 s.
Finishing after 1 attemps in 0.99401 s (processed 1 bases).
Working threads: 8
Using NTL types.
Activating EXTREME pruning.
Setting pruning parameter to 0.22.
Setting candidate-queue size to 10240.
Setting parallel-enum threshold to dimension 15.
Disabling usage of Gauss heuristic
Enabling BKZ-auto-height adaption.
Setting bkz-height to 2.
Setting pre-beta to 24.
Setting parallel-BKZ instances to 4.
Setting randomized trials to 4.
Read conf file at penum.conf
Setting prebeta parameter to 20.
Setting pruning parameter to 0.02.
Delta: 0.85
Beta: 0
Mode: 1
Candidate Height: 10
Target length: 2016
No. of threads in ENUM: 8
Trying to read: ./inppap/svpc-e1-d66-97575.txt
Read a basis of dimension: 66 / 66 with |b_0| = 0.3914625149e199
Starting procedure
Preparing preprocessing of 4 threads.
Thread 0 is BKZ-0 reducing basis
Thread 2 is BKZ-0 reducing basis
Thread 3 is BKZ-0 reducing basis
Thread 1 is BKZ-0 reducing basis
|b_0| of BKZ-20/0 reduced basis of thread 0 is: 2592.884108(0.555619s [0.547194 s / -1s ]).
|b_0| of BKZ-20/0 reduced basis of thread 3 is: 2570.598763(0.826397s [0.814926 s / -1s ]).
|b_0| of BKZ-20/0 reduced basis of thread 1 is: 2649.53845(0.856233s [0.844789 s / -1s ]).
|b_0| of BKZ-20/0 reduced basis of thread 2 is: 2728.315598(0.89724s [0.8884 s / -1s ]).
Time for preprocessing: 0.905855 seconds.
Processing base of thread 0
Executing ENUM with target length 2016
A: 4.0643e+06
Special fplll pruning func
Searching candidates in depth 10
Enumerating with 8 threads.
Special fplll pruning func
Found new minumun (length: 2015)  -1    2   -2   -2    0   -1   -2   -2   -2   -1    0    2    0    0   -2    0    0    2    0    2    1   -1    0   -2    2   -2    1   -2   -2   -1   -2    2    0   -1   -1    0    0    0    1   -1   -2   -1    2   -1    1   -1   -1    0    0    1    1   -1    1    1    0    1    0    0    0    0   -1    0    0    0    0    1    0    0 
Special fplll pruning func
Processed 3604 candidate-subtrees.
coefficients: [ -1 2 -2 -2 -0 -1 -2 -2 -2 -1 -0 2 -0 -0 -2 -0 -0 2 -0 2 1 -1 -0 -2 2 -2 1 -2 -2 -1 -2 2 -0 -1 -1 0 -0 -0 1 -1 -2 -1 2 -1 1 -1 -1 -0 -0 1 1 -1 1 1 -0 1 -0 -0 -0 -0 -1 -0 -0 -0 -0 1 ]
Shortest Vector: [-63 79 164 80 -116 -95 179 -42 142 56 66 -102 -52 -382 192 417 485 -241 462 470 -25 -84 -142 62 177 295 -232 6 -276 -415 -287 -69 -334 82 17 62 -115 329 101 542 -132 40 -199 -93 113 48 -214 -270 209 -140 -249 -15 511 352 -53 -46 -3 -16 582 -334 54 -58 -576 -126 -355 320 ]
Len: 2015.3

Runtime of standard enumeration: 0.079017 s.
Finishing after 1 attemps in 1.058 s (processed 1 bases).
Working threads: 8
Using NTL types.
Activating EXTREME pruning.
Setting pruning parameter to 0.22.
Setting candidate-queue size to 10240.
Setting parallel-enum threshold to dimension 15.
Disabling usage of Gauss heuristic
Enabling BKZ-auto-height adaption.
Setting bkz-height to 2.
Setting pre-beta to 24.
Setting parallel-BKZ instances to 4.
Setting randomized trials to 4.
Read conf file at penum.conf
Setting prebeta parameter to 20.
Setting pruning parameter to 0.02.
Delta: 0.85
Beta: 0
Mode: 1
Candidate Height: 10
Target length: 2016
No. of threads in ENUM: 8
Trying to read: ./inppap/svpc-e1-d66-97575.txt
Read a basis of dimension: 66 / 66 with |b_0| = 0.3914625149e199
Starting procedure
Preparing preprocessing of 4 threads.
Thread 0 is BKZ-0 reducing basis
Thread 2 is BKZ-0 reducing basis
Thread 1 is BKZ-0 reducing basis
Thread 3 is BKZ-0 reducing basis
|b_0| of BKZ-20/0 reduced basis of thread 0 is: 2592.884108(0.544496s [0.535713 s / -1s ]).
|b_0| of BKZ-20/0 reduced basis of thread 1 is: 2488.821609(0.820851s [0.804105 s / -1s ]).
|b_0| of BKZ-20/0 reduced basis of thread 3 is: 2293.061491(0.83082s [0.814301 s / -1s ]).
|b_0| of BKZ-20/0 reduced basis of thread 2 is: 2594.239773(0.887728s [0.870919 s / -1s ]).
Time for preprocessing: 0.895901 seconds.
Processing base of thread 0
Executing ENUM with target length 2016
A: 4.0643e+06
Special fplll pruning func
Searching candidates in depth 10
Enumerating with 8 threads.
Special fplll pruning func
Found new minumun (length: 2015)  -1    2   -2   -2    0   -1   -2   -2   -2   -1    0    2    0    0   -2    0    0    2    0    2    1   -1    0   -2    2   -2    1   -2   -2   -1   -2    2    0   -1   -1    0    0    0    1   -1   -2   -1    2   -1    1   -1   -1    0    0    1    1   -1    1    1    0    1    0    0    0    0   -1    0    0    0    0    1    0    0 
Special fplll pruning func
Processed 3605 candidate-subtrees.
coefficients: [ -1 2 -2 -2 -0 -1 -2 -2 -2 -1 -0 2 -0 -0 -2 -0 -0 2 -0 2 1 -1 -0 -2 2 -2 1 -2 -2 -1 -2 2 -0 -1 -1 0 -0 -0 1 -1 -2 -1 2 -1 1 -1 -1 -0 -0 1 1 -1 1 1 -0 1 -0 -0 -0 -0 -1 -0 -0 -0 -0 1 ]
Shortest Vector: [-63 79 164 80 -116 -95 179 -42 142 56 66 -102 -52 -382 192 417 485 -241 462 470 -25 -84 -142 62 177 295 -232 6 -276 -415 -287 -69 -334 82 17 62 -115 329 101 542 -132 40 -199 -93 113 48 -214 -270 209 -140 -249 -15 511 352 -53 -46 -3 -16 582 -334 54 -58 -576 -126 -355 320 ]
Len: 2015.3

Runtime of standard enumeration: 0.079501 s.
Finishing after 1 attemps in 1.0464 s (processed 1 bases).
