Working threads: 16
Using NTL types.
Activating EXTREME pruning.
Setting pruning parameter to 0.22.
Setting candidate-queue size to 10240.
Setting parallel-enum threshold to dimension 15.
Disabling usage of Gauss heuristic
Enabling BKZ-auto-height adaption.
Setting bkz-height to 2.
Setting pre-beta to 24.
Setting parallel-BKZ instances to 4.
Setting randomized trials to 4.
Read conf file at penum.conf
Setting prebeta parameter to 20.
Setting pruning parameter to 0.02.
Delta: 0.85
Beta: 0
Mode: 1
Candidate Height: 10
Target length: 2109
No. of threads in ENUM: 16
Trying to read: ./inppap/svpc-e1-d66-6880.txt
Read a basis of dimension: 66 / 66 with |b_0| = 0.4614636924e199
Starting procedure
Preparing preprocessing of 4 threads.
Thread 0 is BKZ-0 reducing basis
Thread 2 is BKZ-0 reducing basis
Thread 1 is BKZ-0 reducing basis
Thread 3 is BKZ-0 reducing basis
|b_0| of BKZ-20/0 reduced basis of thread 0 is: 2437.831208(0.511415s [0.50112 s / -1s ]).
|b_0| of BKZ-20/0 reduced basis of thread 1 is: 2553.405177(0.740839s [0.729279 s / -1s ]).
|b_0| of BKZ-20/0 reduced basis of thread 2 is: 2716.628793(0.76939s [0.756405 s / -1s ]).
|b_0| of BKZ-20/0 reduced basis of thread 3 is: 2444.364539(0.825456s [0.81278 s / -1s ]).
Time for preprocessing: 0.838209 seconds.
Processing base of thread 0
Executing ENUM with target length 2109
A: 4.4479e+06
Special fplll pruning func
Searching candidates in depth 10
Enumerating with 16 threads.
Special fplll pruning func
Found new minumun (length: 2108) -16   -2   11  -36    0  -10  -16    1   -6   11  -22    9    3   -5   -6    7    7   -9   -6    6    5   -3   -4    5   -2   -3    0    5    2    0    1    1    3   -1    4    1   -2    1    0   -2   -2    3   -1    1   -2    0   -1    0    1   -1    1    1    1    1    0    0    0    0   -1    0    0    1    1    0    0    0    0    0 
Special fplll pruning func
Processed 789 candidate-subtrees.
coefficients: [ -16 -2 11 -36 -0 -10 -16 1 -6 11 -22 9 3 -5 -6 7 7 -9 -6 6 5 -3 -4 5 -2 -3 -0 5 2 -0 1 1 3 -1 4 1 -2 1 -0 -2 -2 3 -1 1 -2 -0 -1 -0 1 -1 1 1 1 1 0 0 -0 -0 -1 -0 0 1 1 0 0 0 ]
Shortest Vector: [380 269 97 115 -403 -378 70 -236 -146 159 -5 236 -580 -55 368 35 35 68 22 36 537 -271 316 -128 229 -248 -187 158 207 -444 -259 -223 -345 -70 176 -230 -1 -248 -554 -196 -349 -176 542 -92 -285 -132 -81 -375 200 -164 -13 -265 82 221 234 -430 115 86 305 97 391 82 95 -133 435 30 ]
Len: 2108.9

Runtime of standard enumeration: 0.13641 s.
Finishing after 1 attemps in 1.04 s (processed 1 bases).
Working threads: 16
Using NTL types.
Activating EXTREME pruning.
Setting pruning parameter to 0.22.
Setting candidate-queue size to 10240.
Setting parallel-enum threshold to dimension 15.
Disabling usage of Gauss heuristic
Enabling BKZ-auto-height adaption.
Setting bkz-height to 2.
Setting pre-beta to 24.
Setting parallel-BKZ instances to 4.
Setting randomized trials to 4.
Read conf file at penum.conf
Setting prebeta parameter to 20.
Setting pruning parameter to 0.02.
Delta: 0.85
Beta: 0
Mode: 1
Candidate Height: 10
Target length: 2109
No. of threads in ENUM: 16
Trying to read: ./inppap/svpc-e1-d66-6880.txt
Read a basis of dimension: 66 / 66 with |b_0| = 0.4614636924e199
Starting procedure
Preparing preprocessing of 4 threads.
Thread 0 is BKZ-0 reducing basis
Thread 3 is BKZ-0 reducing basis
Thread 1 is BKZ-0 reducing basis
Thread 2 is BKZ-0 reducing basis
|b_0| of BKZ-20/0 reduced basis of thread 0 is: 2437.831208(0.512412s [0.505103 s / -1s ]).
|b_0| of BKZ-20/0 reduced basis of thread 1 is: 2615.069789(0.75167s [0.740526 s / -1s ]).
|b_0| of BKZ-20/0 reduced basis of thread 3 is: 2575.07398(0.759328s [0.750451 s / -1s ]).
|b_0| of BKZ-20/0 reduced basis of thread 2 is: 2681.275629(0.801368s [0.790145 s / -1s ]).
Time for preprocessing: 0.811443 seconds.
Processing base of thread 0
Executing ENUM with target length 2109
A: 4.4479e+06
Special fplll pruning func
Searching candidates in depth 10
Enumerating with 16 threads.
Special fplll pruning func
Found new minumun (length: 2108) -16   -2   11  -36    0  -10  -16    1   -6   11  -22    9    3   -5   -6    7    7   -9   -6    6    5   -3   -4    5   -2   -3    0    5    2    0    1    1    3   -1    4    1   -2    1    0   -2   -2    3   -1    1   -2    0   -1    0    1   -1    1    1    1    1    0    0    0    0   -1    0    0    1    1    0    0    0    0    0 
Special fplll pruning func
Processed 789 candidate-subtrees.
coefficients: [ -16 -2 11 -36 -0 -10 -16 1 -6 11 -22 9 3 -5 -6 7 7 -9 -6 6 5 -3 -4 5 -2 -3 -0 5 2 -0 1 1 3 -1 4 1 -2 1 -0 -2 -2 3 -1 1 -2 -0 -1 -0 1 -1 1 1 1 1 0 0 -0 -0 -1 -0 0 1 1 0 0 0 ]
Shortest Vector: [380 269 97 115 -403 -378 70 -236 -146 159 -5 236 -580 -55 368 35 35 68 22 36 537 -271 316 -128 229 -248 -187 158 207 -444 -259 -223 -345 -70 176 -230 -1 -248 -554 -196 -349 -176 542 -92 -285 -132 -81 -375 200 -164 -13 -265 82 221 234 -430 115 86 305 97 391 82 95 -133 435 30 ]
Len: 2108.9

Runtime of standard enumeration: 0.1268 s.
Finishing after 1 attemps in 1.0067 s (processed 1 bases).
Working threads: 16
Using NTL types.
Activating EXTREME pruning.
Setting pruning parameter to 0.22.
Setting candidate-queue size to 10240.
Setting parallel-enum threshold to dimension 15.
Disabling usage of Gauss heuristic
Enabling BKZ-auto-height adaption.
Setting bkz-height to 2.
Setting pre-beta to 24.
Setting parallel-BKZ instances to 4.
Setting randomized trials to 4.
Read conf file at penum.conf
Setting prebeta parameter to 20.
Setting pruning parameter to 0.02.
Delta: 0.85
Beta: 0
Mode: 1
Candidate Height: 10
Target length: 2109
No. of threads in ENUM: 16
Trying to read: ./inppap/svpc-e1-d66-6880.txt
Read a basis of dimension: 66 / 66 with |b_0| = 0.4614636924e199
Starting procedure
Preparing preprocessing of 4 threads.
Thread 0 is BKZ-0 reducing basis
Thread 3 is BKZ-0 reducing basis
Thread 1 is BKZ-0 reducing basis
Thread 2 is BKZ-0 reducing basis
|b_0| of BKZ-20/0 reduced basis of thread 0 is: 2437.831208(0.523341s [0.515554 s / -1s ]).
|b_0| of BKZ-20/0 reduced basis of thread 3 is: 2495.649615(0.769724s [0.7557 s / -1s ]).
|b_0| of BKZ-20/0 reduced basis of thread 1 is: 2474.105091(0.793946s [0.776393 s / -1s ]).
|b_0| of BKZ-20/0 reduced basis of thread 2 is: 2484.172297(0.79541s [0.778674 s / -1s ]).
Time for preprocessing: 0.804355 seconds.
Processing base of thread 0
Executing ENUM with target length 2109
A: 4.4479e+06
Special fplll pruning func
Searching candidates in depth 10
Enumerating with 16 threads.
Special fplll pruning func
Found new minumun (length: 2108) -16   -2   11  -36    0  -10  -16    1   -6   11  -22    9    3   -5   -6    7    7   -9   -6    6    5   -3   -4    5   -2   -3    0    5    2    0    1    1    3   -1    4    1   -2    1    0   -2   -2    3   -1    1   -2    0   -1    0    1   -1    1    1    1    1    0    0    0    0   -1    0    0    1    1    0    0    0    0    0 
Special fplll pruning func
Processed 790 candidate-subtrees.
coefficients: [ -16 -2 11 -36 -0 -10 -16 1 -6 11 -22 9 3 -5 -6 7 7 -9 -6 6 5 -3 -4 5 -2 -3 -0 5 2 -0 1 1 3 -1 4 1 -2 1 -0 -2 -2 3 -1 1 -2 -0 -1 -0 1 -1 1 1 1 1 0 0 -0 -0 -1 -0 0 1 1 0 0 0 ]
Shortest Vector: [380 269 97 115 -403 -378 70 -236 -146 159 -5 236 -580 -55 368 35 35 68 22 36 537 -271 316 -128 229 -248 -187 158 207 -444 -259 -223 -345 -70 176 -230 -1 -248 -554 -196 -349 -176 542 -92 -285 -132 -81 -375 200 -164 -13 -265 82 221 234 -430 115 86 305 97 391 82 95 -133 435 30 ]
Len: 2108.9

Runtime of standard enumeration: 0.13062 s.
Finishing after 1 attemps in 0.99986 s (processed 1 bases).
Working threads: 16
Using NTL types.
Activating EXTREME pruning.
Setting pruning parameter to 0.22.
Setting candidate-queue size to 10240.
Setting parallel-enum threshold to dimension 15.
Disabling usage of Gauss heuristic
Enabling BKZ-auto-height adaption.
Setting bkz-height to 2.
Setting pre-beta to 24.
Setting parallel-BKZ instances to 4.
Setting randomized trials to 4.
Read conf file at penum.conf
Setting prebeta parameter to 20.
Setting pruning parameter to 0.02.
Delta: 0.85
Beta: 0
Mode: 1
Candidate Height: 10
Target length: 2109
No. of threads in ENUM: 16
Trying to read: ./inppap/svpc-e1-d66-6880.txt
Read a basis of dimension: 66 / 66 with |b_0| = 0.4614636924e199
Starting procedure
Preparing preprocessing of 4 threads.
Thread 0 is BKZ-0 reducing basis
Thread 2 is BKZ-0 reducing basis
Thread 1 is BKZ-0 reducing basis
Thread 3 is BKZ-0 reducing basis
|b_0| of BKZ-20/0 reduced basis of thread 0 is: 2437.831208(0.502622s [0.493824 s / -1s ]).
|b_0| of BKZ-20/0 reduced basis of thread 2 is: 2527.833658(0.782771s [0.775278 s / -1s ]).
|b_0| of BKZ-20/0 reduced basis of thread 1 is: 2409.771566(0.788699s [0.775007 s / -1s ]).
|b_0| of BKZ-20/0 reduced basis of thread 3 is: 2596.278683(0.789287s [0.774698 s / -1s ]).
Time for preprocessing: 0.799783 seconds.
Processing base of thread 0
Executing ENUM with target length 2109
A: 4.4479e+06
Special fplll pruning func
Searching candidates in depth 10
Enumerating with 16 threads.
Special fplll pruning func
Found new minumun (length: 2108) -16   -2   11  -36    0  -10  -16    1   -6   11  -22    9    3   -5   -6    7    7   -9   -6    6    5   -3   -4    5   -2   -3    0    5    2    0    1    1    3   -1    4    1   -2    1    0   -2   -2    3   -1    1   -2    0   -1    0    1   -1    1    1    1    1    0    0    0    0   -1    0    0    1    1    0    0    0    0    0 
Special fplll pruning func
Processed 789 candidate-subtrees.
coefficients: [ -16 -2 11 -36 -0 -10 -16 1 -6 11 -22 9 3 -5 -6 7 7 -9 -6 6 5 -3 -4 5 -2 -3 -0 5 2 -0 1 1 3 -1 4 1 -2 1 -0 -2 -2 3 -1 1 -2 -0 -1 -0 1 -1 1 1 1 1 0 0 -0 -0 -1 -0 0 1 1 0 0 0 ]
Shortest Vector: [380 269 97 115 -403 -378 70 -236 -146 159 -5 236 -580 -55 368 35 35 68 22 36 537 -271 316 -128 229 -248 -187 158 207 -444 -259 -223 -345 -70 176 -230 -1 -248 -554 -196 -349 -176 542 -92 -285 -132 -81 -375 200 -164 -13 -265 82 221 234 -430 115 86 305 97 391 82 95 -133 435 30 ]
Len: 2108.9

Runtime of standard enumeration: 0.1272 s.
Finishing after 1 attemps in 0.9928 s (processed 1 bases).
Working threads: 16
Using NTL types.
Activating EXTREME pruning.
Setting pruning parameter to 0.22.
Setting candidate-queue size to 10240.
Setting parallel-enum threshold to dimension 15.
Disabling usage of Gauss heuristic
Enabling BKZ-auto-height adaption.
Setting bkz-height to 2.
Setting pre-beta to 24.
Setting parallel-BKZ instances to 4.
Setting randomized trials to 4.
Read conf file at penum.conf
Setting prebeta parameter to 20.
Setting pruning parameter to 0.02.
Delta: 0.85
Beta: 0
Mode: 1
Candidate Height: 10
Target length: 2109
No. of threads in ENUM: 16
Trying to read: ./inppap/svpc-e1-d66-6880.txt
Read a basis of dimension: 66 / 66 with |b_0| = 0.4614636924e199
Starting procedure
Preparing preprocessing of 4 threads.
Thread 0 is BKZ-0 reducing basis
Thread 2 is BKZ-0 reducing basis
Thread 1 is BKZ-0 reducing basis
Thread 3 is BKZ-0 reducing basis
|b_0| of BKZ-20/0 reduced basis of thread 0 is: 2437.831208(0.509143s [0.501235 s / -1s ]).
|b_0| of BKZ-20/0 reduced basis of thread 1 is: 2637.768375(0.710259s [0.697456 s / -1s ]).
|b_0| of BKZ-20/0 reduced basis of thread 2 is: 2624.754655(0.734417s [0.723936 s / -1s ]).
|b_0| of BKZ-20/0 reduced basis of thread 3 is: 2568.47737(0.766546s [0.754249 s / -1s ]).
Time for preprocessing: 0.775362 seconds.
Processing base of thread 0
Executing ENUM with target length 2109
A: 4.4479e+06
Special fplll pruning func
Searching candidates in depth 10
Enumerating with 16 threads.
Special fplll pruning func
Found new minumun (length: 2108) -16   -2   11  -36    0  -10  -16    1   -6   11  -22    9    3   -5   -6    7    7   -9   -6    6    5   -3   -4    5   -2   -3    0    5    2    0    1    1    3   -1    4    1   -2    1    0   -2   -2    3   -1    1   -2    0   -1    0    1   -1    1    1    1    1    0    0    0    0   -1    0    0    1    1    0    0    0    0    0 
Special fplll pruning func
Processed 790 candidate-subtrees.
coefficients: [ -16 -2 11 -36 -0 -10 -16 1 -6 11 -22 9 3 -5 -6 7 7 -9 -6 6 5 -3 -4 5 -2 -3 -0 5 2 -0 1 1 3 -1 4 1 -2 1 -0 -2 -2 3 -1 1 -2 -0 -1 -0 1 -1 1 1 1 1 0 0 -0 -0 -1 -0 0 1 1 0 0 0 ]
Shortest Vector: [380 269 97 115 -403 -378 70 -236 -146 159 -5 236 -580 -55 368 35 35 68 22 36 537 -271 316 -128 229 -248 -187 158 207 -444 -259 -223 -345 -70 176 -230 -1 -248 -554 -196 -349 -176 542 -92 -285 -132 -81 -375 200 -164 -13 -265 82 221 234 -430 115 86 305 97 391 82 95 -133 435 30 ]
Len: 2108.9

Runtime of standard enumeration: 0.13024 s.
Finishing after 1 attemps in 0.97111 s (processed 1 bases).
Working threads: 16
Using NTL types.
Activating EXTREME pruning.
Setting pruning parameter to 0.22.
Setting candidate-queue size to 10240.
Setting parallel-enum threshold to dimension 15.
Disabling usage of Gauss heuristic
Enabling BKZ-auto-height adaption.
Setting bkz-height to 2.
Setting pre-beta to 24.
Setting parallel-BKZ instances to 4.
Setting randomized trials to 4.
Read conf file at penum.conf
Setting prebeta parameter to 20.
Setting pruning parameter to 0.02.
Delta: 0.85
Beta: 0
Mode: 1
Candidate Height: 10
Target length: 2109
No. of threads in ENUM: 16
Trying to read: ./inppap/svpc-e1-d66-6880.txt
Read a basis of dimension: 66 / 66 with |b_0| = 0.4614636924e199
Starting procedure
Preparing preprocessing of 4 threads.
Thread 0 is BKZ-0 reducing basis
Thread 1 is BKZ-0 reducing basis
Thread 3 is BKZ-0 reducing basis
Thread 2 is BKZ-0 reducing basis
|b_0| of BKZ-20/0 reduced basis of thread 0 is: 2437.831208(0.510948s [0.503727 s / -1s ]).
|b_0| of BKZ-20/0 reduced basis of thread 2 is: 2699.19136(0.780668s [0.768335 s / -1s ]).
|b_0| of BKZ-20/0 reduced basis of thread 3 is: 2441.669101(0.810665s [0.797806 s / -1s ]).
|b_0| of BKZ-20/0 reduced basis of thread 1 is: 2721.255409(0.816103s [0.804712 s / -1s ]).
Time for preprocessing: 0.823332 seconds.
Processing base of thread 0
Executing ENUM with target length 2109
A: 4.4479e+06
Special fplll pruning func
Searching candidates in depth 10
Enumerating with 16 threads.
Special fplll pruning func
Found new minumun (length: 2108) -16   -2   11  -36    0  -10  -16    1   -6   11  -22    9    3   -5   -6    7    7   -9   -6    6    5   -3   -4    5   -2   -3    0    5    2    0    1    1    3   -1    4    1   -2    1    0   -2   -2    3   -1    1   -2    0   -1    0    1   -1    1    1    1    1    0    0    0    0   -1    0    0    1    1    0    0    0    0    0 
Special fplll pruning func
Processed 789 candidate-subtrees.
coefficients: [ -16 -2 11 -36 -0 -10 -16 1 -6 11 -22 9 3 -5 -6 7 7 -9 -6 6 5 -3 -4 5 -2 -3 -0 5 2 -0 1 1 3 -1 4 1 -2 1 -0 -2 -2 3 -1 1 -2 -0 -1 -0 1 -1 1 1 1 1 0 0 -0 -0 -1 -0 0 1 1 0 0 0 ]
Shortest Vector: [380 269 97 115 -403 -378 70 -236 -146 159 -5 236 -580 -55 368 35 35 68 22 36 537 -271 316 -128 229 -248 -187 158 207 -444 -259 -223 -345 -70 176 -230 -1 -248 -554 -196 -349 -176 542 -92 -285 -132 -81 -375 200 -164 -13 -265 82 221 234 -430 115 86 305 97 391 82 95 -133 435 30 ]
Len: 2108.9

Runtime of standard enumeration: 0.12612 s.
Finishing after 1 attemps in 1.0162 s (processed 1 bases).
Working threads: 16
Using NTL types.
Activating EXTREME pruning.
Setting pruning parameter to 0.22.
Setting candidate-queue size to 10240.
Setting parallel-enum threshold to dimension 15.
Disabling usage of Gauss heuristic
Enabling BKZ-auto-height adaption.
Setting bkz-height to 2.
Setting pre-beta to 24.
Setting parallel-BKZ instances to 4.
Setting randomized trials to 4.
Read conf file at penum.conf
Setting prebeta parameter to 20.
Setting pruning parameter to 0.02.
Delta: 0.85
Beta: 0
Mode: 1
Candidate Height: 10
Target length: 2109
No. of threads in ENUM: 16
Trying to read: ./inppap/svpc-e1-d66-6880.txt
Read a basis of dimension: 66 / 66 with |b_0| = 0.4614636924e199
Starting procedure
Preparing preprocessing of 4 threads.
Thread 0 is BKZ-0 reducing basis
Thread 2 is BKZ-0 reducing basis
Thread 3 is BKZ-0 reducing basis
Thread 1 is BKZ-0 reducing basis
|b_0| of BKZ-20/0 reduced basis of thread 0 is: 2437.831208(0.522799s [0.514855 s / -1s ]).
|b_0| of BKZ-20/0 reduced basis of thread 1 is: 2495.780439(0.768176s [0.756002 s / -1s ]).
|b_0| of BKZ-20/0 reduced basis of thread 3 is: 2341.078811(0.817905s [0.805349 s / -1s ]).
|b_0| of BKZ-20/0 reduced basis of thread 2 is: 2410.492066(0.863217s [0.850303 s / -1s ]).
Time for preprocessing: 0.871652 seconds.
Processing base of thread 0
Executing ENUM with target length 2109
A: 4.4479e+06
Special fplll pruning func
Searching candidates in depth 10
Enumerating with 16 threads.
Special fplll pruning func
Found new minumun (length: 2108) -16   -2   11  -36    0  -10  -16    1   -6   11  -22    9    3   -5   -6    7    7   -9   -6    6    5   -3   -4    5   -2   -3    0    5    2    0    1    1    3   -1    4    1   -2    1    0   -2   -2    3   -1    1   -2    0   -1    0    1   -1    1    1    1    1    0    0    0    0   -1    0    0    1    1    0    0    0    0    0 
Special fplll pruning func
Processed 790 candidate-subtrees.
coefficients: [ -16 -2 11 -36 -0 -10 -16 1 -6 11 -22 9 3 -5 -6 7 7 -9 -6 6 5 -3 -4 5 -2 -3 -0 5 2 -0 1 1 3 -1 4 1 -2 1 -0 -2 -2 3 -1 1 -2 -0 -1 -0 1 -1 1 1 1 1 0 0 -0 -0 -1 -0 0 1 1 0 0 0 ]
Shortest Vector: [380 269 97 115 -403 -378 70 -236 -146 159 -5 236 -580 -55 368 35 35 68 22 36 537 -271 316 -128 229 -248 -187 158 207 -444 -259 -223 -345 -70 176 -230 -1 -248 -554 -196 -349 -176 542 -92 -285 -132 -81 -375 200 -164 -13 -265 82 221 234 -430 115 86 305 97 391 82 95 -133 435 30 ]
Len: 2108.9

Runtime of standard enumeration: 0.12478 s.
Finishing after 1 attemps in 1.0621 s (processed 1 bases).
Working threads: 16
Using NTL types.
Activating EXTREME pruning.
Setting pruning parameter to 0.22.
Setting candidate-queue size to 10240.
Setting parallel-enum threshold to dimension 15.
Disabling usage of Gauss heuristic
Enabling BKZ-auto-height adaption.
Setting bkz-height to 2.
Setting pre-beta to 24.
Setting parallel-BKZ instances to 4.
Setting randomized trials to 4.
Read conf file at penum.conf
Setting prebeta parameter to 20.
Setting pruning parameter to 0.02.
Delta: 0.85
Beta: 0
Mode: 1
Candidate Height: 10
Target length: 2109
No. of threads in ENUM: 16
Trying to read: ./inppap/svpc-e1-d66-6880.txt
Read a basis of dimension: 66 / 66 with |b_0| = 0.4614636924e199
Starting procedure
Preparing preprocessing of 4 threads.
Thread 0 is BKZ-0 reducing basis
Thread 1 is BKZ-0 reducing basis
Thread 3 is BKZ-0 reducing basis
Thread 2 is BKZ-0 reducing basis
|b_0| of BKZ-20/0 reduced basis of thread 0 is: 2437.831208(0.527829s [0.519971 s / -1s ]).
|b_0| of BKZ-20/0 reduced basis of thread 2 is: 2680.023321(0.75523s [0.743471 s / -1s ]).
|b_0| of BKZ-20/0 reduced basis of thread 3 is: 2471.40891(0.774222s [0.762626 s / -1s ]).
|b_0| of BKZ-20/0 reduced basis of thread 1 is: 2614.011668(0.810978s [0.799419 s / -1s ]).
Time for preprocessing: 0.819702 seconds.
Processing base of thread 0
Executing ENUM with target length 2109
A: 4.4479e+06
Special fplll pruning func
Searching candidates in depth 10
Enumerating with 16 threads.
Special fplll pruning func
Found new minumun (length: 2108) -16   -2   11  -36    0  -10  -16    1   -6   11  -22    9    3   -5   -6    7    7   -9   -6    6    5   -3   -4    5   -2   -3    0    5    2    0    1    1    3   -1    4    1   -2    1    0   -2   -2    3   -1    1   -2    0   -1    0    1   -1    1    1    1    1    0    0    0    0   -1    0    0    1    1    0    0    0    0    0 
Special fplll pruning func
Processed 794 candidate-subtrees.
coefficients: [ -16 -2 11 -36 -0 -10 -16 1 -6 11 -22 9 3 -5 -6 7 7 -9 -6 6 5 -3 -4 5 -2 -3 -0 5 2 -0 1 1 3 -1 4 1 -2 1 -0 -2 -2 3 -1 1 -2 -0 -1 -0 1 -1 1 1 1 1 0 0 -0 -0 -1 -0 0 1 1 0 0 0 ]
Shortest Vector: [380 269 97 115 -403 -378 70 -236 -146 159 -5 236 -580 -55 368 35 35 68 22 36 537 -271 316 -128 229 -248 -187 158 207 -444 -259 -223 -345 -70 176 -230 -1 -248 -554 -196 -349 -176 542 -92 -285 -132 -81 -375 200 -164 -13 -265 82 221 234 -430 115 86 305 97 391 82 95 -133 435 30 ]
Len: 2108.9

Runtime of standard enumeration: 0.12914 s.
Finishing after 1 attemps in 1.0182 s (processed 1 bases).
Working threads: 16
Using NTL types.
Activating EXTREME pruning.
Setting pruning parameter to 0.22.
Setting candidate-queue size to 10240.
Setting parallel-enum threshold to dimension 15.
Disabling usage of Gauss heuristic
Enabling BKZ-auto-height adaption.
Setting bkz-height to 2.
Setting pre-beta to 24.
Setting parallel-BKZ instances to 4.
Setting randomized trials to 4.
Read conf file at penum.conf
Setting prebeta parameter to 20.
Setting pruning parameter to 0.02.
Delta: 0.85
Beta: 0
Mode: 1
Candidate Height: 10
Target length: 2109
No. of threads in ENUM: 16
Trying to read: ./inppap/svpc-e1-d66-6880.txt
Read a basis of dimension: 66 / 66 with |b_0| = 0.4614636924e199
Starting procedure
Preparing preprocessing of 4 threads.
Thread 0 is BKZ-0 reducing basis
Thread 1 is BKZ-0 reducing basis
Thread 2 is BKZ-0 reducing basis
Thread 3 is BKZ-0 reducing basis
|b_0| of BKZ-20/0 reduced basis of thread 0 is: 2437.831208(0.521642s [0.513799 s / -1s ]).
|b_0| of BKZ-20/0 reduced basis of thread 3 is: 2500.44576(0.765896s [0.752546 s / -1s ]).
|b_0| of BKZ-20/0 reduced basis of thread 1 is: 2294.780382(0.778213s [0.764854 s / -1s ]).
|b_0| of BKZ-20/0 reduced basis of thread 2 is: 2624.499762(0.790638s [0.777767 s / -1s ]).
Time for preprocessing: 0.797774 seconds.
Processing base of thread 0
Executing ENUM with target length 2109
A: 4.4479e+06
Special fplll pruning func
Searching candidates in depth 10
Enumerating with 16 threads.
Special fplll pruning func
Found new minumun (length: 2108) -16   -2   11  -36    0  -10  -16    1   -6   11  -22    9    3   -5   -6    7    7   -9   -6    6    5   -3   -4    5   -2   -3    0    5    2    0    1    1    3   -1    4    1   -2    1    0   -2   -2    3   -1    1   -2    0   -1    0    1   -1    1    1    1    1    0    0    0    0   -1    0    0    1    1    0    0    0    0    0 
Special fplll pruning func
Processed 789 candidate-subtrees.
coefficients: [ -16 -2 11 -36 -0 -10 -16 1 -6 11 -22 9 3 -5 -6 7 7 -9 -6 6 5 -3 -4 5 -2 -3 -0 5 2 -0 1 1 3 -1 4 1 -2 1 -0 -2 -2 3 -1 1 -2 -0 -1 -0 1 -1 1 1 1 1 0 0 -0 -0 -1 -0 0 1 1 0 0 0 ]
Shortest Vector: [380 269 97 115 -403 -378 70 -236 -146 159 -5 236 -580 -55 368 35 35 68 22 36 537 -271 316 -128 229 -248 -187 158 207 -444 -259 -223 -345 -70 176 -230 -1 -248 -554 -196 -349 -176 542 -92 -285 -132 -81 -375 200 -164 -13 -265 82 221 234 -430 115 86 305 97 391 82 95 -133 435 30 ]
Len: 2108.9

Runtime of standard enumeration: 0.12706 s.
Finishing after 1 attemps in 0.99134 s (processed 1 bases).
Working threads: 16
Using NTL types.
Activating EXTREME pruning.
Setting pruning parameter to 0.22.
Setting candidate-queue size to 10240.
Setting parallel-enum threshold to dimension 15.
Disabling usage of Gauss heuristic
Enabling BKZ-auto-height adaption.
Setting bkz-height to 2.
Setting pre-beta to 24.
Setting parallel-BKZ instances to 4.
Setting randomized trials to 4.
Read conf file at penum.conf
Setting prebeta parameter to 20.
Setting pruning parameter to 0.02.
Delta: 0.85
Beta: 0
Mode: 1
Candidate Height: 10
Target length: 2109
No. of threads in ENUM: 16
Trying to read: ./inppap/svpc-e1-d66-6880.txt
Read a basis of dimension: 66 / 66 with |b_0| = 0.4614636924e199
Starting procedure
Preparing preprocessing of 4 threads.
Thread 0 is BKZ-0 reducing basis
Thread 1 is BKZ-0 reducing basis
Thread 2 is BKZ-0 reducing basis
Thread 3 is BKZ-0 reducing basis
|b_0| of BKZ-20/0 reduced basis of thread 0 is: 2437.831208(0.520222s [0.511661 s / -1s ]).
|b_0| of BKZ-20/0 reduced basis of thread 1 is: 2540.818372(0.763974s [0.74981 s / -1s ]).
|b_0| of BKZ-20/0 reduced basis of thread 3 is: 2762.968331(0.789241s [0.775009 s / -1s ]).
|b_0| of BKZ-20/0 reduced basis of thread 2 is: 2519.04605(0.798479s [0.785626 s / -1s ]).
Time for preprocessing: 0.807247 seconds.
Processing base of thread 0
Executing ENUM with target length 2109
A: 4.4479e+06
Special fplll pruning func
Searching candidates in depth 10
Enumerating with 16 threads.
Special fplll pruning func
Found new minumun (length: 2108) -16   -2   11  -36    0  -10  -16    1   -6   11  -22    9    3   -5   -6    7    7   -9   -6    6    5   -3   -4    5   -2   -3    0    5    2    0    1    1    3   -1    4    1   -2    1    0   -2   -2    3   -1    1   -2    0   -1    0    1   -1    1    1    1    1    0    0    0    0   -1    0    0    1    1    0    0    0    0    0 
Special fplll pruning func
Processed 790 candidate-subtrees.
coefficients: [ -16 -2 11 -36 -0 -10 -16 1 -6 11 -22 9 3 -5 -6 7 7 -9 -6 6 5 -3 -4 5 -2 -3 -0 5 2 -0 1 1 3 -1 4 1 -2 1 -0 -2 -2 3 -1 1 -2 -0 -1 -0 1 -1 1 1 1 1 0 0 -0 -0 -1 -0 0 1 1 0 0 0 ]
Shortest Vector: [380 269 97 115 -403 -378 70 -236 -146 159 -5 236 -580 -55 368 35 35 68 22 36 537 -271 316 -128 229 -248 -187 158 207 -444 -259 -223 -345 -70 176 -230 -1 -248 -554 -196 -349 -176 542 -92 -285 -132 -81 -375 200 -164 -13 -265 82 221 234 -430 115 86 305 97 391 82 95 -133 435 30 ]
Len: 2108.9

Runtime of standard enumeration: 0.12919 s.
Finishing after 1 attemps in 1.0018 s (processed 1 bases).
Working threads: 16
Using NTL types.
Activating EXTREME pruning.
Setting pruning parameter to 0.22.
Setting candidate-queue size to 10240.
Setting parallel-enum threshold to dimension 15.
Disabling usage of Gauss heuristic
Enabling BKZ-auto-height adaption.
Setting bkz-height to 2.
Setting pre-beta to 24.
Setting parallel-BKZ instances to 4.
Setting randomized trials to 4.
Read conf file at penum.conf
Setting prebeta parameter to 20.
Setting pruning parameter to 0.02.
Delta: 0.85
Beta: 0
Mode: 1
Candidate Height: 10
Target length: 2109
No. of threads in ENUM: 16
Trying to read: ./inppap/svpc-e1-d66-6880.txt
Read a basis of dimension: 66 / 66 with |b_0| = 0.4614636924e199
Starting procedure
Preparing preprocessing of 4 threads.
Thread 0 is BKZ-0 reducing basis
Thread 1 is BKZ-0 reducing basis
Thread 3 is BKZ-0 reducing basis
Thread 2 is BKZ-0 reducing basis
|b_0| of BKZ-20/0 reduced basis of thread 0 is: 2437.831208(0.531102s [0.522802 s / -1s ]).
|b_0| of BKZ-20/0 reduced basis of thread 3 is: 2730.06923(0.745841s [0.732594 s / -1s ]).
|b_0| of BKZ-20/0 reduced basis of thread 2 is: 2365.783591(0.791508s [0.778404 s / -1s ]).
|b_0| of BKZ-20/0 reduced basis of thread 1 is: 2451.384099(0.811063s [0.797863 s / -1s ]).
Time for preprocessing: 0.819675 seconds.
Processing base of thread 0
Executing ENUM with target length 2109
A: 4.4479e+06
Special fplll pruning func
Searching candidates in depth 10
Enumerating with 16 threads.
Special fplll pruning func
Found new minumun (length: 2108) -16   -2   11  -36    0  -10  -16    1   -6   11  -22    9    3   -5   -6    7    7   -9   -6    6    5   -3   -4    5   -2   -3    0    5    2    0    1    1    3   -1    4    1   -2    1    0   -2   -2    3   -1    1   -2    0   -1    0    1   -1    1    1    1    1    0    0    0    0   -1    0    0    1    1    0    0    0    0    0 
Special fplll pruning func
Processed 789 candidate-subtrees.
coefficients: [ -16 -2 11 -36 -0 -10 -16 1 -6 11 -22 9 3 -5 -6 7 7 -9 -6 6 5 -3 -4 5 -2 -3 -0 5 2 -0 1 1 3 -1 4 1 -2 1 -0 -2 -2 3 -1 1 -2 -0 -1 -0 1 -1 1 1 1 1 0 0 -0 -0 -1 -0 0 1 1 0 0 0 ]
Shortest Vector: [380 269 97 115 -403 -378 70 -236 -146 159 -5 236 -580 -55 368 35 35 68 22 36 537 -271 316 -128 229 -248 -187 158 207 -444 -259 -223 -345 -70 176 -230 -1 -248 -554 -196 -349 -176 542 -92 -285 -132 -81 -375 200 -164 -13 -265 82 221 234 -430 115 86 305 97 391 82 95 -133 435 30 ]
Len: 2108.9

Runtime of standard enumeration: 0.13018 s.
Finishing after 1 attemps in 1.0148 s (processed 1 bases).
Working threads: 16
Using NTL types.
Activating EXTREME pruning.
Setting pruning parameter to 0.22.
Setting candidate-queue size to 10240.
Setting parallel-enum threshold to dimension 15.
Disabling usage of Gauss heuristic
Enabling BKZ-auto-height adaption.
Setting bkz-height to 2.
Setting pre-beta to 24.
Setting parallel-BKZ instances to 4.
Setting randomized trials to 4.
Read conf file at penum.conf
Setting prebeta parameter to 20.
Setting pruning parameter to 0.02.
Delta: 0.85
Beta: 0
Mode: 1
Candidate Height: 10
Target length: 2109
No. of threads in ENUM: 16
Trying to read: ./inppap/svpc-e1-d66-6880.txt
Read a basis of dimension: 66 / 66 with |b_0| = 0.4614636924e199
Starting procedure
Preparing preprocessing of 4 threads.
Thread 0 is BKZ-0 reducing basis
Thread 1 is BKZ-0 reducing basis
Thread 3 is BKZ-0 reducing basis
Thread 2 is BKZ-0 reducing basis
|b_0| of BKZ-20/0 reduced basis of thread 0 is: 2437.831208(0.519912s [0.512484 s / -1s ]).
|b_0| of BKZ-20/0 reduced basis of thread 3 is: 2693.472294(0.749023s [0.735621 s / -1s ]).
|b_0| of BKZ-20/0 reduced basis of thread 2 is: 2756.032837(0.800727s [0.787416 s / -1s ]).
|b_0| of BKZ-20/0 reduced basis of thread 1 is: 2556.537502(0.833843s [0.82062 s / -1s ]).
Time for preprocessing: 0.842458 seconds.
Processing base of thread 0
Executing ENUM with target length 2109
A: 4.4479e+06
Special fplll pruning func
Searching candidates in depth 10
Enumerating with 16 threads.
Special fplll pruning func
Found new minumun (length: 2108) -16   -2   11  -36    0  -10  -16    1   -6   11  -22    9    3   -5   -6    7    7   -9   -6    6    5   -3   -4    5   -2   -3    0    5    2    0    1    1    3   -1    4    1   -2    1    0   -2   -2    3   -1    1   -2    0   -1    0    1   -1    1    1    1    1    0    0    0    0   -1    0    0    1    1    0    0    0    0    0 
Special fplll pruning func
Processed 789 candidate-subtrees.
coefficients: [ -16 -2 11 -36 -0 -10 -16 1 -6 11 -22 9 3 -5 -6 7 7 -9 -6 6 5 -3 -4 5 -2 -3 -0 5 2 -0 1 1 3 -1 4 1 -2 1 -0 -2 -2 3 -1 1 -2 -0 -1 -0 1 -1 1 1 1 1 0 0 -0 -0 -1 -0 0 1 1 0 0 0 ]
Shortest Vector: [380 269 97 115 -403 -378 70 -236 -146 159 -5 236 -580 -55 368 35 35 68 22 36 537 -271 316 -128 229 -248 -187 158 207 -444 -259 -223 -345 -70 176 -230 -1 -248 -554 -196 -349 -176 542 -92 -285 -132 -81 -375 200 -164 -13 -265 82 221 234 -430 115 86 305 97 391 82 95 -133 435 30 ]
Len: 2108.9

Runtime of standard enumeration: 0.12743 s.
Finishing after 1 attemps in 1.0353 s (processed 1 bases).
Working threads: 16
Using NTL types.
Activating EXTREME pruning.
Setting pruning parameter to 0.22.
Setting candidate-queue size to 10240.
Setting parallel-enum threshold to dimension 15.
Disabling usage of Gauss heuristic
Enabling BKZ-auto-height adaption.
Setting bkz-height to 2.
Setting pre-beta to 24.
Setting parallel-BKZ instances to 4.
Setting randomized trials to 4.
Read conf file at penum.conf
Setting prebeta parameter to 20.
Setting pruning parameter to 0.02.
Delta: 0.85
Beta: 0
Mode: 1
Candidate Height: 10
Target length: 2109
No. of threads in ENUM: 16
Trying to read: ./inppap/svpc-e1-d66-6880.txt
Read a basis of dimension: 66 / 66 with |b_0| = 0.4614636924e199
Starting procedure
Preparing preprocessing of 4 threads.
Thread 0 is BKZ-0 reducing basis
Thread 3 is BKZ-0 reducing basis
Thread 1 is BKZ-0 reducing basis
Thread 2 is BKZ-0 reducing basis
|b_0| of BKZ-20/0 reduced basis of thread 0 is: 2437.831208(0.532758s [0.52481 s / -1s ]).
|b_0| of BKZ-20/0 reduced basis of thread 1 is: 2489.690744(0.763567s [0.746417 s / -1s ]).
|b_0| of BKZ-20/0 reduced basis of thread 3 is: 2368.632939(0.764186s [0.747013 s / -1s ]).
|b_0| of BKZ-20/0 reduced basis of thread 2 is: 2450.289371(0.797891s [0.785 s / -1s ]).
Time for preprocessing: 0.806612 seconds.
Processing base of thread 0
Executing ENUM with target length 2109
A: 4.4479e+06
Special fplll pruning func
Searching candidates in depth 10
Enumerating with 16 threads.
Special fplll pruning func
Found new minumun (length: 2108) -16   -2   11  -36    0  -10  -16    1   -6   11  -22    9    3   -5   -6    7    7   -9   -6    6    5   -3   -4    5   -2   -3    0    5    2    0    1    1    3   -1    4    1   -2    1    0   -2   -2    3   -1    1   -2    0   -1    0    1   -1    1    1    1    1    0    0    0    0   -1    0    0    1    1    0    0    0    0    0 
Special fplll pruning func
Processed 790 candidate-subtrees.
coefficients: [ -16 -2 11 -36 -0 -10 -16 1 -6 11 -22 9 3 -5 -6 7 7 -9 -6 6 5 -3 -4 5 -2 -3 -0 5 2 -0 1 1 3 -1 4 1 -2 1 -0 -2 -2 3 -1 1 -2 -0 -1 -0 1 -1 1 1 1 1 0 0 -0 -0 -1 -0 0 1 1 0 0 0 ]
Shortest Vector: [380 269 97 115 -403 -378 70 -236 -146 159 -5 236 -580 -55 368 35 35 68 22 36 537 -271 316 -128 229 -248 -187 158 207 -444 -259 -223 -345 -70 176 -230 -1 -248 -554 -196 -349 -176 542 -92 -285 -132 -81 -375 200 -164 -13 -265 82 221 234 -430 115 86 305 97 391 82 95 -133 435 30 ]
Len: 2108.9

Runtime of standard enumeration: 0.12823 s.
Finishing after 1 attemps in 1.0001 s (processed 1 bases).
Working threads: 16
Using NTL types.
Activating EXTREME pruning.
Setting pruning parameter to 0.22.
Setting candidate-queue size to 10240.
Setting parallel-enum threshold to dimension 15.
Disabling usage of Gauss heuristic
Enabling BKZ-auto-height adaption.
Setting bkz-height to 2.
Setting pre-beta to 24.
Setting parallel-BKZ instances to 4.
Setting randomized trials to 4.
Read conf file at penum.conf
Setting prebeta parameter to 20.
Setting pruning parameter to 0.02.
Delta: 0.85
Beta: 0
Mode: 1
Candidate Height: 10
Target length: 2109
No. of threads in ENUM: 16
Trying to read: ./inppap/svpc-e1-d66-6880.txt
Read a basis of dimension: 66 / 66 with |b_0| = 0.4614636924e199
Starting procedure
Preparing preprocessing of 4 threads.
Thread 0 is BKZ-0 reducing basis
Thread 3 is BKZ-0 reducing basis
Thread 1 is BKZ-0 reducing basis
Thread 2 is BKZ-0 reducing basis
|b_0| of BKZ-20/0 reduced basis of thread 0 is: 2437.831208(0.53232s [0.523176 s / -1s ]).
|b_0| of BKZ-20/0 reduced basis of thread 1 is: 2521.980373(0.75856s [0.746147 s / -1s ]).
|b_0| of BKZ-20/0 reduced basis of thread 2 is: 2636.840913(0.770794s [0.758353 s / -1s ]).
|b_0| of BKZ-20/0 reduced basis of thread 3 is: 2646.247721(0.823395s [0.812382 s / -1s ]).
Time for preprocessing: 0.832064 seconds.
Processing base of thread 0
Executing ENUM with target length 2109
A: 4.4479e+06
Special fplll pruning func
Searching candidates in depth 10
Enumerating with 16 threads.
Special fplll pruning func
Found new minumun (length: 2108) -16   -2   11  -36    0  -10  -16    1   -6   11  -22    9    3   -5   -6    7    7   -9   -6    6    5   -3   -4    5   -2   -3    0    5    2    0    1    1    3   -1    4    1   -2    1    0   -2   -2    3   -1    1   -2    0   -1    0    1   -1    1    1    1    1    0    0    0    0   -1    0    0    1    1    0    0    0    0    0 
Special fplll pruning func
Processed 787 candidate-subtrees.
coefficients: [ -16 -2 11 -36 -0 -10 -16 1 -6 11 -22 9 3 -5 -6 7 7 -9 -6 6 5 -3 -4 5 -2 -3 -0 5 2 -0 1 1 3 -1 4 1 -2 1 -0 -2 -2 3 -1 1 -2 -0 -1 -0 1 -1 1 1 1 1 0 0 -0 -0 -1 -0 0 1 1 0 0 0 ]
Shortest Vector: [380 269 97 115 -403 -378 70 -236 -146 159 -5 236 -580 -55 368 35 35 68 22 36 537 -271 316 -128 229 -248 -187 158 207 -444 -259 -223 -345 -70 176 -230 -1 -248 -554 -196 -349 -176 542 -92 -285 -132 -81 -375 200 -164 -13 -265 82 221 234 -430 115 86 305 97 391 82 95 -133 435 30 ]
Len: 2108.9

Runtime of standard enumeration: 0.12893 s.
Finishing after 1 attemps in 1.0317 s (processed 1 bases).
Working threads: 16
Using NTL types.
Activating EXTREME pruning.
Setting pruning parameter to 0.22.
Setting candidate-queue size to 10240.
Setting parallel-enum threshold to dimension 15.
Disabling usage of Gauss heuristic
Enabling BKZ-auto-height adaption.
Setting bkz-height to 2.
Setting pre-beta to 24.
Setting parallel-BKZ instances to 4.
Setting randomized trials to 4.
Read conf file at penum.conf
Setting prebeta parameter to 20.
Setting pruning parameter to 0.02.
Delta: 0.85
Beta: 0
Mode: 1
Candidate Height: 10
Target length: 2109
No. of threads in ENUM: 16
Trying to read: ./inppap/svpc-e1-d66-6880.txt
Read a basis of dimension: 66 / 66 with |b_0| = 0.4614636924e199
Starting procedure
Preparing preprocessing of 4 threads.
Thread 0 is BKZ-0 reducing basis
Thread 3 is BKZ-0 reducing basis
Thread 1 is BKZ-0 reducing basis
Thread 2 is BKZ-0 reducing basis
|b_0| of BKZ-20/0 reduced basis of thread 0 is: 2437.831208(0.544101s [0.536076 s / -1s ]).
|b_0| of BKZ-20/0 reduced basis of thread 3 is: 2372.092958(0.775234s [0.761851 s / -1s ]).
|b_0| of BKZ-20/0 reduced basis of thread 2 is: 2425.469645(0.789358s [0.776302 s / -1s ]).
|b_0| of BKZ-20/0 reduced basis of thread 1 is: 2548.669849(0.812371s [0.798935 s / -1s ]).
Time for preprocessing: 0.821088 seconds.
Processing base of thread 0
Executing ENUM with target length 2109
A: 4.4479e+06
Special fplll pruning func
Searching candidates in depth 10
Enumerating with 16 threads.
Special fplll pruning func
Found new minumun (length: 2108) -16   -2   11  -36    0  -10  -16    1   -6   11  -22    9    3   -5   -6    7    7   -9   -6    6    5   -3   -4    5   -2   -3    0    5    2    0    1    1    3   -1    4    1   -2    1    0   -2   -2    3   -1    1   -2    0   -1    0    1   -1    1    1    1    1    0    0    0    0   -1    0    0    1    1    0    0    0    0    0 
Special fplll pruning func
Processed 790 candidate-subtrees.
coefficients: [ -16 -2 11 -36 -0 -10 -16 1 -6 11 -22 9 3 -5 -6 7 7 -9 -6 6 5 -3 -4 5 -2 -3 -0 5 2 -0 1 1 3 -1 4 1 -2 1 -0 -2 -2 3 -1 1 -2 -0 -1 -0 1 -1 1 1 1 1 0 0 -0 -0 -1 -0 0 1 1 0 0 0 ]
Shortest Vector: [380 269 97 115 -403 -378 70 -236 -146 159 -5 236 -580 -55 368 35 35 68 22 36 537 -271 316 -128 229 -248 -187 158 207 -444 -259 -223 -345 -70 176 -230 -1 -248 -554 -196 -349 -176 542 -92 -285 -132 -81 -375 200 -164 -13 -265 82 221 234 -430 115 86 305 97 391 82 95 -133 435 30 ]
Len: 2108.9

Runtime of standard enumeration: 0.1282 s.
Finishing after 1 attemps in 1.0151 s (processed 1 bases).
Working threads: 16
Using NTL types.
Activating EXTREME pruning.
Setting pruning parameter to 0.22.
Setting candidate-queue size to 10240.
Setting parallel-enum threshold to dimension 15.
Disabling usage of Gauss heuristic
Enabling BKZ-auto-height adaption.
Setting bkz-height to 2.
Setting pre-beta to 24.
Setting parallel-BKZ instances to 4.
Setting randomized trials to 4.
Read conf file at penum.conf
Setting prebeta parameter to 20.
Setting pruning parameter to 0.02.
Delta: 0.85
Beta: 0
Mode: 1
Candidate Height: 10
Target length: 2109
No. of threads in ENUM: 16
Trying to read: ./inppap/svpc-e1-d66-6880.txt
Read a basis of dimension: 66 / 66 with |b_0| = 0.4614636924e199
Starting procedure
Preparing preprocessing of 4 threads.
Thread 0 is BKZ-0 reducing basis
Thread 1 is BKZ-0 reducing basis
Thread 3 is BKZ-0 reducing basis
Thread 2 is BKZ-0 reducing basis
|b_0| of BKZ-20/0 reduced basis of thread 0 is: 2437.831208(0.508433s [0.500806 s / -1s ]).
|b_0| of BKZ-20/0 reduced basis of thread 2 is: 2522.382406(0.786485s [0.773477 s / -1s ]).
|b_0| of BKZ-20/0 reduced basis of thread 1 is: 2618.30976(0.801374s [0.789533 s / -1s ]).
|b_0| of BKZ-20/0 reduced basis of thread 3 is: 2404.34253(0.832893s [0.819643 s / -1s ]).
Time for preprocessing: 0.842243 seconds.
Processing base of thread 0
Executing ENUM with target length 2109
A: 4.4479e+06
Special fplll pruning func
Searching candidates in depth 10
Enumerating with 16 threads.
Special fplll pruning func
Found new minumun (length: 2108) -16   -2   11  -36    0  -10  -16    1   -6   11  -22    9    3   -5   -6    7    7   -9   -6    6    5   -3   -4    5   -2   -3    0    5    2    0    1    1    3   -1    4    1   -2    1    0   -2   -2    3   -1    1   -2    0   -1    0    1   -1    1    1    1    1    0    0    0    0   -1    0    0    1    1    0    0    0    0    0 
Special fplll pruning func
Processed 790 candidate-subtrees.
coefficients: [ -16 -2 11 -36 -0 -10 -16 1 -6 11 -22 9 3 -5 -6 7 7 -9 -6 6 5 -3 -4 5 -2 -3 -0 5 2 -0 1 1 3 -1 4 1 -2 1 -0 -2 -2 3 -1 1 -2 -0 -1 -0 1 -1 1 1 1 1 0 0 -0 -0 -1 -0 0 1 1 0 0 0 ]
Shortest Vector: [380 269 97 115 -403 -378 70 -236 -146 159 -5 236 -580 -55 368 35 35 68 22 36 537 -271 316 -128 229 -248 -187 158 207 -444 -259 -223 -345 -70 176 -230 -1 -248 -554 -196 -349 -176 542 -92 -285 -132 -81 -375 200 -164 -13 -265 82 221 234 -430 115 86 305 97 391 82 95 -133 435 30 ]
Len: 2108.9

Runtime of standard enumeration: 0.12878 s.
Finishing after 1 attemps in 1.0365 s (processed 1 bases).
Working threads: 16
Using NTL types.
Activating EXTREME pruning.
Setting pruning parameter to 0.22.
Setting candidate-queue size to 10240.
Setting parallel-enum threshold to dimension 15.
Disabling usage of Gauss heuristic
Enabling BKZ-auto-height adaption.
Setting bkz-height to 2.
Setting pre-beta to 24.
Setting parallel-BKZ instances to 4.
Setting randomized trials to 4.
Read conf file at penum.conf
Setting prebeta parameter to 20.
Setting pruning parameter to 0.02.
Delta: 0.85
Beta: 0
Mode: 1
Candidate Height: 10
Target length: 2109
No. of threads in ENUM: 16
Trying to read: ./inppap/svpc-e1-d66-6880.txt
Read a basis of dimension: 66 / 66 with |b_0| = 0.4614636924e199
Starting procedure
Preparing preprocessing of 4 threads.
Thread 0 is BKZ-0 reducing basis
Thread 3 is BKZ-0 reducing basis
Thread 1 is BKZ-0 reducing basis
Thread 2 is BKZ-0 reducing basis
|b_0| of BKZ-20/0 reduced basis of thread 0 is: 2437.831208(0.54189s [0.533985 s / -1s ]).
|b_0| of BKZ-20/0 reduced basis of thread 2 is: 2689.056898(0.733377s [0.722103 s / -1s ]).
|b_0| of BKZ-20/0 reduced basis of thread 3 is: 2529.004745(0.808182s [0.797005 s / -1s ]).
|b_0| of BKZ-20/0 reduced basis of thread 1 is: 2646.277196(0.81143s [0.799959 s / -1s ]).
Time for preprocessing: 0.820506 seconds.
Processing base of thread 0
Executing ENUM with target length 2109
A: 4.4479e+06
Special fplll pruning func
Searching candidates in depth 10
Enumerating with 16 threads.
Special fplll pruning func
Found new minumun (length: 2108) -16   -2   11  -36    0  -10  -16    1   -6   11  -22    9    3   -5   -6    7    7   -9   -6    6    5   -3   -4    5   -2   -3    0    5    2    0    1    1    3   -1    4    1   -2    1    0   -2   -2    3   -1    1   -2    0   -1    0    1   -1    1    1    1    1    0    0    0    0   -1    0    0    1    1    0    0    0    0    0 
Special fplll pruning func
Processed 790 candidate-subtrees.
coefficients: [ -16 -2 11 -36 -0 -10 -16 1 -6 11 -22 9 3 -5 -6 7 7 -9 -6 6 5 -3 -4 5 -2 -3 -0 5 2 -0 1 1 3 -1 4 1 -2 1 -0 -2 -2 3 -1 1 -2 -0 -1 -0 1 -1 1 1 1 1 0 0 -0 -0 -1 -0 0 1 1 0 0 0 ]
Shortest Vector: [380 269 97 115 -403 -378 70 -236 -146 159 -5 236 -580 -55 368 35 35 68 22 36 537 -271 316 -128 229 -248 -187 158 207 -444 -259 -223 -345 -70 176 -230 -1 -248 -554 -196 -349 -176 542 -92 -285 -132 -81 -375 200 -164 -13 -265 82 221 234 -430 115 86 305 97 391 82 95 -133 435 30 ]
Len: 2108.9

Runtime of standard enumeration: 0.12762 s.
Finishing after 1 attemps in 1.0135 s (processed 1 bases).
Working threads: 16
Using NTL types.
Activating EXTREME pruning.
Setting pruning parameter to 0.22.
Setting candidate-queue size to 10240.
Setting parallel-enum threshold to dimension 15.
Disabling usage of Gauss heuristic
Enabling BKZ-auto-height adaption.
Setting bkz-height to 2.
Setting pre-beta to 24.
Setting parallel-BKZ instances to 4.
Setting randomized trials to 4.
Read conf file at penum.conf
Setting prebeta parameter to 20.
Setting pruning parameter to 0.02.
Delta: 0.85
Beta: 0
Mode: 1
Candidate Height: 10
Target length: 2109
No. of threads in ENUM: 16
Trying to read: ./inppap/svpc-e1-d66-6880.txt
Read a basis of dimension: 66 / 66 with |b_0| = 0.4614636924e199
Starting procedure
Preparing preprocessing of 4 threads.
Thread 0 is BKZ-0 reducing basis
Thread 1 is BKZ-0 reducing basis
Thread 3 is BKZ-0 reducing basis
Thread 2 is BKZ-0 reducing basis
|b_0| of BKZ-20/0 reduced basis of thread 0 is: 2437.831208(0.501259s [0.493493 s / -1s ]).
|b_0| of BKZ-20/0 reduced basis of thread 2 is: 2724.5618(0.718371s [0.707331 s / -1s ]).
|b_0| of BKZ-20/0 reduced basis of thread 3 is: 2696.639019(0.750253s [0.73648 s / -1s ]).
|b_0| of BKZ-20/0 reduced basis of thread 1 is: 2586.197208(0.798352s [0.784003 s / -1s ]).
Time for preprocessing: 0.807162 seconds.
Processing base of thread 0
Executing ENUM with target length 2109
A: 4.4479e+06
Special fplll pruning func
Searching candidates in depth 10
Enumerating with 16 threads.
Special fplll pruning func
Found new minumun (length: 2108) -16   -2   11  -36    0  -10  -16    1   -6   11  -22    9    3   -5   -6    7    7   -9   -6    6    5   -3   -4    5   -2   -3    0    5    2    0    1    1    3   -1    4    1   -2    1    0   -2   -2    3   -1    1   -2    0   -1    0    1   -1    1    1    1    1    0    0    0    0   -1    0    0    1    1    0    0    0    0    0 
Special fplll pruning func
Processed 789 candidate-subtrees.
coefficients: [ -16 -2 11 -36 -0 -10 -16 1 -6 11 -22 9 3 -5 -6 7 7 -9 -6 6 5 -3 -4 5 -2 -3 -0 5 2 -0 1 1 3 -1 4 1 -2 1 -0 -2 -2 3 -1 1 -2 -0 -1 -0 1 -1 1 1 1 1 0 0 -0 -0 -1 -0 0 1 1 0 0 0 ]
Shortest Vector: [380 269 97 115 -403 -378 70 -236 -146 159 -5 236 -580 -55 368 35 35 68 22 36 537 -271 316 -128 229 -248 -187 158 207 -444 -259 -223 -345 -70 176 -230 -1 -248 -554 -196 -349 -176 542 -92 -285 -132 -81 -375 200 -164 -13 -265 82 221 234 -430 115 86 305 97 391 82 95 -133 435 30 ]
Len: 2108.9

Runtime of standard enumeration: 0.13078 s.
Finishing after 1 attemps in 1.0063 s (processed 1 bases).
Working threads: 16
Using NTL types.
Activating EXTREME pruning.
Setting pruning parameter to 0.22.
Setting candidate-queue size to 10240.
Setting parallel-enum threshold to dimension 15.
Disabling usage of Gauss heuristic
Enabling BKZ-auto-height adaption.
Setting bkz-height to 2.
Setting pre-beta to 24.
Setting parallel-BKZ instances to 4.
Setting randomized trials to 4.
Read conf file at penum.conf
Setting prebeta parameter to 20.
Setting pruning parameter to 0.02.
Delta: 0.85
Beta: 0
Mode: 1
Candidate Height: 10
Target length: 2109
No. of threads in ENUM: 16
Trying to read: ./inppap/svpc-e1-d66-6880.txt
Read a basis of dimension: 66 / 66 with |b_0| = 0.4614636924e199
Starting procedure
Preparing preprocessing of 4 threads.
Thread 0 is BKZ-0 reducing basis
Thread 3 is BKZ-0 reducing basis
Thread 2 is BKZ-0 reducing basis
Thread 1 is BKZ-0 reducing basis
|b_0| of BKZ-20/0 reduced basis of thread 0 is: 2437.831208(0.508222s [0.499974 s / -1s ]).
|b_0| of BKZ-20/0 reduced basis of thread 2 is: 2804.71585(0.770966s [0.758521 s / -1s ]).
|b_0| of BKZ-20/0 reduced basis of thread 3 is: 2724.60621(0.804657s [0.790495 s / -1s ]).
|b_0| of BKZ-20/0 reduced basis of thread 1 is: 2253.333752(0.805793s [0.792226 s / -1s ]).
Time for preprocessing: 0.814437 seconds.
Processing base of thread 0
Executing ENUM with target length 2109
A: 4.4479e+06
Special fplll pruning func
Searching candidates in depth 10
Enumerating with 16 threads.
Special fplll pruning func
Found new minumun (length: 2108) -16   -2   11  -36    0  -10  -16    1   -6   11  -22    9    3   -5   -6    7    7   -9   -6    6    5   -3   -4    5   -2   -3    0    5    2    0    1    1    3   -1    4    1   -2    1    0   -2   -2    3   -1    1   -2    0   -1    0    1   -1    1    1    1    1    0    0    0    0   -1    0    0    1    1    0    0    0    0    0 
Special fplll pruning func
Processed 790 candidate-subtrees.
coefficients: [ -16 -2 11 -36 -0 -10 -16 1 -6 11 -22 9 3 -5 -6 7 7 -9 -6 6 5 -3 -4 5 -2 -3 -0 5 2 -0 1 1 3 -1 4 1 -2 1 -0 -2 -2 3 -1 1 -2 -0 -1 -0 1 -1 1 1 1 1 0 0 -0 -0 -1 -0 0 1 1 0 0 0 ]
Shortest Vector: [380 269 97 115 -403 -378 70 -236 -146 159 -5 236 -580 -55 368 35 35 68 22 36 537 -271 316 -128 229 -248 -187 158 207 -444 -259 -223 -345 -70 176 -230 -1 -248 -554 -196 -349 -176 542 -92 -285 -132 -81 -375 200 -164 -13 -265 82 221 234 -430 115 86 305 97 391 82 95 -133 435 30 ]
Len: 2108.9

Runtime of standard enumeration: 0.12717 s.
Finishing after 1 attemps in 1.0102 s (processed 1 bases).
Working threads: 16
Using NTL types.
Activating EXTREME pruning.
Setting pruning parameter to 0.22.
Setting candidate-queue size to 10240.
Setting parallel-enum threshold to dimension 15.
Disabling usage of Gauss heuristic
Enabling BKZ-auto-height adaption.
Setting bkz-height to 2.
Setting pre-beta to 24.
Setting parallel-BKZ instances to 4.
Setting randomized trials to 4.
Read conf file at penum.conf
Setting prebeta parameter to 20.
Setting pruning parameter to 0.02.
Delta: 0.85
Beta: 0
Mode: 1
Candidate Height: 10
Target length: 2109
No. of threads in ENUM: 16
Trying to read: ./inppap/svpc-e1-d66-6880.txt
Read a basis of dimension: 66 / 66 with |b_0| = 0.4614636924e199
Starting procedure
Preparing preprocessing of 4 threads.
Thread 0 is BKZ-0 reducing basis
Thread 1 is BKZ-0 reducing basis
Thread 2 is BKZ-0 reducing basis
Thread 3 is BKZ-0 reducing basis
|b_0| of BKZ-20/0 reduced basis of thread 0 is: 2437.831208(0.521465s [0.51375 s / -1s ]).
|b_0| of BKZ-20/0 reduced basis of thread 2 is: 2623.19233(0.752808s [0.740942 s / -1s ]).
|b_0| of BKZ-20/0 reduced basis of thread 3 is: 2779.281382(0.780547s [0.768394 s / -1s ]).
|b_0| of BKZ-20/0 reduced basis of thread 1 is: 2679.928544(0.819561s [0.807362 s / -1s ]).
Time for preprocessing: 0.828439 seconds.
Processing base of thread 0
Executing ENUM with target length 2109
A: 4.4479e+06
Special fplll pruning func
Searching candidates in depth 10
Enumerating with 16 threads.
Special fplll pruning func
Found new minumun (length: 2108) -16   -2   11  -36    0  -10  -16    1   -6   11  -22    9    3   -5   -6    7    7   -9   -6    6    5   -3   -4    5   -2   -3    0    5    2    0    1    1    3   -1    4    1   -2    1    0   -2   -2    3   -1    1   -2    0   -1    0    1   -1    1    1    1    1    0    0    0    0   -1    0    0    1    1    0    0    0    0    0 
Special fplll pruning func
Processed 789 candidate-subtrees.
coefficients: [ -16 -2 11 -36 -0 -10 -16 1 -6 11 -22 9 3 -5 -6 7 7 -9 -6 6 5 -3 -4 5 -2 -3 -0 5 2 -0 1 1 3 -1 4 1 -2 1 -0 -2 -2 3 -1 1 -2 -0 -1 -0 1 -1 1 1 1 1 0 0 -0 -0 -1 -0 0 1 1 0 0 0 ]
Shortest Vector: [380 269 97 115 -403 -378 70 -236 -146 159 -5 236 -580 -55 368 35 35 68 22 36 537 -271 316 -128 229 -248 -187 158 207 -444 -259 -223 -345 -70 176 -230 -1 -248 -554 -196 -349 -176 542 -92 -285 -132 -81 -375 200 -164 -13 -265 82 221 234 -430 115 86 305 97 391 82 95 -133 435 30 ]
Len: 2108.9

Runtime of standard enumeration: 0.12684 s.
Finishing after 1 attemps in 1.022 s (processed 1 bases).
