Working threads: 16
Using NTL types.
Activating EXTREME pruning.
Setting pruning parameter to 0.22.
Setting candidate-queue size to 10240.
Setting parallel-enum threshold to dimension 15.
Disabling usage of Gauss heuristic
Enabling BKZ-auto-height adaption.
Setting bkz-height to 2.
Setting pre-beta to 24.
Setting parallel-BKZ instances to 6.
Setting randomized trials to 4.
Read conf file at penum.conf
Setting prebeta parameter to 20.
Setting pruning parameter to 0.02.
Delta: 0.85
Beta: 0
Mode: 1
Candidate Height: 10
Target length: 2118
No. of threads in ENUM: 16
Trying to read: ./inppap/svpc-e1-d66-98937.txt
Read a basis of dimension: 66 / 66 with |b_0| = 0.4348988188e199
Starting procedure
Preparing preprocessing of 6 threads.
Thread 0 is BKZ-0 reducing basis
Thread 1 is BKZ-0 reducing basis
Thread Thread 5 is BKZ-0 reducing basis
2 is BKZ-0 reducing basis
Thread 4 is BKZ-0 reducing basis
Thread 3 is BKZ-0 reducing basis
|b_0| of BKZ-20/0 reduced basis of thread 0 is: 2515.03996(0.720725s [0.696642 s / -1s ]).
|b_0| of BKZ-20/0 reduced basis of thread 4 is: 2449.795706(0.827506s [0.772393 s / -1s ]).
|b_0| of BKZ-20/0 reduced basis of thread 5 is: 2678.5203(0.887866s [0.826391 s / -1s ]).
|b_0| of BKZ-20/0 reduced basis of thread 2 is: 2598.613092(0.888605s [0.82588 s / -1s ]).
|b_0| of BKZ-20/0 reduced basis of thread 3 is: 2512.637658(0.917403s [0.860275 s / -1s ]).
|b_0| of BKZ-20/0 reduced basis of thread 1 is: 2516.96027(0.924156s [0.867345 s / -1s ]).
Time for preprocessing: 0.991153 seconds.
Processing base of thread 0
Executing ENUM with target length 2118
A: 4.4859e+06
Special fplll pruning func
Searching candidates in depth 10
Enumerating with 16 threads.
Processed 10976 candidate-subtrees.
coefficients: [ 0 0 0 0 0 0 0 0 0 0 0 0 0 0 0 0 0 0 0 0 0 0 0 0 0 0 0 0 0 0 0 0 0 0 0 0 0 0 0 0 0 0 0 0 0 0 0 0 0 0 0 0 0 0 0 0 0 0 0 0 0 0 0 0 0 0 ]
Shortest Vector: [0 0 0 0 0 0 0 0 0 0 0 0 0 0 0 0 0 0 0 0 0 0 0 0 0 0 0 0 0 0 0 0 0 0 0 0 0 0 0 0 0 0 0 0 0 0 0 0 0 0 0 0 0 0 0 0 0 0 0 0 0 0 0 0 0 0 ]
Len: 0

Runtime of standard enumeration: 0.18711 s.
Processing base of thread 1
Executing ENUM with target length 2118
A: 4.4859e+06
Special fplll pruning func
Searching candidates in depth 10
Enumerating with 16 threads.
Special fplll pruning func
Found new minumun (length: 2117)  29   29   -1   10  -41   -7   -5   21   -7   -8  -22  -14   12  -21    6    1   -4   12   -9  -11   11   -4   -5    4  -12   -6    4    7    6   -5   -2    5    4   -4   -2    3    1    3    1   -1    0   -1    0   -3    2   -3   -1   -2   -2    0   -1    1   -1    0    0    1   -1   -1    2    0    0    1    0    0    1    0    0    0 
Special fplll pruning func
Processed 4723 candidate-subtrees.
coefficients: [ 29 29 -1 10 -41 -7 -5 21 -7 -8 -22 -14 12 -21 6 1 -4 12 -9 -11 11 -4 -5 4 -12 -6 4 7 6 -5 -2 5 4 -4 -2 3 1 3 1 -1 -0 -1 -0 -3 2 -3 -1 -2 -2 -0 -1 1 -1 -0 -0 1 -1 -1 2 -0 0 1 -0 -0 1 0 ]
Shortest Vector: [357 -225 -323 -321 28 -590 -18 474 139 256 -315 201 480 146 -32 33 -148 328 -714 251 195 240 231 -274 -10 -277 163 -447 201 91 61 116 57 -217 -247 -99 -9 -257 440 -138 -145 433 -123 79 -27 166 -27 133 301 264 -4 -76 -233 68 388 191 323 -6 -258 -234 176 -13 391 461 -153 -122 ]
Len: 2117.1

Runtime of standard enumeration: 0.25931 s.
Finishing after 1 attemps in 1.5726 s (processed 2 bases).
Working threads: 16
Using NTL types.
Activating EXTREME pruning.
Setting pruning parameter to 0.22.
Setting candidate-queue size to 10240.
Setting parallel-enum threshold to dimension 15.
Disabling usage of Gauss heuristic
Enabling BKZ-auto-height adaption.
Setting bkz-height to 2.
Setting pre-beta to 24.
Setting parallel-BKZ instances to 6.
Setting randomized trials to 4.
Read conf file at penum.conf
Setting prebeta parameter to 20.
Setting pruning parameter to 0.02.
Delta: 0.85
Beta: 0
Mode: 1
Candidate Height: 10
Target length: 2118
No. of threads in ENUM: 16
Trying to read: ./inppap/svpc-e1-d66-98937.txt
Read a basis of dimension: 66 / 66 with |b_0| = 0.4348988188e199
Starting procedure
Preparing preprocessing of 6 threads.
Thread 0 is BKZ-0 reducing basis
Thread 3 is BKZ-0 reducing basis
Thread 5 is BKZ-0 reducing basis
Thread 4 is BKZ-0 reducing basis
Thread 1 is BKZ-0 reducing basis
Thread 2 is BKZ-0 reducing basis
|b_0| of BKZ-20/0 reduced basis of thread 0 is: 2515.03996(0.567602s [0.558546 s / -1s ]).
|b_0| of BKZ-20/0 reduced basis of thread 1 is: 2504.447244(0.771112s [0.750131 s / -1s ]).
|b_0| of BKZ-20/0 reduced basis of thread 2 is: 2598.240366(0.808229s [0.787897 s / -1s ]).
|b_0| of BKZ-20/0 reduced basis of thread 3 is: 2846.837192(0.814243s [0.793129 s / -1s ]).
|b_0| of BKZ-20/0 reduced basis of thread 5 is: 2543.322827(0.831477s [0.810003 s / -1s ]).
|b_0| of BKZ-20/0 reduced basis of thread 4 is: 2762.673343(0.853143s [0.832934 s / -1s ]).
Time for preprocessing: 0.860748 seconds.
Processing base of thread 0
Executing ENUM with target length 2118
A: 4.4859e+06
Special fplll pruning func
Searching candidates in depth 10
Enumerating with 16 threads.
Processed 10976 candidate-subtrees.
coefficients: [ 0 0 0 0 0 0 0 0 0 0 0 0 0 0 0 0 0 0 0 0 0 0 0 0 0 0 0 0 0 0 0 0 0 0 0 0 0 0 0 0 0 0 0 0 0 0 0 0 0 0 0 0 0 0 0 0 0 0 0 0 0 0 0 0 0 0 ]
Shortest Vector: [0 0 0 0 0 0 0 0 0 0 0 0 0 0 0 0 0 0 0 0 0 0 0 0 0 0 0 0 0 0 0 0 0 0 0 0 0 0 0 0 0 0 0 0 0 0 0 0 0 0 0 0 0 0 0 0 0 0 0 0 0 0 0 0 0 0 ]
Len: 0

Runtime of standard enumeration: 0.17234 s.
Processing base of thread 1
Executing ENUM with target length 2118
A: 4.4859e+06
Special fplll pruning func
Searching candidates in depth 10
Enumerating with 16 threads.
Processed 16764 candidate-subtrees.
coefficients: [ 0 0 0 0 0 0 0 0 0 0 0 0 0 0 0 0 0 0 0 0 0 0 0 0 0 0 0 0 0 0 0 0 0 0 0 0 0 0 0 0 0 0 0 0 0 0 0 0 0 0 0 0 0 0 0 0 0 0 0 0 0 0 0 0 0 0 ]
Shortest Vector: [0 0 0 0 0 0 0 0 0 0 0 0 0 0 0 0 0 0 0 0 0 0 0 0 0 0 0 0 0 0 0 0 0 0 0 0 0 0 0 0 0 0 0 0 0 0 0 0 0 0 0 0 0 0 0 0 0 0 0 0 0 0 0 0 0 0 ]
Len: 0

Runtime of standard enumeration: 0.45708 s.
Processing base of thread 2
Executing ENUM with target length 2118
A: 4.4859e+06
Special fplll pruning func
Searching candidates in depth 10
Enumerating with 16 threads.
Special fplll pruning func
Found new minumun (length: 2117)  -4  -22  -10   22    7   24   15  -18   27    9   11   -7   -7   -3   -2    4   -2   -8  -11    6   -5   -3    0   -1   -7   -2   -2    6    1    3   -4    4   -6    1    2   -1   -1    0   -2   -4   -1    0   -2    3   -1    1   -1   -2    2    1    0   -1    1    0    0    1    0   -1    1   -1    0    0    0    0    1    0    0    0 
Special fplll pruning func
Processed 5084 candidate-subtrees.
coefficients: [ -4 -22 -10 22 7 24 15 -18 27 9 11 -7 -7 -3 -2 4 -2 -8 -11 6 -5 -3 -0 -1 -7 -2 -2 6 1 3 -4 4 -6 1 2 -1 -1 -0 -2 -4 -1 -0 -2 3 -1 1 -1 -2 2 1 -0 -1 1 0 -0 1 -0 -1 1 -1 -0 -0 -0 -0 1 0 ]
Shortest Vector: [357 -225 -323 -321 28 -590 -18 474 139 256 -315 201 480 146 -32 33 -148 328 -714 251 195 240 231 -274 -10 -277 163 -447 201 91 61 116 57 -217 -247 -99 -9 -257 440 -138 -145 433 -123 79 -27 166 -27 133 301 264 -4 -76 -233 68 388 191 323 -6 -258 -234 176 -13 391 461 -153 -122 ]
Len: 2117.1

Runtime of standard enumeration: 0.27205 s.
Finishing after 1 attemps in 1.9616 s (processed 3 bases).
Working threads: 16
Using NTL types.
Activating EXTREME pruning.
Setting pruning parameter to 0.22.
Setting candidate-queue size to 10240.
Setting parallel-enum threshold to dimension 15.
Disabling usage of Gauss heuristic
Enabling BKZ-auto-height adaption.
Setting bkz-height to 2.
Setting pre-beta to 24.
Setting parallel-BKZ instances to 6.
Setting randomized trials to 4.
Read conf file at penum.conf
Setting prebeta parameter to 20.
Setting pruning parameter to 0.02.
Delta: 0.85
Beta: 0
Mode: 1
Candidate Height: 10
Target length: 2118
No. of threads in ENUM: 16
Trying to read: ./inppap/svpc-e1-d66-98937.txt
Read a basis of dimension: 66 / 66 with |b_0| = 0.4348988188e199
Starting procedure
Preparing preprocessing of 6 threads.
Thread 0 is BKZ-0 reducing basis
Thread 2 is BKZ-0 reducing basis
Thread 1 is BKZ-0 reducing basis
Thread Thread 45 is BKZ- is BKZ-00 reducing basis reducing basis

Thread 3 is BKZ-0 reducing basis
|b_0| of BKZ-20/0 reduced basis of thread 0 is: 2515.03996(0.54929s [0.540472 s / -1s ]).
|b_0| of BKZ-20/0 reduced basis of thread 4 is: 2548.024136(0.784511s [0.764159 s / -1s ]).
|b_0| of BKZ-20/0 reduced basis of thread 5 is: 2588.731156(0.809283s [0.787447 s / -1s ]).
|b_0| of BKZ-20/0 reduced basis of thread 3 is: 2715.185261(0.824708s [0.807401 s / -1s ]).
|b_0| of BKZ-20/0 reduced basis of thread 1 is: 2441.775788(0.831417s [0.809602 s / -1s ]).
|b_0| of BKZ-20/0 reduced basis of thread 2 is: 2563.542471(0.84237s [0.823929 s / -1s ]).
Time for preprocessing: 0.849944 seconds.
Processing base of thread 0
Executing ENUM with target length 2118
A: 4.4859e+06
Special fplll pruning func
Searching candidates in depth 10
Enumerating with 16 threads.
Processed 10976 candidate-subtrees.
coefficients: [ 0 0 0 0 0 0 0 0 0 0 0 0 0 0 0 0 0 0 0 0 0 0 0 0 0 0 0 0 0 0 0 0 0 0 0 0 0 0 0 0 0 0 0 0 0 0 0 0 0 0 0 0 0 0 0 0 0 0 0 0 0 0 0 0 0 0 ]
Shortest Vector: [0 0 0 0 0 0 0 0 0 0 0 0 0 0 0 0 0 0 0 0 0 0 0 0 0 0 0 0 0 0 0 0 0 0 0 0 0 0 0 0 0 0 0 0 0 0 0 0 0 0 0 0 0 0 0 0 0 0 0 0 0 0 0 0 0 0 ]
Len: 0

Runtime of standard enumeration: 0.17203 s.
Processing base of thread 1
Executing ENUM with target length 2118
A: 4.4859e+06
Special fplll pruning func
Searching candidates in depth 10
Enumerating with 16 threads.
Special fplll pruning func
Found new minumun (length: 2117)  -8   -2   -2   -4    5    0   -5   -3   -2    2    0   -4   -5    6    2   -8    0    2    2    0   -2   -1   -2    3    2    2    1    0    0   -1    0    1    4    0    0    0    1   -2    0   -1    0   -2    0   -1    0    2    0    2    1   -1    1    1    2    0    1    0    0    0    1    0    1    0    1   -1    1    1    0    0 
Special fplll pruning func
Processed 13217 candidate-subtrees.
coefficients: [ -8 -2 -2 -4 5 -0 -5 -3 -2 2 -0 -4 -5 6 2 -8 -0 2 2 -0 -2 -1 -2 3 2 2 1 -0 -0 -1 -0 1 4 -0 -0 -0 1 -2 -0 -1 -0 -2 0 -1 -0 2 -0 2 1 -1 1 1 2 -0 1 0 -0 0 1 -0 1 -0 1 -1 1 1 ]
Shortest Vector: [357 -225 -323 -321 28 -590 -18 474 139 256 -315 201 480 146 -32 33 -148 328 -714 251 195 240 231 -274 -10 -277 163 -447 201 91 61 116 57 -217 -247 -99 -9 -257 440 -138 -145 433 -123 79 -27 166 -27 133 301 264 -4 -76 -233 68 388 191 323 -6 -258 -234 176 -13 391 461 -153 -122 ]
Len: 2117.1

Runtime of standard enumeration: 0.36922 s.
Finishing after 1 attemps in 1.5315 s (processed 2 bases).
Working threads: 16
Using NTL types.
Activating EXTREME pruning.
Setting pruning parameter to 0.22.
Setting candidate-queue size to 10240.
Setting parallel-enum threshold to dimension 15.
Disabling usage of Gauss heuristic
Enabling BKZ-auto-height adaption.
Setting bkz-height to 2.
Setting pre-beta to 24.
Setting parallel-BKZ instances to 6.
Setting randomized trials to 4.
Read conf file at penum.conf
Setting prebeta parameter to 20.
Setting pruning parameter to 0.02.
Delta: 0.85
Beta: 0
Mode: 1
Candidate Height: 10
Target length: 2118
No. of threads in ENUM: 16
Trying to read: ./inppap/svpc-e1-d66-98937.txt
Read a basis of dimension: 66 / 66 with |b_0| = 0.4348988188e199
Starting procedure
Preparing preprocessing of 6 threads.
Thread 0 is BKZ-0 reducing basis
Thread 5 is BKZ-0 reducing basis
Thread 3 is BKZ-0 reducing basis
Thread 4 is BKZ-0 reducing basis
Thread 2 is BKZ-0 reducing basis
Thread 1 is BKZ-0 reducing basis
|b_0| of BKZ-20/0 reduced basis of thread 0 is: 2515.03996(0.558719s [0.550278 s / -1s ]).
|b_0| of BKZ-20/0 reduced basis of thread 3 is: 2645.413011(0.728906s [0.710699 s / -1s ]).
|b_0| of BKZ-20/0 reduced basis of thread 2 is: 2540.774488(0.788s [0.769313 s / -1s ]).
|b_0| of BKZ-20/0 reduced basis of thread 4 is: 2266.307128(0.816782s [0.797235 s / -1s ]).
|b_0| of BKZ-20/0 reduced basis of thread 5 is: 2706.923346(0.826876s [0.812449 s / -1s ]).
|b_0| of BKZ-20/0 reduced basis of thread 1 is: 2266.840091(0.875939s [0.857476 s / -1s ]).
Time for preprocessing: 0.884863 seconds.
Processing base of thread 0
Executing ENUM with target length 2118
A: 4.4859e+06
Special fplll pruning func
Searching candidates in depth 10
Enumerating with 16 threads.
Processed 10976 candidate-subtrees.
coefficients: [ 0 0 0 0 0 0 0 0 0 0 0 0 0 0 0 0 0 0 0 0 0 0 0 0 0 0 0 0 0 0 0 0 0 0 0 0 0 0 0 0 0 0 0 0 0 0 0 0 0 0 0 0 0 0 0 0 0 0 0 0 0 0 0 0 0 0 ]
Shortest Vector: [0 0 0 0 0 0 0 0 0 0 0 0 0 0 0 0 0 0 0 0 0 0 0 0 0 0 0 0 0 0 0 0 0 0 0 0 0 0 0 0 0 0 0 0 0 0 0 0 0 0 0 0 0 0 0 0 0 0 0 0 0 0 0 0 0 0 ]
Len: 0

Runtime of standard enumeration: 0.16769 s.
Processing base of thread 1
Executing ENUM with target length 2118
A: 4.4859e+06
Special fplll pruning func
Searching candidates in depth 10
Enumerating with 16 threads.
Special fplll pruning func
Found new minumun (length: 2117)   6   -3   -2   10   -5    0    1    3    2   -6    0    3    4    0   -3   -6   -2   -4   -2   -3   -3    1    0    1   -1    3    1   -1    2    1    1    2    2    1    0    0    3    0   -2    1    0   -1   -1    1    0    1    1   -1    0    1    0   -1    0    0   -1    1   -1    1    2    0    0    1    0    1   -1    0    0    0 
Special fplll pruning func
Processed 8676 candidate-subtrees.
coefficients: [ 6 -3 -2 10 -5 -0 1 3 2 -6 -0 3 4 -0 -3 -6 -2 -4 -2 -3 -3 1 -0 1 -1 3 1 -1 2 1 1 2 2 1 -0 -0 3 0 -2 1 -0 -1 -1 1 -0 1 1 -1 -0 1 -0 -1 -0 -0 -1 1 -1 1 2 0 -0 1 -0 1 -1 0 ]
Shortest Vector: [-357 225 323 321 -28 590 18 -474 -139 -256 315 -201 -480 -146 32 -33 148 -328 714 -251 -195 -240 -231 274 10 277 -163 447 -201 -91 -61 -116 -57 217 247 99 9 257 -440 138 145 -433 123 -79 27 -166 27 -133 -301 -264 4 76 233 -68 -388 -191 -323 6 258 234 -176 13 -391 -461 153 122 ]
Len: 2117.1

Runtime of standard enumeration: 0.15554 s.
Finishing after 1 attemps in 1.3465 s (processed 2 bases).
Working threads: 16
Using NTL types.
Activating EXTREME pruning.
Setting pruning parameter to 0.22.
Setting candidate-queue size to 10240.
Setting parallel-enum threshold to dimension 15.
Disabling usage of Gauss heuristic
Enabling BKZ-auto-height adaption.
Setting bkz-height to 2.
Setting pre-beta to 24.
Setting parallel-BKZ instances to 6.
Setting randomized trials to 4.
Read conf file at penum.conf
Setting prebeta parameter to 20.
Setting pruning parameter to 0.02.
Delta: 0.85
Beta: 0
Mode: 1
Candidate Height: 10
Target length: 2118
No. of threads in ENUM: 16
Trying to read: ./inppap/svpc-e1-d66-98937.txt
Read a basis of dimension: 66 / 66 with |b_0| = 0.4348988188e199
Starting procedure
Preparing preprocessing of 6 threads.
Thread 0 is BKZ-0 reducing basis
Thread 4 is BKZ-0 reducing basis
Thread 1 is BKZ-0 reducing basis
Thread 5 is BKZ-0 reducing basis
Thread 3 is BKZ-0 reducing basis
Thread 2 is BKZ-0 reducing basis
|b_0| of BKZ-20/0 reduced basis of thread 0 is: 2515.03996(0.563937s [0.555629 s / -1s ]).
|b_0| of BKZ-20/0 reduced basis of thread 1 is: 2699.35233(0.787336s [0.766733 s / -1s ]).
|b_0| of BKZ-20/0 reduced basis of thread 3 is: 2879.122088(0.7918s [0.77144 s / -1s ]).
|b_0| of BKZ-20/0 reduced basis of thread 5 is: 2674.278594(0.820625s [0.799601 s / -1s ]).
|b_0| of BKZ-20/0 reduced basis of thread 2 is: 2501.65865(0.856905s [0.838455 s / -1s ]).
|b_0| of BKZ-20/0 reduced basis of thread 4 is: 2723.704646(0.863794s [0.845482 s / -1s ]).
Time for preprocessing: 0.871185 seconds.
Processing base of thread 0
Executing ENUM with target length 2118
A: 4.4859e+06
Special fplll pruning func
Searching candidates in depth 10
Enumerating with 16 threads.
Processed 10976 candidate-subtrees.
coefficients: [ 0 0 0 0 0 0 0 0 0 0 0 0 0 0 0 0 0 0 0 0 0 0 0 0 0 0 0 0 0 0 0 0 0 0 0 0 0 0 0 0 0 0 0 0 0 0 0 0 0 0 0 0 0 0 0 0 0 0 0 0 0 0 0 0 0 0 ]
Shortest Vector: [0 0 0 0 0 0 0 0 0 0 0 0 0 0 0 0 0 0 0 0 0 0 0 0 0 0 0 0 0 0 0 0 0 0 0 0 0 0 0 0 0 0 0 0 0 0 0 0 0 0 0 0 0 0 0 0 0 0 0 0 0 0 0 0 0 0 ]
Len: 0

Runtime of standard enumeration: 0.18417 s.
Processing base of thread 1
Executing ENUM with target length 2118
A: 4.4859e+06
Special fplll pruning func
Searching candidates in depth 10
Enumerating with 16 threads.
Processed 22477 candidate-subtrees.
coefficients: [ 0 0 0 0 0 0 0 0 0 0 0 0 0 0 0 0 0 0 0 0 0 0 0 0 0 0 0 0 0 0 0 0 0 0 0 0 0 0 0 0 0 0 0 0 0 0 0 0 0 0 0 0 0 0 0 0 0 0 0 0 0 0 0 0 0 0 ]
Shortest Vector: [0 0 0 0 0 0 0 0 0 0 0 0 0 0 0 0 0 0 0 0 0 0 0 0 0 0 0 0 0 0 0 0 0 0 0 0 0 0 0 0 0 0 0 0 0 0 0 0 0 0 0 0 0 0 0 0 0 0 0 0 0 0 0 0 0 0 ]
Len: 0

Runtime of standard enumeration: 0.36101 s.
Processing base of thread 2
Executing ENUM with target length 2118
A: 4.4859e+06
Special fplll pruning func
Searching candidates in depth 10
Enumerating with 16 threads.
Special fplll pruning func
Found new minumun (length: 2117)  -2    3    4   -4   -1    2    4    9   -1    0    0    1   -2    0    3   -1   -1   -2   -2    4   -1   -2    0    3    0    0    2   -1   -2   -3   -2    2   -1   -1    0    0    0    0    0    2    0    2   -1   -1   -1   -1   -2    0    1    1   -1    0    2    0    0    1    1   -1    0    0   -1    0    0   -1    0   -1    0    0 
Special fplll pruning func
Processed 15176 candidate-subtrees.
coefficients: [ -2 3 4 -4 -1 2 4 9 -1 -0 -0 1 -2 -0 3 -1 -1 -2 -2 4 -1 -2 -0 3 -0 -0 2 -1 -2 -3 -2 2 -1 -1 -0 -0 -0 -0 -0 2 -0 2 -1 -1 -1 -1 -2 0 1 1 -1 -0 2 -0 0 1 1 -1 -0 -0 -1 0 0 -1 -0 -1 ]
Shortest Vector: [357 -225 -323 -321 28 -590 -18 474 139 256 -315 201 480 146 -32 33 -148 328 -714 251 195 240 231 -274 -10 -277 163 -447 201 91 61 116 57 -217 -247 -99 -9 -257 440 -138 -145 433 -123 79 -27 166 -27 133 301 264 -4 -76 -233 68 388 191 323 -6 -258 -234 176 -13 391 461 -153 -122 ]
Len: 2117.1

Runtime of standard enumeration: 0.3952 s.
Finishing after 1 attemps in 2.01 s (processed 3 bases).
Working threads: 16
Using NTL types.
Activating EXTREME pruning.
Setting pruning parameter to 0.22.
Setting candidate-queue size to 10240.
Setting parallel-enum threshold to dimension 15.
Disabling usage of Gauss heuristic
Enabling BKZ-auto-height adaption.
Setting bkz-height to 2.
Setting pre-beta to 24.
Setting parallel-BKZ instances to 6.
Setting randomized trials to 4.
Read conf file at penum.conf
Setting prebeta parameter to 20.
Setting pruning parameter to 0.02.
Delta: 0.85
Beta: 0
Mode: 1
Candidate Height: 10
Target length: 2118
No. of threads in ENUM: 16
Trying to read: ./inppap/svpc-e1-d66-98937.txt
Read a basis of dimension: 66 / 66 with |b_0| = 0.4348988188e199
Starting procedure
Preparing preprocessing of 6 threads.
Thread 0 is BKZ-0 reducing basis
Thread 2 is BKZ-0 reducing basis
Thread 1 is BKZ-0 reducing basis
Thread 3 is BKZ-0 reducing basis
Thread 4 is BKZ-0 reducing basis
Thread 5 is BKZ-0 reducing basis
|b_0| of BKZ-20/0 reduced basis of thread 0 is: 2515.03996(0.560867s [0.55235 s / -1s ]).
|b_0| of BKZ-20/0 reduced basis of thread 2 is: 2350.807308(0.790689s [0.772049 s / -1s ]).
|b_0| of BKZ-20/0 reduced basis of thread 5 is: 2477.364527(0.843137s [0.819898 s / -1s ]).
|b_0| of BKZ-20/0 reduced basis of thread 1 is: 2698.850126(0.847095s [0.820083 s / -1s ]).
|b_0| of BKZ-20/0 reduced basis of thread 3 is: 2402.254566(0.85098s [0.825669 s / -1s ]).
|b_0| of BKZ-20/0 reduced basis of thread 4 is: 2603.165957(0.853058s [0.836313 s / -1s ]).
Time for preprocessing: 0.860838 seconds.
Processing base of thread 0
Executing ENUM with target length 2118
A: 4.4859e+06
Special fplll pruning func
Searching candidates in depth 10
Enumerating with 16 threads.
Processed 10976 candidate-subtrees.
coefficients: [ 0 0 0 0 0 0 0 0 0 0 0 0 0 0 0 0 0 0 0 0 0 0 0 0 0 0 0 0 0 0 0 0 0 0 0 0 0 0 0 0 0 0 0 0 0 0 0 0 0 0 0 0 0 0 0 0 0 0 0 0 0 0 0 0 0 0 ]
Shortest Vector: [0 0 0 0 0 0 0 0 0 0 0 0 0 0 0 0 0 0 0 0 0 0 0 0 0 0 0 0 0 0 0 0 0 0 0 0 0 0 0 0 0 0 0 0 0 0 0 0 0 0 0 0 0 0 0 0 0 0 0 0 0 0 0 0 0 0 ]
Len: 0

Runtime of standard enumeration: 0.18094 s.
Processing base of thread 1
Executing ENUM with target length 2118
A: 4.4859e+06
Special fplll pruning func
Searching candidates in depth 10
Enumerating with 16 threads.
Processed 22773 candidate-subtrees.
coefficients: [ 0 0 0 0 0 0 0 0 0 0 0 0 0 0 0 0 0 0 0 0 0 0 0 0 0 0 0 0 0 0 0 0 0 0 0 0 0 0 0 0 0 0 0 0 0 0 0 0 0 0 0 0 0 0 0 0 0 0 0 0 0 0 0 0 0 0 ]
Shortest Vector: [0 0 0 0 0 0 0 0 0 0 0 0 0 0 0 0 0 0 0 0 0 0 0 0 0 0 0 0 0 0 0 0 0 0 0 0 0 0 0 0 0 0 0 0 0 0 0 0 0 0 0 0 0 0 0 0 0 0 0 0 0 0 0 0 0 0 ]
Len: 0

Runtime of standard enumeration: 0.47377 s.
Processing base of thread 2
Executing ENUM with target length 2118
A: 4.4859e+06
Special fplll pruning func
Searching candidates in depth 10
Enumerating with 16 threads.
Processed 19520 candidate-subtrees.
coefficients: [ 0 0 0 0 0 0 0 0 0 0 0 0 0 0 0 0 0 0 0 0 0 0 0 0 0 0 0 0 0 0 0 0 0 0 0 0 0 0 0 0 0 0 0 0 0 0 0 0 0 0 0 0 0 0 0 0 0 0 0 0 0 0 0 0 0 0 ]
Shortest Vector: [0 0 0 0 0 0 0 0 0 0 0 0 0 0 0 0 0 0 0 0 0 0 0 0 0 0 0 0 0 0 0 0 0 0 0 0 0 0 0 0 0 0 0 0 0 0 0 0 0 0 0 0 0 0 0 0 0 0 0 0 0 0 0 0 0 0 ]
Len: 0

Runtime of standard enumeration: 0.4474 s.
Processing base of thread 3
Executing ENUM with target length 2118
A: 4.4859e+06
Special fplll pruning func
Searching candidates in depth 10
Enumerating with 16 threads.
Processed 21261 candidate-subtrees.
coefficients: [ 0 0 0 0 0 0 0 0 0 0 0 0 0 0 0 0 0 0 0 0 0 0 0 0 0 0 0 0 0 0 0 0 0 0 0 0 0 0 0 0 0 0 0 0 0 0 0 0 0 0 0 0 0 0 0 0 0 0 0 0 0 0 0 0 0 0 ]
Shortest Vector: [0 0 0 0 0 0 0 0 0 0 0 0 0 0 0 0 0 0 0 0 0 0 0 0 0 0 0 0 0 0 0 0 0 0 0 0 0 0 0 0 0 0 0 0 0 0 0 0 0 0 0 0 0 0 0 0 0 0 0 0 0 0 0 0 0 0 ]
Len: 0

Runtime of standard enumeration: 0.27891 s.
Processing base of thread 4
Executing ENUM with target length 2118
A: 4.4859e+06
Special fplll pruning func
Searching candidates in depth 10
Enumerating with 16 threads.
Special fplll pruning func
Found new minumun (length: 2117) -12   -2   -6   -3   -9   10    6    3   -3   -6   -8    9   -2   -4    3    3    6   -4   -1    0   -5   -4    6    5   -1    2    0    1    3    5    2   -5   -6   -4   -3    2   -2    2   -1    0   -2   -2   -1    3   -1    1   -1   -1    1    0    0   -1    0    1    0    0    0    0   -1    1   -1    0    0    0    1    0    0    0 
Special fplll pruning func
Processed 4496 candidate-subtrees.
coefficients: [ -12 -2 -6 -3 -9 10 6 3 -3 -6 -8 9 -2 -4 3 3 6 -4 -1 -0 -5 -4 6 5 -1 2 0 1 3 5 2 -5 -6 -4 -3 2 -2 2 -1 -0 -2 -2 -1 3 -1 1 -1 -1 1 -0 -0 -1 -0 1 0 0 -0 0 -1 1 -1 -0 -0 -0 1 0 ]
Shortest Vector: [357 -225 -323 -321 28 -590 -18 474 139 256 -315 201 480 146 -32 33 -148 328 -714 251 195 240 231 -274 -10 -277 163 -447 201 91 61 116 57 -217 -247 -99 -9 -257 440 -138 -145 433 -123 79 -27 166 -27 133 301 264 -4 -76 -233 68 388 191 323 -6 -258 -234 176 -13 391 461 -153 -122 ]
Len: 2117.1

Runtime of standard enumeration: 0.17014 s.
Finishing after 1 attemps in 2.7327 s (processed 5 bases).
Working threads: 16
Using NTL types.
Activating EXTREME pruning.
Setting pruning parameter to 0.22.
Setting candidate-queue size to 10240.
Setting parallel-enum threshold to dimension 15.
Disabling usage of Gauss heuristic
Enabling BKZ-auto-height adaption.
Setting bkz-height to 2.
Setting pre-beta to 24.
Setting parallel-BKZ instances to 6.
Setting randomized trials to 4.
Read conf file at penum.conf
Setting prebeta parameter to 20.
Setting pruning parameter to 0.02.
Delta: 0.85
Beta: 0
Mode: 1
Candidate Height: 10
Target length: 2118
No. of threads in ENUM: 16
Trying to read: ./inppap/svpc-e1-d66-98937.txt
Read a basis of dimension: 66 / 66 with |b_0| = 0.4348988188e199
Starting procedure
Preparing preprocessing of 6 threads.
Thread 0 is BKZ-0 reducing basis
Thread 3 is BKZ-0 reducing basis
Thread 2 is BKZ-0 reducing basis
Thread 5 is BKZ-0 reducing basis
Thread 4 is BKZ-0 reducing basis
Thread 1 is BKZ-0 reducing basis
|b_0| of BKZ-20/0 reduced basis of thread 0 is: 2515.03996(0.554013s [0.544976 s / -1s ]).
|b_0| of BKZ-20/0 reduced basis of thread 1 is: 2554.91859(0.789984s [0.775354 s / -1s ]).
|b_0| of BKZ-20/0 reduced basis of thread 2 is: 2326.604178(0.794284s [0.770675 s / -1s ]).
|b_0| of BKZ-20/0 reduced basis of thread 4 is: 2464.428534(0.807277s [0.788586 s / -1s ]).
|b_0| of BKZ-20/0 reduced basis of thread 3 is: 2520.858782(0.846149s [0.825551 s / -1s ]).
|b_0| of BKZ-20/0 reduced basis of thread 5 is: 2393.31987(0.852883s [0.83251 s / -1s ]).
Time for preprocessing: 0.860594 seconds.
Processing base of thread 0
Executing ENUM with target length 2118
A: 4.4859e+06
Special fplll pruning func
Searching candidates in depth 10
Enumerating with 16 threads.
Processed 10976 candidate-subtrees.
coefficients: [ 0 0 0 0 0 0 0 0 0 0 0 0 0 0 0 0 0 0 0 0 0 0 0 0 0 0 0 0 0 0 0 0 0 0 0 0 0 0 0 0 0 0 0 0 0 0 0 0 0 0 0 0 0 0 0 0 0 0 0 0 0 0 0 0 0 0 ]
Shortest Vector: [0 0 0 0 0 0 0 0 0 0 0 0 0 0 0 0 0 0 0 0 0 0 0 0 0 0 0 0 0 0 0 0 0 0 0 0 0 0 0 0 0 0 0 0 0 0 0 0 0 0 0 0 0 0 0 0 0 0 0 0 0 0 0 0 0 0 ]
Len: 0

Runtime of standard enumeration: 0.17516 s.
Processing base of thread 1
Executing ENUM with target length 2118
A: 4.4859e+06
Special fplll pruning func
Searching candidates in depth 10
Enumerating with 16 threads.
Special fplll pruning func
Found new minumun (length: 2117)   4   -2    6    0    3   -1   -4    3   -4  -10   -6    6   -5    3   -7    4    3    4    0    3   -2    5    3    0    6    1   -3    0    1   -2    0    0    2    1    0   -1    0    1    1   -1    1   -2   -1    1    0   -2    1    2   -1   -1    1   -1   -2    1    0    0    0    1    1    1    0   -1    1    0    0    0    0    0 
Special fplll pruning func
Processed 1555 candidate-subtrees.
coefficients: [ 4 -2 6 -0 3 -1 -4 3 -4 -10 -6 6 -5 3 -7 4 3 4 -0 3 -2 5 3 -0 6 1 -3 -0 1 -2 -0 -0 2 1 -0 -1 -0 1 1 -1 1 -2 -1 1 -0 -2 1 2 -1 -1 1 -1 -2 1 0 0 -0 1 1 1 -0 -1 1 0 0 0 ]
Shortest Vector: [-357 225 323 321 -28 590 18 -474 -139 -256 315 -201 -480 -146 32 -33 148 -328 714 -251 -195 -240 -231 274 10 277 -163 447 -201 -91 -61 -116 -57 217 247 99 9 257 -440 138 145 -433 123 -79 27 -166 27 -133 -301 -264 4 76 233 -68 -388 -191 -323 6 258 234 -176 13 -391 -461 153 122 ]
Len: 2117.1

Runtime of standard enumeration: 0.22724 s.
Finishing after 1 attemps in 1.4007 s (processed 2 bases).
Working threads: 16
Using NTL types.
Activating EXTREME pruning.
Setting pruning parameter to 0.22.
Setting candidate-queue size to 10240.
Setting parallel-enum threshold to dimension 15.
Disabling usage of Gauss heuristic
Enabling BKZ-auto-height adaption.
Setting bkz-height to 2.
Setting pre-beta to 24.
Setting parallel-BKZ instances to 6.
Setting randomized trials to 4.
Read conf file at penum.conf
Setting prebeta parameter to 20.
Setting pruning parameter to 0.02.
Delta: 0.85
Beta: 0
Mode: 1
Candidate Height: 10
Target length: 2118
No. of threads in ENUM: 16
Trying to read: ./inppap/svpc-e1-d66-98937.txt
Read a basis of dimension: 66 / 66 with |b_0| = 0.4348988188e199
Starting procedure
Preparing preprocessing of 6 threads.
Thread 0 is BKZ-0 reducing basis
Thread 5 is BKZ-0 reducing basis
Thread 2 is BKZ-0 reducing basis
Thread 3 is BKZ-0 reducing basis
Thread 4 is BKZ-0 reducing basis
Thread 1 is BKZ-0 reducing basis
|b_0| of BKZ-20/0 reduced basis of thread 0 is: 2515.03996(0.565022s [0.556194 s / -1s ]).
|b_0| of BKZ-20/0 reduced basis of thread 4 is: 2483.764884(0.794671s [0.776278 s / -1s ]).
|b_0| of BKZ-20/0 reduced basis of thread 2 is: 2430.640039(0.825491s [0.804434 s / -1s ]).
|b_0| of BKZ-20/0 reduced basis of thread 1 is: 2454.865577(0.833237s [0.815868 s / -1s ]).
|b_0| of BKZ-20/0 reduced basis of thread 3 is: 2669.835388(0.8363s [0.809218 s / -1s ]).
|b_0| of BKZ-20/0 reduced basis of thread 5 is: 2512.251978(0.837386s [0.811523 s / -1s ]).
Time for preprocessing: 0.84718 seconds.
Processing base of thread 0
Executing ENUM with target length 2118
A: 4.4859e+06
Special fplll pruning func
Searching candidates in depth 10
Enumerating with 16 threads.
Processed 10976 candidate-subtrees.
coefficients: [ 0 0 0 0 0 0 0 0 0 0 0 0 0 0 0 0 0 0 0 0 0 0 0 0 0 0 0 0 0 0 0 0 0 0 0 0 0 0 0 0 0 0 0 0 0 0 0 0 0 0 0 0 0 0 0 0 0 0 0 0 0 0 0 0 0 0 ]
Shortest Vector: [0 0 0 0 0 0 0 0 0 0 0 0 0 0 0 0 0 0 0 0 0 0 0 0 0 0 0 0 0 0 0 0 0 0 0 0 0 0 0 0 0 0 0 0 0 0 0 0 0 0 0 0 0 0 0 0 0 0 0 0 0 0 0 0 0 0 ]
Len: 0

Runtime of standard enumeration: 0.17044 s.
Processing base of thread 1
Executing ENUM with target length 2118
A: 4.4859e+06
Special fplll pruning func
Searching candidates in depth 10
Enumerating with 16 threads.
Processed 29831 candidate-subtrees.
coefficients: [ 0 0 0 0 0 0 0 0 0 0 0 0 0 0 0 0 0 0 0 0 0 0 0 0 0 0 0 0 0 0 0 0 0 0 0 0 0 0 0 0 0 0 0 0 0 0 0 0 0 0 0 0 0 0 0 0 0 0 0 0 0 0 0 0 0 0 ]
Shortest Vector: [0 0 0 0 0 0 0 0 0 0 0 0 0 0 0 0 0 0 0 0 0 0 0 0 0 0 0 0 0 0 0 0 0 0 0 0 0 0 0 0 0 0 0 0 0 0 0 0 0 0 0 0 0 0 0 0 0 0 0 0 0 0 0 0 0 0 ]
Len: 0

Runtime of standard enumeration: 0.62618 s.
Processing base of thread 2
Executing ENUM with target length 2118
A: 4.4859e+06
Special fplll pruning func
Searching candidates in depth 10
Enumerating with 16 threads.
Processed 16388 candidate-subtrees.
coefficients: [ 0 0 0 0 0 0 0 0 0 0 0 0 0 0 0 0 0 0 0 0 0 0 0 0 0 0 0 0 0 0 0 0 0 0 0 0 0 0 0 0 0 0 0 0 0 0 0 0 0 0 0 0 0 0 0 0 0 0 0 0 0 0 0 0 0 0 ]
Shortest Vector: [0 0 0 0 0 0 0 0 0 0 0 0 0 0 0 0 0 0 0 0 0 0 0 0 0 0 0 0 0 0 0 0 0 0 0 0 0 0 0 0 0 0 0 0 0 0 0 0 0 0 0 0 0 0 0 0 0 0 0 0 0 0 0 0 0 0 ]
Len: 0

Runtime of standard enumeration: 0.32673 s.
Processing base of thread 3
Executing ENUM with target length 2118
A: 4.4859e+06
Special fplll pruning func
Searching candidates in depth 10
Enumerating with 16 threads.
Processed 30117 candidate-subtrees.
coefficients: [ 0 0 0 0 0 0 0 0 0 0 0 0 0 0 0 0 0 0 0 0 0 0 0 0 0 0 0 0 0 0 0 0 0 0 0 0 0 0 0 0 0 0 0 0 0 0 0 0 0 0 0 0 0 0 0 0 0 0 0 0 0 0 0 0 0 0 ]
Shortest Vector: [0 0 0 0 0 0 0 0 0 0 0 0 0 0 0 0 0 0 0 0 0 0 0 0 0 0 0 0 0 0 0 0 0 0 0 0 0 0 0 0 0 0 0 0 0 0 0 0 0 0 0 0 0 0 0 0 0 0 0 0 0 0 0 0 0 0 ]
Len: 0

Runtime of standard enumeration: 0.57578 s.
Processing base of thread 4
Executing ENUM with target length 2118
A: 4.4859e+06
Special fplll pruning func
Searching candidates in depth 10
Enumerating with 16 threads.
Processed 15288 candidate-subtrees.
coefficients: [ 0 0 0 0 0 0 0 0 0 0 0 0 0 0 0 0 0 0 0 0 0 0 0 0 0 0 0 0 0 0 0 0 0 0 0 0 0 0 0 0 0 0 0 0 0 0 0 0 0 0 0 0 0 0 0 0 0 0 0 0 0 0 0 0 0 0 ]
Shortest Vector: [0 0 0 0 0 0 0 0 0 0 0 0 0 0 0 0 0 0 0 0 0 0 0 0 0 0 0 0 0 0 0 0 0 0 0 0 0 0 0 0 0 0 0 0 0 0 0 0 0 0 0 0 0 0 0 0 0 0 0 0 0 0 0 0 0 0 ]
Len: 0

Runtime of standard enumeration: 0.26748 s.
Processing base of thread 5
Executing ENUM with target length 2118
A: 4.4859e+06
Special fplll pruning func
Searching candidates in depth 10
Enumerating with 16 threads.
Processed 22547 candidate-subtrees.
coefficients: [ 0 0 0 0 0 0 0 0 0 0 0 0 0 0 0 0 0 0 0 0 0 0 0 0 0 0 0 0 0 0 0 0 0 0 0 0 0 0 0 0 0 0 0 0 0 0 0 0 0 0 0 0 0 0 0 0 0 0 0 0 0 0 0 0 0 0 ]
Shortest Vector: [0 0 0 0 0 0 0 0 0 0 0 0 0 0 0 0 0 0 0 0 0 0 0 0 0 0 0 0 0 0 0 0 0 0 0 0 0 0 0 0 0 0 0 0 0 0 0 0 0 0 0 0 0 0 0 0 0 0 0 0 0 0 0 0 0 0 ]
Len: 0

Runtime of standard enumeration: 0.49882 s.
Thread 2 is BKZ-0 reducing basis
Thread 4 is BKZ-0 reducing basis
Thread 3 is BKZ-0 reducing basis
Thread 5 is BKZ-0 reducing basis
Thread 1 is BKZ-0 reducing basis
Thread 0 is BKZ-0 reducing basis
|b_0| of BKZ-20/0 reduced basis of thread 0 is: 2640.171207(0.7954s [0.77246 s / -1s ]).
|b_0| of BKZ-20/0 reduced basis of thread 2 is: 2429.145529(0.80119s [0.78118 s / -1s ]).
|b_0| of BKZ-20/0 reduced basis of thread 4 is: 2647.481067(0.8125s [0.78895 s / -1s ]).
|b_0| of BKZ-20/0 reduced basis of thread 5 is: 2707.176019(0.82968s [0.80845 s / -1s ]).
|b_0| of BKZ-20/0 reduced basis of thread 3 is: 2373.687005(0.83401s [0.81802 s / -1s ]).
|b_0| of BKZ-20/0 reduced basis of thread 1 is: 2537.404185(0.87583s [0.85491 s / -1s ]).
Time for preprocessing: 0.88319 seconds.
Processing base of thread 0
Executing ENUM with target length 2118
A: 4.4859e+06
Special fplll pruning func
Searching candidates in depth 10
Enumerating with 16 threads.
Special fplll pruning func
Found new minumun (length: 2117)   4   -3    6    1   -5   -6    0    2    7   -1   -3    7   -5   -2    5    1    3    1    1   -5   -1    1    0   -1    1   -2    0    0    1   -1   -4   -1    0   -1    2   -1    1    1   -2    0   -4    3    2    3    1   -1    0   -1    0    0    1    1   -1    0   -2    1    1    1   -1   -1    0    0    1    1    0    0    0    0 
Special fplll pruning func
Processed 2858 candidate-subtrees.
coefficients: [ 4 -3 6 1 -5 -6 -0 2 7 -1 -3 7 -5 -2 5 1 3 1 1 -5 -1 1 -0 -1 1 -2 -0 -0 1 -1 -4 -1 -0 -1 2 -1 1 1 -2 -0 -4 3 2 3 1 -1 -0 -1 -0 -0 1 1 -1 -0 -2 1 1 1 -1 -1 -0 -0 1 1 0 0 ]
Shortest Vector: [357 -225 -323 -321 28 -590 -18 474 139 256 -315 201 480 146 -32 33 -148 328 -714 251 195 240 231 -274 -10 -277 163 -447 201 91 61 116 57 -217 -247 -99 -9 -257 440 -138 -145 433 -123 79 -27 166 -27 133 301 264 -4 -76 -233 68 388 191 323 -6 -258 -234 176 -13 391 461 -153 -122 ]
Len: 2117.1

Runtime of standard enumeration: 0.1292 s.
Finishing after 2 attemps in 4.769 s (processed 7 bases).
Working threads: 16
Using NTL types.
Activating EXTREME pruning.
Setting pruning parameter to 0.22.
Setting candidate-queue size to 10240.
Setting parallel-enum threshold to dimension 15.
Disabling usage of Gauss heuristic
Enabling BKZ-auto-height adaption.
Setting bkz-height to 2.
Setting pre-beta to 24.
Setting parallel-BKZ instances to 6.
Setting randomized trials to 4.
Read conf file at penum.conf
Setting prebeta parameter to 20.
Setting pruning parameter to 0.02.
Delta: 0.85
Beta: 0
Mode: 1
Candidate Height: 10
Target length: 2118
No. of threads in ENUM: 16
Trying to read: ./inppap/svpc-e1-d66-98937.txt
Read a basis of dimension: 66 / 66 with |b_0| = 0.4348988188e199
Starting procedure
Preparing preprocessing of 6 threads.
Thread 0 is BKZ-0 reducing basis
Thread 3 is BKZ-0 reducing basis
Thread 1 is BKZ-0 reducing basis
Thread 2 is BKZ-0 reducing basis
Thread 4 is BKZ-0 reducing basis
Thread 5 is BKZ-0 reducing basis
|b_0| of BKZ-20/0 reduced basis of thread 0 is: 2515.03996(0.565626s [0.556573 s / -1s ]).
|b_0| of BKZ-20/0 reduced basis of thread 2 is: 2535.706213(0.779288s [0.759619 s / -1s ]).
|b_0| of BKZ-20/0 reduced basis of thread 5 is: 2509.483612(0.80646s [0.785962 s / -1s ]).
|b_0| of BKZ-20/0 reduced basis of thread 1 is: 2755.70989(0.83899s [0.81814 s / -1s ]).
|b_0| of BKZ-20/0 reduced basis of thread 3 is: 2737.87034(0.844659s [0.823874 s / -1s ]).
|b_0| of BKZ-20/0 reduced basis of thread 4 is: 2341.335089(0.854611s [0.834685 s / -1s ]).
Time for preprocessing: 0.863878 seconds.
Processing base of thread 0
Executing ENUM with target length 2118
A: 4.4859e+06
Special fplll pruning func
Searching candidates in depth 10
Enumerating with 16 threads.
Processed 10976 candidate-subtrees.
coefficients: [ 0 0 0 0 0 0 0 0 0 0 0 0 0 0 0 0 0 0 0 0 0 0 0 0 0 0 0 0 0 0 0 0 0 0 0 0 0 0 0 0 0 0 0 0 0 0 0 0 0 0 0 0 0 0 0 0 0 0 0 0 0 0 0 0 0 0 ]
Shortest Vector: [0 0 0 0 0 0 0 0 0 0 0 0 0 0 0 0 0 0 0 0 0 0 0 0 0 0 0 0 0 0 0 0 0 0 0 0 0 0 0 0 0 0 0 0 0 0 0 0 0 0 0 0 0 0 0 0 0 0 0 0 0 0 0 0 0 0 ]
Len: 0

Runtime of standard enumeration: 0.17103 s.
Processing base of thread 1
Executing ENUM with target length 2118
A: 4.4859e+06
Special fplll pruning func
Searching candidates in depth 10
Enumerating with 16 threads.
Processed 20704 candidate-subtrees.
coefficients: [ 0 0 0 0 0 0 0 0 0 0 0 0 0 0 0 0 0 0 0 0 0 0 0 0 0 0 0 0 0 0 0 0 0 0 0 0 0 0 0 0 0 0 0 0 0 0 0 0 0 0 0 0 0 0 0 0 0 0 0 0 0 0 0 0 0 0 ]
Shortest Vector: [0 0 0 0 0 0 0 0 0 0 0 0 0 0 0 0 0 0 0 0 0 0 0 0 0 0 0 0 0 0 0 0 0 0 0 0 0 0 0 0 0 0 0 0 0 0 0 0 0 0 0 0 0 0 0 0 0 0 0 0 0 0 0 0 0 0 ]
Len: 0

Runtime of standard enumeration: 0.25286 s.
Processing base of thread 2
Executing ENUM with target length 2118
A: 4.4859e+06
Special fplll pruning func
Searching candidates in depth 10
Enumerating with 16 threads.
Processed 19860 candidate-subtrees.
coefficients: [ 0 0 0 0 0 0 0 0 0 0 0 0 0 0 0 0 0 0 0 0 0 0 0 0 0 0 0 0 0 0 0 0 0 0 0 0 0 0 0 0 0 0 0 0 0 0 0 0 0 0 0 0 0 0 0 0 0 0 0 0 0 0 0 0 0 0 ]
Shortest Vector: [0 0 0 0 0 0 0 0 0 0 0 0 0 0 0 0 0 0 0 0 0 0 0 0 0 0 0 0 0 0 0 0 0 0 0 0 0 0 0 0 0 0 0 0 0 0 0 0 0 0 0 0 0 0 0 0 0 0 0 0 0 0 0 0 0 0 ]
Len: 0

Runtime of standard enumeration: 0.3525 s.
Processing base of thread 3
Executing ENUM with target length 2118
A: 4.4859e+06
Special fplll pruning func
Searching candidates in depth 10
Enumerating with 16 threads.
Special fplll pruning func
Found new minumun (length: 2117)   1    0    0   -2   -3   -2    1    0   -1    2    4   -4    1    2   -3    3    1    2    2    0    2    2    0    0    2   -1    1    0    0    1    2    0    0    1    0    0   -1    1   -1   -2   -1   -1    2    0    0   -1    0   -1    0    0   -1    0    0    1    0    0    0    0   -1   -1   -1    1    0    0    0    0    0    0 
Special fplll pruning func
Processed 520 candidate-subtrees.
coefficients: [ 1 -0 -0 -2 -3 -2 1 -0 -1 2 4 -4 1 2 -3 3 1 2 2 -0 2 2 -0 -0 2 -1 1 -0 -0 1 2 -0 -0 1 -0 -0 -1 1 -1 -2 -1 -1 2 -0 -0 -1 0 -1 0 -0 -1 -0 -0 1 0 0 -0 -0 -1 -1 -1 1 0 0 0 0 ]
Shortest Vector: [-357 225 323 321 -28 590 18 -474 -139 -256 315 -201 -480 -146 32 -33 148 -328 714 -251 -195 -240 -231 274 10 277 -163 447 -201 -91 -61 -116 -57 217 247 99 9 257 -440 138 145 -433 123 -79 27 -166 27 -133 -301 -264 4 76 233 -68 -388 -191 -323 6 258 234 -176 13 -391 -461 153 122 ]
Len: 2117.1

Runtime of standard enumeration: 0.1375 s.
Finishing after 1 attemps in 2.0423 s (processed 4 bases).
Working threads: 16
Using NTL types.
Activating EXTREME pruning.
Setting pruning parameter to 0.22.
Setting candidate-queue size to 10240.
Setting parallel-enum threshold to dimension 15.
Disabling usage of Gauss heuristic
Enabling BKZ-auto-height adaption.
Setting bkz-height to 2.
Setting pre-beta to 24.
Setting parallel-BKZ instances to 6.
Setting randomized trials to 4.
Read conf file at penum.conf
Setting prebeta parameter to 20.
Setting pruning parameter to 0.02.
Delta: 0.85
Beta: 0
Mode: 1
Candidate Height: 10
Target length: 2118
No. of threads in ENUM: 16
Trying to read: ./inppap/svpc-e1-d66-98937.txt
Read a basis of dimension: 66 / 66 with |b_0| = 0.4348988188e199
Starting procedure
Preparing preprocessing of 6 threads.
Thread 0 is BKZ-0 reducing basis
Thread 5 is BKZ-0 reducing basis
Thread 1 is BKZ-0 reducing basis
Thread 4 is BKZ-0 reducing basis
Thread 2 is BKZ-0 reducing basis
Thread 3 is BKZ-0 reducing basis
|b_0| of BKZ-20/0 reduced basis of thread 0 is: 2515.03996(0.567044s [0.558354 s / -1s ]).
|b_0| of BKZ-20/0 reduced basis of thread 1 is: 2736.182377(0.768803s [0.750332 s / -1s ]).
|b_0| of BKZ-20/0 reduced basis of thread 3 is: 2787.574573(0.777244s [0.759532 s / -1s ]).
|b_0| of BKZ-20/0 reduced basis of thread 2 is: 2655.145947(0.807941s [0.788171 s / -1s ]).
|b_0| of BKZ-20/0 reduced basis of thread 5 is: 2713.31034(0.836186s [0.817803 s / -1s ]).
|b_0| of BKZ-20/0 reduced basis of thread 4 is: 2397.078222(0.843975s [0.823848 s / -1s ]).
Time for preprocessing: 0.853014 seconds.
Processing base of thread 0
Executing ENUM with target length 2118
A: 4.4859e+06
Special fplll pruning func
Searching candidates in depth 10
Enumerating with 16 threads.
Processed 10976 candidate-subtrees.
coefficients: [ 0 0 0 0 0 0 0 0 0 0 0 0 0 0 0 0 0 0 0 0 0 0 0 0 0 0 0 0 0 0 0 0 0 0 0 0 0 0 0 0 0 0 0 0 0 0 0 0 0 0 0 0 0 0 0 0 0 0 0 0 0 0 0 0 0 0 ]
Shortest Vector: [0 0 0 0 0 0 0 0 0 0 0 0 0 0 0 0 0 0 0 0 0 0 0 0 0 0 0 0 0 0 0 0 0 0 0 0 0 0 0 0 0 0 0 0 0 0 0 0 0 0 0 0 0 0 0 0 0 0 0 0 0 0 0 0 0 0 ]
Len: 0

Runtime of standard enumeration: 0.16875 s.
Processing base of thread 1
Executing ENUM with target length 2118
A: 4.4859e+06
Special fplll pruning func
Searching candidates in depth 10
Enumerating with 16 threads.
Processed 23631 candidate-subtrees.
coefficients: [ 0 0 0 0 0 0 0 0 0 0 0 0 0 0 0 0 0 0 0 0 0 0 0 0 0 0 0 0 0 0 0 0 0 0 0 0 0 0 0 0 0 0 0 0 0 0 0 0 0 0 0 0 0 0 0 0 0 0 0 0 0 0 0 0 0 0 ]
Shortest Vector: [0 0 0 0 0 0 0 0 0 0 0 0 0 0 0 0 0 0 0 0 0 0 0 0 0 0 0 0 0 0 0 0 0 0 0 0 0 0 0 0 0 0 0 0 0 0 0 0 0 0 0 0 0 0 0 0 0 0 0 0 0 0 0 0 0 0 ]
Len: 0

Runtime of standard enumeration: 0.69524 s.
Processing base of thread 2
Executing ENUM with target length 2118
A: 4.4859e+06
Special fplll pruning func
Searching candidates in depth 10
Enumerating with 16 threads.
Special fplll pruning func
Special fplll pruning func
Found new minumun (length: 2117)  -2   -3    2   -7    5   -8    1    1    1   -2    2   -3    5   -4    3    0   -2    3    1    2    2   -2   -1   -2   -1   -1    0   -1    1    0    0   -2    0    1    2   -1   -1   -1   -1    1    0   -1    0    0    0    0    1    1    0    1    0    0    0    0    0    0    0    0    0    1    0    0    0    0    0    0    0    0 
Special fplll pruning func
Processed 174 candidate-subtrees.
coefficients: [ -2 -3 2 -7 5 -8 1 1 1 -2 2 -3 5 -4 3 -0 -2 3 1 2 2 -2 -1 -2 -1 -1 0 -1 1 -0 0 -2 -0 1 2 -1 -1 -1 -1 1 -0 -1 -0 -0 -0 -0 1 1 -0 1 0 0 0 0 0 0 -0 -0 -0 1 0 0 0 0 0 0 ]
Shortest Vector: [357 -225 -323 -321 28 -590 -18 474 139 256 -315 201 480 146 -32 33 -148 328 -714 251 195 240 231 -274 -10 -277 163 -447 201 91 61 116 57 -217 -247 -99 -9 -257 440 -138 -145 433 -123 79 -27 166 -27 133 301 264 -4 -76 -233 68 388 191 323 -6 -258 -234 176 -13 391 461 -153 -122 ]
Len: 2117.1

Runtime of standard enumeration: 0.12542 s.
Finishing after 1 attemps in 2.0408 s (processed 3 bases).
Working threads: 16
Using NTL types.
Activating EXTREME pruning.
Setting pruning parameter to 0.22.
Setting candidate-queue size to 10240.
Setting parallel-enum threshold to dimension 15.
Disabling usage of Gauss heuristic
Enabling BKZ-auto-height adaption.
Setting bkz-height to 2.
Setting pre-beta to 24.
Setting parallel-BKZ instances to 6.
Setting randomized trials to 4.
Read conf file at penum.conf
Setting prebeta parameter to 20.
Setting pruning parameter to 0.02.
Delta: 0.85
Beta: 0
Mode: 1
Candidate Height: 10
Target length: 2118
No. of threads in ENUM: 16
Trying to read: ./inppap/svpc-e1-d66-98937.txt
Read a basis of dimension: 66 / 66 with |b_0| = 0.4348988188e199
Starting procedure
Preparing preprocessing of 6 threads.
Thread 0 is BKZ-0 reducing basis
Thread 1 is BKZ-0 reducing basis
Thread 4 is BKZ-0 reducing basis
Thread 2 is BKZ-0 reducing basis
Thread 3 is BKZ-0 reducing basis
Thread 5 is BKZ-0 reducing basis
|b_0| of BKZ-20/0 reduced basis of thread 0 is: 2515.03996(0.551786s [0.543285 s / -1s ]).
|b_0| of BKZ-20/0 reduced basis of thread 3 is: 2725.811439(0.774644s [0.755004 s / -1s ]).
|b_0| of BKZ-20/0 reduced basis of thread 2 is: 2520.408102(0.793915s [0.773816 s / -1s ]).
|b_0| of BKZ-20/0 reduced basis of thread 5 is: 2763.112376(0.801227s [0.782517 s / -1s ]).
|b_0| of BKZ-20/0 reduced basis of thread 1 is: 2586.12838(0.808112s [0.788465 s / -1s ]).
|b_0| of BKZ-20/0 reduced basis of thread 4 is: 2410.363043(0.824953s [0.810412 s / -1s ]).
Time for preprocessing: 0.834095 seconds.
Processing base of thread 0
Executing ENUM with target length 2118
A: 4.4859e+06
Special fplll pruning func
Searching candidates in depth 10
Enumerating with 16 threads.
Processed 10976 candidate-subtrees.
coefficients: [ 0 0 0 0 0 0 0 0 0 0 0 0 0 0 0 0 0 0 0 0 0 0 0 0 0 0 0 0 0 0 0 0 0 0 0 0 0 0 0 0 0 0 0 0 0 0 0 0 0 0 0 0 0 0 0 0 0 0 0 0 0 0 0 0 0 0 ]
Shortest Vector: [0 0 0 0 0 0 0 0 0 0 0 0 0 0 0 0 0 0 0 0 0 0 0 0 0 0 0 0 0 0 0 0 0 0 0 0 0 0 0 0 0 0 0 0 0 0 0 0 0 0 0 0 0 0 0 0 0 0 0 0 0 0 0 0 0 0 ]
Len: 0

Runtime of standard enumeration: 0.16924 s.
Processing base of thread 1
Executing ENUM with target length 2118
A: 4.4859e+06
Special fplll pruning func
Searching candidates in depth 10
Enumerating with 16 threads.
Special fplll pruning func
Found new minumun (length: 2117)   3    1    4    6    0    6    6   -7    1    0    3    5    5    3   -7    0   -2   -8   -1   -5    0   -2    2   -2   -2   -4    2    2   -2   -1    0    0    0    2    1    1   -1   -3    3   -1   -1    3    0    0    0    0    2    0   -1   -1    1    0   -1    0   -1    0    0    0    0    0    0    0    0    1    0    0    0    0 
Special fplll pruning func
Processed 2586 candidate-subtrees.
coefficients: [ 3 1 4 6 -0 6 6 -7 1 -0 3 5 5 3 -7 -0 -2 -8 -1 -5 -0 -2 2 -2 -2 -4 2 2 -2 -1 -0 -0 -0 2 1 1 -1 -3 3 -1 -1 3 -0 -0 -0 -0 2 -0 -1 -1 1 -0 -1 -0 -1 0 -0 -0 -0 -0 -0 -0 -0 1 0 0 ]
Shortest Vector: [357 -225 -323 -321 28 -590 -18 474 139 256 -315 201 480 146 -32 33 -148 328 -714 251 195 240 231 -274 -10 -277 163 -447 201 91 61 116 57 -217 -247 -99 -9 -257 440 -138 -145 433 -123 79 -27 166 -27 133 301 264 -4 -76 -233 68 388 191 323 -6 -258 -234 176 -13 391 461 -153 -122 ]
Len: 2117.1

Runtime of standard enumeration: 0.13752 s.
Finishing after 1 attemps in 1.2776 s (processed 2 bases).
Working threads: 16
Using NTL types.
Activating EXTREME pruning.
Setting pruning parameter to 0.22.
Setting candidate-queue size to 10240.
Setting parallel-enum threshold to dimension 15.
Disabling usage of Gauss heuristic
Enabling BKZ-auto-height adaption.
Setting bkz-height to 2.
Setting pre-beta to 24.
Setting parallel-BKZ instances to 6.
Setting randomized trials to 4.
Read conf file at penum.conf
Setting prebeta parameter to 20.
Setting pruning parameter to 0.02.
Delta: 0.85
Beta: 0
Mode: 1
Candidate Height: 10
Target length: 2118
No. of threads in ENUM: 16
Trying to read: ./inppap/svpc-e1-d66-98937.txt
Read a basis of dimension: 66 / 66 with |b_0| = 0.4348988188e199
Starting procedure
Preparing preprocessing of 6 threads.
Thread 0 is BKZ-0 reducing basis
Thread 1 is BKZ-0 reducing basis
Thread 4 is BKZ-0 reducing basis
Thread 5 is BKZ-0 reducing basis
Thread 3 is BKZ-0 reducing basisThread 
2 is BKZ-0 reducing basis
|b_0| of BKZ-20/0 reduced basis of thread 0 is: 2515.03996(0.533702s [0.52548 s / -1s ]).
|b_0| of BKZ-20/0 reduced basis of thread 3 is: 2599.915576(0.771104s [0.752278 s / -1s ]).
|b_0| of BKZ-20/0 reduced basis of thread 2 is: 2653.586818(0.818027s [0.791402 s / -1s ]).
|b_0| of BKZ-20/0 reduced basis of thread 4 is: |b_0| of BKZ-20/0 reduced basis of thread 5 is: 2532.62058(0.824506s [0.795735 s / -1s ]).
2487.653915(0.824206s [0.792363 s / -1s ]).
|b_0| of BKZ-20/0 reduced basis of thread 1 is: 2790.294966(0.827766s [0.801787 s / -1s ]).
Time for preprocessing: 0.83664 seconds.
Processing base of thread 0
Executing ENUM with target length 2118
A: 4.4859e+06
Special fplll pruning func
Searching candidates in depth 10
Enumerating with 16 threads.
Processed 10976 candidate-subtrees.
coefficients: [ 0 0 0 0 0 0 0 0 0 0 0 0 0 0 0 0 0 0 0 0 0 0 0 0 0 0 0 0 0 0 0 0 0 0 0 0 0 0 0 0 0 0 0 0 0 0 0 0 0 0 0 0 0 0 0 0 0 0 0 0 0 0 0 0 0 0 ]
Shortest Vector: [0 0 0 0 0 0 0 0 0 0 0 0 0 0 0 0 0 0 0 0 0 0 0 0 0 0 0 0 0 0 0 0 0 0 0 0 0 0 0 0 0 0 0 0 0 0 0 0 0 0 0 0 0 0 0 0 0 0 0 0 0 0 0 0 0 0 ]
Len: 0

Runtime of standard enumeration: 0.17627 s.
Processing base of thread 1
Executing ENUM with target length 2118
A: 4.4859e+06
Special fplll pruning func
Searching candidates in depth 10
Enumerating with 16 threads.
Special fplll pruning func
Found new minumun (length: 2117) -14    4   -5    3  -13    3    3    4    4    5    2    1    6    0   -8   -4   -3   -6    3   -1    5    0    0    2    1    3   -1    0   -1   -4    0    4   -2   -2    1    2    2   -2   -2    1   -1   -2    0   -1    0    0    0   -1   -2    2    0    0    1   -1    1    1    0    0    0    0    0    0    0    0    0    0    0    0 
Special fplll pruning func
Processed 2164 candidate-subtrees.
coefficients: [ -14 4 -5 3 -13 3 3 4 4 5 2 1 6 -0 -8 -4 -3 -6 3 -1 5 -0 -0 2 1 3 -1 -0 -1 -4 -0 4 -2 -2 1 2 2 -2 -2 1 -1 -2 -0 -1 -0 0 0 -1 -2 2 -0 -0 1 -1 1 1 0 0 0 0 0 0 0 0 0 0 ]
Shortest Vector: [-357 225 323 321 -28 590 18 -474 -139 -256 315 -201 -480 -146 32 -33 148 -328 714 -251 -195 -240 -231 274 10 277 -163 447 -201 -91 -61 -116 -57 217 247 99 9 257 -440 138 145 -433 123 -79 27 -166 27 -133 -301 -264 4 76 233 -68 -388 -191 -323 6 258 234 -176 13 -391 -461 153 122 ]
Len: 2117.1

Runtime of standard enumeration: 0.21425 s.
Finishing after 1 attemps in 1.3567 s (processed 2 bases).
Working threads: 16
Using NTL types.
Activating EXTREME pruning.
Setting pruning parameter to 0.22.
Setting candidate-queue size to 10240.
Setting parallel-enum threshold to dimension 15.
Disabling usage of Gauss heuristic
Enabling BKZ-auto-height adaption.
Setting bkz-height to 2.
Setting pre-beta to 24.
Setting parallel-BKZ instances to 6.
Setting randomized trials to 4.
Read conf file at penum.conf
Setting prebeta parameter to 20.
Setting pruning parameter to 0.02.
Delta: 0.85
Beta: 0
Mode: 1
Candidate Height: 10
Target length: 2118
No. of threads in ENUM: 16
Trying to read: ./inppap/svpc-e1-d66-98937.txt
Read a basis of dimension: 66 / 66 with |b_0| = 0.4348988188e199
Starting procedure
Preparing preprocessing of 6 threads.
Thread 0 is BKZ-0 reducing basis
Thread 1 is BKZ-0 reducing basis
Thread 5 is BKZ-0 reducing basis
Thread 2 is BKZ-0 reducing basis
Thread 3 is BKZ-0 reducing basis
Thread 4 is BKZ-0 reducing basis
|b_0| of BKZ-20/0 reduced basis of thread 0 is: 2515.03996(0.530826s [0.522011 s / -1s ]).
|b_0| of BKZ-20/0 reduced basis of thread 3 is: 2819.010287(0.767777s [0.748065 s / -1s ]).
|b_0| of BKZ-20/0 reduced basis of thread 4 is: 2526.919666(0.788055s [0.773806 s / -1s ]).
|b_0| of BKZ-20/0 reduced basis of thread 2 is: 2420.956216(0.826294s [0.806231 s / -1s ]).
|b_0| of BKZ-20/0 reduced basis of thread 5 is: 2523.5372(0.835697s [0.81575 s / -1s ]).
|b_0| of BKZ-20/0 reduced basis of thread 1 is: 2640.875044(0.896821s [0.876641 s / -1s ]).
Time for preprocessing: 0.905683 seconds.
Processing base of thread 0
Executing ENUM with target length 2118
A: 4.4859e+06
Special fplll pruning func
Searching candidates in depth 10
Enumerating with 16 threads.
Processed 10976 candidate-subtrees.
coefficients: [ 0 0 0 0 0 0 0 0 0 0 0 0 0 0 0 0 0 0 0 0 0 0 0 0 0 0 0 0 0 0 0 0 0 0 0 0 0 0 0 0 0 0 0 0 0 0 0 0 0 0 0 0 0 0 0 0 0 0 0 0 0 0 0 0 0 0 ]
Shortest Vector: [0 0 0 0 0 0 0 0 0 0 0 0 0 0 0 0 0 0 0 0 0 0 0 0 0 0 0 0 0 0 0 0 0 0 0 0 0 0 0 0 0 0 0 0 0 0 0 0 0 0 0 0 0 0 0 0 0 0 0 0 0 0 0 0 0 0 ]
Len: 0

Runtime of standard enumeration: 0.1765 s.
Processing base of thread 1
Executing ENUM with target length 2118
A: 4.4859e+06
Special fplll pruning func
Searching candidates in depth 10
Enumerating with 16 threads.
Special fplll pruning func
Found new minumun (length: 2117)  -5   -6    1    0   -6   -4   -4   -2    8    8    3    1   -1   -6    5   -1   -3    4   -3    5   -3    5   -1    2    2    3    1    0   -1   -2   -1   -3   -1   -1    2   -1    1    1    2   -1   -1   -2    0    0   -1    0    0    0    1    1   -1    0    0    0    0   -1    0    0    0   -1    0    0    0    0    1    0    0    0 
Special fplll pruning func
Processed 4740 candidate-subtrees.
coefficients: [ -5 -6 1 -0 -6 -4 -4 -2 8 8 3 1 -1 -6 5 -1 -3 4 -3 5 -3 5 -1 2 2 3 1 -0 -1 -2 -1 -3 -1 -1 2 -1 1 1 2 -1 -1 -2 -0 -0 -1 -0 -0 -0 1 1 -1 -0 -0 -0 -0 -1 -0 -0 -0 -1 -0 -0 -0 -0 1 0 ]
Shortest Vector: [-357 225 323 321 -28 590 18 -474 -139 -256 315 -201 -480 -146 32 -33 148 -328 714 -251 -195 -240 -231 274 10 277 -163 447 -201 -91 -61 -116 -57 217 247 99 9 257 -440 138 145 -433 123 -79 27 -166 27 -133 -301 -264 4 76 233 -68 -388 -191 -323 6 258 234 -176 13 -391 -461 153 122 ]
Len: 2117.1

Runtime of standard enumeration: 0.20266 s.
Finishing after 1 attemps in 1.42 s (processed 2 bases).
Working threads: 16
Using NTL types.
Activating EXTREME pruning.
Setting pruning parameter to 0.22.
Setting candidate-queue size to 10240.
Setting parallel-enum threshold to dimension 15.
Disabling usage of Gauss heuristic
Enabling BKZ-auto-height adaption.
Setting bkz-height to 2.
Setting pre-beta to 24.
Setting parallel-BKZ instances to 6.
Setting randomized trials to 4.
Read conf file at penum.conf
Setting prebeta parameter to 20.
Setting pruning parameter to 0.02.
Delta: 0.85
Beta: 0
Mode: 1
Candidate Height: 10
Target length: 2118
No. of threads in ENUM: 16
Trying to read: ./inppap/svpc-e1-d66-98937.txt
Read a basis of dimension: 66 / 66 with |b_0| = 0.4348988188e199
Starting procedure
Preparing preprocessing of 6 threads.
Thread 0 is BKZ-0 reducing basis
Thread 3 is BKZ-0 reducing basis
Thread 4 is BKZ-0 reducing basis
Thread 5 is BKZ-0 reducing basis
Thread 1 is BKZ-0 reducing basis
Thread 2 is BKZ-0 reducing basis
|b_0| of BKZ-20/0 reduced basis of thread 0 is: 2515.03996(0.547413s [0.538283 s / -1s ]).
|b_0| of BKZ-20/0 reduced basis of thread 3 is: 2451.659642(0.789289s [0.768363 s / -1s ]).
|b_0| of BKZ-20/0 reduced basis of thread 2 is: 2694.623907(0.790389s [0.774875 s / -1s ]).
|b_0| of BKZ-20/0 reduced basis of thread 4 is: 2539.597015(0.794551s [0.773575 s / -1s ]).
|b_0| of BKZ-20/0 reduced basis of thread 5 is: 2312.924339(0.8042s [0.78497 s / -1s ]).
|b_0| of BKZ-20/0 reduced basis of thread 1 is: 2458.618718(0.851087s [0.831723 s / -1s ]).
Time for preprocessing: 0.861664 seconds.
Processing base of thread 0
Executing ENUM with target length 2118
A: 4.4859e+06
Special fplll pruning func
Searching candidates in depth 10
Enumerating with 16 threads.
Processed 10976 candidate-subtrees.
coefficients: [ 0 0 0 0 0 0 0 0 0 0 0 0 0 0 0 0 0 0 0 0 0 0 0 0 0 0 0 0 0 0 0 0 0 0 0 0 0 0 0 0 0 0 0 0 0 0 0 0 0 0 0 0 0 0 0 0 0 0 0 0 0 0 0 0 0 0 ]
Shortest Vector: [0 0 0 0 0 0 0 0 0 0 0 0 0 0 0 0 0 0 0 0 0 0 0 0 0 0 0 0 0 0 0 0 0 0 0 0 0 0 0 0 0 0 0 0 0 0 0 0 0 0 0 0 0 0 0 0 0 0 0 0 0 0 0 0 0 0 ]
Len: 0

Runtime of standard enumeration: 0.1724 s.
Processing base of thread 1
Executing ENUM with target length 2118
A: 4.4859e+06
Special fplll pruning func
Searching candidates in depth 10
Enumerating with 16 threads.
Special fplll pruning func
Found new minumun (length: 2117)  -2    7    1    2    9    3    5    0   -5   -5   11    6   -4   12    9    7   -1    6   -2   -1   -8    4    8    5   -3   -6    0    0   -3   -3    1   -2   -3    0   -1    2   -1   -2    1   -1   -1   -1    1    1    2    0    0    2   -3    1    0   -1    2    1    0    0    1   -1    1   -1    0   -1    1    1    1   -1    0    0 
Special fplll pruning func
Processed 16861 candidate-subtrees.
coefficients: [ -2 7 1 2 9 3 5 -0 -5 -5 11 6 -4 12 9 7 -1 6 -2 -1 -8 4 8 5 -3 -6 -0 -0 -3 -3 1 -2 -3 -0 -1 2 -1 -2 1 -1 -1 -1 1 1 2 -0 -0 2 -3 1 0 -1 2 1 0 0 1 -1 1 -1 -0 -1 1 1 1 -1 ]
Shortest Vector: [357 -225 -323 -321 28 -590 -18 474 139 256 -315 201 480 146 -32 33 -148 328 -714 251 195 240 231 -274 -10 -277 163 -447 201 91 61 116 57 -217 -247 -99 -9 -257 440 -138 -145 433 -123 79 -27 166 -27 133 301 264 -4 -76 -233 68 388 191 323 -6 -258 -234 176 -13 391 461 -153 -122 ]
Len: 2117.1

Runtime of standard enumeration: 0.34473 s.
Finishing after 1 attemps in 1.5119 s (processed 2 bases).
Working threads: 16
Using NTL types.
Activating EXTREME pruning.
Setting pruning parameter to 0.22.
Setting candidate-queue size to 10240.
Setting parallel-enum threshold to dimension 15.
Disabling usage of Gauss heuristic
Enabling BKZ-auto-height adaption.
Setting bkz-height to 2.
Setting pre-beta to 24.
Setting parallel-BKZ instances to 6.
Setting randomized trials to 4.
Read conf file at penum.conf
Setting prebeta parameter to 20.
Setting pruning parameter to 0.02.
Delta: 0.85
Beta: 0
Mode: 1
Candidate Height: 10
Target length: 2118
No. of threads in ENUM: 16
Trying to read: ./inppap/svpc-e1-d66-98937.txt
Read a basis of dimension: 66 / 66 with |b_0| = 0.4348988188e199
Starting procedure
Preparing preprocessing of 6 threads.
Thread 0 is BKZ-0 reducing basis
Thread 3 is BKZ-0 reducing basis
Thread 2 is BKZ-0 reducing basis
Thread 5 is BKZ-0 reducing basis
Thread 4 is BKZ-0 reducing basis
Thread 1 is BKZ-0 reducing basis
|b_0| of BKZ-20/0 reduced basis of thread 0 is: 2515.03996(0.56558s [0.5562 s / -1s ]).
|b_0| of BKZ-20/0 reduced basis of thread 5 is: 2657.070756(0.800904s [0.782797 s / -1s ]).
|b_0| of BKZ-20/0 reduced basis of thread 1 is: 2634.953131(0.806527s [0.788818 s / -1s ]).
|b_0| of BKZ-20/0 reduced basis of thread 4 is: 2523.832998(0.817709s [0.799753 s / -1s ]).
|b_0| of BKZ-20/0 reduced basis of thread 3 is: 2594.087123(0.856331s [0.837047 s / -1s ]).
|b_0| of BKZ-20/0 reduced basis of thread 2 is: 2665.522088(0.859204s [0.842066 s / -1s ]).
Time for preprocessing: 0.868156 seconds.
Processing base of thread 0
Executing ENUM with target length 2118
A: 4.4859e+06
Special fplll pruning func
Searching candidates in depth 10
Enumerating with 16 threads.
Processed 10976 candidate-subtrees.
coefficients: [ 0 0 0 0 0 0 0 0 0 0 0 0 0 0 0 0 0 0 0 0 0 0 0 0 0 0 0 0 0 0 0 0 0 0 0 0 0 0 0 0 0 0 0 0 0 0 0 0 0 0 0 0 0 0 0 0 0 0 0 0 0 0 0 0 0 0 ]
Shortest Vector: [0 0 0 0 0 0 0 0 0 0 0 0 0 0 0 0 0 0 0 0 0 0 0 0 0 0 0 0 0 0 0 0 0 0 0 0 0 0 0 0 0 0 0 0 0 0 0 0 0 0 0 0 0 0 0 0 0 0 0 0 0 0 0 0 0 0 ]
Len: 0

Runtime of standard enumeration: 0.16881 s.
Processing base of thread 1
Executing ENUM with target length 2118
A: 4.4859e+06
Special fplll pruning func
Searching candidates in depth 10
Enumerating with 16 threads.
Special fplll pruning func
Found new minumun (length: 2117)   8   11    9    7    8   -5    2   -2   -4    3   -7   -4    6    2   -5    3    4   -1   -4   -4   -4   -3    1    4    3    1    1    1   -1    3    0    2   -1    2    0    0   -1   -2    0   -1   -1    0    0    1   -1    0   -1   -1   -1    1   -1    0    0    0   -1    0    0    0    0    0    0    0    0   -1    1    0    0    0 
Special fplll pruning func
Processed 7533 candidate-subtrees.
coefficients: [ 8 11 9 7 8 -5 2 -2 -4 3 -7 -4 6 2 -5 3 4 -1 -4 -4 -4 -3 1 4 3 1 1 1 -1 3 -0 2 -1 2 -0 -0 -1 -2 -0 -1 -1 -0 -0 1 -1 -0 -1 -1 -1 1 -1 -0 0 0 -1 0 -0 0 -0 -0 -0 -0 0 -1 1 0 ]
Shortest Vector: [-357 225 323 321 -28 590 18 -474 -139 -256 315 -201 -480 -146 32 -33 148 -328 714 -251 -195 -240 -231 274 10 277 -163 447 -201 -91 -61 -116 -57 217 247 99 9 257 -440 138 145 -433 123 -79 27 -166 27 -133 -301 -264 4 76 233 -68 -388 -191 -323 6 258 234 -176 13 -391 -461 153 122 ]
Len: 2117.1

Runtime of standard enumeration: 0.32143 s.
Finishing after 1 attemps in 1.4943 s (processed 2 bases).
