Working threads: 16
Using NTL types.
Activating EXTREME pruning.
Setting pruning parameter to 0.22.
Setting candidate-queue size to 10240.
Setting parallel-enum threshold to dimension 15.
Disabling usage of Gauss heuristic
Enabling BKZ-auto-height adaption.
Setting bkz-height to 2.
Setting pre-beta to 24.
Setting parallel-BKZ instances to 32.
Setting randomized trials to 40.
Read conf file at penum.conf
Setting prebeta parameter to 24.
Setting pruning parameter to 0.2.
Delta: 0.9999
Beta: 32
Mode: 1
Candidate Height: 10
Target length: 2145
Trying to read: ./inppap/svpc-e1-d70-98937.txt
Read a basis of dimension: 70 / 70 with |b_0| = 0.3287933207e211
Starting procedure
Preparing preprocessing of 16 threads.
Thread 0 is BKZ-32 reducing basis
Thread 4 is BKZ-32 reducing basis
Thread 8 is BKZ-32 reducing basis
Thread 10 is BKZ-32 reducing basis
Thread 2 is BKZ-32 reducing basis
Thread Thread 612 is BKZ- is BKZ-3232 reducing basis reducing basis

Thread 14 is BKZ-32 reducing basis
Thread Thread 11 is BKZ-13 is BKZ-3232 reducing basis reducing basis

Thread 15 is BKZ-32 reducing basis
Thread 7 is BKZ-32 reducing basis
Thread 5 is BKZ-32 reducing basis
Thread 3 is BKZ-32 reducing basis
Thread 9Thread  is BKZ-1 is BKZ-3232 reducing basis reducing basis

|b_0| of BKZ-32 reduced basis of thread 0 is: 2228.079442(1.73317s [1.47541 s / 0.181732s ]).
|b_0| of BKZ-32 reduced basis of thread 15 is: 2352.293136(2.21307s [1.96891 s / 0.124407s ]).
|b_0| of BKZ-32 reduced basis of thread 9 is: 2488.816787(2.32797s [2.0058 s / 0.203894s ]).
|b_0| of BKZ-32 reduced basis of thread 11 is: 2408.038621(2.35979s [2.13202 s / 0.108163s ]).
|b_0| of BKZ-32 reduced basis of thread 7 is: 2335.707602(2.38327s [2.06733 s / 0.198444s ]).
|b_0| of BKZ-32 reduced basis of thread 6 is: 2410.036514(2.4338s [2.08323 s / 0.223312s ]).
|b_0| of BKZ-32 reduced basis of thread 8 is: 2295.190406(2.4438s [2.2503 s / 0.0662301s ]).
|b_0| of BKZ-32 reduced basis of thread 5 is: 2441.692446(2.4791s [2.1509 s / 0.210635s ]).
|b_0| of BKZ-32 reduced basis of thread 12 is: 2437.631843(2.50141s [1.98471 s / 0.388089s ]).
|b_0| of BKZ-32 reduced basis of thread 4 is: 2324.684495(2.55925s [2.28732 s / 0.144832s ]).
|b_0| of BKZ-32 reduced basis of thread 2 is: 2376.669518(2.64274s [2.05166 s / 0.462431s ]).
|b_0| of BKZ-32 reduced basis of thread 13 is: 2303.809454(2.65917s [2.06574 s / 0.473199s ]).
|b_0| of BKZ-32 reduced basis of thread 1 is: 2422.402939(2.66297s [2.19665 s / 0.347414s ]).
|b_0| of BKZ-32 reduced basis of thread 14 is: 2309.585461(2.68339s [2.22426 s / 0.330712s ]).
|b_0| of BKZ-32 reduced basis of thread 10 is: 2369.790708(2.70777s [2.34473 s / 0.236221s ]).
|b_0| of BKZ-32 reduced basis of thread 3 is: 2382.909566(2.71934s [2.16605 s / 0.434226s ]).
Sorting 16 bases.
Time for preprocessing: 2.73749 seconds.
Processing base of thread 0
Executing ENUM with target length 2145
A: 4.601e+06
Searching candidates in depth 10
coefficients: [ 0 0 0 0 0 0 0 0 0 0 0 0 0 0 0 0 0 0 0 0 0 0 0 0 0 0 0 0 0 0 0 0 0 0 0 0 0 0 0 0 0 0 0 0 0 0 0 0 0 0 0 0 0 0 0 0 0 0 0 0 0 0 0 0 0 0 0 0 0 0 ]
Shortest Vector: [0 0 0 0 0 0 0 0 0 0 0 0 0 0 0 0 0 0 0 0 0 0 0 0 0 0 0 0 0 0 0 0 0 0 0 0 0 0 0 0 0 0 0 0 0 0 0 0 0 0 0 0 0 0 0 0 0 0 0 0 0 0 0 0 0 0 0 0 0 0 ]
Len: 0

Runtime of standard enumeration: 0.75228 s.
Processing base of thread 8
Executing ENUM with target length 2145
A: 4.601e+06
Searching candidates in depth 10
coefficients: [ 0 0 0 0 0 0 0 0 0 0 0 0 0 0 0 0 0 0 0 0 0 0 0 0 0 0 0 0 0 0 0 0 0 0 0 0 0 0 0 0 0 0 0 0 0 0 0 0 0 0 0 0 0 0 0 0 0 0 0 0 0 0 0 0 0 0 0 0 0 0 ]
Shortest Vector: [0 0 0 0 0 0 0 0 0 0 0 0 0 0 0 0 0 0 0 0 0 0 0 0 0 0 0 0 0 0 0 0 0 0 0 0 0 0 0 0 0 0 0 0 0 0 0 0 0 0 0 0 0 0 0 0 0 0 0 0 0 0 0 0 0 0 0 0 0 0 ]
Len: 0

Runtime of standard enumeration: 0.74665 s.
Processing base of thread 13
Executing ENUM with target length 2145
A: 4.601e+06
Searching candidates in depth 10
Found new minumun (length: 2142)  -5  -37   -2   -1    1    7   15    4  -11    4    2   20   -4  -15  -10    7  -23    4   12  -14   -5  -11   19   11   -8   15  -13    0    1    9   -3    0    6   -6    1    2   -2   -6  -10   -6    5    5   -1    3    4   -1   -3   -1   -1    2    3    2   -1    0    1    0    1    2    0    1    0    0   -1    0    0    0   -1   -1    0    0    0    0 
coefficients: [ -5 -37 -2 -1 1 7 15 4 -11 4 2 20 -4 -15 -10 7 -23 4 12 -14 -5 -11 19 11 -8 15 -13 -0 1 9 -3 -0 6 -6 1 2 -2 -6 -10 -6 5 5 -1 3 4 -1 -3 -1 -1 2 3 2 -1 0 1 -0 1 2 -0 1 -0 -0 -1 -0 -0 -0 -1 -1 0 0 ]
Shortest Vector: [15 536 137 -243 -49 252 -271 -473 101 393 -38 394 -234 -149 -310 -94 -185 -191 60 -17 169 125 -48 -328 155 414 -51 -136 -27 239 -188 -225 -55 -124 -291 488 25 -338 -111 -185 -148 26 161 186 619 38 401 -49 -140 -62 289 264 -68 261 527 110 76 28 144 61 -56 65 597 -559 -138 61 -117 176 -553 -127 ]
Len: 2142.4

Runtime of standard enumeration: 0.25455 s.
Finishing after 1 attemps in 4.7612 s (processed 3 bases).
Working threads: 16
Using NTL types.
Activating EXTREME pruning.
Setting pruning parameter to 0.22.
Setting candidate-queue size to 10240.
Setting parallel-enum threshold to dimension 15.
Disabling usage of Gauss heuristic
Enabling BKZ-auto-height adaption.
Setting bkz-height to 2.
Setting pre-beta to 24.
Setting parallel-BKZ instances to 32.
Setting randomized trials to 40.
Read conf file at penum.conf
Setting prebeta parameter to 24.
Setting pruning parameter to 0.2.
Delta: 0.9999
Beta: 32
Mode: 1
Candidate Height: 10
Target length: 2145
Trying to read: ./inppap/svpc-e1-d70-98937.txt
Read a basis of dimension: 70 / 70 with |b_0| = 0.3287933207e211
Starting procedure
Preparing preprocessing of 16 threads.
Thread 0 is BKZ-32 reducing basis
Thread 14 is BKZ-32 reducing basis
Thread 5 is BKZ-32 reducing basis
Thread 4 is BKZ-32 reducing basis
Thread 2 is BKZ-32 reducing basis
Thread 10 is BKZ-32 reducing basis
Thread 6 is BKZ-32 reducing basis
Thread 12 is BKZ-32 reducing basis
Thread 3 is BKZ-32 reducing basis
Thread 8 is BKZ-32 reducing basis
Thread Thread 913 is BKZ- is BKZ-32 reducing basis
32 reducing basis
Thread 7 is BKZ-32 reducing basis
Thread 11 is BKZ-32 reducing basis
Thread 15 is BKZ-32 reducing basis
Thread 1 is BKZ-32 reducing basis
|b_0| of BKZ-32 reduced basis of thread 0 is: 2228.079442(1.74799s [1.4831 s / 0.181824s ]).
|b_0| of BKZ-32 reduced basis of thread 1 is: 2470.99049(2.35818s [2.07199 s / 0.165465s ]).
|b_0| of BKZ-32 reduced basis of thread 6 is: 2446.631766(2.37692s [2.02477 s / 0.226642s ]).
|b_0| of BKZ-32 reduced basis of thread 3 is: 2232.079076(2.46343s [2.19792 s / 0.147286s ]).
|b_0| of BKZ-32 reduced basis of thread 8 is: 2411.566296(2.47336s [2.31651 s / 0.0387147s ]).
|b_0| of BKZ-32 reduced basis of thread 13 is: 2374.142371(2.48144s [2.32833 s / 0.0349644s ]).
|b_0| of BKZ-32 reduced basis of thread 4 is: 2349.120687(2.51226s [1.94598 s / 0.440101s ]).
|b_0| of BKZ-32 reduced basis of thread 15 is: 2376.673305(2.53903s [2.22751 s / 0.196147s ]).
|b_0| of BKZ-32 reduced basis of thread 9 is: 2368.239008(2.56488s [2.20906 s / 0.236541s ]).
|b_0| of BKZ-32 reduced basis of thread 14 is: 2305.65327(2.57808s [2.15341 s / 0.299982s ]).
|b_0| of BKZ-32 reduced basis of thread 10 is: 2364.270501(2.58472s [2.30528 s / 0.153502s ]).
|b_0| of BKZ-32 reduced basis of thread 12 is: 2325.278478(2.63706s [2.40714 s / 0.104199s ]).
|b_0| of BKZ-32 reduced basis of thread 7 is: 2295.190406(2.65287s [2.41931 s / 0.117398s ]).
|b_0| of BKZ-32 reduced basis of thread 11 is: 2301.548826(2.72121s [2.15651 s / 0.44955s ]).
|b_0| of BKZ-32 reduced basis of thread 2 is: 2202.255435(2.7873s [2.22551 s / 0.437595s ]).
|b_0| of BKZ-32 reduced basis of thread 5 is: 2297.61942(2.85355s [2.57066 s / 0.172038s ]).
Sorting 16 bases.
Time for preprocessing: 2.88 seconds.
Processing base of thread 2
Executing ENUM with target length 2145
A: 4.601e+06
Searching candidates in depth 10
coefficients: [ 0 0 0 0 0 0 0 0 0 0 0 0 0 0 0 0 0 0 0 0 0 0 0 0 0 0 0 0 0 0 0 0 0 0 0 0 0 0 0 0 0 0 0 0 0 0 0 0 0 0 0 0 0 0 0 0 0 0 0 0 0 0 0 0 0 0 0 0 0 0 ]
Shortest Vector: [0 0 0 0 0 0 0 0 0 0 0 0 0 0 0 0 0 0 0 0 0 0 0 0 0 0 0 0 0 0 0 0 0 0 0 0 0 0 0 0 0 0 0 0 0 0 0 0 0 0 0 0 0 0 0 0 0 0 0 0 0 0 0 0 0 0 0 0 0 0 ]
Len: 0

Runtime of standard enumeration: 0.55247 s.
Processing base of thread 0
Executing ENUM with target length 2145
A: 4.601e+06
Searching candidates in depth 10
coefficients: [ 0 0 0 0 0 0 0 0 0 0 0 0 0 0 0 0 0 0 0 0 0 0 0 0 0 0 0 0 0 0 0 0 0 0 0 0 0 0 0 0 0 0 0 0 0 0 0 0 0 0 0 0 0 0 0 0 0 0 0 0 0 0 0 0 0 0 0 0 0 0 ]
Shortest Vector: [0 0 0 0 0 0 0 0 0 0 0 0 0 0 0 0 0 0 0 0 0 0 0 0 0 0 0 0 0 0 0 0 0 0 0 0 0 0 0 0 0 0 0 0 0 0 0 0 0 0 0 0 0 0 0 0 0 0 0 0 0 0 0 0 0 0 0 0 0 0 ]
Len: 0

Runtime of standard enumeration: 0.73503 s.
Processing base of thread 3
Executing ENUM with target length 2145
A: 4.601e+06
Searching candidates in depth 10
coefficients: [ 0 0 0 0 0 0 0 0 0 0 0 0 0 0 0 0 0 0 0 0 0 0 0 0 0 0 0 0 0 0 0 0 0 0 0 0 0 0 0 0 0 0 0 0 0 0 0 0 0 0 0 0 0 0 0 0 0 0 0 0 0 0 0 0 0 0 0 0 0 0 ]
Shortest Vector: [0 0 0 0 0 0 0 0 0 0 0 0 0 0 0 0 0 0 0 0 0 0 0 0 0 0 0 0 0 0 0 0 0 0 0 0 0 0 0 0 0 0 0 0 0 0 0 0 0 0 0 0 0 0 0 0 0 0 0 0 0 0 0 0 0 0 0 0 0 0 ]
Len: 0

Runtime of standard enumeration: 0.92502 s.
Processing base of thread 7
Executing ENUM with target length 2145
A: 4.601e+06
Searching candidates in depth 10
coefficients: [ 0 0 0 0 0 0 0 0 0 0 0 0 0 0 0 0 0 0 0 0 0 0 0 0 0 0 0 0 0 0 0 0 0 0 0 0 0 0 0 0 0 0 0 0 0 0 0 0 0 0 0 0 0 0 0 0 0 0 0 0 0 0 0 0 0 0 0 0 0 0 ]
Shortest Vector: [0 0 0 0 0 0 0 0 0 0 0 0 0 0 0 0 0 0 0 0 0 0 0 0 0 0 0 0 0 0 0 0 0 0 0 0 0 0 0 0 0 0 0 0 0 0 0 0 0 0 0 0 0 0 0 0 0 0 0 0 0 0 0 0 0 0 0 0 0 0 ]
Len: 0

Runtime of standard enumeration: 0.83585 s.
Processing base of thread 5
Executing ENUM with target length 2145
A: 4.601e+06
Searching candidates in depth 10
coefficients: [ 0 0 0 0 0 0 0 0 0 0 0 0 0 0 0 0 0 0 0 0 0 0 0 0 0 0 0 0 0 0 0 0 0 0 0 0 0 0 0 0 0 0 0 0 0 0 0 0 0 0 0 0 0 0 0 0 0 0 0 0 0 0 0 0 0 0 0 0 0 0 ]
Shortest Vector: [0 0 0 0 0 0 0 0 0 0 0 0 0 0 0 0 0 0 0 0 0 0 0 0 0 0 0 0 0 0 0 0 0 0 0 0 0 0 0 0 0 0 0 0 0 0 0 0 0 0 0 0 0 0 0 0 0 0 0 0 0 0 0 0 0 0 0 0 0 0 ]
Len: 0

Runtime of standard enumeration: 0.4847 s.
Processing base of thread 11
Executing ENUM with target length 2145
A: 4.601e+06
Searching candidates in depth 10
Found new minumun (length: 2142)   6   -2   -8   15  -13    1    0  -22    5   -3   -6  -11   -6   -9  -13   -2    7    4   -4    1  -12   -3   -1   -1    2   -4    5    4    3   -3   -8    4    3    4    3   -2   -4    5   -3   -3   -3    4    1    3    1    4   -2    0    0    1    2    0    1    3    2    2   -2   -1   -1    2    1   -1   -1   -2   -1    1    0    0   -1    1    0    0 
coefficients: [ 6 -2 -8 15 -13 1 -0 -22 5 -3 -6 -11 -6 -9 -13 -2 7 4 -4 1 -12 -3 -1 -1 2 -4 5 4 3 -3 -8 4 3 4 3 -2 -4 5 -3 -3 -3 4 1 3 1 4 -2 -0 -0 1 2 -0 1 3 2 2 -2 -1 -1 2 1 -1 -1 -2 -1 1 -0 0 -1 1 ]
Shortest Vector: [-15 -536 -137 243 49 -252 271 473 -101 -393 38 -394 234 149 310 94 185 191 -60 17 -169 -125 48 328 -155 -414 51 136 27 -239 188 225 55 124 291 -488 -25 338 111 185 148 -26 -161 -186 -619 -38 -401 49 140 62 -289 -264 68 -261 -527 -110 -76 -28 -144 -61 56 -65 -597 559 138 -61 117 -176 553 127 ]
Len: 2142.4

Runtime of standard enumeration: 0.66703 s.
Finishing after 1 attemps in 7.6061 s (processed 6 bases).
Working threads: 16
Using NTL types.
Activating EXTREME pruning.
Setting pruning parameter to 0.22.
Setting candidate-queue size to 10240.
Setting parallel-enum threshold to dimension 15.
Disabling usage of Gauss heuristic
Enabling BKZ-auto-height adaption.
Setting bkz-height to 2.
Setting pre-beta to 24.
Setting parallel-BKZ instances to 32.
Setting randomized trials to 40.
Read conf file at penum.conf
Setting prebeta parameter to 24.
Setting pruning parameter to 0.2.
Delta: 0.9999
Beta: 32
Mode: 1
Candidate Height: 10
Target length: 2145
Trying to read: ./inppap/svpc-e1-d70-98937.txt
Read a basis of dimension: 70 / 70 with |b_0| = 0.3287933207e211
Starting procedure
Preparing preprocessing of 16 threads.
Thread 0 is BKZ-32 reducing basis
Thread 8 is BKZ-32 reducing basis
Thread 10 is BKZ-32 reducing basis
Thread 1 is BKZ-32 reducing basis
Thread 12 is BKZ-32 reducing basis
Thread 15 is BKZ-Thread Thread 322 reducing basis is BKZ-14
 is BKZ-32Thread 4 is BKZ-32 reducing basis32
 reducing basis
Thread 6 is BKZ-32 reducing basis
 reducing basis
Thread 3 is BKZ-32 reducing basis
Thread 11 is BKZ-32 reducing basis
Thread 13 is BKZ-32 reducing basis
Thread 7 is BKZ-32 reducing basis
Thread 5 is BKZ-32 reducing basis
Thread 9 is BKZ-32 reducing basis
|b_0| of BKZ-32 reduced basis of thread 0 is: 2228.079442(1.74604s [1.48303 s / 0.180765s ]).
|b_0| of BKZ-32 reduced basis of thread 2 is: 2402.899499(2.28477s [2.05791 s / 0.0977897s ]).
|b_0| of BKZ-32 reduced basis of thread 13 is: 2534.808474(2.42466s [2.14546 s / 0.159466s ]).
|b_0| of BKZ-32 reduced basis of thread 5 is: 2378.082631(2.42676s [2.29143 s / 0.015667s ]).
|b_0| of BKZ-32 reduced basis of thread 15 is: 2428.803409(2.46156s [2.24338 s / 0.102426s ]).
|b_0| of BKZ-32 reduced basis of thread 3 is: |b_0| of BKZ-32 reduced basis of thread 9 is: 2445.611989(2.47564s [2.17386 s / 0.17841s ]).
2333.121086(2.47467s [2.11431 s / 0.227331s ]).
|b_0| of BKZ-32 reduced basis of thread 4 is: 2314.885094(2.48897s [2.25898 s / 0.100005s ]).
|b_0| of BKZ-32 reduced basis of thread 11 is: 2393.126198(2.48975s [2.16833 s / 0.204459s ]).
|b_0| of BKZ-32 reduced basis of thread 6 is: 2538.289385(2.50545s [2.28319 s / 0.103804s ]).
|b_0| of BKZ-32 reduced basis of thread 12 is: 2458.793607(2.50699s [2.17978 s / 0.190978s ]).
|b_0| of BKZ-32 reduced basis of thread 8 is: 2369.572113(2.52716s [2.36673 s / 0.032089s ]).
|b_0| of BKZ-32 reduced basis of thread 7 is: 2274.330231(2.61808s [2.23552 s / 0.26861s ]).
|b_0| of BKZ-32 reduced basis of thread 1 is: 2292.472246(2.68419s [2.11944 s / 0.447455s ]).
|b_0| of BKZ-32 reduced basis of thread 10 is: 2326.010963(2.77823s [2.40706 s / 0.245443s ]).
|b_0| of BKZ-32 reduced basis of thread 14 is: 2324.563615(2.80073s [2.33863 s / 0.333421s ]).
Sorting 16 bases.
Time for preprocessing: 2.8281 seconds.
Processing base of thread 0
Executing ENUM with target length 2145
A: 4.601e+06
Searching candidates in depth 10
coefficients: [ 0 0 0 0 0 0 0 0 0 0 0 0 0 0 0 0 0 0 0 0 0 0 0 0 0 0 0 0 0 0 0 0 0 0 0 0 0 0 0 0 0 0 0 0 0 0 0 0 0 0 0 0 0 0 0 0 0 0 0 0 0 0 0 0 0 0 0 0 0 0 ]
Shortest Vector: [0 0 0 0 0 0 0 0 0 0 0 0 0 0 0 0 0 0 0 0 0 0 0 0 0 0 0 0 0 0 0 0 0 0 0 0 0 0 0 0 0 0 0 0 0 0 0 0 0 0 0 0 0 0 0 0 0 0 0 0 0 0 0 0 0 0 0 0 0 0 ]
Len: 0

Runtime of standard enumeration: 0.77967 s.
Processing base of thread 7
Executing ENUM with target length 2145
A: 4.601e+06
Searching candidates in depth 10
coefficients: [ 0 0 0 0 0 0 0 0 0 0 0 0 0 0 0 0 0 0 0 0 0 0 0 0 0 0 0 0 0 0 0 0 0 0 0 0 0 0 0 0 0 0 0 0 0 0 0 0 0 0 0 0 0 0 0 0 0 0 0 0 0 0 0 0 0 0 0 0 0 0 ]
Shortest Vector: [0 0 0 0 0 0 0 0 0 0 0 0 0 0 0 0 0 0 0 0 0 0 0 0 0 0 0 0 0 0 0 0 0 0 0 0 0 0 0 0 0 0 0 0 0 0 0 0 0 0 0 0 0 0 0 0 0 0 0 0 0 0 0 0 0 0 0 0 0 0 ]
Len: 0

Runtime of standard enumeration: 0.74204 s.
Processing base of thread 1
Executing ENUM with target length 2145
A: 4.601e+06
Searching candidates in depth 10
Found new minumun (length: 2142)  -6    3    1   -2    1   -3    2   -2    0   -2   -4    0   -5    3   -5    0    0    2    1    0    2   -1   -2   -1    2   -1   -2    1    0    0   -2   -1    1   -1    1    0   -1    0   -2   -1    2   -1    1    1    0    0    0    0    0    0    1    0    0   -1    0    0    1    0    0    0    0   -1   -1   -1    0    0    0    0    1    0    0    0 
coefficients: [ -6 3 1 -2 1 -3 2 -2 -0 -2 -4 -0 -5 3 -5 -0 -0 2 1 -0 2 -1 -2 -1 2 -1 -2 1 -0 -0 -2 -1 1 -1 1 -0 -1 -0 -2 -1 2 -1 1 1 -0 -0 -0 -0 0 -0 1 0 -0 -1 0 -0 1 0 0 0 -0 -1 -1 -1 -0 -0 -0 -0 1 0 ]
Shortest Vector: [15 536 137 -243 -49 252 -271 -473 101 393 -38 394 -234 -149 -310 -94 -185 -191 60 -17 169 125 -48 -328 155 414 -51 -136 -27 239 -188 -225 -55 -124 -291 488 25 -338 -111 -185 -148 26 161 186 619 38 401 -49 -140 -62 289 264 -68 261 527 110 76 28 144 61 -56 65 597 -559 -138 61 -117 176 -553 -127 ]
Len: 2142.4

Runtime of standard enumeration: 0.34434 s.
Finishing after 1 attemps in 4.9562 s (processed 3 bases).
Working threads: 16
Using NTL types.
Activating EXTREME pruning.
Setting pruning parameter to 0.22.
Setting candidate-queue size to 10240.
Setting parallel-enum threshold to dimension 15.
Disabling usage of Gauss heuristic
Enabling BKZ-auto-height adaption.
Setting bkz-height to 2.
Setting pre-beta to 24.
Setting parallel-BKZ instances to 32.
Setting randomized trials to 40.
Read conf file at penum.conf
Setting prebeta parameter to 24.
Setting pruning parameter to 0.2.
Delta: 0.9999
Beta: 32
Mode: 1
Candidate Height: 10
Target length: 2145
Trying to read: ./inppap/svpc-e1-d70-98937.txt
Read a basis of dimension: 70 / 70 with |b_0| = 0.3287933207e211
Starting procedure
Preparing preprocessing of 16 threads.
Thread 0 is BKZ-32 reducing basis
Thread 13 is BKZ-32 reducing basis
Thread 5 is BKZ-32 reducing basis
Thread 9 is BKZ-32 reducing basis
Thread 1 is BKZ-32 reducing basis
Thread 7 is BKZ-32 reducing basis
Thread 15 is BKZ-32 reducing basis
Thread 3 is BKZ-32 reducing basis
Thread 11 is BKZ-32 reducing basis
Thread 14 is BKZ-32 reducing basis
Thread 8 is BKZ-32 reducing basis
Thread 2 is BKZ-32 reducing basis
Thread 4 is BKZ-32 reducing basis
Thread 6 is BKZ-32Thread  reducing basisThread 
12 is BKZ-32 reducing basis
10 is BKZ-32 reducing basis
|b_0| of BKZ-32 reduced basis of thread 0 is: 2228.079442(1.73487s [1.47968 s / 0.180457s ]).
|b_0| of BKZ-32 reduced basis of thread 2 is: 2417.079022(2.3365s [2.12393 s / 0.0872709s ]).
|b_0| of BKZ-32 reduced basis of thread 15 is: 2361.317429(2.38749s [2.14202 s / 0.125486s ]).
|b_0| of BKZ-32 reduced basis of thread 1 is: 2303.313483(2.40032s [2.18506 s / 0.0980023s ]).
|b_0| of BKZ-32 reduced basis of thread 5 is: 2319.09616(2.43495s [2.11883 s / 0.201279s ]).
|b_0| of BKZ-32 reduced basis of thread 8 is: 2465.164903(2.44051s [2.05841 s / 0.255014s ]).
|b_0| of BKZ-32 reduced basis of thread 12 is: 2451.034475(2.49906s [2.19626 s / 0.176202s ]).
|b_0| of BKZ-32 reduced basis of thread 7 is: 2430.776419(2.51049s [2.0589 s / 0.333001s ]).
|b_0| of BKZ-32 reduced basis of thread 13 is: 2223.959082(2.5526s [2.13342 s / 0.300476s ]).
|b_0| of BKZ-32 reduced basis of thread 10 is: 2485.771711(2.56839s [2.28618 s / 0.155502s ]).
|b_0| of BKZ-32 reduced basis of thread 3 is: 2340.478584(2.59737s [2.16046 s / 0.32171s ]).
|b_0| of BKZ-32 reduced basis of thread 14 is: 2389.293619(2.61853s [2.24675 s / 0.245338s ]).
|b_0| of BKZ-32 reduced basis of thread 9 is: 2494.472489(2.6517s [2.28803 s / 0.244938s ]).
|b_0| of BKZ-32 reduced basis of thread 6 is: 2391.801204(2.67135s [2.44825 s / 0.100503s ]).
|b_0| of BKZ-32 reduced basis of thread 4 is: 2294.876032(2.76679s [2.23882 s / 0.404259s ]).
|b_0| of BKZ-32 reduced basis of thread 11 is: 2349.908722(2.82291s [2.28606 s / 0.417591s ]).
Sorting 16 bases.
Time for preprocessing: 2.83889 seconds.
Processing base of thread 13
Executing ENUM with target length 2145
A: 4.601e+06
Searching candidates in depth 10
coefficients: [ 0 0 0 0 0 0 0 0 0 0 0 0 0 0 0 0 0 0 0 0 0 0 0 0 0 0 0 0 0 0 0 0 0 0 0 0 0 0 0 0 0 0 0 0 0 0 0 0 0 0 0 0 0 0 0 0 0 0 0 0 0 0 0 0 0 0 0 0 0 0 ]
Shortest Vector: [0 0 0 0 0 0 0 0 0 0 0 0 0 0 0 0 0 0 0 0 0 0 0 0 0 0 0 0 0 0 0 0 0 0 0 0 0 0 0 0 0 0 0 0 0 0 0 0 0 0 0 0 0 0 0 0 0 0 0 0 0 0 0 0 0 0 0 0 0 0 ]
Len: 0

Runtime of standard enumeration: 0.70625 s.
Processing base of thread 0
Executing ENUM with target length 2145
A: 4.601e+06
Searching candidates in depth 10
coefficients: [ 0 0 0 0 0 0 0 0 0 0 0 0 0 0 0 0 0 0 0 0 0 0 0 0 0 0 0 0 0 0 0 0 0 0 0 0 0 0 0 0 0 0 0 0 0 0 0 0 0 0 0 0 0 0 0 0 0 0 0 0 0 0 0 0 0 0 0 0 0 0 ]
Shortest Vector: [0 0 0 0 0 0 0 0 0 0 0 0 0 0 0 0 0 0 0 0 0 0 0 0 0 0 0 0 0 0 0 0 0 0 0 0 0 0 0 0 0 0 0 0 0 0 0 0 0 0 0 0 0 0 0 0 0 0 0 0 0 0 0 0 0 0 0 0 0 0 ]
Len: 0

Runtime of standard enumeration: 0.73945 s.
Processing base of thread 4
Executing ENUM with target length 2145
A: 4.601e+06
Searching candidates in depth 10
Found new minumun (length: 2142)  14    1    6   -2   -5   -2   10   -4    0  -10  -14    3   -2   -6    4   -8   -6    2   -6    7    3    6    7   -1   -3    0    1   -2   -5    2   -3   -6    4    7   -3   -7    0    0    3   -1    0   -3   -1    1    0    4    1   -2    1    2   -3    0    1   -1    0    1    1    2    1    0    0    0    0    1    1   -1    0    0   -1   -1    0    0 
coefficients: [ 14 1 6 -2 -5 -2 10 -4 -0 -10 -14 3 -2 -6 4 -8 -6 2 -6 7 3 6 7 -1 -3 -0 1 -2 -5 2 -3 -6 4 7 -3 -7 -0 -0 3 -1 -0 -3 -1 1 -0 4 1 -2 1 2 -3 -0 1 -1 -0 1 1 2 1 0 -0 -0 -0 1 1 -1 -0 -0 -1 -1 ]
Shortest Vector: [-15 -536 -137 243 49 -252 271 473 -101 -393 38 -394 234 149 310 94 185 191 -60 17 -169 -125 48 328 -155 -414 51 136 27 -239 188 225 55 124 291 -488 -25 338 111 185 148 -26 -161 -186 -619 -38 -401 49 140 62 -289 -264 68 -261 -527 -110 -76 -28 -144 -61 56 -65 -597 559 138 -61 117 -176 553 127 ]
Len: 2142.4

Runtime of standard enumeration: 0.5937 s.
Finishing after 1 attemps in 5.1521 s (processed 3 bases).
Working threads: 16
Using NTL types.
Activating EXTREME pruning.
Setting pruning parameter to 0.22.
Setting candidate-queue size to 10240.
Setting parallel-enum threshold to dimension 15.
Disabling usage of Gauss heuristic
Enabling BKZ-auto-height adaption.
Setting bkz-height to 2.
Setting pre-beta to 24.
Setting parallel-BKZ instances to 32.
Setting randomized trials to 40.
Read conf file at penum.conf
Setting prebeta parameter to 24.
Setting pruning parameter to 0.2.
Delta: 0.9999
Beta: 32
Mode: 1
Candidate Height: 10
Target length: 2145
Trying to read: ./inppap/svpc-e1-d70-98937.txt
Read a basis of dimension: 70 / 70 with |b_0| = 0.3287933207e211
Starting procedure
Preparing preprocessing of 16 threads.
Thread 0 is BKZ-32 reducing basis
Thread 6 is BKZ-32 reducing basis
Thread 4 is BKZ-32 reducing basis
Thread 12 is BKZ-32 reducing basis
Thread 2 is BKZ-32 reducing basis
Thread 14 is BKZ-32 reducing basis
Thread 8 is BKZ-32 reducing basis
Thread 10 is BKZ-32 reducing basis
Thread 9 is BKZ-32 reducing basis
Thread 3 is BKZ-32 reducing basis
Thread 7 is BKZ-32 reducing basis
Thread 11 is BKZ-32 reducing basis
Thread 15Thread Thread  is BKZ-1 is BKZ-3232 reducing basis reducing basis13
 is BKZ-
Thread 5 is BKZ-3232 reducing basis reducing basis

|b_0| of BKZ-32 reduced basis of thread 0 is: 2228.079442(1.73203s [1.4757 s / 0.180752s ]).
|b_0| of BKZ-32 reduced basis of thread 8 is: 2395.44213(2.37405s [2.10124 s / 0.143287s ]).
|b_0| of BKZ-32 reduced basis of thread 5 is: 2373.118202(2.38666s [2.17631 s / 0.0897382s ]).
|b_0| of BKZ-32 reduced basis of thread 15 is: 2387.482565(2.4004s [2.13667 s / 0.143963s ]).
|b_0| of BKZ-32 reduced basis of thread 7 is: 2303.127656(2.40779s [2.15883 s / 0.127646s ]).
|b_0| of BKZ-32 reduced basis of thread 3 is: 2327.633562(2.43012s [2.02336 s / 0.287287s ]).
|b_0| of BKZ-32 reduced basis of thread 6 is: 2228.079442(2.45178s [2.12399 s / 0.197414s ]).
|b_0| of BKZ-32 reduced basis of thread 13 is: 2393.800952(2.49847s [2.18494 s / 0.194499s ]).
|b_0| of BKZ-32 reduced basis of thread 4 is: 2253.142916(2.51218s [2.13368 s / 0.248572s ]).
|b_0| of BKZ-32 reduced basis of thread 1 is: 2442.24753(2.52401s [2.2879 s / 0.116129s ]).
|b_0| of BKZ-32 reduced basis of thread 2 is: 2358.823012(2.57676s [2.08174 s / 0.366547s ]).
|b_0| of BKZ-32 reduced basis of thread 11 is: 2294.307303(2.59923s [2.11869 s / 0.359162s ]).
|b_0| of BKZ-32 reduced basis of thread 14 is: 2468.851757(2.62144s [2.34173 s / 0.153385s ]).
|b_0| of BKZ-32 reduced basis of thread 10 is: 2422.762679(2.65268s [2.28298 s / 0.240204s ]).
|b_0| of BKZ-32 reduced basis of thread 9 is: 2368.745871(2.67012s [2.22846 s / 0.321466s ]).
|b_0| of BKZ-32 reduced basis of thread 12 is: 2223.959082(2.77869s [2.57133 s / 0.0837217s ]).
Sorting 16 bases.
Time for preprocessing: 2.79635 seconds.
Processing base of thread 12
Executing ENUM with target length 2145
A: 4.601e+06
Searching candidates in depth 10
Found new minumun (length: 2142)   3   -8   -3    2    5  -12    3   -2   -2   -7   -1    0    0   -8    2    4    3    4   -1    2   -4   -6    6    3    7   -3   -1    0   -2   -3   -2    0   -4    1    0    1   -1    0    0   -2   -1    0    1    0    0    2    0    1    1   -1    0    0    0   -1    0    0    0    1    1    1    0    0    0    0    0    0    0    0   -1   -1    0    0 
coefficients: [ 3 -8 -3 2 5 -12 3 -2 -2 -7 -1 -0 -0 -8 2 4 3 4 -1 2 -4 -6 6 3 7 -3 -1 -0 -2 -3 -2 -0 -4 1 -0 1 -1 -0 -0 -2 -1 -0 1 0 -0 2 -0 1 1 -1 -0 -0 -0 -1 -0 -0 -0 1 1 1 -0 0 -0 0 -0 -0 -0 -0 -1 -1 ]
Shortest Vector: [-15 -536 -137 243 49 -252 271 473 -101 -393 38 -394 234 149 310 94 185 191 -60 17 -169 -125 48 328 -155 -414 51 136 27 -239 188 225 55 124 291 -488 -25 338 111 185 148 -26 -161 -186 -619 -38 -401 49 140 62 -289 -264 68 -261 -527 -110 -76 -28 -144 -61 56 -65 -597 559 138 -61 117 -176 553 127 ]
Len: 2142.4

Runtime of standard enumeration: 0.92276 s.
Finishing after 1 attemps in 3.8067 s (processed 1 bases).
Working threads: 16
Using NTL types.
Activating EXTREME pruning.
Setting pruning parameter to 0.22.
Setting candidate-queue size to 10240.
Setting parallel-enum threshold to dimension 15.
Disabling usage of Gauss heuristic
Enabling BKZ-auto-height adaption.
Setting bkz-height to 2.
Setting pre-beta to 24.
Setting parallel-BKZ instances to 32.
Setting randomized trials to 40.
Read conf file at penum.conf
Setting prebeta parameter to 24.
Setting pruning parameter to 0.2.
Delta: 0.9999
Beta: 32
Mode: 1
Candidate Height: 10
Target length: 2145
Trying to read: ./inppap/svpc-e1-d70-98937.txt
Read a basis of dimension: 70 / 70 with |b_0| = 0.3287933207e211
Starting procedure
Preparing preprocessing of 16 threads.
Thread 0 is BKZ-32 reducing basis
Thread 14 is BKZ-32 reducing basis
Thread 6 is BKZ-32 reducing basis
Thread 15 is BKZ-32 reducing basis
Thread 12 is BKZ-32 reducing basis
Thread 2 is BKZ-32 reducing basis
Thread Thread 8 is BKZ-432 reducing basis is BKZ-
32 reducing basis
Thread 3 is BKZ-32 reducing basis
Thread 7 is BKZ-32 reducing basis
Thread 13 is BKZ-32Thread Thread 5 is BKZ-32 reducing basis
Thread Thread 11 is BKZ-932 reducing basis10 is BKZ-
 reducing basis is BKZ-32Thread  reducing basis
1 is BKZ-32 reducing basis
32 reducing basis

|b_0| of BKZ-32 reduced basis of thread 0 is: 2228.079442(1.74683s [1.48818 s / 0.183244s ]).
|b_0| of BKZ-32 reduced basis of thread 3 is: 2443.193811(2.25813s [2.01487 s / 0.123876s ]).
|b_0| of BKZ-32 reduced basis of thread 6 is: 2307.919843(2.50772s [2.18261 s / 0.198452s ]).
|b_0| of BKZ-32 reduced basis of thread 7 is: 2340.675757(2.52449s [2.16059 s / 0.245573s ]).
|b_0| of BKZ-32 reduced basis of thread 8 is: 2350.559721(2.55762s [2.0912 s / 0.339163s ]).
|b_0| of BKZ-32 reduced basis of thread 13 is: 2229.346317(2.57471s [2.17042 s / 0.286203s ]).
|b_0| of BKZ-32 reduced basis of thread 5 is: 2341.007475(2.60471s [2.17879 s / 0.29548s ]).
|b_0| of BKZ-32 reduced basis of thread 11 is: 2387.769042(2.60627s [2.39754 s / 0.0803984s ]).
|b_0| of BKZ-32 reduced basis of thread 12 is: 2394.107558(2.60949s [2.10458 s / 0.364229s ]).
|b_0| of BKZ-32 reduced basis of thread 4 is: 2438.691042(2.61308s [2.35628 s / 0.129016s ]).
|b_0| of BKZ-32 reduced basis of thread 15 is: 2358.662545(2.61961s [2.30419 s / 0.196641s ]).
|b_0| of BKZ-32 reduced basis of thread 9 is: 2374.105726(2.62504s [2.22672 s / 0.282806s ]).
|b_0| of BKZ-32 reduced basis of thread 1 is: 2419.928511(2.68552s [2.20029 s / 0.36623s ]).
|b_0| of BKZ-32 reduced basis of thread 14 is: 2320.716053(2.70373s [2.37582 s / 0.199934s ]).
|b_0| of BKZ-32 reduced basis of thread 10 is: 2302.233915(2.70815s [2.47735 s / 0.10547s ]).
|b_0| of BKZ-32 reduced basis of thread 2 is: 2374.105726(2.79855s [2.52118 s / 0.152565s ]).
Sorting 16 bases.
Time for preprocessing: 2.8185 seconds.
Processing base of thread 0
Executing ENUM with target length 2145
A: 4.601e+06
Searching candidates in depth 10
coefficients: [ 0 0 0 0 0 0 0 0 0 0 0 0 0 0 0 0 0 0 0 0 0 0 0 0 0 0 0 0 0 0 0 0 0 0 0 0 0 0 0 0 0 0 0 0 0 0 0 0 0 0 0 0 0 0 0 0 0 0 0 0 0 0 0 0 0 0 0 0 0 0 ]
Shortest Vector: [0 0 0 0 0 0 0 0 0 0 0 0 0 0 0 0 0 0 0 0 0 0 0 0 0 0 0 0 0 0 0 0 0 0 0 0 0 0 0 0 0 0 0 0 0 0 0 0 0 0 0 0 0 0 0 0 0 0 0 0 0 0 0 0 0 0 0 0 0 0 ]
Len: 0

Runtime of standard enumeration: 0.75012 s.
Processing base of thread 13
Executing ENUM with target length 2145
A: 4.601e+06
Searching candidates in depth 10
coefficients: [ 0 0 0 0 0 0 0 0 0 0 0 0 0 0 0 0 0 0 0 0 0 0 0 0 0 0 0 0 0 0 0 0 0 0 0 0 0 0 0 0 0 0 0 0 0 0 0 0 0 0 0 0 0 0 0 0 0 0 0 0 0 0 0 0 0 0 0 0 0 0 ]
Shortest Vector: [0 0 0 0 0 0 0 0 0 0 0 0 0 0 0 0 0 0 0 0 0 0 0 0 0 0 0 0 0 0 0 0 0 0 0 0 0 0 0 0 0 0 0 0 0 0 0 0 0 0 0 0 0 0 0 0 0 0 0 0 0 0 0 0 0 0 0 0 0 0 ]
Len: 0

Runtime of standard enumeration: 0.74135 s.
Processing base of thread 10
Executing ENUM with target length 2145
A: 4.601e+06
Searching candidates in depth 10
Found new minumun (length: 2142)  -5   -1    0    0   -4    7   -2   -2   -4   -3   -2    1    1   -3    0    1    1    1   -1    1   -2    1    2   -3    0    1    0    0   -1    2    0   -2   -1    1    0   -2   -1    1    1    2    0    1    1   -1    1    1    0    1    0    0    0    0    0    0    0    0   -1    0    0    1   -1   -1    0   -1    0    0    0    0    0    0    0    0 
coefficients: [ -5 -1 -0 -0 -4 7 -2 -2 -4 -3 -2 1 1 -3 -0 1 1 1 -1 1 -2 1 2 -3 -0 1 -0 -0 -1 2 -0 -2 -1 1 -0 -2 -1 1 1 2 -0 1 1 -1 1 1 -0 1 0 -0 0 -0 -0 -0 0 -0 -1 -0 -0 1 -1 -1 -0 -1 0 0 0 0 0 0 ]
Shortest Vector: [-15 -536 -137 243 49 -252 271 473 -101 -393 38 -394 234 149 310 94 185 191 -60 17 -169 -125 48 328 -155 -414 51 136 27 -239 188 225 55 124 291 -488 -25 338 111 185 148 -26 -161 -186 -619 -38 -401 49 140 62 -289 -264 68 -261 -527 -110 -76 -28 -144 -61 56 -65 -597 559 138 -61 117 -176 553 127 ]
Len: 2142.4

Runtime of standard enumeration: 0.26705 s.
Finishing after 1 attemps in 4.8394 s (processed 3 bases).
Working threads: 16
Using NTL types.
Activating EXTREME pruning.
Setting pruning parameter to 0.22.
Setting candidate-queue size to 10240.
Setting parallel-enum threshold to dimension 15.
Disabling usage of Gauss heuristic
Enabling BKZ-auto-height adaption.
Setting bkz-height to 2.
Setting pre-beta to 24.
Setting parallel-BKZ instances to 32.
Setting randomized trials to 40.
Read conf file at penum.conf
Setting prebeta parameter to 24.
Setting pruning parameter to 0.2.
Delta: 0.9999
Beta: 32
Mode: 1
Candidate Height: 10
Target length: 2145
Trying to read: ./inppap/svpc-e1-d70-98937.txt
Read a basis of dimension: 70 / 70 with |b_0| = 0.3287933207e211
Starting procedure
Preparing preprocessing of 16 threads.
Thread 0 is BKZ-32 reducing basis
Thread 10 is BKZ-32 reducing basis
Thread 8 is BKZ-32 reducing basis
Thread 14 is BKZ-32 reducing basis
Thread 6 is BKZ-32 reducing basis
Thread 2 is BKZ-32 reducing basis
Thread 12 is BKZ-Thread 32 reducing basis
4 is BKZ-32 reducing basis
Thread 3 is BKZ-32 reducing basis
Thread 13 is BKZ-32 reducing basis
Thread 11 is BKZ-32 reducing basis
Thread 15 is BKZ-32 reducing basis
Thread 1 is BKZ-32 reducing basis
Thread 5 is BKZ-32 reducing basis
Thread Thread 79 is BKZ- is BKZ-32 reducing basis32
 reducing basis
|b_0| of BKZ-32 reduced basis of thread 0 is: 2228.079442(1.73651s [1.48018 s / 0.180733s ]).
|b_0| of BKZ-32 reduced basis of thread 14 is: 2228.079442(2.44422s [2.13382 s / 0.181355s ]).
|b_0| of BKZ-32 reduced basis of thread 12 is: 2435.306346(2.45456s [2.14644 s / 0.179942s ]).
|b_0| of BKZ-32 reduced basis of thread 2 is: 2421.163976(2.51751s [2.15754 s / 0.22845s ]).
|b_0| of BKZ-32 reduced basis of thread 15 is: 2390.450167(2.51969s [2.25742 s / 0.141884s ]).
|b_0| of BKZ-32 reduced basis of thread 6 is: 2420.078511(2.54655s [2.24321 s / 0.173687s ]).
|b_0| of BKZ-32 reduced basis of thread 1 is: 2253.142916(2.56531s [2.05976 s / 0.386901s ]).
|b_0| of BKZ-32 reduced basis of thread 5 is: 2464.449634(2.57345s [2.13229 s / 0.32112s ]).
|b_0| of BKZ-32 reduced basis of thread 3 is: 2384.358824(2.59011s [2.25161 s / 0.218476s ]).
|b_0| of BKZ-32 reduced basis of thread 9 is: 2293.310489(2.67199s [2.27507 s / 0.276517s ]).
|b_0| of BKZ-32 reduced basis of thread 7 is: 2430.646416(2.68035s [2.15445 s / 0.404559s ]).
|b_0| of BKZ-32 reduced basis of thread 4 is: 2472.017799(2.75275s [2.29287 s / 0.331392s ]).
|b_0| of BKZ-32 reduced basis of thread 8 is: 2351.377681(2.79843s [2.29864 s / 0.371298s ]).
|b_0| of BKZ-32 reduced basis of thread 10 is: 2339.374917(2.88257s [2.57841 s / 0.180928s ]).
|b_0| of BKZ-32 reduced basis of thread 13 is: 2344.08063(2.95197s [2.38406 s / 0.450695s ]).
|b_0| of BKZ-32 reduced basis of thread 11 is: 2400.487659(2.966s [2.3115 s / 0.533571s ]).
Sorting 16 bases.
Time for preprocessing: 2.98591 seconds.
Processing base of thread 0
Executing ENUM with target length 2145
A: 4.601e+06
Searching candidates in depth 10
coefficients: [ 0 0 0 0 0 0 0 0 0 0 0 0 0 0 0 0 0 0 0 0 0 0 0 0 0 0 0 0 0 0 0 0 0 0 0 0 0 0 0 0 0 0 0 0 0 0 0 0 0 0 0 0 0 0 0 0 0 0 0 0 0 0 0 0 0 0 0 0 0 0 ]
Shortest Vector: [0 0 0 0 0 0 0 0 0 0 0 0 0 0 0 0 0 0 0 0 0 0 0 0 0 0 0 0 0 0 0 0 0 0 0 0 0 0 0 0 0 0 0 0 0 0 0 0 0 0 0 0 0 0 0 0 0 0 0 0 0 0 0 0 0 0 0 0 0 0 ]
Len: 0

Runtime of standard enumeration: 0.73751 s.
Processing base of thread 14
Executing ENUM with target length 2145
A: 4.601e+06
Searching candidates in depth 10
coefficients: [ 0 0 0 0 0 0 0 0 0 0 0 0 0 0 0 0 0 0 0 0 0 0 0 0 0 0 0 0 0 0 0 0 0 0 0 0 0 0 0 0 0 0 0 0 0 0 0 0 0 0 0 0 0 0 0 0 0 0 0 0 0 0 0 0 0 0 0 0 0 0 ]
Shortest Vector: [0 0 0 0 0 0 0 0 0 0 0 0 0 0 0 0 0 0 0 0 0 0 0 0 0 0 0 0 0 0 0 0 0 0 0 0 0 0 0 0 0 0 0 0 0 0 0 0 0 0 0 0 0 0 0 0 0 0 0 0 0 0 0 0 0 0 0 0 0 0 ]
Len: 0

Runtime of standard enumeration: 0.89352 s.
Processing base of thread 1
Executing ENUM with target length 2145
A: 4.601e+06
Searching candidates in depth 10
Found new minumun (length: 2142)  21  -23    3   -1   -4  -13   13  -10   18   -9   14    8    7   17   -2   -8    2  -12   15   -4    1   -2   13    2   10   -3    1   -6    6    9    1    7   -2    5   -3    1   -1    3   -4    3    2   -5   -1   -1   -3    1    3   -4    2    1   -2   -2    0   -2   -2   -1    2    0   -1    1   -1    1    0    1    1    0    0    1    0    0    0    0 
coefficients: [ 21 -23 3 -1 -4 -13 13 -10 18 -9 14 8 7 17 -2 -8 2 -12 15 -4 1 -2 13 2 10 -3 1 -6 6 9 1 7 -2 5 -3 1 -1 3 -4 3 2 -5 -1 -1 -3 1 3 -4 2 1 -2 -2 -0 -2 -2 -1 2 -0 -1 1 -1 1 -0 1 1 -0 -0 1 0 0 ]
Shortest Vector: [-15 -536 -137 243 49 -252 271 473 -101 -393 38 -394 234 149 310 94 185 191 -60 17 -169 -125 48 328 -155 -414 51 136 27 -239 188 225 55 124 291 -488 -25 338 111 185 148 -26 -161 -186 -619 -38 -401 49 140 62 -289 -264 68 -261 -527 -110 -76 -28 -144 -61 56 -65 -597 559 138 -61 117 -176 553 127 ]
Len: 2142.4

Runtime of standard enumeration: 0.22679 s.
Finishing after 1 attemps in 5.1155 s (processed 3 bases).
Working threads: 16
Using NTL types.
Activating EXTREME pruning.
Setting pruning parameter to 0.22.
Setting candidate-queue size to 10240.
Setting parallel-enum threshold to dimension 15.
Disabling usage of Gauss heuristic
Enabling BKZ-auto-height adaption.
Setting bkz-height to 2.
Setting pre-beta to 24.
Setting parallel-BKZ instances to 32.
Setting randomized trials to 40.
Read conf file at penum.conf
Setting prebeta parameter to 24.
Setting pruning parameter to 0.2.
Delta: 0.9999
Beta: 32
Mode: 1
Candidate Height: 10
Target length: 2145
Trying to read: ./inppap/svpc-e1-d70-98937.txt
Read a basis of dimension: 70 / 70 with |b_0| = 0.3287933207e211
Starting procedure
Preparing preprocessing of 16 threads.
Thread 0 is BKZ-32 reducing basis
Thread 14 is BKZ-32 reducing basis
Thread 12 is BKZ-32 reducing basis
Thread 8 is BKZ-32 reducing basis
Thread 2 is BKZ-32 reducing basis
Thread 4 is BKZ-32 reducing basis
Thread 7 is BKZ-32 reducing basis
Thread 11 is BKZ-32 reducing basis
Thread 6 is BKZ-32 reducing basis
Thread 10 is BKZ-32 reducing basis
Thread 13 is BKZ-32 reducing basis
Thread 1 is BKZ-32 reducing basis
Thread 9 is BKZ-32 reducing basis
Thread 3 is BKZ-32 reducing basis
Thread Thread 5 is BKZ-15 is BKZ-3232 reducing basis reducing basis

|b_0| of BKZ-32 reduced basis of thread 0 is: 2228.079442(1.73277s [1.47524 s / 0.180784s ]).
|b_0| of BKZ-32 reduced basis of thread 10 is: 2447.110745(2.37891s [1.95551 s / 0.299961s ]).
|b_0| of BKZ-32 reduced basis of thread 9 is: 2420.766408(2.38058s [2.08387 s / 0.173016s ]).
|b_0| of BKZ-32 reduced basis of thread 12 is: 2348.687932(2.44508s [2.11899 s / 0.196548s ]).
|b_0| of BKZ-32 reduced basis of thread 3 is: 2446.308035(2.46121s [2.01559 s / 0.32796s ]).
|b_0| of BKZ-32 reduced basis of thread 13 is: 2142.442298(2.47291s [2.18801 s / 0.16357s ]).
|b_0| of BKZ-32 reduced basis of thread 14 is: 2512.634673(2.48236s [2.05761 s / 0.291461s ]).
|b_0| of BKZ-32 reduced basis of thread 8 is: 2383.514212(2.48302s [2.08109 s / 0.269074s ]).
|b_0| of BKZ-32 reduced basis of thread 15 is: 2408.316632(2.50548s [2.11836 s / 0.267233s ]).
|b_0| of BKZ-32 reduced basis of thread 11 is: 2387.157096(2.57164s [2.14054 s / 0.302453s ]).
|b_0| of BKZ-32 reduced basis of thread 5 is: 2404.478322(2.61658s [2.2568 s / 0.241379s ]).
|b_0| of BKZ-32 reduced basis of thread 7 is: 2323.409564(2.72138s [2.52077 s / 0.084514s ]).
|b_0| of BKZ-32 reduced basis of thread 2 is: 2342.608375(2.73793s [2.13381 s / 0.4775s ]).
|b_0| of BKZ-32 reduced basis of thread 6 is: 2297.984117(2.75383s [2.46662 s / 0.161931s ]).
|b_0| of BKZ-32 reduced basis of thread 1 is: 2443.004298(2.78884s [2.25982 s / 0.412566s ]).
|b_0| of BKZ-32 reduced basis of thread 4 is: 2306.677047(2.89281s [2.30322 s / 0.462754s ]).
Sorting 16 bases.
Time for preprocessing: 2.91224 seconds.
Processing base of thread 13
Executing ENUM with target length 2145
A: 4.601e+06
Searching candidates in depth 10
Found new minumun (length: 2142)   1    0    0    0    0    0    0    0    0    0    0    0    0    0    0    0    0    0    0    0    0    0    0    0    0    0    0    0    0    0    0    0    0    0    0    0    0    0    0    0    0    0    0    0    0    0    0    0    0    0    0    0    0    0    0    0    0    0    0    0    0    0    0    0    0    0    0    0    0    0    0    0 
coefficients: [ 1 0 0 0 0 0 0 0 0 0 0 0 0 0 0 0 0 0 0 0 0 0 0 0 0 0 0 0 0 0 0 0 0 0 0 0 0 0 0 0 0 0 0 0 0 0 0 0 0 0 0 0 0 0 0 0 0 0 0 0 0 0 0 0 0 0 0 0 0 0 ]
Shortest Vector: [-15 -536 -137 243 49 -252 271 473 -101 -393 38 -394 234 149 310 94 185 191 -60 17 -169 -125 48 328 -155 -414 51 136 27 -239 188 225 55 124 291 -488 -25 338 111 185 148 -26 -161 -186 -619 -38 -401 49 140 62 -289 -264 68 -261 -527 -110 -76 -28 -144 -61 56 -65 -597 559 138 -61 117 -176 553 127 ]
Len: 2142.4

Runtime of standard enumeration: 0.35554 s.
Finishing after 1 attemps in 3.3548 s (processed 1 bases).
Working threads: 16
Using NTL types.
Activating EXTREME pruning.
Setting pruning parameter to 0.22.
Setting candidate-queue size to 10240.
Setting parallel-enum threshold to dimension 15.
Disabling usage of Gauss heuristic
Enabling BKZ-auto-height adaption.
Setting bkz-height to 2.
Setting pre-beta to 24.
Setting parallel-BKZ instances to 32.
Setting randomized trials to 40.
Read conf file at penum.conf
Setting prebeta parameter to 24.
Setting pruning parameter to 0.2.
Delta: 0.9999
Beta: 32
Mode: 1
Candidate Height: 10
Target length: 2145
Trying to read: ./inppap/svpc-e1-d70-98937.txt
Read a basis of dimension: 70 / 70 with |b_0| = 0.3287933207e211
Starting procedure
Preparing preprocessing of 16 threads.
Thread 0 is BKZ-32 reducing basis
Thread 4 is BKZ-32 reducing basis
Thread 2 is BKZ-32 reducing basis
Thread 14 is BKZ-32 reducing basis
Thread 6 is BKZ-32 reducing basis
Thread 12 is BKZ-32 reducing basis
Thread 8 is BKZ-32 reducing basis
Thread 10 is BKZ-32 reducing basis
Thread 7 is BKZ-32 reducing basis
Thread 15 is BKZ-32 reducing basis
Thread 3 is BKZ-32 reducing basis
Thread 1 is BKZ-32 reducing basis
Thread 5 is BKZ-32 reducing basis
Thread 9 is BKZ-32 reducing basisThread 
13 is BKZ-32 reducing basisThread 
11 is BKZ-32 reducing basis
|b_0| of BKZ-32 reduced basis of thread 0 is: 2228.079442(1.73718s [1.47867 s / 0.182526s ]).
|b_0| of BKZ-32 reduced basis of thread 3 is: 2400.619087(2.30643s [2.05881 s / 0.13205s ]).
|b_0| of BKZ-32 reduced basis of thread 12 is: 2223.959082(2.38191s [2.15698 s / 0.0968383s ]).
|b_0| of BKZ-32 reduced basis of thread 7 is: 2474.09539(2.43121s [2.12635 s / 0.187423s ]).
|b_0| of BKZ-32 reduced basis of thread 15 is: 2462.657914(2.44795s [2.22213 s / 0.108009s ]).
|b_0| of BKZ-32 reduced basis of thread 14 is: 2370.42802(2.49893s [1.97064 s / 0.400764s ]).
|b_0| of BKZ-32 reduced basis of thread 2 is: 2142.442298(2.51189s [2.23395 s / 0.15278s ]).
|b_0| of BKZ-32 reduced basis of thread 8 is: 2403.181641(2.56056s [2.14385 s / 0.289131s ]).
|b_0| of BKZ-32 reduced basis of thread 6 is: 2354.653478(2.56945s [2.20743 s / 0.235055s ]).
|b_0| of BKZ-32 reduced basis of thread 1 is: 2400.965847(2.59031s [2.19899 s / 0.273622s ]).
|b_0| of BKZ-32 reduced basis of thread 10 is: 2341.455957(2.62795s [2.30912 s / 0.191618s ]).
|b_0| of BKZ-32 reduced basis of thread 9 is: 2440.289737(2.63214s [2.34756 s / 0.166746s ]).
|b_0| of BKZ-32 reduced basis of thread 13 is: 2318.364078(2.65139s [2.17187 s / 0.36071s ]).
|b_0| of BKZ-32 reduced basis of thread 11 is: 2245.081736(2.69535s [2.11757 s / 0.463599s ]).
|b_0| of BKZ-32 reduced basis of thread 5 is: 2162.768365(2.82848s [2.57374 s / 0.13924s ]).
|b_0| of BKZ-32 reduced basis of thread 4 is: 2305.547874(2.90427s [2.48835 s / 0.294356s ]).
Sorting 16 bases.
Time for preprocessing: 2.92173 seconds.
Processing base of thread 2
Executing ENUM with target length 2145
A: 4.601e+06
Searching candidates in depth 10
Found new minumun (length: 2142)   1    0    0    0    0    0    0    0    0    0    0    0    0    0    0    0    0    0    0    0    0    0    0    0    0    0    0    0    0    0    0    0    0    0    0    0    0    0    0    0    0    0    0    0    0    0    0    0    0    0    0    0    0    0    0    0    0    0    0    0    0    0    0    0    0    0    0    0    0    0    0    0 
coefficients: [ 1 0 0 0 0 0 0 0 0 0 0 0 0 0 0 0 0 0 0 0 0 0 0 0 0 0 0 0 0 0 0 0 0 0 0 0 0 0 0 0 0 0 0 0 0 0 0 0 0 0 0 0 0 0 0 0 0 0 0 0 0 0 0 0 0 0 0 0 0 0 ]
Shortest Vector: [-15 -536 -137 243 49 -252 271 473 -101 -393 38 -394 234 149 310 94 185 191 -60 17 -169 -125 48 328 -155 -414 51 136 27 -239 188 225 55 124 291 -488 -25 338 111 185 148 -26 -161 -186 -619 -38 -401 49 140 62 -289 -264 68 -261 -527 -110 -76 -28 -144 -61 56 -65 -597 559 138 -61 117 -176 553 127 ]
Len: 2142.4

Runtime of standard enumeration: 0.19562 s.
Finishing after 1 attemps in 3.21 s (processed 1 bases).
Working threads: 16
Using NTL types.
Activating EXTREME pruning.
Setting pruning parameter to 0.22.
Setting candidate-queue size to 10240.
Setting parallel-enum threshold to dimension 15.
Disabling usage of Gauss heuristic
Enabling BKZ-auto-height adaption.
Setting bkz-height to 2.
Setting pre-beta to 24.
Setting parallel-BKZ instances to 32.
Setting randomized trials to 40.
Read conf file at penum.conf
Setting prebeta parameter to 24.
Setting pruning parameter to 0.2.
Delta: 0.9999
Beta: 32
Mode: 1
Candidate Height: 10
Target length: 2145
Trying to read: ./inppap/svpc-e1-d70-98937.txt
Read a basis of dimension: 70 / 70 with |b_0| = 0.3287933207e211
Starting procedure
Preparing preprocessing of 16 threads.
Thread 0 is BKZ-32 reducing basis
Thread 4 is BKZ-32 reducing basis
Thread 2 is BKZ-32 reducing basis
Thread 8 is BKZ-32 reducing basis
Thread 10 is BKZ-32 reducing basis
Thread 14 is BKZ-32 reducing basis
Thread 6 is BKZ-32 reducing basis
Thread 12 is BKZ-32 reducing basis
Thread 3 is BKZ-32 reducing basis
Thread 5 is BKZ-32 reducing basis
Thread 11 is BKZ-32 reducing basis
Thread 1 is BKZ-32 reducing basis
Thread 9 is BKZ-32 reducing basis
Thread 15 is BKZ-32 reducing basis
Thread 7 is BKZ-32 reducing basisThread 
13 is BKZ-32 reducing basis
|b_0| of BKZ-32 reduced basis of thread 0 is: 2228.079442(1.73817s [1.48008 s / 0.181145s ]).
|b_0| of BKZ-32 reduced basis of thread 1 is: 2356.654408(2.38762s [2.18887 s / 0.0780285s ]).
|b_0| of BKZ-32 reduced basis of thread 2 is: 2331.371056(2.43185s [2.04396 s / 0.257763s ]).
|b_0| of BKZ-32 reduced basis of thread 8 is: 2280.906399(2.44071s [2.20148 s / 0.109485s ]).
|b_0| of BKZ-32 reduced basis of thread 14 is: 2497.046856(2.45173s [2.17574 s / 0.14899s ]).
|b_0| of BKZ-32 reduced basis of thread 15 is: 2440.078892(2.48105s [2.21784 s / 0.142629s ]).
|b_0| of BKZ-32 reduced basis of thread 11 is: 2372.652313(2.54068s [2.0473 s / 0.373358s ]).
|b_0| of BKZ-32 reduced basis of thread 7 is: 2322.806062(2.55183s [2.0912 s / 0.338465s ]).
|b_0| of BKZ-32 reduced basis of thread 10 is: 2229.346317(2.55935s [2.35397 s / 0.0674634s ]).
|b_0| of BKZ-32 reduced basis of thread 13 is: 2460.949004(2.56143s [2.15877 s / 0.280126s ]).
|b_0| of BKZ-32 reduced basis of thread 3 is: 2367.353375(2.58863s [2.00044 s / 0.460408s ]).
|b_0| of BKZ-32 reduced basis of thread 9 is: 2475.66274(2.59231s [2.23046 s / 0.230823s ]).
|b_0| of BKZ-32 reduced basis of thread 12 is: 2440.969275(2.59637s [2.24432 s / 0.206046s ]).
|b_0| of BKZ-32 reduced basis of thread 6 is: 2236.27145(2.59857s [2.26689 s / 0.19145s ]).
|b_0| of BKZ-32 reduced basis of thread 4 is: 2297.580249(2.76677s [2.42391 s / 0.217898s ]).
|b_0| of BKZ-32 reduced basis of thread 5 is: 2308.065857(2.87596s [2.54656 s / 0.220186s ]).
Sorting 16 bases.
Time for preprocessing: 2.8972 seconds.
Processing base of thread 0
Executing ENUM with target length 2145
A: 4.601e+06
Searching candidates in depth 10
coefficients: [ 0 0 0 0 0 0 0 0 0 0 0 0 0 0 0 0 0 0 0 0 0 0 0 0 0 0 0 0 0 0 0 0 0 0 0 0 0 0 0 0 0 0 0 0 0 0 0 0 0 0 0 0 0 0 0 0 0 0 0 0 0 0 0 0 0 0 0 0 0 0 ]
Shortest Vector: [0 0 0 0 0 0 0 0 0 0 0 0 0 0 0 0 0 0 0 0 0 0 0 0 0 0 0 0 0 0 0 0 0 0 0 0 0 0 0 0 0 0 0 0 0 0 0 0 0 0 0 0 0 0 0 0 0 0 0 0 0 0 0 0 0 0 0 0 0 0 ]
Len: 0

Runtime of standard enumeration: 0.74435 s.
Processing base of thread 10
Executing ENUM with target length 2145
A: 4.601e+06
Searching candidates in depth 10
coefficients: [ 0 0 0 0 0 0 0 0 0 0 0 0 0 0 0 0 0 0 0 0 0 0 0 0 0 0 0 0 0 0 0 0 0 0 0 0 0 0 0 0 0 0 0 0 0 0 0 0 0 0 0 0 0 0 0 0 0 0 0 0 0 0 0 0 0 0 0 0 0 0 ]
Shortest Vector: [0 0 0 0 0 0 0 0 0 0 0 0 0 0 0 0 0 0 0 0 0 0 0 0 0 0 0 0 0 0 0 0 0 0 0 0 0 0 0 0 0 0 0 0 0 0 0 0 0 0 0 0 0 0 0 0 0 0 0 0 0 0 0 0 0 0 0 0 0 0 ]
Len: 0

Runtime of standard enumeration: 0.75576 s.
Processing base of thread 6
Executing ENUM with target length 2145
A: 4.601e+06
Searching candidates in depth 10
coefficients: [ 0 0 0 0 0 0 0 0 0 0 0 0 0 0 0 0 0 0 0 0 0 0 0 0 0 0 0 0 0 0 0 0 0 0 0 0 0 0 0 0 0 0 0 0 0 0 0 0 0 0 0 0 0 0 0 0 0 0 0 0 0 0 0 0 0 0 0 0 0 0 ]
Shortest Vector: [0 0 0 0 0 0 0 0 0 0 0 0 0 0 0 0 0 0 0 0 0 0 0 0 0 0 0 0 0 0 0 0 0 0 0 0 0 0 0 0 0 0 0 0 0 0 0 0 0 0 0 0 0 0 0 0 0 0 0 0 0 0 0 0 0 0 0 0 0 0 ]
Len: 0

Runtime of standard enumeration: 0.91586 s.
Processing base of thread 8
Executing ENUM with target length 2145
A: 4.601e+06
Searching candidates in depth 10
coefficients: [ 0 0 0 0 0 0 0 0 0 0 0 0 0 0 0 0 0 0 0 0 0 0 0 0 0 0 0 0 0 0 0 0 0 0 0 0 0 0 0 0 0 0 0 0 0 0 0 0 0 0 0 0 0 0 0 0 0 0 0 0 0 0 0 0 0 0 0 0 0 0 ]
Shortest Vector: [0 0 0 0 0 0 0 0 0 0 0 0 0 0 0 0 0 0 0 0 0 0 0 0 0 0 0 0 0 0 0 0 0 0 0 0 0 0 0 0 0 0 0 0 0 0 0 0 0 0 0 0 0 0 0 0 0 0 0 0 0 0 0 0 0 0 0 0 0 0 ]
Len: 0

Runtime of standard enumeration: 0.72233 s.
Processing base of thread 4
Executing ENUM with target length 2145
A: 4.601e+06
Searching candidates in depth 10
Found new minumun (length: 2142)  -1   -4   -5    8    9   -6  -15   10    7   -8   -8    7  -20  -18   -4   13  -11   13    2    3    1   11  -10    1   -5   -7   -2    2    0    5   -5    5   -4    1   -4   -1    0   -3   -1    0    1    2    0    0    0    1    2    0    2   -3   -2    0    1    0    0   -1   -1    2    1    0    0    1   -1   -1    0    0    0    1    0   -1    0    0 
coefficients: [ -1 -4 -5 8 9 -6 -15 10 7 -8 -8 7 -20 -18 -4 13 -11 13 2 3 1 11 -10 1 -5 -7 -2 2 -0 5 -5 5 -4 1 -4 -1 -0 -3 -1 -0 1 2 -0 -0 0 1 2 -0 2 -3 -2 -0 1 -0 -0 -1 -1 2 1 0 0 1 -1 -1 -0 0 -0 1 -0 -1 ]
Shortest Vector: [-15 -536 -137 243 49 -252 271 473 -101 -393 38 -394 234 149 310 94 185 191 -60 17 -169 -125 48 328 -155 -414 51 136 27 -239 188 225 55 124 291 -488 -25 338 111 185 148 -26 -161 -186 -619 -38 -401 49 140 62 -289 -264 68 -261 -527 -110 -76 -28 -144 -61 56 -65 -597 559 138 -61 117 -176 553 127 ]
Len: 2142.4

Runtime of standard enumeration: 0.69059 s.
Finishing after 1 attemps in 7.1645 s (processed 5 bases).
Working threads: 16
Using NTL types.
Activating EXTREME pruning.
Setting pruning parameter to 0.22.
Setting candidate-queue size to 10240.
Setting parallel-enum threshold to dimension 15.
Disabling usage of Gauss heuristic
Enabling BKZ-auto-height adaption.
Setting bkz-height to 2.
Setting pre-beta to 24.
Setting parallel-BKZ instances to 32.
Setting randomized trials to 40.
Read conf file at penum.conf
Setting prebeta parameter to 24.
Setting pruning parameter to 0.2.
Delta: 0.9999
Beta: 32
Mode: 1
Candidate Height: 10
Target length: 2145
Trying to read: ./inppap/svpc-e1-d70-98937.txt
Read a basis of dimension: 70 / 70 with |b_0| = 0.3287933207e211
Starting procedure
Preparing preprocessing of 16 threads.
Thread 0 is BKZ-32 reducing basis
Thread 13 is BKZ-32 reducing basis
Thread 1 is BKZ-32 reducing basis
Thread 8 is BKZ-Thread 326 is BKZ-32 reducing basis reducing basis

Thread 10 is BKZ-32 reducing basis
Thread Thread 124 is BKZ-32Thread  is BKZ-2 is BKZ-32 reducing basis
32 reducing basis reducing basis

Thread 3 is BKZ-32 reducing basis
Thread 7 is BKZ-32 reducing basis
Thread 5 is BKZ-32 reducing basis
Thread 9 is BKZ-32 reducing basis
Thread 15 is BKZ-32 reducing basis
Thread 11 is BKZ-32 reducing basis
Thread 14 is BKZ-32 reducing basis
|b_0| of BKZ-32 reduced basis of thread 0 is: 2228.079442(1.73545s [1.47856 s / 0.181977s ]).
|b_0| of BKZ-32 reduced basis of thread 15 is: 2380.618197(2.31241s [1.89036 s / 0.30182s ]).
|b_0| of BKZ-32 reduced basis of thread 7 is: 2461.598058(2.36562s [2.14094 s / 0.10592s ]).
|b_0| of BKZ-32 reduced basis of thread 3 is: 2384.722416(2.38554s [1.98642 s / 0.28112s ]).
|b_0| of BKZ-32 reduced basis of thread 14 is: 2479.403961(2.41529s [2.17231 s / 0.122441s ]).
|b_0| of BKZ-32 reduced basis of thread 1 is: 2202.255435(2.42573s [2.17888 s / 0.12521s ]).
|b_0| of BKZ-32 reduced basis of thread 4 is: 2261.242579(2.47141s [2.22636 s / 0.116891s ]).
|b_0| of BKZ-32 reduced basis of thread 10 is: 2357.046245(2.49453s [2.09684 s / 0.26812s ]).
|b_0| of BKZ-32 reduced basis of thread 6 is: 2408.533579(2.4991s [2.00556 s / 0.364019s ]).
|b_0| of BKZ-32 reduced basis of thread 11 is: 2387.474607(2.51431s [2.35255 s / 0.0431708s ]).
|b_0| of BKZ-32 reduced basis of thread 9 is: 2451.774459(2.53148s [2.19422 s / 0.217469s ]).
|b_0| of BKZ-32 reduced basis of thread 13 is: 2426.262146(2.57791s [2.17797 s / 0.270345s ]).
|b_0| of BKZ-32 reduced basis of thread 5 is: 2372.686031(2.59497s [2.27321 s / 0.208323s ]).
|b_0| of BKZ-32 reduced basis of thread 12 is: 2349.25286(2.64618s [2.15803 s / 0.356534s ]).
|b_0| of BKZ-32 reduced basis of thread 2 is: 2360.404203(2.64809s [2.28655 s / 0.233413s ]).
|b_0| of BKZ-32 reduced basis of thread 8 is: 2450.179381(2.76803s [2.25664 s / 0.381909s ]).
Sorting 16 bases.
Time for preprocessing: 2.78637 seconds.
Processing base of thread 1
Executing ENUM with target length 2145
A: 4.601e+06
Searching candidates in depth 10
coefficients: [ 0 0 0 0 0 0 0 0 0 0 0 0 0 0 0 0 0 0 0 0 0 0 0 0 0 0 0 0 0 0 0 0 0 0 0 0 0 0 0 0 0 0 0 0 0 0 0 0 0 0 0 0 0 0 0 0 0 0 0 0 0 0 0 0 0 0 0 0 0 0 ]
Shortest Vector: [0 0 0 0 0 0 0 0 0 0 0 0 0 0 0 0 0 0 0 0 0 0 0 0 0 0 0 0 0 0 0 0 0 0 0 0 0 0 0 0 0 0 0 0 0 0 0 0 0 0 0 0 0 0 0 0 0 0 0 0 0 0 0 0 0 0 0 0 0 0 ]
Len: 0

Runtime of standard enumeration: 1.1087 s.
Processing base of thread 0
Executing ENUM with target length 2145
A: 4.601e+06
Searching candidates in depth 10
coefficients: [ 0 0 0 0 0 0 0 0 0 0 0 0 0 0 0 0 0 0 0 0 0 0 0 0 0 0 0 0 0 0 0 0 0 0 0 0 0 0 0 0 0 0 0 0 0 0 0 0 0 0 0 0 0 0 0 0 0 0 0 0 0 0 0 0 0 0 0 0 0 0 ]
Shortest Vector: [0 0 0 0 0 0 0 0 0 0 0 0 0 0 0 0 0 0 0 0 0 0 0 0 0 0 0 0 0 0 0 0 0 0 0 0 0 0 0 0 0 0 0 0 0 0 0 0 0 0 0 0 0 0 0 0 0 0 0 0 0 0 0 0 0 0 0 0 0 0 ]
Len: 0

Runtime of standard enumeration: 0.72127 s.
Processing base of thread 4
Executing ENUM with target length 2145
A: 4.601e+06
Searching candidates in depth 10
coefficients: [ 0 0 0 0 0 0 0 0 0 0 0 0 0 0 0 0 0 0 0 0 0 0 0 0 0 0 0 0 0 0 0 0 0 0 0 0 0 0 0 0 0 0 0 0 0 0 0 0 0 0 0 0 0 0 0 0 0 0 0 0 0 0 0 0 0 0 0 0 0 0 ]
Shortest Vector: [0 0 0 0 0 0 0 0 0 0 0 0 0 0 0 0 0 0 0 0 0 0 0 0 0 0 0 0 0 0 0 0 0 0 0 0 0 0 0 0 0 0 0 0 0 0 0 0 0 0 0 0 0 0 0 0 0 0 0 0 0 0 0 0 0 0 0 0 0 0 ]
Len: 0

Runtime of standard enumeration: 0.78304 s.
Processing base of thread 12
Executing ENUM with target length 2145
A: 4.601e+06
Searching candidates in depth 10
coefficients: [ 0 0 0 0 0 0 0 0 0 0 0 0 0 0 0 0 0 0 0 0 0 0 0 0 0 0 0 0 0 0 0 0 0 0 0 0 0 0 0 0 0 0 0 0 0 0 0 0 0 0 0 0 0 0 0 0 0 0 0 0 0 0 0 0 0 0 0 0 0 0 ]
Shortest Vector: [0 0 0 0 0 0 0 0 0 0 0 0 0 0 0 0 0 0 0 0 0 0 0 0 0 0 0 0 0 0 0 0 0 0 0 0 0 0 0 0 0 0 0 0 0 0 0 0 0 0 0 0 0 0 0 0 0 0 0 0 0 0 0 0 0 0 0 0 0 0 ]
Len: 0

Runtime of standard enumeration: 0.63656 s.
Processing base of thread 10
Executing ENUM with target length 2145
A: 4.601e+06
Searching candidates in depth 10
Found new minumun (length: 2142)  -9   -5    6    2   -6   -4   -2  -13  -12   12    5    0    7    0    0    4    2    2   -4    5   -6    0   -1   -1    2   -2   -1   -2   -3   -1    1    0    1    3    3    3   -3    1    5   -3   -1    0    2    0   -2   -2    0    0    2   -1    1   -2    0   -1    1   -1   -1    1    0    1    0    0   -1    0    0    0    0    1    0    0    0    0 
coefficients: [ -9 -5 6 2 -6 -4 -2 -13 -12 12 5 -0 7 -0 -0 4 2 2 -4 5 -6 -0 -1 -1 2 -2 -1 -2 -3 -1 1 -0 1 3 3 3 -3 1 5 -3 -1 -0 2 -0 -2 -2 -0 0 2 -1 1 -2 -0 -1 1 -1 -1 1 0 1 0 -0 -1 -0 -0 -0 -0 1 0 0 ]
Shortest Vector: [15 536 137 -243 -49 252 -271 -473 101 393 -38 394 -234 -149 -310 -94 -185 -191 60 -17 169 125 -48 -328 155 414 -51 -136 -27 239 -188 -225 -55 -124 -291 488 25 -338 -111 -185 -148 26 161 186 619 38 401 -49 -140 -62 289 264 -68 261 527 110 76 28 144 61 -56 65 597 -559 -138 61 -117 176 -553 -127 ]
Len: 2142.4

Runtime of standard enumeration: 0.28127 s.
Finishing after 1 attemps in 6.7613 s (processed 5 bases).
Working threads: 16
Using NTL types.
Activating EXTREME pruning.
Setting pruning parameter to 0.22.
Setting candidate-queue size to 10240.
Setting parallel-enum threshold to dimension 15.
Disabling usage of Gauss heuristic
Enabling BKZ-auto-height adaption.
Setting bkz-height to 2.
Setting pre-beta to 24.
Setting parallel-BKZ instances to 32.
Setting randomized trials to 40.
Read conf file at penum.conf
Setting prebeta parameter to 24.
Setting pruning parameter to 0.2.
Delta: 0.9999
Beta: 32
Mode: 1
Candidate Height: 10
Target length: 2145
Trying to read: ./inppap/svpc-e1-d70-98937.txt
Read a basis of dimension: 70 / 70 with |b_0| = 0.3287933207e211
Starting procedure
Preparing preprocessing of 16 threads.
Thread 0 is BKZ-32 reducing basis
Thread 10 is BKZ-32 reducing basis
Thread 4 is BKZ-32 reducing basis
Thread 12 is BKZ-32 reducing basis
Thread 2 is BKZ-32 reducing basis
Thread 6 is BKZ-32 reducing basisThread 
8 is BKZ-32 reducing basis
Thread 14 is BKZ-32 reducing basis
Thread 1 is BKZ-32 reducing basis
Thread 3 is BKZ-32 reducing basis
Thread 7 is BKZ-32 reducing basis
Thread 5 is BKZ-32 reducing basis
Thread 13 is BKZ-32 reducing basis
Thread 9 is BKZ-32Thread  reducing basis
11 is BKZ-32 reducing basis
Thread 15 is BKZ-32 reducing basis
|b_0| of BKZ-32 reduced basis of thread 0 is: 2228.079442(1.73347s [1.47645 s / 0.180379s ]).
|b_0| of BKZ-32 reduced basis of thread 9 is: 2444.149954(2.15685s [2.02221 s / 0.0159466s ]).
|b_0| of BKZ-32 reduced basis of thread 3 is: 2382.20654(2.46995s [2.33796 s / 0.0156577s ]).
|b_0| of BKZ-32 reduced basis of thread 15 is: 2298.5515(2.47313s [2.12762 s / 0.224363s ]).
|b_0| of BKZ-32 reduced basis of thread 14 is: 2440.063524(2.50316s [2.20306 s / 0.171865s ]).
|b_0| of BKZ-32 reduced basis of thread 10 is: 2386.465797(2.56126s [2.0957 s / 0.335904s ]).
|b_0| of BKZ-32 reduced basis of thread 4 is: 2396.820185(2.56407s [2.08742 s / 0.348696s ]).
|b_0| of BKZ-32 reduced basis of thread 11 is: 2469.698362(2.58368s [2.08116 s / 0.383649s ]).
|b_0| of BKZ-32 reduced basis of thread 8 is: 2398.590836(2.598s [2.27158 s / 0.198606s ]).
|b_0| of BKZ-32 reduced basis of thread 2 is: 2315.458918(2.61188s [2.26057 s / 0.218195s ]).
|b_0| of BKZ-32 reduced basis of thread 5 is: 2447.012873(2.60946s [2.22778 s / 0.260099s ]).
|b_0| of BKZ-32 reduced basis of thread 7 is: 2284.648551(2.6189s [2.24388 s / 0.255186s ]).
|b_0| of BKZ-32 reduced basis of thread 13 is: 2227.308016(2.62277s [2.22624 s / 0.275895s ]).
|b_0| of BKZ-32 reduced basis of thread 6 is: 2305.65327(2.69824s [2.2699 s / 0.301111s ]).
|b_0| of BKZ-32 reduced basis of thread 12 is: 2321.070227(2.86641s [2.35245 s / 0.386401s ]).
|b_0| of BKZ-32 reduced basis of thread 1 is: 2456.150647(2.93814s [2.61785 s / 0.210076s ]).
Sorting 16 bases.
Time for preprocessing: 2.95817 seconds.
Processing base of thread 13
Executing ENUM with target length 2145
A: 4.601e+06
Searching candidates in depth 10
coefficients: [ 0 0 0 0 0 0 0 0 0 0 0 0 0 0 0 0 0 0 0 0 0 0 0 0 0 0 0 0 0 0 0 0 0 0 0 0 0 0 0 0 0 0 0 0 0 0 0 0 0 0 0 0 0 0 0 0 0 0 0 0 0 0 0 0 0 0 0 0 0 0 ]
Shortest Vector: [0 0 0 0 0 0 0 0 0 0 0 0 0 0 0 0 0 0 0 0 0 0 0 0 0 0 0 0 0 0 0 0 0 0 0 0 0 0 0 0 0 0 0 0 0 0 0 0 0 0 0 0 0 0 0 0 0 0 0 0 0 0 0 0 0 0 0 0 0 0 ]
Len: 0

Runtime of standard enumeration: 0.68612 s.
Processing base of thread 0
Executing ENUM with target length 2145
A: 4.601e+06
Searching candidates in depth 10
coefficients: [ 0 0 0 0 0 0 0 0 0 0 0 0 0 0 0 0 0 0 0 0 0 0 0 0 0 0 0 0 0 0 0 0 0 0 0 0 0 0 0 0 0 0 0 0 0 0 0 0 0 0 0 0 0 0 0 0 0 0 0 0 0 0 0 0 0 0 0 0 0 0 ]
Shortest Vector: [0 0 0 0 0 0 0 0 0 0 0 0 0 0 0 0 0 0 0 0 0 0 0 0 0 0 0 0 0 0 0 0 0 0 0 0 0 0 0 0 0 0 0 0 0 0 0 0 0 0 0 0 0 0 0 0 0 0 0 0 0 0 0 0 0 0 0 0 0 0 ]
Len: 0

Runtime of standard enumeration: 0.73595 s.
Processing base of thread 7
Executing ENUM with target length 2145
A: 4.601e+06
Searching candidates in depth 10
coefficients: [ 0 0 0 0 0 0 0 0 0 0 0 0 0 0 0 0 0 0 0 0 0 0 0 0 0 0 0 0 0 0 0 0 0 0 0 0 0 0 0 0 0 0 0 0 0 0 0 0 0 0 0 0 0 0 0 0 0 0 0 0 0 0 0 0 0 0 0 0 0 0 ]
Shortest Vector: [0 0 0 0 0 0 0 0 0 0 0 0 0 0 0 0 0 0 0 0 0 0 0 0 0 0 0 0 0 0 0 0 0 0 0 0 0 0 0 0 0 0 0 0 0 0 0 0 0 0 0 0 0 0 0 0 0 0 0 0 0 0 0 0 0 0 0 0 0 0 ]
Len: 0

Runtime of standard enumeration: 0.66918 s.
Processing base of thread 15
Executing ENUM with target length 2145
A: 4.601e+06
Searching candidates in depth 10
Found new minumun (length: 2142)  -9   -1  -12   -3    2   -7   -1   -6    0    5   -8   -5    3   -5    2    5   13   -8   -8    2    3    1   -1   -4    2   -3    2    5   -2   -2   -3    1   -1   -1    0   -2   -3   -1    1   -4   -2    0    2   -2   -1   -3   -1   -1    0    0    1    0    0   -1    2    0   -1    1    1    0    0    0   -1    1   -1    0    0    1    0    0    0    0 
coefficients: [ -9 -1 -12 -3 2 -7 -1 -6 -0 5 -8 -5 3 -5 2 5 13 -8 -8 2 3 1 -1 -4 2 -3 2 5 -2 -2 -3 1 -1 -1 -0 -2 -3 -1 1 -4 -2 -0 2 -2 -1 -3 -1 -1 -0 0 1 -0 -0 -1 2 -0 -1 1 1 0 -0 0 -1 1 -1 -0 -0 1 0 0 ]
Shortest Vector: [15 536 137 -243 -49 252 -271 -473 101 393 -38 394 -234 -149 -310 -94 -185 -191 60 -17 169 125 -48 -328 155 414 -51 -136 -27 239 -188 -225 -55 -124 -291 488 25 -338 -111 -185 -148 26 161 186 619 38 401 -49 -140 -62 289 264 -68 261 527 110 76 28 144 61 -56 65 597 -559 -138 61 -117 176 -553 -127 ]
Len: 2142.4

Runtime of standard enumeration: 0.23592 s.
Finishing after 1 attemps in 5.6427 s (processed 4 bases).
Working threads: 16
Using NTL types.
Activating EXTREME pruning.
Setting pruning parameter to 0.22.
Setting candidate-queue size to 10240.
Setting parallel-enum threshold to dimension 15.
Disabling usage of Gauss heuristic
Enabling BKZ-auto-height adaption.
Setting bkz-height to 2.
Setting pre-beta to 24.
Setting parallel-BKZ instances to 32.
Setting randomized trials to 40.
Read conf file at penum.conf
Setting prebeta parameter to 24.
Setting pruning parameter to 0.2.
Delta: 0.9999
Beta: 32
Mode: 1
Candidate Height: 10
Target length: 2145
Trying to read: ./inppap/svpc-e1-d70-98937.txt
Read a basis of dimension: 70 / 70 with |b_0| = 0.3287933207e211
Starting procedure
Preparing preprocessing of 16 threads.
Thread 0 is BKZ-32 reducing basis
Thread 14 is BKZ-32 reducing basis
Thread 4 is BKZ-32 reducing basis
Thread 8 is BKZ-32 reducing basis
Thread 2 is BKZ-32 reducing basis
Thread 10 is BKZ-32 reducing basis
Thread 6 is BKZ-32 reducing basisThread 
12 is BKZ-32 reducing basis
Thread 5 is BKZ-32 reducing basis
Thread 7 is BKZ-32 reducing basis
Thread 15 is BKZ-32 reducing basis
Thread 1 is BKZ-32 reducing basis
Thread 9 is BKZ-32 reducing basis
Thread 11 is BKZ-32 reducing basis
Thread 3 is BKZ-32 reducing basis
Thread 13 is BKZ-32 reducing basis
|b_0| of BKZ-32 reduced basis of thread 0 is: 2228.079442(1.73897s [1.47961 s / 0.18036s ]).
|b_0| of BKZ-32 reduced basis of thread 14 is: 2348.644928(2.36251s [2.08036 s / 0.153101s ]).
|b_0| of BKZ-32 reduced basis of thread 9 is: 2345.73869(2.3794s [2.15907 s / 0.100377s ]).
|b_0| of BKZ-32 reduced basis of thread 2 is: 2388.681017(2.40904s [2.13099 s / 0.151507s ]).
|b_0| of BKZ-32 reduced basis of thread 6 is: 2307.919843(2.46132s [2.03759 s / 0.295232s ]).
|b_0| of BKZ-32 reduced basis of thread 3 is: 2236.043604(2.46929s [2.06032 s / 0.290433s ]).
|b_0| of BKZ-32 reduced basis of thread 10 is: 2375.300823(2.54541s [2.17039 s / 0.246349s ]).
|b_0| of BKZ-32 reduced basis of thread 15 is: 2343.807799(2.55947s [2.34968 s / 0.0885435s ]).
|b_0| of BKZ-32 reduced basis of thread 1 is: 2372.800244(2.58668s [2.15276 s / 0.314022s ]).
|b_0| of BKZ-32 reduced basis of thread 8 is: 2320.716053(2.61347s [2.34137 s / 0.143763s ]).
|b_0| of BKZ-32 reduced basis of thread 12 is: 2266.515608(2.64436s [2.3527 s / 0.163925s ]).
|b_0| of BKZ-32 reduced basis of thread 13 is: 2280.6977(2.67283s [2.23191 s / 0.312672s ]).
|b_0| of BKZ-32 reduced basis of thread 5 is: 2356.757306(2.67584s [2.35973 s / 0.193714s ]).
|b_0| of BKZ-32 reduced basis of thread 11 is: 2418.30023(2.67752s [2.23289 s / 0.315787s ]).
|b_0| of BKZ-32 reduced basis of thread 4 is: 2142.442298(2.68413s [2.3337 s / 0.22355s ]).
|b_0| of BKZ-32 reduced basis of thread 7 is: 2226.427183(2.80327s [2.26832 s / 0.417348s ]).
Sorting 16 bases.
Time for preprocessing: 2.82588 seconds.
Processing base of thread 4
Executing ENUM with target length 2145
A: 4.601e+06
Searching candidates in depth 10
Found new minumun (length: 2142)   1    0    0    0    0    0    0    0    0    0    0    0    0    0    0    0    0    0    0    0    0    0    0    0    0    0    0    0    0    0    0    0    0    0    0    0    0    0    0    0    0    0    0    0    0    0    0    0    0    0    0    0    0    0    0    0    0    0    0    0    0    0    0    0    0    0    0    0    0    0    0    0 
coefficients: [ 1 0 0 0 0 0 0 0 0 0 0 0 0 0 0 0 0 0 0 0 0 0 0 0 0 0 0 0 0 0 0 0 0 0 0 0 0 0 0 0 0 0 0 0 0 0 0 0 0 0 0 0 0 0 0 0 0 0 0 0 0 0 0 0 0 0 0 0 0 0 ]
Shortest Vector: [-15 -536 -137 243 49 -252 271 473 -101 -393 38 -394 234 149 310 94 185 191 -60 17 -169 -125 48 328 -155 -414 51 136 27 -239 188 225 55 124 291 -488 -25 338 111 185 148 -26 -161 -186 -619 -38 -401 49 140 62 -289 -264 68 -261 -527 -110 -76 -28 -144 -61 56 -65 -597 559 138 -61 117 -176 553 127 ]
Len: 2142.4

Runtime of standard enumeration: 0.30418 s.
Finishing after 1 attemps in 3.2288 s (processed 1 bases).
Working threads: 16
Using NTL types.
Activating EXTREME pruning.
Setting pruning parameter to 0.22.
Setting candidate-queue size to 10240.
Setting parallel-enum threshold to dimension 15.
Disabling usage of Gauss heuristic
Enabling BKZ-auto-height adaption.
Setting bkz-height to 2.
Setting pre-beta to 24.
Setting parallel-BKZ instances to 32.
Setting randomized trials to 40.
Read conf file at penum.conf
Setting prebeta parameter to 24.
Setting pruning parameter to 0.2.
Delta: 0.9999
Beta: 32
Mode: 1
Candidate Height: 10
Target length: 2145
Trying to read: ./inppap/svpc-e1-d70-98937.txt
Read a basis of dimension: 70 / 70 with |b_0| = 0.3287933207e211
Starting procedure
Preparing preprocessing of 16 threads.
Thread 0 is BKZ-32 reducing basis
Thread 1 is BKZ-32 reducing basis
Thread 4 is BKZ-32 reducing basis
Thread 9 is BKZ-32 reducing basis
Thread 11 is BKZ-32 reducing basis
Thread 15 is BKZ-32 reducing basis
Thread 3 is BKZ-32 reducing basis
Thread 14 is BKZ-32 reducing basis
Thread 13 is BKZ-Thread 32 reducing basis
5 is BKZ-32 reducing basisThread 
7 is BKZ-Thread 32Thread Thread 6 is BKZ-Thread 32102 is BKZ- is BKZ- reducing basis832
32 reducing basis
 reducing basis
Thread 12 is BKZ-32 reducing basis is BKZ-
32 reducing basis
 reducing basis
|b_0| of BKZ-32 reduced basis of thread 0 is: 2228.079442(1.73688s [1.47767 s / 0.182924s ]).
|b_0| of BKZ-32 reduced basis of thread 11 is: 2330.082402(2.41824s [1.98051 s / 0.318573s ]).
|b_0| of BKZ-32 reduced basis of thread 15 is: 2284.41765(2.47568s [2.11865 s / 0.231298s ]).
|b_0| of BKZ-32 reduced basis of thread 10 is: 2416.44015(2.479s [2.00699 s / 0.331693s ]).
|b_0| of BKZ-32 reduced basis of thread 2 is: 2438.551414(2.48043s [2.06661 s / 0.273223s ]).
|b_0| of BKZ-32 reduced basis of thread 7 is: 2387.7837(2.49239s [2.10661 s / 0.265094s ]).
|b_0| of BKZ-32 reduced basis of thread 6 is: 2389.35326(2.5028s [2.21019 s / 0.163674s ]).
|b_0| of BKZ-32 reduced basis of thread 9 is: 2397.318085(2.57076s [2.05434 s / 0.396602s ]).
|b_0| of BKZ-32 reduced basis of thread 1 is: 2358.681835(2.58637s [2.25298 s / 0.213401s ]).
|b_0| of BKZ-32 reduced basis of thread 4 is: 2385.350918(2.60601s [2.30602 s / 0.17074s ]).
|b_0| of BKZ-32 reduced basis of thread 14 is: 2466.090631(2.63884s [2.19462 s / 0.315574s ]).
|b_0| of BKZ-32 reduced basis of thread 5 is: 2393.865493(2.69037s [2.27821 s / 0.291777s ]).
|b_0| of BKZ-32 reduced basis of thread 13 is: 2226.519257(2.71221s [2.38367 s / 0.210294s ]).
|b_0| of BKZ-32 reduced basis of thread 3 is: 2404.623671(2.71348s [2.17664 s / 0.413775s ]).
|b_0| of BKZ-32 reduced basis of thread 8 is: 2378.864225(2.84422s [2.40756 s / 0.309173s ]).
|b_0| of BKZ-32 reduced basis of thread 12 is: 2313.308669(2.96706s [2.33044 s / 0.510007s ]).
Sorting 16 bases.
Time for preprocessing: 2.9863 seconds.
Processing base of thread 13
Executing ENUM with target length 2145
A: 4.601e+06
Searching candidates in depth 10
coefficients: [ 0 0 0 0 0 0 0 0 0 0 0 0 0 0 0 0 0 0 0 0 0 0 0 0 0 0 0 0 0 0 0 0 0 0 0 0 0 0 0 0 0 0 0 0 0 0 0 0 0 0 0 0 0 0 0 0 0 0 0 0 0 0 0 0 0 0 0 0 0 0 ]
Shortest Vector: [0 0 0 0 0 0 0 0 0 0 0 0 0 0 0 0 0 0 0 0 0 0 0 0 0 0 0 0 0 0 0 0 0 0 0 0 0 0 0 0 0 0 0 0 0 0 0 0 0 0 0 0 0 0 0 0 0 0 0 0 0 0 0 0 0 0 0 0 0 0 ]
Len: 0

Runtime of standard enumeration: 0.55595 s.
Processing base of thread 0
Executing ENUM with target length 2145
A: 4.601e+06
Searching candidates in depth 10
coefficients: [ 0 0 0 0 0 0 0 0 0 0 0 0 0 0 0 0 0 0 0 0 0 0 0 0 0 0 0 0 0 0 0 0 0 0 0 0 0 0 0 0 0 0 0 0 0 0 0 0 0 0 0 0 0 0 0 0 0 0 0 0 0 0 0 0 0 0 0 0 0 0 ]
Shortest Vector: [0 0 0 0 0 0 0 0 0 0 0 0 0 0 0 0 0 0 0 0 0 0 0 0 0 0 0 0 0 0 0 0 0 0 0 0 0 0 0 0 0 0 0 0 0 0 0 0 0 0 0 0 0 0 0 0 0 0 0 0 0 0 0 0 0 0 0 0 0 0 ]
Len: 0

Runtime of standard enumeration: 0.73904 s.
Processing base of thread 15
Executing ENUM with target length 2145
A: 4.601e+06
Searching candidates in depth 10
coefficients: [ 0 0 0 0 0 0 0 0 0 0 0 0 0 0 0 0 0 0 0 0 0 0 0 0 0 0 0 0 0 0 0 0 0 0 0 0 0 0 0 0 0 0 0 0 0 0 0 0 0 0 0 0 0 0 0 0 0 0 0 0 0 0 0 0 0 0 0 0 0 0 ]
Shortest Vector: [0 0 0 0 0 0 0 0 0 0 0 0 0 0 0 0 0 0 0 0 0 0 0 0 0 0 0 0 0 0 0 0 0 0 0 0 0 0 0 0 0 0 0 0 0 0 0 0 0 0 0 0 0 0 0 0 0 0 0 0 0 0 0 0 0 0 0 0 0 0 ]
Len: 0

Runtime of standard enumeration: 0.71213 s.
Processing base of thread 12
Executing ENUM with target length 2145
A: 4.601e+06
Searching candidates in depth 10
Found new minumun (length: 2142)  11   -1  -19  -11    2   -4   -2   -4   -2  -14   12   21   -2    8   -5    3    6   -5   -2    4    0   -5   -5    3   -7   -5    2   -2    4    2    2   -1    4   -1   -1   -1    1    0   -1    0    0    1    1   -2   -1   -1    0    1    1   -3    2   -2   -1   -2    0    1    0    0    1    0    0    0   -1    0    0    1    0    0    1   -1    0    0 
coefficients: [ 11 -1 -19 -11 2 -4 -2 -4 -2 -14 12 21 -2 8 -5 3 6 -5 -2 4 -0 -5 -5 3 -7 -5 2 -2 4 2 2 -1 4 -1 -1 -1 1 -0 -1 -0 -0 1 1 -2 -1 -1 -0 1 1 -3 2 -2 -1 -2 0 1 -0 0 1 0 0 -0 -1 -0 -0 1 -0 0 1 -1 ]
Shortest Vector: [15 536 137 -243 -49 252 -271 -473 101 393 -38 394 -234 -149 -310 -94 -185 -191 60 -17 169 125 -48 -328 155 414 -51 -136 -27 239 -188 -225 -55 -124 -291 488 25 -338 -111 -185 -148 26 161 186 619 38 401 -49 -140 -62 289 264 -68 261 527 110 76 28 144 61 -56 65 597 -559 -138 61 -117 176 -553 -127 ]
Len: 2142.4

Runtime of standard enumeration: 0.55166 s.
Finishing after 1 attemps in 5.8947 s (processed 4 bases).
Working threads: 16
Using NTL types.
Activating EXTREME pruning.
Setting pruning parameter to 0.22.
Setting candidate-queue size to 10240.
Setting parallel-enum threshold to dimension 15.
Disabling usage of Gauss heuristic
Enabling BKZ-auto-height adaption.
Setting bkz-height to 2.
Setting pre-beta to 24.
Setting parallel-BKZ instances to 32.
Setting randomized trials to 40.
Read conf file at penum.conf
Setting prebeta parameter to 24.
Setting pruning parameter to 0.2.
Delta: 0.9999
Beta: 32
Mode: 1
Candidate Height: 10
Target length: 2145
Trying to read: ./inppap/svpc-e1-d70-98937.txt
Read a basis of dimension: 70 / 70 with |b_0| = 0.3287933207e211
Starting procedure
Preparing preprocessing of 16 threads.
Thread 0 is BKZ-32 reducing basis
Thread 4 is BKZ-32 reducing basis
Thread 10 is BKZ-32 reducing basis
Thread 12 is BKZ-32 reducing basis
Thread 8 is BKZ-32 reducing basis
Thread 14 is BKZ-32 reducing basis
Thread 2 is BKZ-32 reducing basis
Thread 6 is BKZ-32 reducing basis
Thread 15 is BKZ-32 reducing basis
Thread 9 is BKZ-32 reducing basis
Thread 1 is BKZ-32 reducing basis
Thread 11 is BKZ-32 reducing basis
Thread 3 is BKZ-32 reducing basis
Thread 13 is BKZ-Thread 32 reducing basis
7 is BKZ-32 reducing basis
Thread 5 is BKZ-32 reducing basis
|b_0| of BKZ-32 reduced basis of thread 0 is: 2228.079442(1.736s [1.47872 s / 0.180427s ]).
|b_0| of BKZ-32 reduced basis of thread 10 is: 2245.081736(2.40984s [1.93661 s / 0.345369s ]).
|b_0| of BKZ-32 reduced basis of thread 15 is: 2416.531605(2.4672s [2.19713 s / 0.149953s ]).
|b_0| of BKZ-32 reduced basis of thread 5 is: 2530.963058(2.4918s [2.25263 s / 0.119483s ]).
|b_0| of BKZ-32 reduced basis of thread 7 is: 2350.736906(2.49713s [2.24011 s / 0.139469s ]).
|b_0| of BKZ-32 reduced basis of thread 8 is: 2341.109566(2.53455s [2.19707 s / 0.196069s ]).
|b_0| of BKZ-32 reduced basis of thread 13 is: 2394.107558(2.53439s [2.29351 s / 0.109562s ]).
|b_0| of BKZ-32 reduced basis of thread 3 is: 2473.644477(2.53747s [2.19233 s / 0.212669s ]).
|b_0| of BKZ-32 reduced basis of thread 6 is: |b_0| of BKZ-32 reduced basis of thread 12 is: 2372.757257(2.54702s [2.16571 s / 0.245131s ]).
2437.342405(2.54742s [2.10771 s / 0.302448s ]).
|b_0| of BKZ-32 reduced basis of thread 14 is: 2378.208359(2.57892s [2.40336 s / 0.0468745s ]).
|b_0| of BKZ-32 reduced basis of thread 4 is: 2360.508843(2.58745s [2.17738 s / 0.281878s ]).
|b_0| of BKZ-32 reduced basis of thread 2 is: 2431.116616(2.67261s [2.23327 s / 0.31059s ]).
|b_0| of BKZ-32 reduced basis of thread 11 is: 2470.905097(2.74124s [2.59485 s / 0.0335903s ]).
|b_0| of BKZ-32 reduced basis of thread 9 is: 2418.688074(2.79543s [2.29241 s / 0.385605s ]).
|b_0| of BKZ-32 reduced basis of thread 1 is: 2296.640155(2.88784s [2.45492 s / 0.316432s ]).
Sorting 16 bases.
Time for preprocessing: 2.90971 seconds.
Processing base of thread 0
Executing ENUM with target length 2145
A: 4.601e+06
Searching candidates in depth 10
coefficients: [ 0 0 0 0 0 0 0 0 0 0 0 0 0 0 0 0 0 0 0 0 0 0 0 0 0 0 0 0 0 0 0 0 0 0 0 0 0 0 0 0 0 0 0 0 0 0 0 0 0 0 0 0 0 0 0 0 0 0 0 0 0 0 0 0 0 0 0 0 0 0 ]
Shortest Vector: [0 0 0 0 0 0 0 0 0 0 0 0 0 0 0 0 0 0 0 0 0 0 0 0 0 0 0 0 0 0 0 0 0 0 0 0 0 0 0 0 0 0 0 0 0 0 0 0 0 0 0 0 0 0 0 0 0 0 0 0 0 0 0 0 0 0 0 0 0 0 ]
Len: 0

Runtime of standard enumeration: 0.73835 s.
Processing base of thread 10
Executing ENUM with target length 2145
A: 4.601e+06
Searching candidates in depth 10
coefficients: [ 0 0 0 0 0 0 0 0 0 0 0 0 0 0 0 0 0 0 0 0 0 0 0 0 0 0 0 0 0 0 0 0 0 0 0 0 0 0 0 0 0 0 0 0 0 0 0 0 0 0 0 0 0 0 0 0 0 0 0 0 0 0 0 0 0 0 0 0 0 0 ]
Shortest Vector: [0 0 0 0 0 0 0 0 0 0 0 0 0 0 0 0 0 0 0 0 0 0 0 0 0 0 0 0 0 0 0 0 0 0 0 0 0 0 0 0 0 0 0 0 0 0 0 0 0 0 0 0 0 0 0 0 0 0 0 0 0 0 0 0 0 0 0 0 0 0 ]
Len: 0

Runtime of standard enumeration: 0.96605 s.
Processing base of thread 1
Executing ENUM with target length 2145
A: 4.601e+06
Searching candidates in depth 10
coefficients: [ 0 0 0 0 0 0 0 0 0 0 0 0 0 0 0 0 0 0 0 0 0 0 0 0 0 0 0 0 0 0 0 0 0 0 0 0 0 0 0 0 0 0 0 0 0 0 0 0 0 0 0 0 0 0 0 0 0 0 0 0 0 0 0 0 0 0 0 0 0 0 ]
Shortest Vector: [0 0 0 0 0 0 0 0 0 0 0 0 0 0 0 0 0 0 0 0 0 0 0 0 0 0 0 0 0 0 0 0 0 0 0 0 0 0 0 0 0 0 0 0 0 0 0 0 0 0 0 0 0 0 0 0 0 0 0 0 0 0 0 0 0 0 0 0 0 0 ]
Len: 0

Runtime of standard enumeration: 0.67783 s.
Processing base of thread 8
Executing ENUM with target length 2145
A: 4.601e+06
Searching candidates in depth 10
Found new minumun (length: 2142)  -9   -6    9    3    1    2   -5    0    1   -8    4    2    2    4    1    3   -5   -1    3   -1   -9    0    1    0    2   -4   -3   -1    0    2    4    1    4   -1    1   -3   -1    1   -1    1    2    2    3    0    1    2   -1    0    0   -2    1    1   -1    0    0    0   -1    0    0    1    0    0    1    0    0   -1    0    0   -1    0    0    0 
coefficients: [ -9 -6 9 3 1 2 -5 -0 1 -8 4 2 2 4 1 3 -5 -1 3 -1 -9 -0 1 -0 2 -4 -3 -1 -0 2 4 1 4 -1 1 -3 -1 1 -1 1 2 2 3 -0 1 2 -1 -0 -0 -2 1 1 -1 0 -0 -0 -1 -0 -0 1 -0 -0 1 -0 -0 -1 -0 -0 -1 0 ]
Shortest Vector: [15 536 137 -243 -49 252 -271 -473 101 393 -38 394 -234 -149 -310 -94 -185 -191 60 -17 169 125 -48 -328 155 414 -51 -136 -27 239 -188 -225 -55 -124 -291 488 25 -338 -111 -185 -148 26 161 186 619 38 401 -49 -140 -62 289 264 -68 261 527 110 76 28 144 61 -56 65 597 -559 -138 61 -117 176 -553 -127 ]
Len: 2142.4

Runtime of standard enumeration: 0.35352 s.
Finishing after 1 attemps in 5.9927 s (processed 4 bases).
