Working threads: 24
Using NTL types.
Activating EXTREME pruning.
Setting pruning parameter to 0.22.
Setting candidate-queue size to 10240.
Setting parallel-enum threshold to dimension 15.
Disabling usage of Gauss heuristic
Enabling BKZ-auto-height adaption.
Setting bkz-height to 2.
Setting pre-beta to 24.
Setting parallel-BKZ instances to 32.
Setting randomized trials to 40.
Read conf file at penum.conf
Setting prebeta parameter to 24.
Setting pruning parameter to 0.16.
Delta: 0.9999
Beta: 30
Mode: 1
Candidate Height: 10
Target length: 2192
Trying to read: ./inppap/svpc-e1-d72-98937.txt
Read a basis of dimension: 72 / 72 with |b_0| = 0.3038441515e217
Starting procedure
Preparing preprocessing of 24 threads.
Thread 0 is BKZ-30 reducing basis
Thread 21 is BKZ-30 reducing basis
Thread 14 is BKZ-30 reducing basis
Thread 13 is BKZ-30 reducing basis
Thread 7 is BKZ-30 reducing basis
Thread 22 is BKZ-30 reducing basis
Thread 23 is BKZ-30 reducing basis
Thread 17 is BKZ-30 reducing basis
Thread 1 is BKZ-30 reducing basis
Thread 5 is BKZ-30 reducing basis
Thread Thread 16 is BKZ-30 reducing basis
10 is BKZ-30 reducing basis
Thread 3 is BKZ-30 reducing basis
Thread 19 is BKZ-30 reducing basis
Thread 4 is BKZ-30 reducing basis
Thread 6 is BKZ-30 reducing basis
Thread 12 is BKZ-30 reducing basis
Thread 18 is BKZ-30 reducing basis
Thread 2Thread 11 is BKZ-30 reducing basis
Thread 20 is BKZ-30 reducing basis
Thread 9 is BKZ-30 reducing basis
 is BKZ-30 reducing basis
Thread 8 is BKZ-30 reducing basis
Thread 15 is BKZ-30 reducing basis
|b_0| of BKZ-30 reduced basis of thread 0 is: 2317.948878(2.0929s [1.71554 s / 0.204716s ]).
|b_0| of BKZ-30 reduced basis of thread 19 is: 2537.816975(2.52008s [2.32866 s / 0.0186223s ]).
|b_0| of BKZ-30 reduced basis of thread 22 is: 2475.028687(2.60192s [2.27948 s / 0.144546s ]).
|b_0| of BKZ-30 reduced basis of thread 12 is: 2489.520034(2.58989s [2.05302 s / 0.39472s ]).
|b_0| of BKZ-30 reduced basis of thread 1 is: 2487.895898(2.66037s [2.32371 s / 0.174044s ]).
|b_0| of BKZ-30 reduced basis of thread 17 is: 2476.224344(2.69459s [2.37788 s / 0.141938s ]).
|b_0| of BKZ-30 reduced basis of thread 15 is: 2511.908637(2.65136s [2.1989 s / 0.316822s ]).
|b_0| of BKZ-30 reduced basis of thread 10 is: 2482.487664(2.69908s [2.32833 s / 0.206584s ]).
|b_0| of BKZ-30 reduced basis of thread 8 is: 2335.36207(2.68696s [2.20065 s / 0.351083s ]).
|b_0| of BKZ-30 reduced basis of thread 11 is: 2368.754103(2.71994s [2.20316 s / 0.361489s ]).
|b_0| of BKZ-30 reduced basis of thread 23 is: 2480.106853(2.7648s [2.34749 s / 0.242483s ]).
|b_0| of BKZ-30 reduced basis of thread 13 is: 2207.179875(2.79686s [2.3792 s / 0.240993s ]).
|b_0| of BKZ-30 reduced basis of thread 5 is: 2348.690912(2.81767s [2.31226 s / 0.33687s ]).
|b_0| of BKZ-30 reduced basis of thread 18 is: 2341.273585(2.79722s [2.43914 s / 0.231686s ]).
|b_0| of BKZ-30 reduced basis of thread 4 is: 2430.460244(2.83796s [2.27622 s / 0.402012s ]).
|b_0| of BKZ-30 reduced basis of thread 2 is: 2366.391979(2.81536s [2.52104 s / 0.157668s ]).
|b_0| of BKZ-30 reduced basis of thread 20 is: 2451.439169(2.8291s [2.58271 s / 0.104268s ]).
|b_0| of BKZ-30 reduced basis of thread 7 is: 2507.481805(2.90992s [2.28369 s / 0.458306s ]).
|b_0| of BKZ-30 reduced basis of thread 6 is: 2281.099954(2.8861s [2.36012 s / 0.379795s ]).
|b_0| of BKZ-30 reduced basis of thread 16 is: 2342.327048(2.93621s [2.55738 s / 0.198439s ]).
|b_0| of BKZ-30 reduced basis of thread 3 is: 2313.450021(2.93071s [2.50304 s / 0.259759s ]).
|b_0| of BKZ-30 reduced basis of thread 14 is: 2451.847671(2.95075s [2.44325 s / 0.336245s ]).
|b_0| of BKZ-30 reduced basis of thread 21 is: 2448.939771(2.9555s [2.51916 s / 0.241688s ]).
|b_0| of BKZ-30 reduced basis of thread 9 is: 2461.597652(3.01795s [2.59977 s / 0.27659s ]).
Sorting 24 bases.
Time for preprocessing: 3.17204 seconds.
Processing base of thread 13
Executing ENUM with target length 2192
A: 4.8049e+06
Searching candidates in depth 10
Found new minumun (length: 2190)  10    7   -6  -13  -19  -15   11  -11   -6  -11   -6   -9   -5    0    6   -4   -9   -2   -8    5   -3   -5    2   -5   -4    6   -3   -3    0   -3    1   -1    0    1   -1   -1    1   -2    1   -3    2    1    1    0    0    0   -2   -2    1    1    0    0    0    1   -1    0    1    0   -1   -1    0    1   -1    1   -1    1   -1    0    0   -1    0    1    0    0 
coefficients: [ 10 7 -6 -13 -19 -15 11 -11 -6 -11 -6 -9 -5 -0 6 -4 -9 -2 -8 5 -3 -5 2 -5 -4 6 -3 -3 -0 -3 1 -1 -0 1 -1 -1 1 -2 1 -3 2 1 1 -0 -0 -0 -2 -2 1 1 -0 -0 -0 1 -1 -0 1 -0 -1 -1 -0 1 -1 1 -1 1 -1 -0 -0 -1 -0 1 ]
Shortest Vector: [-30 12 -526 29 92 -480 8 -25 240 -78 -326 -332 -82 459 -89 47 8 -21 105 87 221 218 -242 193 -183 401 70 145 15 325 -121 400 137 302 140 177 492 30 -173 271 -69 -90 -403 632 -220 297 283 416 -162 -111 -125 -199 -210 -59 125 -307 122 -132 276 -151 -65 470 -354 260 463 254 -251 251 -47 -291 -18 -546 ]
Len: 2191

Runtime of standard enumeration: 0.50615 s.
Finishing after 1 attemps in 3.7917 s (processed 1 bases).
Working threads: 24
Using NTL types.
Activating EXTREME pruning.
Setting pruning parameter to 0.22.
Setting candidate-queue size to 10240.
Setting parallel-enum threshold to dimension 15.
Disabling usage of Gauss heuristic
Enabling BKZ-auto-height adaption.
Setting bkz-height to 2.
Setting pre-beta to 24.
Setting parallel-BKZ instances to 32.
Setting randomized trials to 40.
Read conf file at penum.conf
Setting prebeta parameter to 24.
Setting pruning parameter to 0.16.
Delta: 0.9999
Beta: 30
Mode: 1
Candidate Height: 10
Target length: 2192
Trying to read: ./inppap/svpc-e1-d72-98937.txt
Read a basis of dimension: 72 / 72 with |b_0| = 0.3038441515e217
Starting procedure
Preparing preprocessing of 24 threads.
Thread 0 is BKZ-30 reducing basis
Thread 9 is BKZ-30 reducing basis
Thread 15 is BKZ-30 reducing basis
Thread 22 is BKZ-30 reducing basis
Thread 5 is BKZ-30 reducing basis
Thread 10 is BKZ-30 reducing basis
Thread 6 is BKZ-30 reducing basis
Thread 7 is BKZ-30 reducing basis
Thread 8 is BKZ-30 reducing basis
Thread 18 is BKZ-30 reducing basis
Thread 2 is BKZ-30 reducing basis
Thread 23 is BKZ-30 reducing basis
Thread 13 is BKZ-30 reducing basis
Thread 14 is BKZ-30 reducing basis
Thread 1 is BKZ-30 reducing basis
Thread 20 is BKZ-30 reducing basis
Thread 12 is BKZ-30 reducing basis
Thread 4 is BKZ-30 reducing basis
Thread 19 is BKZ-30 reducing basis
Thread 11 is BKZ-30 reducing basis
Thread 3 is BKZ-30 reducing basis
Thread 16 is BKZ-30 reducing basis
Thread 17 is BKZ-30 reducing basis
Thread 21 is BKZ-30 reducing basis
|b_0| of BKZ-30 reduced basis of thread 0 is: 2317.948878(1.79877s [1.51483 s / 0.199127s ]).
|b_0| of BKZ-30 reduced basis of thread 23 is: 2605.971028(2.2954s [2.0604 s / 0.109617s ]).
|b_0| of BKZ-30 reduced basis of thread 4 is: 2480.245351(2.4844s [2.2568 s / 0.0939865s ]).
|b_0| of BKZ-30 reduced basis of thread 19 is: 2523.588318(2.49315s [2.11163 s / 0.257293s ]).
|b_0| of BKZ-30 reduced basis of thread 13 is: 2365.274614(2.50326s [2.26201 s / 0.0936064s ]).
|b_0| of BKZ-30 reduced basis of thread 16 is: 2546.546878(2.53932s [2.23978 s / 0.171076s ]).
|b_0| of BKZ-30 reduced basis of thread 7 is: 2414.564764(2.57243s [2.10856 s / 0.327969s ]).
|b_0| of BKZ-30 reduced basis of thread 10 is: 2382.608654(2.59071s [2.14804 s / 0.322609s ]).
|b_0| of BKZ-30 reduced basis of thread 3 is: 2476.130045(2.57832s [2.24148 s / 0.20716s ]).
|b_0| of BKZ-30 reduced basis of thread 22 is: 2414.969979(2.60875s [2.13272 s / 0.352196s ]).
|b_0| of BKZ-30 reduced basis of thread 8 is: 2257.926482(2.64776s [2.30678 s / 0.189088s ]).
|b_0| of BKZ-30 reduced basis of thread 20 is: 2433.846133(2.6443s [2.19699 s / 0.298437s ]).
|b_0| of BKZ-30 reduced basis of thread 11 is: 2520.78579(2.64179s [2.20081 s / 0.305046s ]).
|b_0| of BKZ-30 reduced basis of thread 9 is: 2513.142654(2.67875s [2.46624 s / 0.0943544s ]).
|b_0| of BKZ-30 reduced basis of thread 12 is: 2407.309909(2.66315s [2.34892 s / 0.169125s ]).
|b_0| of BKZ-30 reduced basis of thread 21 is: 2530.828125(2.65712s [2.28751 s / 0.231698s ]).
|b_0| of BKZ-30 reduced basis of thread 2 is: 2338.840097(2.7021s [2.31589 s / 0.238483s ]).
|b_0| of BKZ-30 reduced basis of thread 17 is: 2428.717975(2.70221s [2.40999 s / 0.161774s ]).
|b_0| of BKZ-30 reduced basis of thread 6 is: 2439.661042(2.77512s [2.51397 s / 0.135991s ]).
|b_0| of BKZ-30 reduced basis of thread 18 is: 2405.521773(2.84793s [2.5396 s / 0.15762s ]).
|b_0| of BKZ-30 reduced basis of thread 14 is: 2379.44048(2.84624s [2.61171 s / 0.106558s ]).
|b_0| of BKZ-30 reduced basis of thread 5 is: 2397.839861(2.90275s [2.58254 s / 0.192914s ]).
|b_0| of BKZ-30 reduced basis of thread 1 is: 2371.147402(2.91119s [2.65375 s / 0.106782s ]).
|b_0| of BKZ-30 reduced basis of thread 15 is: 2438.009434(3.04454s [2.51508 s / 0.394709s ]).
Sorting 24 bases.
Time for preprocessing: 3.09187 seconds.
Processing base of thread 8
Executing ENUM with target length 2192
A: 4.8049e+06
Searching candidates in depth 10
coefficients: [ 0 0 0 0 0 0 0 0 0 0 0 0 0 0 0 0 0 0 0 0 0 0 0 0 0 0 0 0 0 0 0 0 0 0 0 0 0 0 0 0 0 0 0 0 0 0 0 0 0 0 0 0 0 0 0 0 0 0 0 0 0 0 0 0 0 0 0 0 0 0 0 0 ]
Shortest Vector: [0 0 0 0 0 0 0 0 0 0 0 0 0 0 0 0 0 0 0 0 0 0 0 0 0 0 0 0 0 0 0 0 0 0 0 0 0 0 0 0 0 0 0 0 0 0 0 0 0 0 0 0 0 0 0 0 0 0 0 0 0 0 0 0 0 0 0 0 0 0 0 0 ]
Len: 0

Runtime of standard enumeration: 0.57035 s.
Processing base of thread 0
Executing ENUM with target length 2192
A: 4.8049e+06
Searching candidates in depth 10
coefficients: [ 0 0 0 0 0 0 0 0 0 0 0 0 0 0 0 0 0 0 0 0 0 0 0 0 0 0 0 0 0 0 0 0 0 0 0 0 0 0 0 0 0 0 0 0 0 0 0 0 0 0 0 0 0 0 0 0 0 0 0 0 0 0 0 0 0 0 0 0 0 0 0 0 ]
Shortest Vector: [0 0 0 0 0 0 0 0 0 0 0 0 0 0 0 0 0 0 0 0 0 0 0 0 0 0 0 0 0 0 0 0 0 0 0 0 0 0 0 0 0 0 0 0 0 0 0 0 0 0 0 0 0 0 0 0 0 0 0 0 0 0 0 0 0 0 0 0 0 0 0 0 ]
Len: 0

Runtime of standard enumeration: 0.71767 s.
Processing base of thread 2
Executing ENUM with target length 2192
A: 4.8049e+06
Searching candidates in depth 10
Found new minumun (length: 2190)   8    3    4   -4   -1   10   -3   -4    0    2   -3  -12   -3   -9    0   -4   -7    7    3   -1    7   -7   -5   -7    3    1    8    2    4    1    3    4    2   -1   -3    1    1   -2   -4   -1   -1    1   -1    1    0    1    0   -1    0    1    0   -1   -1   -1    0    1    1    0    1    1    1    1    0    1    1    0   -1    0    0    1    0   -1    0    0 
coefficients: [ 8 3 4 -4 -1 10 -3 -4 -0 2 -3 -12 -3 -9 -0 -4 -7 7 3 -1 7 -7 -5 -7 3 1 8 2 4 1 3 4 2 -1 -3 1 1 -2 -4 -1 -1 1 -1 1 -0 1 -0 -1 -0 1 -0 -1 -1 -1 -0 1 1 -0 1 1 1 1 -0 1 1 -0 -1 0 -0 1 -0 -1 ]
Shortest Vector: [30 -12 526 -29 -92 480 -8 25 -240 78 326 332 82 -459 89 -47 -8 21 -105 -87 -221 -218 242 -193 183 -401 -70 -145 -15 -325 121 -400 -137 -302 -140 -177 -492 -30 173 -271 69 90 403 -632 220 -297 -283 -416 162 111 125 199 210 59 -125 307 -122 132 -276 151 65 -470 354 -260 -463 -254 251 -251 47 291 18 546 ]
Len: 2191

Runtime of standard enumeration: 0.40057 s.
Finishing after 1 attemps in 5.0771 s (processed 3 bases).
Working threads: 24
Using NTL types.
Activating EXTREME pruning.
Setting pruning parameter to 0.22.
Setting candidate-queue size to 10240.
Setting parallel-enum threshold to dimension 15.
Disabling usage of Gauss heuristic
Enabling BKZ-auto-height adaption.
Setting bkz-height to 2.
Setting pre-beta to 24.
Setting parallel-BKZ instances to 32.
Setting randomized trials to 40.
Read conf file at penum.conf
Setting prebeta parameter to 24.
Setting pruning parameter to 0.16.
Delta: 0.9999
Beta: 30
Mode: 1
Candidate Height: 10
Target length: 2192
Trying to read: ./inppap/svpc-e1-d72-98937.txt
Read a basis of dimension: 72 / 72 with |b_0| = 0.3038441515e217
Starting procedure
Preparing preprocessing of 24 threads.
Thread 0 is BKZ-30 reducing basis
Thread 1 is BKZ-30 reducing basis
Thread 16Thread  is BKZ-2330Thread Thread 710 is BKZ- is BKZ-30 reducing basis is BKZ- reducing basis30
 reducing basis
Thread 21 is BKZ-30 reducing basis
Thread 2 is BKZ-30 reducing basis
Thread 8 is BKZ-30 reducing basis
Thread Thread 3 is BKZ-30 reducing basis
15 is BKZ-30 reducing basis
30 reducing basis

Thread 5 is BKZ-30 reducing basis
Thread 22 is BKZ-30 reducing basis
Thread 13 is BKZ-30 reducing basis
Thread 12 is BKZ-30 reducing basis
Thread 17 is BKZ-30 reducing basis
Thread 6 is BKZ-30 reducing basis
Thread 14 is BKZ-30 reducing basis
Thread 9 is BKZ-30 reducing basis
Thread 20 is BKZ-30 reducing basis
Thread 18 is BKZ-30 reducing basis
Thread 11 is BKZ-30 reducing basis
Thread 4 is BKZ-30 reducing basis
Thread 19 is BKZ-30 reducing basis
|b_0| of BKZ-30 reduced basis of thread 0 is: 2317.948878(1.77081s [1.49415 s / 0.196056s ]).
|b_0| of BKZ-30 reduced basis of thread 13 is: 2459.932316(2.3858s [2.21751 s / 0.016873s ]).
|b_0| of BKZ-30 reduced basis of thread 11 is: 2478.285294(2.39052s [2.24302 s / 0.0170769s ]).
|b_0| of BKZ-30 reduced basis of thread 9 is: 2586.343365(2.45609s [2.19945 s / 0.129172s ]).
|b_0| of BKZ-30 reduced basis of thread 1 is: 2547.100901(2.50531s [2.23211 s / 0.118663s ]).
|b_0| of BKZ-30 reduced basis of thread 5 is: 2378.059713(2.53531s [2.30996 s / 0.11169s ]).
|b_0| of BKZ-30 reduced basis of thread 10 is: 2396.801202(2.55915s [2.20721 s / 0.193975s ]).
|b_0| of BKZ-30 reduced basis of thread 16 is: 2511.693453(2.56581s [2.33555 s / 0.0752981s ]).
|b_0| of BKZ-30 reduced basis of thread 17 is: 2529.797818(2.59022s [2.34611 s / 0.0892458s ]).
|b_0| of BKZ-30 reduced basis of thread 3 is: 2525.07584(2.60008s [2.31919 s / 0.122169s ]).
|b_0| of BKZ-30 reduced basis of thread 21 is: 2335.664788(2.62553s [2.29862 s / 0.193155s ]).
|b_0| of BKZ-30 reduced basis of thread 12 is: 2396.126457(2.62229s [2.4698 s / 0.0152817s ]).
|b_0| of BKZ-30 reduced basis of thread 15 is: 2340.508492(2.7367s [2.30703 s / 0.275077s ]).
|b_0| of BKZ-30 reduced basis of thread 19 is: 2499.008804(2.71801s [2.51487 s / 0.0791216s ]).
|b_0| of BKZ-30 reduced basis of thread 18 is: 2433.039457(2.74796s [2.37418 s / 0.246435s ]).
|b_0| of BKZ-30 reduced basis of thread 4 is: 2518.389168(2.76804s [2.29426 s / 0.346856s ]).
|b_0| of BKZ-30 reduced basis of thread 6 is: 2462.739328(2.78195s [2.46267 s / 0.174937s ]).
|b_0| of BKZ-30 reduced basis of thread 22 is: 2383.48862(2.83322s [2.43402 s / 0.247695s ]).
|b_0| of BKZ-30 reduced basis of thread 8 is: 2468.178073(2.84528s [2.44141 s / 0.270041s ]).
|b_0| of BKZ-30 reduced basis of thread 20 is: 2393.620897(2.83534s [2.4262 s / 0.272174s ]).
|b_0| of BKZ-30 reduced basis of thread 2 is: 2286.661322(2.93916s [2.47536 s / 0.308297s ]).
|b_0| of BKZ-30 reduced basis of thread 23 is: 2394.303657(2.98474s [2.53258 s / 0.31502s ]).
|b_0| of BKZ-30 reduced basis of thread 7 is: 2335.662861(2.98609s [2.5217 s / 0.302192s ]).
|b_0| of BKZ-30 reduced basis of thread 14 is: 2500.880645(3.0022s [2.61326 s / 0.260046s ]).
Sorting 24 bases.
Time for preprocessing: 3.05509 seconds.
Processing base of thread 2
Executing ENUM with target length 2192
A: 4.8049e+06
Searching candidates in depth 10
Found new minumun (length: 2190)  10    5    7    2    1    4   -3   -3    6   -5   12    1    9   -9    5   -8    1    6   -1   -4    0    1   -2   -2    2    1    1   -1   -3    4   -3   -3    0    0    3    1    1    0    0   -2   -1    0    0    0   -1    0    0    2   -1    2    0    1   -1   -1   -1   -1    0    0    0    0    0    1    0    0   -1    0    0    0    1    1    0    0    0    0 
coefficients: [ 10 5 7 2 1 4 -3 -3 6 -5 12 1 9 -9 5 -8 1 6 -1 -4 -0 1 -2 -2 2 1 1 -1 -3 4 -3 -3 -0 -0 3 1 1 0 -0 -2 -1 -0 -0 -0 -1 -0 -0 2 -1 2 -0 1 -1 -1 -1 -1 -0 -0 -0 -0 0 1 -0 -0 -1 -0 0 -0 1 1 0 0 ]
Shortest Vector: [30 -12 526 -29 -92 480 -8 25 -240 78 326 332 82 -459 89 -47 -8 21 -105 -87 -221 -218 242 -193 183 -401 -70 -145 -15 -325 121 -400 -137 -302 -140 -177 -492 -30 173 -271 69 90 403 -632 220 -297 -283 -416 162 111 125 199 210 59 -125 307 -122 132 -276 151 65 -470 354 -260 -463 -254 251 -251 47 291 18 546 ]
Len: 2191

Runtime of standard enumeration: 0.18009 s.
Finishing after 1 attemps in 3.3248 s (processed 1 bases).
Working threads: 24
Using NTL types.
Activating EXTREME pruning.
Setting pruning parameter to 0.22.
Setting candidate-queue size to 10240.
Setting parallel-enum threshold to dimension 15.
Disabling usage of Gauss heuristic
Enabling BKZ-auto-height adaption.
Setting bkz-height to 2.
Setting pre-beta to 24.
Setting parallel-BKZ instances to 32.
Setting randomized trials to 40.
Read conf file at penum.conf
Setting prebeta parameter to 24.
Setting pruning parameter to 0.16.
Delta: 0.9999
Beta: 30
Mode: 1
Candidate Height: 10
Target length: 2192
Trying to read: ./inppap/svpc-e1-d72-98937.txt
Read a basis of dimension: 72 / 72 with |b_0| = 0.3038441515e217
Starting procedure
Preparing preprocessing of 24 threads.
Thread 0 is BKZ-30 reducing basis
Thread 1 is BKZ-30 reducing basis
Thread 12 is BKZ-30 reducing basis
Thread 17 is BKZ-30 reducing basis
Thread 16 is BKZ-30 reducing basis
Thread 21 is BKZ-30 reducing basis
Thread 13 is BKZ-30 reducing basis
Thread 3 is BKZ-30 reducing basis
Thread 14 is BKZ-30 reducing basis
Thread 7 is BKZ-30 reducing basis
Thread 18 is BKZ-30 reducing basis
Thread 23 is BKZ-30 reducing basis
Thread 8 is BKZ-30 reducing basis
Thread 6 is BKZ-30 reducing basis
Thread 9 is BKZ-30 reducing basis
Thread 5 is BKZ-30 reducing basis
Thread 19 is BKZ-30 reducing basis
Thread 15 is BKZ-30 reducing basis
Thread 10 is BKZ-30 reducing basis
Thread 4 is BKZ-30 reducing basis
Thread 22 is BKZ-30 reducing basis
Thread 2 is BKZ-30 reducing basis
Thread 11 is BKZ-30 reducing basis
Thread 20 is BKZ-30 reducing basis
|b_0| of BKZ-30 reduced basis of thread 0 is: 2317.948878(1.80191s [1.52144 s / 0.196229s ]).
|b_0| of BKZ-30 reduced basis of thread 3 is: 2562.501317(2.35236s [2.062 s / 0.13399s ]).
|b_0| of BKZ-30 reduced basis of thread 15 is: 2548.872692(2.37297s [2.11843 s / 0.130638s ]).
|b_0| of BKZ-30 reduced basis of thread 11 is: 2445.20449(2.44008s [2.21742 s / 0.0942995s ]).
|b_0| of BKZ-30 reduced basis of thread 1 is: 2345.910271(2.53553s [2.13345 s / 0.263785s ]).
|b_0| of BKZ-30 reduced basis of thread 18 is: 2520.464838(2.54498s [2.23087 s / 0.15531s ]).
|b_0| of BKZ-30 reduced basis of thread 9 is: 2387.697426(2.55838s [2.22902 s / 0.19167s ]).
|b_0| of BKZ-30 reduced basis of thread 7 is: 2434.140095(2.5805s [2.37948 s / 0.0661708s ]).
|b_0| of BKZ-30 reduced basis of thread 10 is: 2537.474532(2.59556s [2.30539 s / 0.12299s ]).
|b_0| of BKZ-30 reduced basis of thread 5 is: 2457.329038(2.59855s [2.28239 s / 0.163621s ]).
|b_0| of BKZ-30 reduced basis of thread 22 is: 2409.733388(2.59855s [2.30096 s / 0.136928s ]).
|b_0| of BKZ-30 reduced basis of thread 8 is: 2305.49409(2.61321s [2.33741 s / 0.106023s ]).
|b_0| of BKZ-30 reduced basis of thread 16 is: 2470.439435(2.62575s [2.24833 s / 0.215806s ]).
|b_0| of BKZ-30 reduced basis of thread 14 is: 2466.239445(2.62245s [2.32496 s / 0.121314s ]).
|b_0| of BKZ-30 reduced basis of thread 6 is: 2482.845948(2.62119s [2.32311 s / 0.141576s ]).
|b_0| of BKZ-30 reduced basis of thread 4 is: 2353.447471(2.67507s [2.45496 s / 0.0798874s ]).
|b_0| of BKZ-30 reduced basis of thread 20 is: 2417.240162(2.67739s [2.40951 s / 0.143667s ]).
|b_0| of BKZ-30 reduced basis of thread 23 is: 2454.233485(2.72645s [2.25679 s / 0.31141s ]).
|b_0| of BKZ-30 reduced basis of thread 21 is: 2430.756055(2.74115s [2.48389 s / 0.121017s ]).
|b_0| of BKZ-30 reduced basis of thread 13 is: 2327.620244(2.81891s [2.32143 s / 0.356615s ]).
|b_0| of BKZ-30 reduced basis of thread 2 is: 2313.715843(2.79874s [2.48763 s / 0.164636s ]).
|b_0| of BKZ-30 reduced basis of thread 17 is: 2389.66483(2.83977s [2.57817 s / 0.106753s ]).
|b_0| of BKZ-30 reduced basis of thread 12 is: 2542.212226(2.92816s [2.56621 s / 0.205457s ]).
|b_0| of BKZ-30 reduced basis of thread 19 is: 2400.037916(3.14906s [2.80315 s / 0.200338s ]).
Sorting 24 bases.
Time for preprocessing: 3.2122 seconds.
Processing base of thread 8
Executing ENUM with target length 2192
A: 4.8049e+06
Searching candidates in depth 10
coefficients: [ 0 0 0 0 0 0 0 0 0 0 0 0 0 0 0 0 0 0 0 0 0 0 0 0 0 0 0 0 0 0 0 0 0 0 0 0 0 0 0 0 0 0 0 0 0 0 0 0 0 0 0 0 0 0 0 0 0 0 0 0 0 0 0 0 0 0 0 0 0 0 0 0 ]
Shortest Vector: [0 0 0 0 0 0 0 0 0 0 0 0 0 0 0 0 0 0 0 0 0 0 0 0 0 0 0 0 0 0 0 0 0 0 0 0 0 0 0 0 0 0 0 0 0 0 0 0 0 0 0 0 0 0 0 0 0 0 0 0 0 0 0 0 0 0 0 0 0 0 0 0 ]
Len: 0

Runtime of standard enumeration: 0.55415 s.
Processing base of thread 2
Executing ENUM with target length 2192
A: 4.8049e+06
Searching candidates in depth 10
Found new minumun (length: 2190) -12   11   -9   11    5   -5    4    0   -5   -5   -2    0    6   -1   -1    2   -6    0    0    1   -1   -4   -7    2    3   -1   -2    1    0    4    2   -1    2    0    0    2   -2   -3   -2    2    0   -1    1    0   -2    0    2   -1    0   -1    1    0    1    0    1    1    0    0   -1    1    1    0    0    1    1    0   -1   -1    0    0    0   -1    0    0 
coefficients: [ -12 11 -9 11 5 -5 4 -0 -5 -5 -2 -0 6 -1 -1 2 -6 -0 -0 1 -1 -4 -7 2 3 -1 -2 1 -0 4 2 -1 2 -0 -0 2 -2 -3 -2 2 -0 -1 1 -0 -2 -0 2 -1 -0 -1 1 -0 1 -0 1 1 -0 -0 -1 1 1 0 -0 1 1 0 -1 -1 -0 -0 -0 -1 ]
Shortest Vector: [30 -12 526 -29 -92 480 -8 25 -240 78 326 332 82 -459 89 -47 -8 21 -105 -87 -221 -218 242 -193 183 -401 -70 -145 -15 -325 121 -400 -137 -302 -140 -177 -492 -30 173 -271 69 90 403 -632 220 -297 -283 -416 162 111 125 199 210 59 -125 307 -122 132 -276 151 65 -470 354 -260 -463 -254 251 -251 47 291 18 546 ]
Len: 2191

Runtime of standard enumeration: 0.37818 s.
Finishing after 1 attemps in 4.3135 s (processed 2 bases).
Working threads: 24
Using NTL types.
Activating EXTREME pruning.
Setting pruning parameter to 0.22.
Setting candidate-queue size to 10240.
Setting parallel-enum threshold to dimension 15.
Disabling usage of Gauss heuristic
Enabling BKZ-auto-height adaption.
Setting bkz-height to 2.
Setting pre-beta to 24.
Setting parallel-BKZ instances to 32.
Setting randomized trials to 40.
Read conf file at penum.conf
Setting prebeta parameter to 24.
Setting pruning parameter to 0.16.
Delta: 0.9999
Beta: 30
Mode: 1
Candidate Height: 10
Target length: 2192
Trying to read: ./inppap/svpc-e1-d72-98937.txt
Read a basis of dimension: 72 / 72 with |b_0| = 0.3038441515e217
Starting procedure
Preparing preprocessing of 24 threads.
Thread 0 is BKZ-30 reducing basis
Thread 15 is BKZ-30 reducing basis
Thread 6 is BKZ-30 reducing basis
Thread 9 is BKZ-30 reducing basis
Thread 21 is BKZ-30 reducing basis
Thread 5 is BKZ-30 reducing basis
Thread 3 is BKZ-30 reducing basis
Thread 16 is BKZ-30 reducing basis
Thread 14 is BKZ-30 reducing basis
Thread 13 is BKZ-30 reducing basis
Thread 18 is BKZ-30 reducing basis
Thread 7 is BKZ-30 reducing basis
Thread 19 is BKZ-30 reducing basis
Thread 17 is BKZ-30 reducing basis
Thread 22 is BKZ-30 reducing basis
Thread 23 is BKZ-30 reducing basis
Thread 2 is BKZ-30 reducing basis
Thread 12 is BKZ-30 reducing basis
Thread 10 is BKZ-30 reducing basis
Thread 4 is BKZ-30 reducing basis
Thread 20 is BKZ-30 reducing basis
Thread 11 is BKZ-30 reducing basis
Thread 8 is BKZ-30 reducing basis
Thread 1 is BKZ-30 reducing basis
|b_0| of BKZ-30 reduced basis of thread 0 is: 2317.948878(1.79146s [1.50623 s / 0.198166s ]).
|b_0| of BKZ-30 reduced basis of thread 9 is: 2478.613524(2.38307s [2.0685 s / 0.163522s ]).
|b_0| of BKZ-30 reduced basis of thread 13 is: 2553.13239(2.46759s [2.06178 s / 0.245376s ]).
|b_0| of BKZ-30 reduced basis of thread 22 is: 2516.930075(2.49572s [2.13586 s / 0.2452s ]).
|b_0| of BKZ-30 reduced basis of thread 1 is: 2430.083332(2.53566s [2.14369 s / 0.2513s ]).
|b_0| of BKZ-30 reduced basis of thread 8 is: 2489.70199(2.54454s [2.31635 s / 0.0879167s ]).
|b_0| of BKZ-30 reduced basis of thread 15 is: 2519.298117(2.57861s [2.15209 s / 0.291097s ]).
|b_0| of BKZ-30 reduced basis of thread 17 is: 2375.490897(2.59467s [2.22473 s / 0.205294s ]).
|b_0| of BKZ-30 reduced basis of thread 16 is: 2462.463807(2.5982s [2.26597 s / 0.166924s ]).
|b_0| of BKZ-30 reduced basis of thread 12 is: 2487.293308(2.59461s [2.29509 s / 0.170393s ]).
|b_0| of BKZ-30 reduced basis of thread 6 is: 2529.605305(2.63853s [2.50357 s / 0.0153247s ]).
|b_0| of BKZ-30 reduced basis of thread 20 is: 2325.160855(2.62523s [2.36663 s / 0.114143s ]).
|b_0| of BKZ-30 reduced basis of thread 21 is: 2493.462252(2.66812s [2.45852 s / 0.088989s ]).
|b_0| of BKZ-30 reduced basis of thread 14 is: 2354.846704(2.66691s [2.14927 s / 0.355324s ]).
|b_0| of BKZ-30 reduced basis of thread 4 is: 2348.581913(2.67269s [2.31191 s / 0.21789s ]).
|b_0| of BKZ-30 reduced basis of thread 23 is: 2539.370985(2.69775s [2.38358 s / 0.185981s ]).
|b_0| of BKZ-30 reduced basis of thread 2 is: 2590.761085(2.70732s [2.29888 s / 0.259756s ]).
|b_0| of BKZ-30 reduced basis of thread 10 is: 2445.504856(2.7255s [2.51211 s / 0.078881s ]).
|b_0| of BKZ-30 reduced basis of thread 11 is: 2278.133885(2.72719s [2.37386 s / 0.202158s ]).
|b_0| of BKZ-30 reduced basis of thread 18 is: 2447.74774(2.74748s [2.36488 s / 0.215314s ]).
|b_0| of BKZ-30 reduced basis of thread 5 is: 2442.912197(2.76534s [2.35424 s / 0.250965s ]).
|b_0| of BKZ-30 reduced basis of thread 19 is: 2463.046082(2.8358s [2.44075 s / 0.233382s ]).
|b_0| of BKZ-30 reduced basis of thread 3 is: 2435.62805(2.86537s [2.44243 s / 0.261301s ]).
|b_0| of BKZ-30 reduced basis of thread 7 is: 2403.055971(2.87249s [2.53028 s / 0.182915s ]).
Sorting 24 bases.
Time for preprocessing: 2.92513 seconds.
Processing base of thread 11
Executing ENUM with target length 2192
A: 4.8049e+06
Searching candidates in depth 10
coefficients: [ 0 0 0 0 0 0 0 0 0 0 0 0 0 0 0 0 0 0 0 0 0 0 0 0 0 0 0 0 0 0 0 0 0 0 0 0 0 0 0 0 0 0 0 0 0 0 0 0 0 0 0 0 0 0 0 0 0 0 0 0 0 0 0 0 0 0 0 0 0 0 0 0 ]
Shortest Vector: [0 0 0 0 0 0 0 0 0 0 0 0 0 0 0 0 0 0 0 0 0 0 0 0 0 0 0 0 0 0 0 0 0 0 0 0 0 0 0 0 0 0 0 0 0 0 0 0 0 0 0 0 0 0 0 0 0 0 0 0 0 0 0 0 0 0 0 0 0 0 0 0 ]
Len: 0

Runtime of standard enumeration: 0.50379 s.
Processing base of thread 0
Executing ENUM with target length 2192
A: 4.8049e+06
Searching candidates in depth 10
coefficients: [ 0 0 0 0 0 0 0 0 0 0 0 0 0 0 0 0 0 0 0 0 0 0 0 0 0 0 0 0 0 0 0 0 0 0 0 0 0 0 0 0 0 0 0 0 0 0 0 0 0 0 0 0 0 0 0 0 0 0 0 0 0 0 0 0 0 0 0 0 0 0 0 0 ]
Shortest Vector: [0 0 0 0 0 0 0 0 0 0 0 0 0 0 0 0 0 0 0 0 0 0 0 0 0 0 0 0 0 0 0 0 0 0 0 0 0 0 0 0 0 0 0 0 0 0 0 0 0 0 0 0 0 0 0 0 0 0 0 0 0 0 0 0 0 0 0 0 0 0 0 0 ]
Len: 0

Runtime of standard enumeration: 0.77054 s.
Processing base of thread 20
Executing ENUM with target length 2192
A: 4.8049e+06
Searching candidates in depth 10
coefficients: [ 0 0 0 0 0 0 0 0 0 0 0 0 0 0 0 0 0 0 0 0 0 0 0 0 0 0 0 0 0 0 0 0 0 0 0 0 0 0 0 0 0 0 0 0 0 0 0 0 0 0 0 0 0 0 0 0 0 0 0 0 0 0 0 0 0 0 0 0 0 0 0 0 ]
Shortest Vector: [0 0 0 0 0 0 0 0 0 0 0 0 0 0 0 0 0 0 0 0 0 0 0 0 0 0 0 0 0 0 0 0 0 0 0 0 0 0 0 0 0 0 0 0 0 0 0 0 0 0 0 0 0 0 0 0 0 0 0 0 0 0 0 0 0 0 0 0 0 0 0 0 ]
Len: 0

Runtime of standard enumeration: 0.91356 s.
Processing base of thread 4
Executing ENUM with target length 2192
A: 4.8049e+06
Searching candidates in depth 10
Found new minumun (length: 2190)   3   -8    5   -1   -2    2   -1    0   -4    3   -4   -1    3   -3   -2   -4    0   -6    3    1    1    0    0   -3    7   -1    1   -3    1    1    4    1    4   -3   -1    0   -2   -2   -1    2    3   -1   -3    1    0    0   -1    2    0    0    1    0    1    0    0    2    0    0    0    1    1    1   -1    0    0    0    0    0    1    0    0    0    0    0 
coefficients: [ 3 -8 5 -1 -2 2 -1 -0 -4 3 -4 -1 3 -3 -2 -4 -0 -6 3 1 1 -0 -0 -3 7 -1 1 -3 1 1 4 1 4 -3 -1 -0 -2 -2 -1 2 3 -1 -3 1 0 -0 -1 2 -0 -0 1 -0 1 -0 -0 2 -0 -0 -0 1 1 1 -1 -0 -0 -0 -0 -0 1 0 0 0 ]
Shortest Vector: [30 -12 526 -29 -92 480 -8 25 -240 78 326 332 82 -459 89 -47 -8 21 -105 -87 -221 -218 242 -193 183 -401 -70 -145 -15 -325 121 -400 -137 -302 -140 -177 -492 -30 173 -271 69 90 403 -632 220 -297 -283 -416 162 111 125 199 210 59 -125 307 -122 132 -276 151 65 -470 354 -260 -463 -254 251 -251 47 291 18 546 ]
Len: 2191

Runtime of standard enumeration: 0.28477 s.
Finishing after 1 attemps in 5.7351 s (processed 4 bases).
Working threads: 24
Using NTL types.
Activating EXTREME pruning.
Setting pruning parameter to 0.22.
Setting candidate-queue size to 10240.
Setting parallel-enum threshold to dimension 15.
Disabling usage of Gauss heuristic
Enabling BKZ-auto-height adaption.
Setting bkz-height to 2.
Setting pre-beta to 24.
Setting parallel-BKZ instances to 32.
Setting randomized trials to 40.
Read conf file at penum.conf
Setting prebeta parameter to 24.
Setting pruning parameter to 0.16.
Delta: 0.9999
Beta: 30
Mode: 1
Candidate Height: 10
Target length: 2192
Trying to read: ./inppap/svpc-e1-d72-98937.txt
Read a basis of dimension: 72 / 72 with |b_0| = 0.3038441515e217
Starting procedure
Preparing preprocessing of 24 threads.
Thread 0 is BKZ-30 reducing basis
Thread 19 is BKZ-30 reducing basis
Thread 23 is BKZ-30 reducing basis
Thread 4 is BKZ-30 reducing basis
Thread 8 is BKZ-30 reducing basis
Thread 14 is BKZ-30 reducing basis
Thread 15 is BKZ-30 reducing basis
Thread 17 is BKZ-30 reducing basis
Thread 11 is BKZ-30 reducing basis
Thread 6 is BKZ-30 reducing basis
Thread 5 is BKZ-30 reducing basis
Thread 22 is BKZ-30 reducing basis
Thread 13 is BKZ-30 reducing basis
Thread 9 is BKZ-30 reducing basis
Thread 2 is BKZ-30 reducing basis
Thread 18 is BKZ-30 reducing basis
Thread 3 is BKZ-30 reducing basis
Thread 1 is BKZ-30 reducing basis
Thread 20 is BKZ-30 reducing basis
Thread 16 is BKZ-30 reducing basis
Thread 21 is BKZ-30 reducing basis
Thread 7 is BKZ-30 reducing basis
Thread 12 is BKZ-30 reducing basis
Thread 10 is BKZ-30 reducing basis
|b_0| of BKZ-30 reduced basis of thread 0 is: 2317.948878(1.82156s [1.53702 s / 0.197991s ]).
|b_0| of BKZ-30 reduced basis of thread 7 is: 2549.100822(2.27609s [2.04958 s / 0.0947718s ]).
|b_0| of BKZ-30 reduced basis of thread 18 is: 2461.55784(2.35412s [2.07649 s / 0.164084s ]).
|b_0| of BKZ-30 reduced basis of thread 2 is: 2552.301119(2.39416s [2.1115 s / 0.150089s ]).
|b_0| of BKZ-30 reduced basis of thread 15 is: 2436.284466(2.45722s [1.99615 s / 0.334381s ]).
|b_0| of BKZ-30 reduced basis of thread 4 is: 2517.22069(2.49957s [2.25393 s / 0.111523s ]).
|b_0| of BKZ-30 reduced basis of thread 12 is: 2389.455168(2.50496s [2.3092 s / 0.0690831s ]).
|b_0| of BKZ-30 reduced basis of thread 20 is: 2539.918109(2.56621s [2.08294 s / 0.353542s ]).
|b_0| of BKZ-30 reduced basis of thread 10 is: 2412.918358(2.64097s [2.3039 s / 0.201845s ]).
|b_0| of BKZ-30 reduced basis of thread 23 is: 2429.67858(2.68956s [2.38991 s / 0.170524s ]).
|b_0| of BKZ-30 reduced basis of thread 22 is: 2422.6857(2.67578s [2.32566 s / 0.174888s ]).
|b_0| of BKZ-30 reduced basis of thread 3 is: 2422.555675(2.66939s [2.47575 s / 0.0544564s ]).
|b_0| of BKZ-30 reduced basis of thread 16 is: 2393.620897(2.66335s [2.20644 s / 0.318547s ]).
|b_0| of BKZ-30 reduced basis of thread 21 is: 2519.970635(2.66692s [2.32421 s / 0.212746s ]).
|b_0| of BKZ-30 reduced basis of thread 6 is: 2307.249228(2.7313s [2.48901 s / 0.0783967s ]).
|b_0| of BKZ-30 reduced basis of thread 14 is: 2492.973325(2.75601s [2.45138 s / 0.152392s ]).
|b_0| of BKZ-30 reduced basis of thread 9 is: 2453.199951(2.7467s [2.4797 s / 0.111976s ]).
|b_0| of BKZ-30 reduced basis of thread 13 is: 2247.628528(2.77193s [2.37013 s / 0.242067s ]).
|b_0| of BKZ-30 reduced basis of thread 19 is: 2510.728978(2.80139s [2.64938 s / 0.0225249s ]).
|b_0| of BKZ-30 reduced basis of thread 8 is: 2409.022831(2.81958s [2.40297 s / 0.247702s ]).
|b_0| of BKZ-30 reduced basis of thread 5 is: 2190.956184(2.8199s [2.42242 s / 0.23417s ]).
|b_0| of BKZ-30 reduced basis of thread 1 is: 2512.412387(2.81171s [2.40568 s / 0.2646s ]).
|b_0| of BKZ-30 reduced basis of thread 17 is: 2371.888488(3.12199s [2.29768 s / 0.682221s ]).
|b_0| of BKZ-30 reduced basis of thread 11 is: 2486.261249(3.24283s [2.82844 s / 0.24788s ]).
Sorting 24 bases.
Time for preprocessing: 3.31885 seconds.
Processing base of thread 5
Executing ENUM with target length 2192
A: 4.8049e+06
Searching candidates in depth 10
Found new minumun (length: 2190)   1    0    0    0    0    0    0    0    0    0    0    0    0    0    0    0    0    0    0    0    0    0    0    0    0    0    0    0    0    0    0    0    0    0    0    0    0    0    0    0    0    0    0    0    0    0    0    0    0    0    0    0    0    0    0    0    0    0    0    0    0    0    0    0    0    0    0    0    0    0    0    0    0    0 
coefficients: [ 1 0 0 0 0 0 0 0 0 0 0 0 0 0 0 0 0 0 0 0 0 0 0 0 0 0 0 0 0 0 0 0 0 0 0 0 0 0 0 0 0 0 0 0 0 0 0 0 0 0 0 0 0 0 0 0 0 0 0 0 0 0 0 0 0 0 0 0 0 0 0 0 ]
Shortest Vector: [30 -12 526 -29 -92 480 -8 25 -240 78 326 332 82 -459 89 -47 -8 21 -105 -87 -221 -218 242 -193 183 -401 -70 -145 -15 -325 121 -400 -137 -302 -140 -177 -492 -30 173 -271 69 90 403 -632 220 -297 -283 -416 162 111 125 199 210 59 -125 307 -122 132 -276 151 65 -470 354 -260 -463 -254 251 -251 47 291 18 546 ]
Len: 2191

Runtime of standard enumeration: 0.26706 s.
Finishing after 1 attemps in 3.7088 s (processed 1 bases).
Working threads: 24
Using NTL types.
Activating EXTREME pruning.
Setting pruning parameter to 0.22.
Setting candidate-queue size to 10240.
Setting parallel-enum threshold to dimension 15.
Disabling usage of Gauss heuristic
Enabling BKZ-auto-height adaption.
Setting bkz-height to 2.
Setting pre-beta to 24.
Setting parallel-BKZ instances to 32.
Setting randomized trials to 40.
Read conf file at penum.conf
Setting prebeta parameter to 24.
Setting pruning parameter to 0.16.
Delta: 0.9999
Beta: 30
Mode: 1
Candidate Height: 10
Target length: 2192
Trying to read: ./inppap/svpc-e1-d72-98937.txt
Read a basis of dimension: 72 / 72 with |b_0| = 0.3038441515e217
Starting procedure
Preparing preprocessing of 24 threads.
Thread 0 is BKZ-30 reducing basis
Thread 20 is BKZ-30 reducing basis
Thread 8 is BKZ-30 reducing basis
Thread 15 is BKZ-30 reducing basis
Thread 19 is BKZ-30 reducing basis
Thread 10 is BKZ-30 reducing basis
Thread 9 is BKZ-30 reducing basis
Thread 17 is BKZ-30 reducing basis
Thread 18 is BKZ-30 reducing basis
Thread 22 is BKZ-30 reducing basis
Thread 16 is BKZ-30 reducing basis
Thread Thread 1 is BKZ-30 reducing basis3
 is BKZ-30 reducing basis
Thread 12 is BKZ-30 reducing basis
Thread 7 is BKZ-30 reducing basis
Thread 21 is BKZ-30 reducing basis
Thread 2 is BKZ-30 reducing basis
Thread 11 is BKZ-30 reducing basis
Thread 4 is BKZ-30 reducing basis
Thread 5 is BKZ-30 reducing basis
Thread 23 is BKZ-30 reducing basis
Thread 13 is BKZ-30 reducing basis
Thread 14 is BKZ-30 reducing basis
Thread 6 is BKZ-30 reducing basis
|b_0| of BKZ-30 reduced basis of thread 0 is: 2317.948878(1.8156s [1.53373 s / 0.196999s ]).
|b_0| of BKZ-30 reduced basis of thread 20 is: 2351.113566(2.47333s [2.12926 s / 0.219214s ]).
|b_0| of BKZ-30 reduced basis of thread 21 is: 2590.85044(2.45988s [2.05525 s / 0.264476s ]).
|b_0| of BKZ-30 reduced basis of thread 5 is: 2523.956022(2.55043s [2.01763 s / 0.391515s ]).
|b_0| of BKZ-30 reduced basis of thread 17 is: 2492.161512(2.61304s [2.44552 s / 0.0178003s ]).
|b_0| of BKZ-30 reduced basis of thread 19 is: 2208.717048(2.63537s [2.38828 s / 0.104472s ]).
|b_0| of BKZ-30 reduced basis of thread 12 is: 2386.857767(2.62895s [2.3495 s / 0.15104s ]).
|b_0| of BKZ-30 reduced basis of thread 9 is: 2469.294029(2.66763s [2.40573 s / 0.114119s ]).
|b_0| of BKZ-30 reduced basis of thread 23 is: 2514.796811(2.65174s [2.33599 s / 0.18202s ]).
|b_0| of BKZ-30 reduced basis of thread 13 is: 2424.829066(2.65697s [2.02261 s / 0.496031s ]).
|b_0| of BKZ-30 reduced basis of thread 4 is: 2487.97709(2.69029s [2.53324 s / 0.0155483s ]).
|b_0| of BKZ-30 reduced basis of thread 11 is: 2473.636998(2.71881s [2.3074 s / 0.287171s ]).
|b_0| of BKZ-30 reduced basis of thread 7 is: 2305.945359(2.75432s [2.41587 s / 0.205662s ]).
|b_0| of BKZ-30 reduced basis of thread 14 is: 2388.813722(2.74043s [2.42418 s / 0.203936s ]).
|b_0| of BKZ-30 reduced basis of thread 1 is: 2320.285758(2.78331s [2.17931 s / 0.451548s ]).
|b_0| of BKZ-30 reduced basis of thread 16 is: 2436.855351(2.78474s [2.45294 s / 0.196434s ]).
|b_0| of BKZ-30 reduced basis of thread 6 is: 2378.618927(2.79452s [2.55254 s / 0.133452s ]).
|b_0| of BKZ-30 reduced basis of thread 15 is: 2193.838873(2.84504s [2.68024 s / 0.0150095s ]).
|b_0| of BKZ-30 reduced basis of thread 10 is: 2508.637877(2.84513s [2.32348 s / 0.371755s ]).
|b_0| of BKZ-30 reduced basis of thread 18 is: 2490.894418(2.90519s [2.36064 s / 0.396755s ]).
|b_0| of BKZ-30 reduced basis of thread 3 is: 2193.838873(2.92665s [2.59672 s / 0.182446s ]).
|b_0| of BKZ-30 reduced basis of thread 22 is: 2383.965184(3.00468s [2.69678 s / 0.160352s ]).
|b_0| of BKZ-30 reduced basis of thread 8 is: 2530.065019(3.10122s [2.48165 s / 0.477411s ]).
|b_0| of BKZ-30 reduced basis of thread 2 is: 2413.850451(3.10472s [2.39723 s / 0.564414s ]).
Sorting 24 bases.
Time for preprocessing: 3.17593 seconds.
Processing base of thread 3
Executing ENUM with target length 2192
A: 4.8049e+06
Searching candidates in depth 10
coefficients: [ 0 0 0 0 0 0 0 0 0 0 0 0 0 0 0 0 0 0 0 0 0 0 0 0 0 0 0 0 0 0 0 0 0 0 0 0 0 0 0 0 0 0 0 0 0 0 0 0 0 0 0 0 0 0 0 0 0 0 0 0 0 0 0 0 0 0 0 0 0 0 0 0 ]
Shortest Vector: [0 0 0 0 0 0 0 0 0 0 0 0 0 0 0 0 0 0 0 0 0 0 0 0 0 0 0 0 0 0 0 0 0 0 0 0 0 0 0 0 0 0 0 0 0 0 0 0 0 0 0 0 0 0 0 0 0 0 0 0 0 0 0 0 0 0 0 0 0 0 0 0 ]
Len: 0

Runtime of standard enumeration: 0.47053 s.
Processing base of thread 15
Executing ENUM with target length 2192
A: 4.8049e+06
Searching candidates in depth 10
Found new minumun (length: 2190)   4   -4    4    0   -3   -2    3    7   -1    3    5   -5    0   -5   -2   -1   -3    1   -2    2   -2    5   -3   -3    4    2   -6    2   -3   -3   -1   -1    1   -1   -1   -2   -2   -1   -1    0    2    0    2    0   -1   -2    0   -3    1   -1    1   -2    1   -2   -2   -1    0    0   -1   -1   -1    1    0   -1    1    1    0    1    0   -1    1    1    0    0 
coefficients: [ 4 -4 4 -0 -3 -2 3 7 -1 3 5 -5 -0 -5 -2 -1 -3 1 -2 2 -2 5 -3 -3 4 2 -6 2 -3 -3 -1 -1 1 -1 -1 -2 -2 -1 -1 -0 2 -0 2 -0 -1 -2 -0 -3 1 -1 1 -2 1 -2 -2 -1 -0 -0 -1 -1 -1 1 -0 -1 1 1 -0 1 0 -1 1 1 ]
Shortest Vector: [30 -12 526 -29 -92 480 -8 25 -240 78 326 332 82 -459 89 -47 -8 21 -105 -87 -221 -218 242 -193 183 -401 -70 -145 -15 -325 121 -400 -137 -302 -140 -177 -492 -30 173 -271 69 90 403 -632 220 -297 -283 -416 162 111 125 199 210 59 -125 307 -122 132 -276 151 65 -470 354 -260 -463 -254 251 -251 47 291 18 546 ]
Len: 2191

Runtime of standard enumeration: 0.35113 s.
Finishing after 1 attemps in 4.1726 s (processed 2 bases).
Working threads: 24
Using NTL types.
Activating EXTREME pruning.
Setting pruning parameter to 0.22.
Setting candidate-queue size to 10240.
Setting parallel-enum threshold to dimension 15.
Disabling usage of Gauss heuristic
Enabling BKZ-auto-height adaption.
Setting bkz-height to 2.
Setting pre-beta to 24.
Setting parallel-BKZ instances to 32.
Setting randomized trials to 40.
Read conf file at penum.conf
Setting prebeta parameter to 24.
Setting pruning parameter to 0.16.
Delta: 0.9999
Beta: 30
Mode: 1
Candidate Height: 10
Target length: 2192
Trying to read: ./inppap/svpc-e1-d72-98937.txt
Read a basis of dimension: 72 / 72 with |b_0| = 0.3038441515e217
Starting procedure
Preparing preprocessing of 24 threads.
Thread 0 is BKZ-30 reducing basis
Thread 15 is BKZ-30 reducing basis
Thread 5 is BKZ-30 reducing basis
Thread 3 is BKZ-30 reducing basis
Thread 2 is BKZ-30 reducing basis
Thread 20 is BKZ-30 reducing basis
Thread 18 is BKZ-30 reducing basis
Thread 10 is BKZ-30 reducing basis
Thread 11 is BKZ-30 reducing basis
Thread 14 is BKZ-30 reducing basis
Thread 9 is BKZ-30 reducing basis
Thread 16 is BKZ-30 reducing basis
Thread 13 is BKZ-30 reducing basis
Thread 21 is BKZ-30 reducing basis
Thread 19 is BKZ-30 reducing basis
Thread 4 is BKZ-30 reducing basis
Thread 22 is BKZ-30 reducing basis
Thread 23 is BKZ-30 reducing basis
Thread 12 is BKZ-30 reducing basis
Thread 1 is BKZ-30 reducing basis
Thread 8 is BKZ-30 reducing basis
Thread 6 is BKZ-30 reducing basis
Thread 17 is BKZ-30 reducing basis
Thread 7 is BKZ-30 reducing basis
|b_0| of BKZ-30 reduced basis of thread 0 is: 2317.948878(1.80284s [1.51968 s / 0.19792s ]).
|b_0| of BKZ-30 reduced basis of thread 5 is: 2507.652687(2.50628s [2.21109 s / 0.165685s ]).
|b_0| of BKZ-30 reduced basis of thread 9 is: 2356.733969(2.51579s [2.05324 s / 0.311554s ]).
|b_0| of BKZ-30 reduced basis of thread 4 is: 2333.077367(2.57169s [2.22019 s / 0.216886s ]).
|b_0| of BKZ-30 reduced basis of thread 10 is: 2399.767072(2.59313s [2.36761 s / 0.0957748s ]).
|b_0| of BKZ-30 reduced basis of thread 15 is: 2280.20942(2.61834s [2.18689 s / 0.289903s ]).
|b_0| of BKZ-30 reduced basis of thread 3 is: 2276.425268(2.62195s [2.37992 s / 0.0965652s ]).
|b_0| of BKZ-30 reduced basis of thread 2 is: 2327.575348(2.635s [2.32461 s / 0.173778s ]).
|b_0| of BKZ-30 reduced basis of thread 17 is: 2524.09251(2.60462s [2.29227 s / 0.182864s ]).
|b_0| of BKZ-30 reduced basis of thread 20 is: 2509.334573(2.65731s [2.36108 s / 0.145829s ]).
|b_0| of BKZ-30 reduced basis of thread 13 is: 2296.709603(2.65031s [2.30878 s / 0.203687s ]).
|b_0| of BKZ-30 reduced basis of thread 14 is: 2313.162986(2.66983s [2.3298 s / 0.183294s ]).
|b_0| of BKZ-30 reduced basis of thread 1 is: 2548.656901(2.66142s [2.13285 s / 0.384949s ]).
|b_0| of BKZ-30 reduced basis of thread 6 is: 2435.431173(2.66287s [2.14275 s / 0.377923s ]).
|b_0| of BKZ-30 reduced basis of thread 23 is: 2374.944631(2.68176s [2.40591 s / 0.144667s ]).
|b_0| of BKZ-30 reduced basis of thread 8 is: 2563.742772(2.6864s [2.20801 s / 0.342371s ]).
|b_0| of BKZ-30 reduced basis of thread 16 is: 2497.060872(2.72357s [2.38508 s / 0.199574s ]).
|b_0| of BKZ-30 reduced basis of thread 21 is: 2515.663531(2.79666s [2.58692 s / 0.0672346s ]).
|b_0| of BKZ-30 reduced basis of thread 11 is: 2383.813751(2.80213s [2.53936 s / 0.118466s ]).
|b_0| of BKZ-30 reduced basis of thread 19 is: 2429.405894(2.79981s [2.54325 s / 0.108103s ]).
|b_0| of BKZ-30 reduced basis of thread 7 is: 2514.992445(2.82629s [2.2999 s / 0.394972s ]).
|b_0| of BKZ-30 reduced basis of thread 18 is: 2442.044021(2.91544s [2.66126 s / 0.119632s ]).
|b_0| of BKZ-30 reduced basis of thread 12 is: 2490.983741(2.92397s [2.35202 s / 0.443796s ]).
|b_0| of BKZ-30 reduced basis of thread 22 is: 2449.566288(2.96825s [2.58876 s / 0.232371s ]).
Sorting 24 bases.
Time for preprocessing: 3.03662 seconds.
Processing base of thread 3
Executing ENUM with target length 2192
A: 4.8049e+06
Searching candidates in depth 10
coefficients: [ 0 0 0 0 0 0 0 0 0 0 0 0 0 0 0 0 0 0 0 0 0 0 0 0 0 0 0 0 0 0 0 0 0 0 0 0 0 0 0 0 0 0 0 0 0 0 0 0 0 0 0 0 0 0 0 0 0 0 0 0 0 0 0 0 0 0 0 0 0 0 0 0 ]
Shortest Vector: [0 0 0 0 0 0 0 0 0 0 0 0 0 0 0 0 0 0 0 0 0 0 0 0 0 0 0 0 0 0 0 0 0 0 0 0 0 0 0 0 0 0 0 0 0 0 0 0 0 0 0 0 0 0 0 0 0 0 0 0 0 0 0 0 0 0 0 0 0 0 0 0 ]
Len: 0

Runtime of standard enumeration: 0.6241 s.
Processing base of thread 15
Executing ENUM with target length 2192
A: 4.8049e+06
Searching candidates in depth 10
coefficients: [ 0 0 0 0 0 0 0 0 0 0 0 0 0 0 0 0 0 0 0 0 0 0 0 0 0 0 0 0 0 0 0 0 0 0 0 0 0 0 0 0 0 0 0 0 0 0 0 0 0 0 0 0 0 0 0 0 0 0 0 0 0 0 0 0 0 0 0 0 0 0 0 0 ]
Shortest Vector: [0 0 0 0 0 0 0 0 0 0 0 0 0 0 0 0 0 0 0 0 0 0 0 0 0 0 0 0 0 0 0 0 0 0 0 0 0 0 0 0 0 0 0 0 0 0 0 0 0 0 0 0 0 0 0 0 0 0 0 0 0 0 0 0 0 0 0 0 0 0 0 0 ]
Len: 0

Runtime of standard enumeration: 0.49604 s.
Processing base of thread 13
Executing ENUM with target length 2192
A: 4.8049e+06
Searching candidates in depth 10
coefficients: [ 0 0 0 0 0 0 0 0 0 0 0 0 0 0 0 0 0 0 0 0 0 0 0 0 0 0 0 0 0 0 0 0 0 0 0 0 0 0 0 0 0 0 0 0 0 0 0 0 0 0 0 0 0 0 0 0 0 0 0 0 0 0 0 0 0 0 0 0 0 0 0 0 ]
Shortest Vector: [0 0 0 0 0 0 0 0 0 0 0 0 0 0 0 0 0 0 0 0 0 0 0 0 0 0 0 0 0 0 0 0 0 0 0 0 0 0 0 0 0 0 0 0 0 0 0 0 0 0 0 0 0 0 0 0 0 0 0 0 0 0 0 0 0 0 0 0 0 0 0 0 ]
Len: 0

Runtime of standard enumeration: 0.52764 s.
Processing base of thread 14
Executing ENUM with target length 2192
A: 4.8049e+06
Searching candidates in depth 10
Found new minumun (length: 2190)   3   -5   10    8   -4    3   -6    0    1    0   -5    3   -3   -3    2    4    4    1    0   -2    1    1   -2    1    0    2   -4    5   -2    3    1    0    0    0   -3   -2    1    0    0    0    0    0    0    1    0    0    1   -1    1    0    0    0    0   -1    0    1   -1    0   -1   -1    1    0    1    0   -1    0    0    0    0    0    1    1    0    0 
coefficients: [ 3 -5 10 8 -4 3 -6 -0 1 -0 -5 3 -3 -3 2 4 4 1 -0 -2 1 1 -2 1 -0 2 -4 5 -2 3 1 -0 -0 -0 -3 -2 1 -0 -0 -0 -0 -0 -0 1 -0 -0 1 -1 1 -0 -0 -0 -0 -1 -0 1 -1 0 -1 -1 1 0 1 0 -1 0 0 -0 -0 0 1 1 ]
Shortest Vector: [30 -12 526 -29 -92 480 -8 25 -240 78 326 332 82 -459 89 -47 -8 21 -105 -87 -221 -218 242 -193 183 -401 -70 -145 -15 -325 121 -400 -137 -302 -140 -177 -492 -30 173 -271 69 90 403 -632 220 -297 -283 -416 162 111 125 199 210 59 -125 307 -122 132 -276 151 65 -470 354 -260 -463 -254 251 -251 47 291 18 546 ]
Len: 2191

Runtime of standard enumeration: 0.37696 s.
Finishing after 1 attemps in 5.3966 s (processed 4 bases).
Working threads: 24
Using NTL types.
Activating EXTREME pruning.
Setting pruning parameter to 0.22.
Setting candidate-queue size to 10240.
Setting parallel-enum threshold to dimension 15.
Disabling usage of Gauss heuristic
Enabling BKZ-auto-height adaption.
Setting bkz-height to 2.
Setting pre-beta to 24.
Setting parallel-BKZ instances to 32.
Setting randomized trials to 40.
Read conf file at penum.conf
Setting prebeta parameter to 24.
Setting pruning parameter to 0.16.
Delta: 0.9999
Beta: 30
Mode: 1
Candidate Height: 10
Target length: 2192
Trying to read: ./inppap/svpc-e1-d72-98937.txt
Read a basis of dimension: 72 / 72 with |b_0| = 0.3038441515e217
Starting procedure
Preparing preprocessing of 24 threads.
Thread 0 is BKZ-30 reducing basis
Thread 19 is BKZ-30 reducing basis
Thread 22 is BKZ-30 reducing basis
Thread 17 is BKZ-30 reducing basis
Thread 11 is BKZ-30 reducing basis
Thread 2 is BKZ-30 reducing basis
Thread 12 is BKZ-30 reducing basis
Thread 18 is BKZ-30 reducing basis
Thread 10 is BKZ-30 reducing basis
Thread 1 is BKZ-30 reducing basis
Thread 5 is BKZ-30 reducing basis
Thread 7 is BKZ-Thread 30 reducing basis
4 is BKZ-30 reducing basis
Thread 14 is BKZ-30 reducing basis
Thread 20 is BKZ-30 reducing basis
Thread 9 is BKZ-30 reducing basis
Thread 21 is BKZ-30 reducing basis
Thread 6 is BKZ-30 reducing basis
Thread 23 is BKZ-30 reducing basis
Thread 8 is BKZ-30 reducing basis
Thread 3 is BKZ-30 reducing basis
Thread 13 is BKZ-30 reducing basis
Thread 16 is BKZ-30 reducing basis
Thread 15 is BKZ-30 reducing basis
|b_0| of BKZ-30 reduced basis of thread 0 is: 2317.948878(1.85893s [1.57261 s / 0.198655s ]).
|b_0| of BKZ-30 reduced basis of thread 18 is: 2451.96146(2.28183s [2.09366 s / 0.0428567s ]).
|b_0| of BKZ-30 reduced basis of thread 19 is: 2320.791675(2.57426s [2.25576 s / 0.185681s ]).
|b_0| of BKZ-30 reduced basis of thread 10 is: 2460.502997(2.58254s [2.24229 s / 0.203123s ]).
|b_0| of BKZ-30 reduced basis of thread 11 is: 2541.71753(2.58844s [2.13913 s / 0.311937s ]).
|b_0| of BKZ-30 reduced basis of thread 17 is: 2314.577283(2.59342s [2.36111 s / 0.0872675s ]).
|b_0| of BKZ-30 reduced basis of thread 22 is: 2504.645883(2.62197s [2.30769 s / 0.186662s ]).
|b_0| of BKZ-30 reduced basis of thread 4 is: 2418.877012(2.65188s [2.1901 s / 0.335785s ]).
|b_0| of BKZ-30 reduced basis of thread 12 is: 2353.95412(2.67628s [2.4409 s / 0.0997913s ]).
|b_0| of BKZ-30 reduced basis of thread 16 is: 2514.678906(2.66059s [2.40791 s / 0.141724s ]).
|b_0| of BKZ-30 reduced basis of thread 3 is: 2284.350674(2.67789s [2.26802 s / 0.277636s ]).
|b_0| of BKZ-30 reduced basis of thread 15 is: 2497.894513(2.66644s [2.28795 s / 0.271999s ]).
|b_0| of BKZ-30 reduced basis of thread 9 is: 2574.48927(2.70378s [2.33411 s / 0.232466s ]).
|b_0| of BKZ-30 reduced basis of thread 21 is: 2382.646638(2.73982s [2.06754 s / 0.552929s ]).
|b_0| of BKZ-30 reduced basis of thread 5 is: 2431.262224(2.7653s [2.41852 s / 0.203776s ]).
|b_0| of BKZ-30 reduced basis of thread 20 is: 2449.807748(2.78515s [2.38428 s / 0.279466s ]).
|b_0| of BKZ-30 reduced basis of thread 2 is: 2417.772115(2.80486s [2.4318 s / 0.227849s ]).
|b_0| of BKZ-30 reduced basis of thread 23 is: 2398.324832(2.82879s [2.56127 s / 0.139304s ]).
|b_0| of BKZ-30 reduced basis of thread 1 is: 2378.778468(2.85231s [2.49921 s / 0.210242s ]).
|b_0| of BKZ-30 reduced basis of thread 14 is: 2498.539774(2.91941s [2.52892 s / 0.247836s ]).
|b_0| of BKZ-30 reduced basis of thread 8 is: 2389.978452(2.92341s [2.70342 s / 0.0869603s ]).
|b_0| of BKZ-30 reduced basis of thread 7 is: 2374.497631(2.9443s [2.5119 s / 0.287814s ]).
|b_0| of BKZ-30 reduced basis of thread 13 is: 2330.009227(2.96395s [2.54797 s / 0.298256s ]).
|b_0| of BKZ-30 reduced basis of thread 6 is: 2258.207475(3.10476s [2.60507 s / 0.376067s ]).
Sorting 24 bases.
Time for preprocessing: 3.1786 seconds.
Processing base of thread 6
Executing ENUM with target length 2192
A: 4.8049e+06
Searching candidates in depth 10
coefficients: [ 0 0 0 0 0 0 0 0 0 0 0 0 0 0 0 0 0 0 0 0 0 0 0 0 0 0 0 0 0 0 0 0 0 0 0 0 0 0 0 0 0 0 0 0 0 0 0 0 0 0 0 0 0 0 0 0 0 0 0 0 0 0 0 0 0 0 0 0 0 0 0 0 ]
Shortest Vector: [0 0 0 0 0 0 0 0 0 0 0 0 0 0 0 0 0 0 0 0 0 0 0 0 0 0 0 0 0 0 0 0 0 0 0 0 0 0 0 0 0 0 0 0 0 0 0 0 0 0 0 0 0 0 0 0 0 0 0 0 0 0 0 0 0 0 0 0 0 0 0 0 ]
Len: 0

Runtime of standard enumeration: 0.50282 s.
Processing base of thread 3
Executing ENUM with target length 2192
A: 4.8049e+06
Searching candidates in depth 10
Found new minumun (length: 2190)  11   -7    4    0   -1    2    3   -3   -9    2   11   -3    1    1    3   -4    0   -6    2   -7   -2    3    0    2    8    2   -3    1    2    3   -4   -1   -4   -3    4   -1   -2   -3   -1   -1    2   -1    0    0   -2    0    0    1   -1   -1    0    0   -2   -1    0    2    0   -1   -1   -1   -1    1   -1    1    0    0    0   -1    0    0    0   -1    0    0 
coefficients: [ 11 -7 4 -0 -1 2 3 -3 -9 2 11 -3 1 1 3 -4 -0 -6 2 -7 -2 3 -0 2 8 2 -3 1 2 3 -4 -1 -4 -3 4 -1 -2 -3 -1 -1 2 -1 -0 -0 -2 -0 -0 1 -1 -1 -0 0 -2 -1 -0 2 -0 -1 -1 -1 -1 1 -1 1 -0 -0 -0 -1 -0 -0 -0 -1 ]
Shortest Vector: [-30 12 -526 29 92 -480 8 -25 240 -78 -326 -332 -82 459 -89 47 8 -21 105 87 221 218 -242 193 -183 401 70 145 15 325 -121 400 137 302 140 177 492 30 -173 271 -69 -90 -403 632 -220 297 283 416 -162 -111 -125 -199 -210 -59 125 -307 122 -132 276 -151 -65 470 -354 260 463 254 -251 251 -47 -291 -18 -546 ]
Len: 2191

Runtime of standard enumeration: 0.48224 s.
Finishing after 1 attemps in 4.3376 s (processed 2 bases).
Working threads: 24
Using NTL types.
Activating EXTREME pruning.
Setting pruning parameter to 0.22.
Setting candidate-queue size to 10240.
Setting parallel-enum threshold to dimension 15.
Disabling usage of Gauss heuristic
Enabling BKZ-auto-height adaption.
Setting bkz-height to 2.
Setting pre-beta to 24.
Setting parallel-BKZ instances to 32.
Setting randomized trials to 40.
Read conf file at penum.conf
Setting prebeta parameter to 24.
Setting pruning parameter to 0.16.
Delta: 0.9999
Beta: 30
Mode: 1
Candidate Height: 10
Target length: 2192
Trying to read: ./inppap/svpc-e1-d72-98937.txt
Read a basis of dimension: 72 / 72 with |b_0| = 0.3038441515e217
Starting procedure
Preparing preprocessing of 24 threads.
Thread 0 is BKZ-30 reducing basis
Thread 10 is BKZ-30 reducing basis
Thread 7 is BKZ-30 reducing basis
Thread 11 is BKZ-30 reducing basis
Thread 1Thread Thread  is BKZ-930 reducing basis is BKZ-30 reducing basis

2 is BKZ-30 reducing basis
Thread 5 is BKZ-30 reducing basis
Thread 12 is BKZ-30 reducing basis
Thread 20 is BKZ-30 reducing basis
Thread 17 is BKZ-30 reducing basis
Thread 14 is BKZ-30 reducing basis
Thread 19 is BKZ-30 reducing basis
Thread 15 is BKZ-30 reducing basis
Thread 3 is BKZ-30 reducing basis
Thread 23 is BKZ-30 reducing basis
Thread 22 is BKZ-30 reducing basis
Thread 8 is BKZ-30 reducing basis
Thread 13 is BKZ-30 reducing basis
Thread 16 is BKZ-30 reducing basis
Thread 18 is BKZ-30 reducing basis
Thread 21 is BKZ-30 reducing basis
Thread 4 is BKZ-30 reducing basis
Thread 6 is BKZ-30 reducing basis
|b_0| of BKZ-30 reduced basis of thread 0 is: 2317.948878(1.80327s [1.52358 s / 0.197684s ]).
|b_0| of BKZ-30 reduced basis of thread 19 is: 2496.137416(2.40546s [2.04658 s / 0.19695s ]).
|b_0| of BKZ-30 reduced basis of thread 21 is: 2474.432662(2.45244s [2.21935 s / 0.0903874s ]).
|b_0| of BKZ-30 reduced basis of thread 20 is: 2466.180245(2.49485s [2.20251 s / 0.140127s ]).
|b_0| of BKZ-30 reduced basis of thread 9 is: 2273.113504(2.51875s [2.10141 s / 0.25201s ]).
|b_0| of BKZ-30 reduced basis of thread 15 is: 2460.723268(2.51692s [2.21422 s / 0.152309s ]).
|b_0| of BKZ-30 reduced basis of thread 7 is: 2521.712513(2.56951s [2.31655 s / 0.123673s ]).
|b_0| of BKZ-30 reduced basis of thread 5 is: 2246.924342(2.62217s [2.31007 s / 0.145079s ]).
|b_0| of BKZ-30 reduced basis of thread 17 is: 2514.530175(2.6475s [2.32667 s / 0.170846s ]).
|b_0| of BKZ-30 reduced basis of thread 6 is: 2448.701288(2.63693s [2.20885 s / 0.287919s ]).
|b_0| of BKZ-30 reduced basis of thread 18 is: 2526.767896(2.67832s [2.26447 s / 0.257587s ]).
|b_0| of BKZ-30 reduced basis of thread 23 is: 2367.16307(2.68836s [2.34204 s / 0.214063s ]).
|b_0| of BKZ-30 reduced basis of thread 10 is: 2530.742974(2.72665s [2.50048 s / 0.0862187s ]).
|b_0| of BKZ-30 reduced basis of thread 12 is: 2445.329835(2.75683s [2.55844 s / 0.0318549s ]).
|b_0| of BKZ-30 reduced basis of thread 3 is: 2500.518146(2.78145s [2.57915 s / 0.0401529s ]).
|b_0| of BKZ-30 reduced basis of thread 1 is: 2431.253997(2.80024s [2.39408 s / 0.234904s ]).
|b_0| of BKZ-30 reduced basis of thread 13 is: 2419.220949(2.84079s [2.62488 s / 0.0688719s ]).
|b_0| of BKZ-30 reduced basis of thread 2 is: 2451.245194(2.90215s [2.45239 s / 0.284383s ]).
|b_0| of BKZ-30 reduced basis of thread 14 is: 2376.031145(2.90378s [2.57122 s / 0.177854s ]).
|b_0| of BKZ-30 reduced basis of thread 8 is: 2490.190555(2.9054s [2.57047 s / 0.172708s ]).
|b_0| of BKZ-30 reduced basis of thread 22 is: 2451.451407(2.94045s [2.66044 s / 0.120198s ]).
|b_0| of BKZ-30 reduced basis of thread 4 is: 2292.488386(2.96129s [2.46478 s / 0.351789s ]).
|b_0| of BKZ-30 reduced basis of thread 16 is: 2367.261076(2.9662s [2.40407 s / 0.421825s ]).
|b_0| of BKZ-30 reduced basis of thread 11 is: 2327.177475(3.01469s [2.70744 s / 0.155425s ]).
Sorting 24 bases.
Time for preprocessing: 3.06022 seconds.
Processing base of thread 5
Executing ENUM with target length 2192
A: 4.8049e+06
Searching candidates in depth 10
Found new minumun (length: 2190)  -4   -2   -5    1    5    2    5   -6    2    2    8    3   -1    5   -5    0    1    3   -2    3    4    0    2   -1    7    3   -2   -1   -6    0    0    2    2    3    1    2    1    0   -1   -1   -5    3    0    2    0   -3    3   -2   -2   -1   -3    0    1   -1    1    0    0    0    1   -1    0    1    1    1   -1   -1    1    0    0    0    0    0    0    0 
coefficients: [ -4 -2 -5 1 5 2 5 -6 2 2 8 3 -1 5 -5 -0 1 3 -2 3 4 -0 2 -1 7 3 -2 -1 -6 -0 -0 2 2 3 1 2 1 0 -1 -1 -5 3 -0 2 -0 -3 3 -2 -2 -1 -3 -0 1 -1 1 0 -0 -0 1 -1 -0 1 1 1 -1 -1 1 0 0 0 0 0 ]
Shortest Vector: [-30 12 -526 29 92 -480 8 -25 240 -78 -326 -332 -82 459 -89 47 8 -21 105 87 221 218 -242 193 -183 401 70 145 15 325 -121 400 137 302 140 177 492 30 -173 271 -69 -90 -403 632 -220 297 283 416 -162 -111 -125 -199 -210 -59 125 -307 122 -132 276 -151 -65 470 -354 260 463 254 -251 251 -47 -291 -18 -546 ]
Len: 2191

Runtime of standard enumeration: 0.28405 s.
Finishing after 1 attemps in 3.4308 s (processed 1 bases).
Working threads: 24
Using NTL types.
Activating EXTREME pruning.
Setting pruning parameter to 0.22.
Setting candidate-queue size to 10240.
Setting parallel-enum threshold to dimension 15.
Disabling usage of Gauss heuristic
Enabling BKZ-auto-height adaption.
Setting bkz-height to 2.
Setting pre-beta to 24.
Setting parallel-BKZ instances to 32.
Setting randomized trials to 40.
Read conf file at penum.conf
Setting prebeta parameter to 24.
Setting pruning parameter to 0.16.
Delta: 0.9999
Beta: 30
Mode: 1
Candidate Height: 10
Target length: 2192
Trying to read: ./inppap/svpc-e1-d72-98937.txt
Read a basis of dimension: 72 / 72 with |b_0| = 0.3038441515e217
Starting procedure
Preparing preprocessing of 24 threads.
Thread 0 is BKZ-30 reducing basis
Thread 13 is BKZ-30 reducing basis
Thread 14 is BKZ-30 reducing basis
Thread 1 is BKZ-30 reducing basis
Thread 17 is BKZ-30 reducing basis
Thread 18 is BKZ-30 reducing basis
Thread 9 is BKZ-30 reducing basis
Thread 23 is BKZ-30 reducing basis
Thread 7 is BKZ-30 reducing basis
Thread 12 is BKZ-30 reducing basis
Thread 16 is BKZ-30 reducing basis
Thread 19 is BKZ-30 reducing basis
Thread 6 is BKZ-30 reducing basis
Thread 3 is BKZ-30 reducing basis
Thread 21 is BKZ-30 reducing basis
Thread 2 is BKZ-30 reducing basis
Thread 22 is BKZ-30 reducing basis
Thread 5 is BKZ-30 reducing basis
Thread 8 is BKZ-30 reducing basis
Thread 15 is BKZ-30 reducing basis
Thread 10 is BKZ-30 reducing basis
Thread 11 is BKZ-30 reducing basis
Thread 20 is BKZ-30 reducing basis
Thread 4 is BKZ-30 reducing basis
|b_0| of BKZ-30 reduced basis of thread 0 is: 2317.948878(1.7972s [1.51655 s / 0.196574s ]).
|b_0| of BKZ-30 reduced basis of thread 5 is: 2349.743177(2.44311s [2.19427 s / 0.102318s ]).
|b_0| of BKZ-30 reduced basis of thread 19 is: 2362.375288(2.51723s [2.2051 s / 0.162597s ]).
|b_0| of BKZ-30 reduced basis of thread 3 is: 2443.085549(2.52846s [2.19674 s / 0.17673s ]).
|b_0| of BKZ-30 reduced basis of thread 6 is: 2492.439367(2.5316s [2.25567 s / 0.120314s ]).
|b_0| of BKZ-30 reduced basis of thread 2 is: 2405.012266(2.55216s [2.12853 s / 0.300953s ]).
|b_0| of BKZ-30 reduced basis of thread 1 is: 2378.263022(2.57665s [2.17824 s / 0.263659s ]).
|b_0| of BKZ-30 reduced basis of thread 22 is: 2460.558067(2.57196s [2.24058 s / 0.185477s ]).
|b_0| of BKZ-30 reduced basis of thread 13 is: 2465.630548(2.60211s [2.32014 s / 0.140175s ]).
|b_0| of BKZ-30 reduced basis of thread 17 is: 2193.838873(2.60772s [2.24395 s / 0.214433s ]).
|b_0| of BKZ-30 reduced basis of thread 11 is: 2193.838873(2.62013s [2.4747 s / 0.0154556s ]).
|b_0| of BKZ-30 reduced basis of thread 18 is: 2418.970649(2.66748s [2.30994 s / 0.205888s ]).
|b_0| of BKZ-30 reduced basis of thread 8 is: 2437.292145(2.68682s [2.35026 s / 0.185859s ]).
|b_0| of BKZ-30 reduced basis of thread 15 is: 2338.028443(2.68739s [2.49787 s / 0.0499293s ]).
|b_0| of BKZ-30 reduced basis of thread 14 is: 2353.857685(2.72765s [2.40457 s / 0.183045s ]).
|b_0| of BKZ-30 reduced basis of thread 9 is: 2412.806457(2.78839s [2.48285 s / 0.164479s ]).
|b_0| of BKZ-30 reduced basis of thread 23 is: 2433.26694(2.80551s [2.58326 s / 0.0852762s ]).
|b_0| of BKZ-30 reduced basis of thread 21 is: 2467.76883(2.79156s [2.46209 s / 0.188879s ]).
|b_0| of BKZ-30 reduced basis of thread 7 is: 2446.838368(2.81304s [2.30309 s / 0.360603s ]).
|b_0| of BKZ-30 reduced basis of thread 16 is: 2357.528791(2.82497s [2.38727 s / 0.285842s ]).
|b_0| of BKZ-30 reduced basis of thread 12 is: 2564.116612(2.84105s [2.45061 s / 0.250994s ]).
|b_0| of BKZ-30 reduced basis of thread 4 is: 2418.272524(2.81898s [2.27009 s / 0.432885s ]).
|b_0| of BKZ-30 reduced basis of thread 20 is: 2505.55423(2.85865s [2.52869 s / 0.197471s ]).
|b_0| of BKZ-30 reduced basis of thread 10 is: 2338.840097(2.97383s [2.49287 s / 0.340135s ]).
Sorting 24 bases.
Time for preprocessing: 3.05235 seconds.
Processing base of thread 11
Executing ENUM with target length 2192
A: 4.8049e+06
Searching candidates in depth 10
Found new minumun (length: 2190)  -6   -4   22  -12   15   -2   -5   -9    5   13   10   -6    6  -10    9   10   -5   -1    2    2   -2    3   -2    3    2   -4    4   -1    0   -4   -2   -1   -5   -3    3   -3   -3    2   -1   -2    0   -2   -1    0    2    0    0    0    0   -1   -1    0    1   -1    2    1   -1   -1    0    1    1    0    0    0    1    0    0    0    1   -1    0    0    0    0 
coefficients: [ -6 -4 22 -12 15 -2 -5 -9 5 13 10 -6 6 -10 9 10 -5 -1 2 2 -2 3 -2 3 2 -4 4 -1 -0 -4 -2 -1 -5 -3 3 -3 -3 2 -1 -2 -0 -2 -1 -0 2 -0 -0 -0 -0 -1 -1 -0 1 -1 2 1 -1 -1 -0 1 1 0 -0 -0 1 -0 -0 -0 1 -1 0 0 ]
Shortest Vector: [30 -12 526 -29 -92 480 -8 25 -240 78 326 332 82 -459 89 -47 -8 21 -105 -87 -221 -218 242 -193 183 -401 -70 -145 -15 -325 121 -400 -137 -302 -140 -177 -492 -30 173 -271 69 90 403 -632 220 -297 -283 -416 162 111 125 199 210 59 -125 307 -122 132 -276 151 65 -470 354 -260 -463 -254 251 -251 47 291 18 546 ]
Len: 2191

Runtime of standard enumeration: 0.1798 s.
Finishing after 1 attemps in 3.3194 s (processed 1 bases).
Working threads: 24
Using NTL types.
Activating EXTREME pruning.
Setting pruning parameter to 0.22.
Setting candidate-queue size to 10240.
Setting parallel-enum threshold to dimension 15.
Disabling usage of Gauss heuristic
Enabling BKZ-auto-height adaption.
Setting bkz-height to 2.
Setting pre-beta to 24.
Setting parallel-BKZ instances to 32.
Setting randomized trials to 40.
Read conf file at penum.conf
Setting prebeta parameter to 24.
Setting pruning parameter to 0.16.
Delta: 0.9999
Beta: 30
Mode: 1
Candidate Height: 10
Target length: 2192
Trying to read: ./inppap/svpc-e1-d72-98937.txt
Read a basis of dimension: 72 / 72 with |b_0| = 0.3038441515e217
Starting procedure
Preparing preprocessing of 24 threads.
Thread 0 is BKZ-30 reducing basis
Thread 1 is BKZ-30 reducing basis
Thread 22 is BKZ-30 reducing basis
Thread 3 is BKZ-30 reducing basis
Thread 7 is BKZ-30 reducing basis
Thread 18 is BKZ-30 reducing basis
Thread 16 is BKZ-30 reducing basis
Thread 23 is BKZ-30 reducing basis
Thread 14 is BKZ-30 reducing basis
Thread 5 is BKZ-30 reducing basis
Thread 17 is BKZ-30 reducing basis
Thread 6 is BKZ-30 reducing basis
Thread 2 is BKZ-30 reducing basis
Thread 11 is BKZ-30 reducing basis
Thread 4 is BKZ-30 reducing basisThread 
8 is BKZ-30 reducing basis
Thread 12 is BKZ-30 reducing basis
Thread 19 is BKZ-30 reducing basis
Thread 9 is BKZ-30 reducing basis
Thread 15 is BKZ-30 reducing basis
Thread 20 is BKZ-30 reducing basis
Thread 21 is BKZ-30 reducing basis
Thread 13 is BKZ-30 reducing basis
Thread 10 is BKZ-30 reducing basis
|b_0| of BKZ-30 reduced basis of thread 0 is: 2317.948878(1.83637s [1.54687 s / 0.199413s ]).
|b_0| of BKZ-30 reduced basis of thread 23 is: 2348.690912(2.44014s [2.18021 s / 0.0984715s ]).
|b_0| of BKZ-30 reduced basis of thread 5 is: 2428.557597(2.48066s [2.10817 s / 0.239361s ]).
|b_0| of BKZ-30 reduced basis of thread 12 is: 2429.099627(2.49988s [2.17039 s / 0.176057s ]).
|b_0| of BKZ-30 reduced basis of thread 17 is: 2601.84915(2.51248s [2.30232 s / 0.0489066s ]).
|b_0| of BKZ-30 reduced basis of thread 4 is: 2357.191125(2.51103s [2.27571 s / 0.0776842s ]).
|b_0| of BKZ-30 reduced basis of thread 21 is: 2373.2187(2.49847s [2.13197 s / 0.223682s ]).
|b_0| of BKZ-30 reduced basis of thread 15 is: 2464.356508(2.52404s [2.28984 s / 0.0910117s ]).
|b_0| of BKZ-30 reduced basis of thread 20 is: 2445.237003(2.54135s [2.16563 s / 0.231557s ]).
|b_0| of BKZ-30 reduced basis of thread 9 is: 2430.020576(2.58299s [2.13584 s / 0.303374s ]).
|b_0| of BKZ-30 reduced basis of thread 6 is: 2342.327048(2.60878s [2.2792 s / 0.186499s ]).
|b_0| of BKZ-30 reduced basis of thread 16 is: 2558.005082(2.67151s [2.09333 s / 0.418216s ]).
|b_0| of BKZ-30 reduced basis of thread 1 is: 2387.898867(2.70184s [2.44573 s / 0.134396s ]).
|b_0| of BKZ-30 reduced basis of thread 3 is: 2403.840885(2.71566s [2.32788 s / 0.225801s ]).
|b_0| of BKZ-30 reduced basis of thread 2 is: 2565.13255(2.70275s [2.4469 s / 0.0990206s ]).
|b_0| of BKZ-30 reduced basis of thread 11 is: 2557.413733(2.71292s [2.47857 s / 0.0827085s ]).
|b_0| of BKZ-30 reduced basis of thread 8 is: 2365.180966(2.75057s [2.1151 s / 0.493114s ]).
|b_0| of BKZ-30 reduced basis of thread 14 is: 2350.041702(2.78473s [2.56317 s / 0.0744279s ]).
|b_0| of BKZ-30 reduced basis of thread 10 is: 2258.207475(2.73402s [2.45504 s / 0.161933s ]).
|b_0| of BKZ-30 reduced basis of thread 7 is: 2310.634112(2.82842s [2.51459 s / 0.178809s ]).
|b_0| of BKZ-30 reduced basis of thread 22 is: 2374.497631(2.86709s [2.36098 s / 0.367547s ]).
|b_0| of BKZ-30 reduced basis of thread 19 is: 2497.073087(2.84291s [2.46279 s / 0.231845s ]).
|b_0| of BKZ-30 reduced basis of thread 18 is: 2371.634036(2.95835s [2.55779 s / 0.242496s ]).
|b_0| of BKZ-30 reduced basis of thread 13 is: 2410.007884(3.00446s [2.7295 s / 0.162388s ]).
Sorting 24 bases.
Time for preprocessing: 3.09639 seconds.
Processing base of thread 10
Executing ENUM with target length 2192
A: 4.8049e+06
Searching candidates in depth 10
coefficients: [ 0 0 0 0 0 0 0 0 0 0 0 0 0 0 0 0 0 0 0 0 0 0 0 0 0 0 0 0 0 0 0 0 0 0 0 0 0 0 0 0 0 0 0 0 0 0 0 0 0 0 0 0 0 0 0 0 0 0 0 0 0 0 0 0 0 0 0 0 0 0 0 0 ]
Shortest Vector: [0 0 0 0 0 0 0 0 0 0 0 0 0 0 0 0 0 0 0 0 0 0 0 0 0 0 0 0 0 0 0 0 0 0 0 0 0 0 0 0 0 0 0 0 0 0 0 0 0 0 0 0 0 0 0 0 0 0 0 0 0 0 0 0 0 0 0 0 0 0 0 0 ]
Len: 0

Runtime of standard enumeration: 0.55441 s.
Processing base of thread 7
Executing ENUM with target length 2192
A: 4.8049e+06
Searching candidates in depth 10
coefficients: [ 0 0 0 0 0 0 0 0 0 0 0 0 0 0 0 0 0 0 0 0 0 0 0 0 0 0 0 0 0 0 0 0 0 0 0 0 0 0 0 0 0 0 0 0 0 0 0 0 0 0 0 0 0 0 0 0 0 0 0 0 0 0 0 0 0 0 0 0 0 0 0 0 ]
Shortest Vector: [0 0 0 0 0 0 0 0 0 0 0 0 0 0 0 0 0 0 0 0 0 0 0 0 0 0 0 0 0 0 0 0 0 0 0 0 0 0 0 0 0 0 0 0 0 0 0 0 0 0 0 0 0 0 0 0 0 0 0 0 0 0 0 0 0 0 0 0 0 0 0 0 ]
Len: 0

Runtime of standard enumeration: 0.53666 s.
Processing base of thread 0
Executing ENUM with target length 2192
A: 4.8049e+06
Searching candidates in depth 10
coefficients: [ 0 0 0 0 0 0 0 0 0 0 0 0 0 0 0 0 0 0 0 0 0 0 0 0 0 0 0 0 0 0 0 0 0 0 0 0 0 0 0 0 0 0 0 0 0 0 0 0 0 0 0 0 0 0 0 0 0 0 0 0 0 0 0 0 0 0 0 0 0 0 0 0 ]
Shortest Vector: [0 0 0 0 0 0 0 0 0 0 0 0 0 0 0 0 0 0 0 0 0 0 0 0 0 0 0 0 0 0 0 0 0 0 0 0 0 0 0 0 0 0 0 0 0 0 0 0 0 0 0 0 0 0 0 0 0 0 0 0 0 0 0 0 0 0 0 0 0 0 0 0 ]
Len: 0

Runtime of standard enumeration: 0.75762 s.
Processing base of thread 6
Executing ENUM with target length 2192
A: 4.8049e+06
Searching candidates in depth 10
Found new minumun (length: 2190)  -7   -3   -1   -1    5   -1    4   -2    1   -1   -3   -1   -3   -5   -1    5   -1    4    2    0   -1   -1    3   -1   -2    2   -1    1    2   -1   -1    0   -1   -1   -2   -3    1    3   -3   -1   -1    0    1    2   -1    1    1    0   -1    2    0    0   -1    0   -1    1    0    0   -1    0    1    1   -1    0    0    1    0    0    0    1    1   -1    0    0 
coefficients: [ -7 -3 -1 -1 5 -1 4 -2 1 -1 -3 -1 -3 -5 -1 5 -1 4 2 -0 -1 -1 3 -1 -2 2 -1 1 2 -1 -1 0 -1 -1 -2 -3 1 3 -3 -1 -1 -0 1 2 -1 1 1 0 -1 2 -0 -0 -1 -0 -1 1 -0 -0 -1 -0 1 1 -1 -0 0 1 0 -0 -0 1 1 -1 ]
Shortest Vector: [30 -12 526 -29 -92 480 -8 25 -240 78 326 332 82 -459 89 -47 -8 21 -105 -87 -221 -218 242 -193 183 -401 -70 -145 -15 -325 121 -400 -137 -302 -140 -177 -492 -30 173 -271 69 90 403 -632 220 -297 -283 -416 162 111 125 199 210 59 -125 307 -122 132 -276 151 65 -470 354 -260 -463 -254 251 -251 47 291 18 546 ]
Len: 2191

Runtime of standard enumeration: 0.69614 s.
Finishing after 1 attemps in 5.9821 s (processed 4 bases).
Working threads: 24
Using NTL types.
Activating EXTREME pruning.
Setting pruning parameter to 0.22.
Setting candidate-queue size to 10240.
Setting parallel-enum threshold to dimension 15.
Disabling usage of Gauss heuristic
Enabling BKZ-auto-height adaption.
Setting bkz-height to 2.
Setting pre-beta to 24.
Setting parallel-BKZ instances to 32.
Setting randomized trials to 40.
Read conf file at penum.conf
Setting prebeta parameter to 24.
Setting pruning parameter to 0.16.
Delta: 0.9999
Beta: 30
Mode: 1
Candidate Height: 10
Target length: 2192
Trying to read: ./inppap/svpc-e1-d72-98937.txt
Read a basis of dimension: 72 / 72 with |b_0| = 0.3038441515e217
Starting procedure
Preparing preprocessing of 24 threads.
Thread 0 is BKZ-30 reducing basis
Thread 22 is BKZ-30 reducing basis
Thread 10 is BKZ-30 reducing basis
Thread 9 is BKZ-30 reducing basis
Thread 17 is BKZ-30 reducing basis
Thread 23 is BKZ-30 reducing basis
Thread 2 is BKZ-30 reducing basis
Thread 14 is BKZ-30 reducing basis
Thread 11 is BKZ-30 reducing basis
Thread 1 is BKZ-30 reducing basis
Thread 20 is BKZ-30 reducing basis
Thread 15 is BKZ-30 reducing basis
Thread 18 is BKZ-30 reducing basis
Thread 16 is BKZ-30 reducing basis
Thread 6 is BKZ-30 reducing basis
Thread 13 is BKZ-30 reducing basis
Thread 7 is BKZ-30 reducing basis
Thread 19 is BKZ-30 reducing basis
Thread 4 is BKZ-30 reducing basis
Thread 12 is BKZ-30 reducing basis
Thread 5 is BKZ-30 reducing basis
Thread 21 is BKZ-30 reducing basis
Thread 8 is BKZ-30 reducing basis
Thread 3 is BKZ-30 reducing basis
|b_0| of BKZ-30 reduced basis of thread 0 is: 2317.948878(1.81712s [1.52881 s / 0.198372s ]).
|b_0| of BKZ-30 reduced basis of thread 16 is: 2473.032956(2.41066s [2.07858 s / 0.214085s ]).
|b_0| of BKZ-30 reduced basis of thread 12 is: 2350.285727(2.43911s [2.22594 s / 0.0825488s ]).
|b_0| of BKZ-30 reduced basis of thread 10 is: 2412.317972(2.48178s [2.20347 s / 0.146616s ]).
|b_0| of BKZ-30 reduced basis of thread 7 is: 2528.212214(2.47441s [2.10676 s / 0.234869s ]).
|b_0| of BKZ-30 reduced basis of thread 9 is: 2314.610118(2.55909s [2.26456 s / 0.161624s ]).
|b_0| of BKZ-30 reduced basis of thread 22 is: 2602.084933(2.57032s [2.1008 s / 0.328141s ]).
|b_0| of BKZ-30 reduced basis of thread 8 is: 2497.788622(2.57534s [2.37534 s / 0.0778622s ]).
|b_0| of BKZ-30 reduced basis of thread 20 is: 2408.280507(2.70069s [2.08928 s / 0.473368s ]).
|b_0| of BKZ-30 reduced basis of thread 5 is: 2296.358639(2.68864s [2.06822 s / 0.499524s ]).
|b_0| of BKZ-30 reduced basis of thread 19 is: 2343.884383(2.70609s [2.52425 s / 0.0516854s ]).
|b_0| of BKZ-30 reduced basis of thread 11 is: 2439.120948(2.72976s [2.47024 s / 0.128599s ]).
|b_0| of BKZ-30 reduced basis of thread 13 is: 2341.739738(2.72495s [2.46369 s / 0.138836s ]).
|b_0| of BKZ-30 reduced basis of thread 14 is: 2423.741117(2.78415s [2.4148 s / 0.251007s ]).
|b_0| of BKZ-30 reduced basis of thread 6 is: 2405.381467(2.79713s [2.44417 s / 0.214721s ]).
|b_0| of BKZ-30 reduced basis of thread 2 is: 2492.143455(2.8195s [2.44219 s / 0.226562s ]).
|b_0| of BKZ-30 reduced basis of thread 1 is: 2370.251674(2.83202s [2.46858 s / 0.21251s ]).
|b_0| of BKZ-30 reduced basis of thread 15 is: 2356.219854(2.8523s [2.49215 s / 0.208979s ]).
|b_0| of BKZ-30 reduced basis of thread 21 is: 2371.796366(2.85902s [2.539 s / 0.19297s ]).
|b_0| of BKZ-30 reduced basis of thread 18 is: 2517.836174(2.8949s [2.49947 s / 0.256333s ]).
|b_0| of BKZ-30 reduced basis of thread 3 is: 2376.16119(2.88576s [2.47159 s / 0.289648s ]).
|b_0| of BKZ-30 reduced basis of thread 23 is: 2386.992878(2.91571s [2.54579 s / 0.219653s ]).
|b_0| of BKZ-30 reduced basis of thread 4 is: 2508.30361(2.93737s [2.51914 s / 0.292048s ]).
|b_0| of BKZ-30 reduced basis of thread 17 is: 2310.793154(3.22153s [2.65397 s / 0.438162s ]).
Sorting 24 bases.
Time for preprocessing: 3.27708 seconds.
Processing base of thread 5
Executing ENUM with target length 2192
A: 4.8049e+06
Searching candidates in depth 10
Found new minumun (length: 2190)   8   23   -8  -17    9   -6    8   -3   12    6    4   -2    4    8   -6    3    2   -7   11    4    0    3    5   -5   -7   -2    3    3    2    3    4    4   -2    1   -2    3   -5   -4    1    1    1    1    3    3   -2    1    2   -1    1    2   -1    0    1    2    2    0   -1   -1    0    0   -1    1    0    1   -1    1    0    0   -1    0   -1    0    0    0 
coefficients: [ 8 23 -8 -17 9 -6 8 -3 12 6 4 -2 4 8 -6 3 2 -7 11 4 -0 3 5 -5 -7 -2 3 3 2 3 4 4 -2 1 -2 3 -5 -4 1 1 1 1 3 3 -2 1 2 -1 1 2 -1 -0 1 2 2 -0 -1 -1 -0 0 -1 1 -0 1 -1 1 0 -0 -1 -0 -1 0 ]
Shortest Vector: [-30 12 -526 29 92 -480 8 -25 240 -78 -326 -332 -82 459 -89 47 8 -21 105 87 221 218 -242 193 -183 401 70 145 15 325 -121 400 137 302 140 177 492 30 -173 271 -69 -90 -403 632 -220 297 283 416 -162 -111 -125 -199 -210 -59 125 -307 122 -132 276 -151 -65 470 -354 260 463 254 -251 251 -47 -291 -18 -546 ]
Len: 2191

Runtime of standard enumeration: 0.25779 s.
Finishing after 1 attemps in 3.6278 s (processed 1 bases).
Working threads: 24
Using NTL types.
Activating EXTREME pruning.
Setting pruning parameter to 0.22.
Setting candidate-queue size to 10240.
Setting parallel-enum threshold to dimension 15.
Disabling usage of Gauss heuristic
Enabling BKZ-auto-height adaption.
Setting bkz-height to 2.
Setting pre-beta to 24.
Setting parallel-BKZ instances to 32.
Setting randomized trials to 40.
Read conf file at penum.conf
Setting prebeta parameter to 24.
Setting pruning parameter to 0.16.
Delta: 0.9999
Beta: 30
Mode: 1
Candidate Height: 10
Target length: 2192
Trying to read: ./inppap/svpc-e1-d72-98937.txt
Read a basis of dimension: 72 / 72 with |b_0| = 0.3038441515e217
Starting procedure
Preparing preprocessing of 24 threads.
Thread 0 is BKZ-30 reducing basis
Thread 19 is BKZ-30 reducing basis
Thread 14 is BKZ-30 reducing basis
Thread 2 is BKZ-30 reducing basis
Thread 4 is BKZ-30 reducing basis
Thread 16 is BKZ-30 reducing basis
Thread 20 is BKZ-30 reducing basis
Thread 8 is BKZ-30 reducing basis
Thread 9 is BKZ-30 reducing basis
Thread 23 is BKZ-30 reducing basis
Thread 12 is BKZ-30 reducing basis
Thread 7 is BKZ-30 reducing basis
Thread 17 is BKZ-30 reducing basis
Thread 10 is BKZ-30 reducing basis
Thread 1 is BKZ-30 reducing basis
Thread 13 is BKZ-30 reducing basis
Thread 11 is BKZ-30 reducing basis
Thread 6 is BKZ-30 reducing basis
Thread 3 is BKZ-30 reducing basis
Thread 22 is BKZ-30 reducing basis
Thread 15 is BKZ-30 reducing basis
Thread 5 is BKZ-30 reducing basis
Thread 21 is BKZ-30 reducing basis
Thread 18 is BKZ-30 reducing basis
|b_0| of BKZ-30 reduced basis of thread 0 is: 2317.948878(1.78947s [1.50677 s / 0.196462s ]).
|b_0| of BKZ-30 reduced basis of thread 14 is: 2562.91026(2.42852s [2.29917 s / 0.0177859s ]).
|b_0| of BKZ-30 reduced basis of thread 11 is: 2537.026015(2.48052s [2.20287 s / 0.13515s ]).
|b_0| of BKZ-30 reduced basis of thread 3 is: 2446.459074(2.48264s [2.11367 s / 0.226527s ]).
|b_0| of BKZ-30 reduced basis of thread 9 is: 2524.105386(2.52874s [2.01322 s / 0.384796s ]).
|b_0| of BKZ-30 reduced basis of thread 5 is: 2522.977606(2.53392s [2.0638 s / 0.352166s ]).
|b_0| of BKZ-30 reduced basis of thread 19 is: 2483.746565(2.56967s [2.1981 s / 0.229293s ]).
|b_0| of BKZ-30 reduced basis of thread 12 is: 2470.438423(2.60844s [2.31763 s / 0.141583s ]).
|b_0| of BKZ-30 reduced basis of thread 1 is: 2520.617781(2.62629s [2.28163 s / 0.195797s ]).
|b_0| of BKZ-30 reduced basis of thread 23 is: 2356.219854(2.63405s [2.34246 s / 0.139347s ]).
|b_0| of BKZ-30 reduced basis of thread 7 is: 2528.994662(2.63741s [2.28042 s / 0.209054s ]).
|b_0| of BKZ-30 reduced basis of thread 16 is: 2449.247027(2.67074s [2.37428 s / 0.17277s ]).
|b_0| of BKZ-30 reduced basis of thread 8 is: 2462.721868(2.69676s [2.13992 s / 0.418463s ]).
|b_0| of BKZ-30 reduced basis of thread 15 is: 2574.474898(2.6824s [2.25987 s / 0.294416s ]).
|b_0| of BKZ-30 reduced basis of thread 4 is: 2483.591955(2.74065s [2.45092 s / 0.177229s ]).
|b_0| of BKZ-30 reduced basis of thread 2 is: 2322.768607(2.7551s [2.49729 s / 0.12138s ]).
|b_0| of BKZ-30 reduced basis of thread 18 is: 2310.392175(2.75292s [2.49791 s / 0.135939s ]).
|b_0| of BKZ-30 reduced basis of thread 22 is: 2444.889568(2.7628s [2.52341 s / 0.10008s ]).
|b_0| of BKZ-30 reduced basis of thread 10 is: 2396.720885(2.77985s [2.35466 s / 0.290735s ]).
|b_0| of BKZ-30 reduced basis of thread 6 is: 2375.78345(2.82176s [2.66008 s / 0.0222666s ]).
|b_0| of BKZ-30 reduced basis of thread 20 is: 2388.688343(2.886s [2.51754 s / 0.220252s ]).
|b_0| of BKZ-30 reduced basis of thread 21 is: 2305.945359(2.92225s [2.67777 s / 0.125335s ]).
|b_0| of BKZ-30 reduced basis of thread 17 is: 2538.79755(3.00204s [2.73764 s / 0.117196s ]).
|b_0| of BKZ-30 reduced basis of thread 13 is: 2374.729037(3.0484s [2.61543 s / 0.301245s ]).
Sorting 24 bases.
Time for preprocessing: 3.11275 seconds.
Processing base of thread 21
Executing ENUM with target length 2192
A: 4.8049e+06
Searching candidates in depth 10
coefficients: [ 0 0 0 0 0 0 0 0 0 0 0 0 0 0 0 0 0 0 0 0 0 0 0 0 0 0 0 0 0 0 0 0 0 0 0 0 0 0 0 0 0 0 0 0 0 0 0 0 0 0 0 0 0 0 0 0 0 0 0 0 0 0 0 0 0 0 0 0 0 0 0 0 ]
Shortest Vector: [0 0 0 0 0 0 0 0 0 0 0 0 0 0 0 0 0 0 0 0 0 0 0 0 0 0 0 0 0 0 0 0 0 0 0 0 0 0 0 0 0 0 0 0 0 0 0 0 0 0 0 0 0 0 0 0 0 0 0 0 0 0 0 0 0 0 0 0 0 0 0 0 ]
Len: 0

Runtime of standard enumeration: 0.45514 s.
Processing base of thread 18
Executing ENUM with target length 2192
A: 4.8049e+06
Searching candidates in depth 10
coefficients: [ 0 0 0 0 0 0 0 0 0 0 0 0 0 0 0 0 0 0 0 0 0 0 0 0 0 0 0 0 0 0 0 0 0 0 0 0 0 0 0 0 0 0 0 0 0 0 0 0 0 0 0 0 0 0 0 0 0 0 0 0 0 0 0 0 0 0 0 0 0 0 0 0 ]
Shortest Vector: [0 0 0 0 0 0 0 0 0 0 0 0 0 0 0 0 0 0 0 0 0 0 0 0 0 0 0 0 0 0 0 0 0 0 0 0 0 0 0 0 0 0 0 0 0 0 0 0 0 0 0 0 0 0 0 0 0 0 0 0 0 0 0 0 0 0 0 0 0 0 0 0 ]
Len: 0

Runtime of standard enumeration: 0.66744 s.
Processing base of thread 0
Executing ENUM with target length 2192
A: 4.8049e+06
Searching candidates in depth 10
coefficients: [ 0 0 0 0 0 0 0 0 0 0 0 0 0 0 0 0 0 0 0 0 0 0 0 0 0 0 0 0 0 0 0 0 0 0 0 0 0 0 0 0 0 0 0 0 0 0 0 0 0 0 0 0 0 0 0 0 0 0 0 0 0 0 0 0 0 0 0 0 0 0 0 0 ]
Shortest Vector: [0 0 0 0 0 0 0 0 0 0 0 0 0 0 0 0 0 0 0 0 0 0 0 0 0 0 0 0 0 0 0 0 0 0 0 0 0 0 0 0 0 0 0 0 0 0 0 0 0 0 0 0 0 0 0 0 0 0 0 0 0 0 0 0 0 0 0 0 0 0 0 0 ]
Len: 0

Runtime of standard enumeration: 0.78786 s.
Processing base of thread 2
Executing ENUM with target length 2192
A: 4.8049e+06
Searching candidates in depth 10
coefficients: [ 0 0 0 0 0 0 0 0 0 0 0 0 0 0 0 0 0 0 0 0 0 0 0 0 0 0 0 0 0 0 0 0 0 0 0 0 0 0 0 0 0 0 0 0 0 0 0 0 0 0 0 0 0 0 0 0 0 0 0 0 0 0 0 0 0 0 0 0 0 0 0 0 ]
Shortest Vector: [0 0 0 0 0 0 0 0 0 0 0 0 0 0 0 0 0 0 0 0 0 0 0 0 0 0 0 0 0 0 0 0 0 0 0 0 0 0 0 0 0 0 0 0 0 0 0 0 0 0 0 0 0 0 0 0 0 0 0 0 0 0 0 0 0 0 0 0 0 0 0 0 ]
Len: 0

Runtime of standard enumeration: 0.8722 s.
Processing base of thread 23
Executing ENUM with target length 2192
A: 4.8049e+06
Searching candidates in depth 10
coefficients: [ 0 0 0 0 0 0 0 0 0 0 0 0 0 0 0 0 0 0 0 0 0 0 0 0 0 0 0 0 0 0 0 0 0 0 0 0 0 0 0 0 0 0 0 0 0 0 0 0 0 0 0 0 0 0 0 0 0 0 0 0 0 0 0 0 0 0 0 0 0 0 0 0 ]
Shortest Vector: [0 0 0 0 0 0 0 0 0 0 0 0 0 0 0 0 0 0 0 0 0 0 0 0 0 0 0 0 0 0 0 0 0 0 0 0 0 0 0 0 0 0 0 0 0 0 0 0 0 0 0 0 0 0 0 0 0 0 0 0 0 0 0 0 0 0 0 0 0 0 0 0 ]
Len: 0

Runtime of standard enumeration: 0.51345 s.
Processing base of thread 13
Executing ENUM with target length 2192
A: 4.8049e+06
Searching candidates in depth 10
Found new minumun (length: 2190)  -5   -2    3   -5   -1    0    1    1   -3    7   10    0   -8   -2   -2   -2    4   -5    1   -2   -1   -3   -2    1    1   -1   -2    2   -2   -2   -1    0    2   -1   -1    0   -1    0   -2   -2   -4    0    2    2   -1    1   -1    1    0    1   -1    0   -1    1    0    1    2    2    1    0    0    1    0    0    1    1    0    1    0    0    0    0    0    0 
coefficients: [ -5 -2 3 -5 -1 -0 1 1 -3 7 10 -0 -8 -2 -2 -2 4 -5 1 -2 -1 -3 -2 1 1 -1 -2 2 -2 -2 -1 -0 2 -1 -1 -0 -1 -0 -2 -2 -4 -0 2 2 -1 1 -1 1 -0 1 -1 -0 -1 1 0 1 2 2 1 -0 -0 1 -0 -0 1 1 -0 1 0 0 0 0 ]
Shortest Vector: [30 -12 526 -29 -92 480 -8 25 -240 78 326 332 82 -459 89 -47 -8 21 -105 -87 -221 -218 242 -193 183 -401 -70 -145 -15 -325 121 -400 -137 -302 -140 -177 -492 -30 173 -271 69 90 403 -632 220 -297 -283 -416 162 111 125 199 210 59 -125 307 -122 132 -276 151 65 -470 354 -260 -463 -254 251 -251 47 291 18 546 ]
Len: 2191

Runtime of standard enumeration: 0.20279 s.
Finishing after 1 attemps in 7.1114 s (processed 6 bases).
Working threads: 24
Using NTL types.
Activating EXTREME pruning.
Setting pruning parameter to 0.22.
Setting candidate-queue size to 10240.
Setting parallel-enum threshold to dimension 15.
Disabling usage of Gauss heuristic
Enabling BKZ-auto-height adaption.
Setting bkz-height to 2.
Setting pre-beta to 24.
Setting parallel-BKZ instances to 32.
Setting randomized trials to 40.
Read conf file at penum.conf
Setting prebeta parameter to 24.
Setting pruning parameter to 0.16.
Delta: 0.9999
Beta: 30
Mode: 1
Candidate Height: 10
Target length: 2192
Trying to read: ./inppap/svpc-e1-d72-98937.txt
Read a basis of dimension: 72 / 72 with |b_0| = 0.3038441515e217
Starting procedure
Preparing preprocessing of 24 threads.
Thread 0 is BKZ-30 reducing basis
Thread 5 is BKZ-30 reducing basis
Thread 7 is BKZ-30 reducing basis
Thread 3 is BKZ-30 reducing basis
Thread 11 is BKZ-30 reducing basis
Thread 16 is BKZ-30 reducing basis
Thread 23 is BKZ-30 reducing basis
Thread 21 is BKZ-30 reducing basis
Thread 10 is BKZ-30 reducing basis
Thread 6 is BKZ-30 reducing basis
Thread 18 is BKZ-30 reducing basis
Thread 13 is BKZ-30 reducing basis
Thread 12 is BKZ-30 reducing basis
Thread 8 is BKZ-30 reducing basis
Thread 14 is BKZ-30 reducing basis
Thread 17 is BKZ-30 reducing basis
Thread 4 is BKZ-30 reducing basis
Thread 1 is BKZ-30 reducing basis
Thread 9 is BKZ-30 reducing basis
Thread 15 is BKZ-30 reducing basis
Thread 22 is BKZ-30 reducing basis
Thread 2 is BKZ-30 reducing basis
Thread 20 is BKZ-30 reducing basis
Thread 19 is BKZ-30 reducing basis
|b_0| of BKZ-30 reduced basis of thread 0 is: 2317.948878(1.83239s [1.54177 s / 0.197715s ]).
|b_0| of BKZ-30 reduced basis of thread 8 is: 2456.058224(2.39785s [2.08017 s / 0.178449s ]).
|b_0| of BKZ-30 reduced basis of thread 16 is: 2628.914225(2.48828s [2.24562 s / 0.0886298s ]).
|b_0| of BKZ-30 reduced basis of thread 20 is: 2528.08821(2.4601s [2.31548 s / 0.0185808s ]).
|b_0| of BKZ-30 reduced basis of thread 18 is: 2389.978661(2.53349s [2.16616 s / 0.2264s ]).
|b_0| of BKZ-30 reduced basis of thread 23 is: 2427.114954(2.56637s [2.16807 s / 0.249921s ]).
|b_0| of BKZ-30 reduced basis of thread 2 is: 2396.7503(2.54039s [2.30515 s / 0.107257s ]).
|b_0| of BKZ-30 reduced basis of thread 15 is: 2499.822394(2.5503s [2.31578 s / 0.103413s ]).
|b_0| of BKZ-30 reduced basis of thread 1 is: 2499.315506(2.58945s [2.39872 s / 0.0610252s ]).
|b_0| of BKZ-30 reduced basis of thread 21 is: 2445.431864(2.63061s [2.34926 s / 0.126151s ]).
|b_0| of BKZ-30 reduced basis of thread 3 is: 2363.080616(2.66067s [2.29584 s / 0.212084s ]).
|b_0| of BKZ-30 reduced basis of thread 17 is: 2478.549576(2.65158s [2.34314 s / 0.181002s ]).
|b_0| of BKZ-30 reduced basis of thread 10 is: 2382.16834(2.67916s [2.14609 s / 0.377542s ]).
|b_0| of BKZ-30 reduced basis of thread 11 is: 2368.436826(2.70742s [2.34843 s / 0.208607s ]).
|b_0| of BKZ-30 reduced basis of thread 5 is: 2485.353697(2.71618s [2.2518 s / 0.308776s ]).
|b_0| of BKZ-30 reduced basis of thread 13 is: 2502.379667(2.73116s [2.42558 s / 0.167285s ]).
|b_0| of BKZ-30 reduced basis of thread 19 is: 2208.717048(2.72175s [2.33446 s / 0.269167s ]).
|b_0| of BKZ-30 reduced basis of thread 12 is: 2346.505274(2.75802s [2.38987 s / 0.216853s ]).
|b_0| of BKZ-30 reduced basis of thread 9 is: 2330.64712(2.74025s [2.19388 s / 0.408299s ]).
|b_0| of BKZ-30 reduced basis of thread 14 is: 2456.570984(2.77121s [2.52505 s / 0.116548s ]).
|b_0| of BKZ-30 reduced basis of thread 4 is: 2372.504373(2.7788s [2.42396 s / 0.230001s ]).
|b_0| of BKZ-30 reduced basis of thread 7 is: 2311.882566(2.90078s [2.42342 s / 0.325304s ]).
|b_0| of BKZ-30 reduced basis of thread 6 is: 2353.857685(2.98599s [2.6277 s / 0.211817s ]).
|b_0| of BKZ-30 reduced basis of thread 22 is: 2369.281959(3.02299s [2.52505 s / 0.376004s ]).
Sorting 24 bases.
Time for preprocessing: 3.11808 seconds.
Processing base of thread 19
Executing ENUM with target length 2192
A: 4.8049e+06
Searching candidates in depth 10
Found new minumun (length: 2190) -15    7   10   14   -3    3    3    3   -4    7   -9   18   -6   23   -7   17   -5    7    7    9    2   -2    7   -7    6    6   -2    4    2   -5   -4    2    0    1   -3    3    1    1    3    1    2   -5    3   -2   -1    2    1    2   -3   -2    2    2    0    0    1   -1    1    0    0   -1    0    1   -1    1    0    0    0    1    1    0    1    1    0    0 
coefficients: [ -15 7 10 14 -3 3 3 3 -4 7 -9 18 -6 23 -7 17 -5 7 7 9 2 -2 7 -7 6 6 -2 4 2 -5 -4 2 -0 1 -3 3 1 1 3 1 2 -5 3 -2 -1 2 1 2 -3 -2 2 2 -0 -0 1 -1 1 -0 -0 -1 -0 1 -1 1 -0 0 -0 1 1 -0 1 1 ]
Shortest Vector: [30 -12 526 -29 -92 480 -8 25 -240 78 326 332 82 -459 89 -47 -8 21 -105 -87 -221 -218 242 -193 183 -401 -70 -145 -15 -325 121 -400 -137 -302 -140 -177 -492 -30 173 -271 69 90 403 -632 220 -297 -283 -416 162 111 125 199 210 59 -125 307 -122 132 -276 151 65 -470 354 -260 -463 -254 251 -251 47 291 18 546 ]
Len: 2191

Runtime of standard enumeration: 0.40857 s.
Finishing after 1 attemps in 3.6266 s (processed 1 bases).
