Working threads: 8
Using NTL types.
Activating EXTREME pruning.
Setting pruning parameter to 0.22.
Setting candidate-queue size to 10240.
Setting parallel-enum threshold to dimension 15.
Disabling usage of Gauss heuristic
Enabling BKZ-auto-height adaption.
Setting bkz-height to 2.
Setting pre-beta to 24.
Setting parallel-BKZ instances to 32.
Setting randomized trials to 9.
Read conf file at penum.conf
Setting prebeta parameter to 1.
Setting pruning parameter to 0.175.
Delta: 0.9999
Beta: 20
Mode: 1
Candidate Height: 10
Target length: 2051
Trying to read: ./inppap/svpc-e1-d66-237.txt
Read a basis of dimension: 66 / 66 with |b_0| = 0.2446750628e199
Starting procedure
Preparing preprocessing of 8 threads.
Thread 0 is BKZ-20 reducing basis
Thread 5 is BKZ-20 reducing basis
Thread 3 is BKZ-20 reducing basis
Thread 1 is BKZ-20 reducing basis
Thread 6 is BKZ-20 reducing basis
Thread 7 is BKZ-20 reducing basis
Thread 4 is BKZ-20 reducing basis
Thread 2 is BKZ-20 reducing basis
|b_0| of BKZ-20 reduced basis of thread 0 is: 2478.649431(0.937771s [0.721045 s / 0.150179s ]).
|b_0| of BKZ-20 reduced basis of thread 7 is: 2421.84661(1.46465s [1.24662 s / 0.135231s ]).
|b_0| of BKZ-20 reduced basis of thread 1 is: 2116.078685(1.4863s [1.21458 s / 0.195481s ]).
|b_0| of BKZ-20 reduced basis of thread 6 is: 2412.128521(1.48726s [1.20114 s / 0.211729s ]).
|b_0| of BKZ-20 reduced basis of thread 2 is: 2421.38225(1.50683s [1.28143 s / 0.152811s ]).
|b_0| of BKZ-20 reduced basis of thread 4 is: 2453.136767(1.55331s [1.26643 s / 0.202521s ]).
|b_0| of BKZ-20 reduced basis of thread 3 is: 2405.444242(1.55971s [1.2191 s / 0.247067s ]).
|b_0| of BKZ-20 reduced basis of thread 5 is: 2518.38341(1.56309s [1.26364 s / 0.208857s ]).
Sorting 8 bases.
Time for preprocessing: 1.58249 seconds.
Processing base of thread 1
Executing ENUM with target length 2051
A: 4.2066e+06
Searching candidates in depth 10
Found new minumun (length: 2050)  -2    0   -2   -1    4   -4    0   -1    4    1    0    0    2   -3    0    0   -1    0    0    1   -1    0    0    0    1    1   -1    1    1    0    0   -1    1    1    1    0    0    1    1   -1    1    1    1    0    1    1    0   -1    0    0    0    1    1    0    0    0    0    0    0    0   -1    1    0    0    0    0    0    0 
coefficients: [ -2 -0 -2 -1 4 -4 -0 -1 4 1 -0 -0 2 -3 -0 -0 -1 -0 -0 1 -1 -0 -0 -0 1 1 -1 1 1 -0 -0 -1 1 1 1 -0 -0 1 1 -1 1 1 1 0 1 1 -0 -1 -0 -0 -0 1 1 0 0 0 -0 -0 -0 -0 -1 1 0 0 0 0 ]
Shortest Vector: [-129 -96 288 151 -16 726 62 -290 -230 118 -390 148 -138 -112 -104 290 409 -408 -19 333 -130 180 -151 -183 131 -571 -355 -210 -300 -317 132 -534 105 -146 87 175 -67 172 -20 -180 80 -32 267 -248 284 98 -108 -388 107 -207 -253 212 -466 -131 281 32 152 -430 -165 -376 -183 -240 -97 192 0 -106 ]
Len: 2050.4

Runtime of standard enumeration: 0.027501 s.
Finishing after 1 attemps in 1.6892 s (processed 1 bases).
Working threads: 8
Using NTL types.
Activating EXTREME pruning.
Setting pruning parameter to 0.22.
Setting candidate-queue size to 10240.
Setting parallel-enum threshold to dimension 15.
Disabling usage of Gauss heuristic
Enabling BKZ-auto-height adaption.
Setting bkz-height to 2.
Setting pre-beta to 24.
Setting parallel-BKZ instances to 32.
Setting randomized trials to 9.
Read conf file at penum.conf
Setting prebeta parameter to 1.
Setting pruning parameter to 0.175.
Delta: 0.9999
Beta: 20
Mode: 1
Candidate Height: 10
Target length: 2051
Trying to read: ./inppap/svpc-e1-d66-237.txt
Read a basis of dimension: 66 / 66 with |b_0| = 0.2446750628e199
Starting procedure
Preparing preprocessing of 8 threads.
Thread 0 is BKZ-20 reducing basis
Thread 3 is BKZ-20 reducing basis
Thread 5 is BKZ-20 reducing basis
Thread 2 is BKZ-20 reducing basis
Thread 6 is BKZ-20 reducing basis
Thread 4 is BKZ-20 reducing basis
Thread 7 is BKZ-20 reducing basis
Thread 1 is BKZ-20 reducing basis
|b_0| of BKZ-20 reduced basis of thread 0 is: 2478.649431(0.962301s [0.741804 s / 0.149055s ]).
|b_0| of BKZ-20 reduced basis of thread 4 is: 2470.338843(1.43908s [1.17818 s / 0.179402s ]).
|b_0| of BKZ-20 reduced basis of thread 1 is: 2337.136924(1.4412s [1.17171 s / 0.188071s ]).
|b_0| of BKZ-20 reduced basis of thread 6 is: 2494.208291(1.47339s [1.27901 s / 0.114807s ]).
|b_0| of BKZ-20 reduced basis of thread 5 is: 2414.928777(1.54563s [1.2708 s / 0.186711s ]).
|b_0| of BKZ-20 reduced basis of thread 7 is: 2333.26788(1.54088s [1.27418 s / 0.183033s ]).
|b_0| of BKZ-20 reduced basis of thread 3 is: 2281.303136(1.5662s [1.26086 s / 0.223514s ]).
|b_0| of BKZ-20 reduced basis of thread 2 is: 2482.297122(1.62332s [1.3614 s / 0.19114s ]).
Sorting 8 bases.
Time for preprocessing: 1.65498 seconds.
Processing base of thread 3
Executing ENUM with target length 2051
A: 4.2066e+06
Searching candidates in depth 10
Found new minumun (length: 2050)  -1    2    1   -3   -2   -1    1    2    4    1    2   -1    0    0    0   -2   -1    3    1    1   -4   -2    1    1   -2    0   -1   -1    2    0    1    0    1    0   -1   -1    0    0    0    1    0    1    0    1    1    0    0    0    0    0    0    1   -1    0    0    1    0    0    0    0    0    0   -1    0    0    0    0    0 
coefficients: [ -1 2 1 -3 -2 -1 1 2 4 1 2 -1 -0 -0 -0 -2 -1 3 1 1 -4 -2 1 1 -2 -0 -1 -1 2 -0 1 -0 1 -0 -1 -1 -0 -0 -0 1 -0 1 -0 1 1 -0 -0 0 -0 -0 -0 1 -1 -0 -0 1 -0 -0 -0 -0 -0 -0 -1 0 0 0 ]
Shortest Vector: [129 96 -288 -151 16 -726 -62 290 230 -118 390 -148 138 112 104 -290 -409 408 19 -333 130 -180 151 183 -131 571 355 210 300 317 -132 534 -105 146 -87 -175 67 -172 20 180 -80 32 -267 248 -284 -98 108 388 -107 207 253 -212 466 131 -281 -32 -152 430 165 376 183 240 97 -192 0 106 ]
Len: 2050.4

Runtime of standard enumeration: 0.050389 s.
Finishing after 1 attemps in 1.7897 s (processed 1 bases).
Working threads: 8
Using NTL types.
Activating EXTREME pruning.
Setting pruning parameter to 0.22.
Setting candidate-queue size to 10240.
Setting parallel-enum threshold to dimension 15.
Disabling usage of Gauss heuristic
Enabling BKZ-auto-height adaption.
Setting bkz-height to 2.
Setting pre-beta to 24.
Setting parallel-BKZ instances to 32.
Setting randomized trials to 9.
Read conf file at penum.conf
Setting prebeta parameter to 1.
Setting pruning parameter to 0.175.
Delta: 0.9999
Beta: 20
Mode: 1
Candidate Height: 10
Target length: 2051
Trying to read: ./inppap/svpc-e1-d66-237.txt
Read a basis of dimension: 66 / 66 with |b_0| = 0.2446750628e199
Starting procedure
Preparing preprocessing of 8 threads.
Thread 0 is BKZ-20 reducing basis
Thread 2 is BKZ-20 reducing basis
Thread 7 is BKZ-20 reducing basis
Thread 6 is BKZ-20 reducing basis
Thread 3 is BKZ-20 reducing basis
Thread 5 is BKZ-20 reducing basis
Thread 1 is BKZ-20 reducing basis
Thread 4 is BKZ-20 reducing basis
|b_0| of BKZ-20 reduced basis of thread 0 is: 2478.649431(0.973704s [0.753822 s / 0.149596s ]).
|b_0| of BKZ-20 reduced basis of thread 6 is: 2493.633293(1.43271s [1.19205 s / 0.161527s ]).
|b_0| of BKZ-20 reduced basis of thread 1 is: 2547.811021(1.49714s [1.23387 s / 0.189444s ]).
|b_0| of BKZ-20 reduced basis of thread 7 is: 2559.498974(1.54057s [1.33533 s / 0.122054s ]).
|b_0| of BKZ-20 reduced basis of thread 4 is: 2392.978897(1.54989s [1.31649 s / 0.161319s ]).
|b_0| of BKZ-20 reduced basis of thread 2 is: 2319.510293(1.59759s [1.23544 s / 0.278559s ]).
|b_0| of BKZ-20 reduced basis of thread 3 is: 2463.454079(1.60975s [1.33147 s / 0.195437s ]).
|b_0| of BKZ-20 reduced basis of thread 5 is: 2523.41475(1.60186s [1.36336 s / 0.160098s ]).
Sorting 8 bases.
Time for preprocessing: 1.64854 seconds.
Processing base of thread 2
Executing ENUM with target length 2051
A: 4.2066e+06
Searching candidates in depth 10
Found new minumun (length: 2050)   4   -3   -7    2   -6   -8    2    3   -1   -2    6   -3    7    4    3    6   -2    4    1    0    1   -2   -1   -2    0    3    1   -2    0    3    0    1    1   -2   -2    1    0   -1   -1   -1   -1    0    1   -1    1    0   -1   -1   -1    0    1    0    0    1    1    0    1    0   -1   -1    0    0    0    0    0    0    0    0 
coefficients: [ 4 -3 -7 2 -6 -8 2 3 -1 -2 6 -3 7 4 3 6 -2 4 1 -0 1 -2 -1 -2 -0 3 1 -2 -0 3 -0 1 1 -2 -2 1 -0 -1 -1 -1 -1 -0 1 -1 1 -0 -1 -1 -1 -0 1 -0 0 1 1 0 1 -0 -1 -1 0 0 0 0 0 0 ]
Shortest Vector: [129 96 -288 -151 16 -726 -62 290 230 -118 390 -148 138 112 104 -290 -409 408 19 -333 130 -180 151 183 -131 571 355 210 300 317 -132 534 -105 146 -87 -175 67 -172 20 180 -80 32 -267 248 -284 -98 108 388 -107 207 253 -212 466 131 -281 -32 -152 430 165 376 183 240 97 -192 0 106 ]
Len: 2050.4

Runtime of standard enumeration: 0.03589 s.
Finishing after 1 attemps in 1.763 s (processed 1 bases).
Working threads: 8
Using NTL types.
Activating EXTREME pruning.
Setting pruning parameter to 0.22.
Setting candidate-queue size to 10240.
Setting parallel-enum threshold to dimension 15.
Disabling usage of Gauss heuristic
Enabling BKZ-auto-height adaption.
Setting bkz-height to 2.
Setting pre-beta to 24.
Setting parallel-BKZ instances to 32.
Setting randomized trials to 9.
Read conf file at penum.conf
Setting prebeta parameter to 1.
Setting pruning parameter to 0.175.
Delta: 0.9999
Beta: 20
Mode: 1
Candidate Height: 10
Target length: 2051
Trying to read: ./inppap/svpc-e1-d66-237.txt
Read a basis of dimension: 66 / 66 with |b_0| = 0.2446750628e199
Starting procedure
Preparing preprocessing of 8 threads.
Thread 0 is BKZ-20 reducing basis
Thread 7 is BKZ-20 reducing basis
Thread 3 is BKZ-20 reducing basis
Thread 4 is BKZ-20 reducing basis
Thread 6 is BKZ-20 reducing basis
Thread 2 is BKZ-20 reducing basis
Thread 5 is BKZ-20 reducing basis
Thread 1 is BKZ-20 reducing basis
|b_0| of BKZ-20 reduced basis of thread 0 is: 2478.649431(0.939159s [0.722565 s / 0.149632s ]).
|b_0| of BKZ-20 reduced basis of thread 4 is: 2548.086341(1.35636s [1.15335 s / 0.127691s ]).
|b_0| of BKZ-20 reduced basis of thread 3 is: 2577.776173(1.42255s [1.16058 s / 0.187775s ]).
|b_0| of BKZ-20 reduced basis of thread 6 is: 2609.839459(1.48679s [1.22346 s / 0.184447s ]).
|b_0| of BKZ-20 reduced basis of thread 1 is: 2371.190629(1.52209s [1.21662 s / 0.229259s ]).
|b_0| of BKZ-20 reduced basis of thread 2 is: 2427.689025(1.52746s [1.29838 s / 0.14981s ]).
|b_0| of BKZ-20 reduced basis of thread 7 is: 2579.361743(1.54269s [1.26491 s / 0.206953s ]).
|b_0| of BKZ-20 reduced basis of thread 5 is: 2334.082475(1.54722s [1.29818 s / 0.173795s ]).
Sorting 8 bases.
Time for preprocessing: 1.57453 seconds.
Processing base of thread 5
Executing ENUM with target length 2051
A: 4.2066e+06
Searching candidates in depth 10
Found new minumun (length: 2050)  -2   11   50   12  -39  -13    2  -59  -21   23   -2  -39   39  -16   32  -24  -36   -7  -28  -14   -9   -5   16  -16    9   -5   -5  -10  -10   -2   -8    5   10   -2    4   -4    5   -3    6    6   -2    1    6   -6    5    2   -2    2    2    3    2    3    1    1    1    1    0    0    0    0    0   -2    0    1    0   -1    0    0 
coefficients: [ -2 11 50 12 -39 -13 2 -59 -21 23 -2 -39 39 -16 32 -24 -36 -7 -28 -14 -9 -5 16 -16 9 -5 -5 -10 -10 -2 -8 5 10 -2 4 -4 5 -3 6 6 -2 1 6 -6 5 2 -2 2 2 3 2 3 1 1 1 1 -0 0 -0 -0 0 -2 -0 1 -0 -1 ]
Shortest Vector: [-129 -96 288 151 -16 726 62 -290 -230 118 -390 148 -138 -112 -104 290 409 -408 -19 333 -130 180 -151 -183 131 -571 -355 -210 -300 -317 132 -534 105 -146 87 175 -67 172 -20 -180 80 -32 267 -248 284 98 -108 -388 107 -207 -253 212 -466 -131 281 32 152 -430 -165 -376 -183 -240 -97 192 0 -106 ]
Len: 2050.4

Runtime of standard enumeration: 0.16789 s.
Finishing after 1 attemps in 1.8292 s (processed 1 bases).
Working threads: 8
Using NTL types.
Activating EXTREME pruning.
Setting pruning parameter to 0.22.
Setting candidate-queue size to 10240.
Setting parallel-enum threshold to dimension 15.
Disabling usage of Gauss heuristic
Enabling BKZ-auto-height adaption.
Setting bkz-height to 2.
Setting pre-beta to 24.
Setting parallel-BKZ instances to 32.
Setting randomized trials to 9.
Read conf file at penum.conf
Setting prebeta parameter to 1.
Setting pruning parameter to 0.175.
Delta: 0.9999
Beta: 20
Mode: 1
Candidate Height: 10
Target length: 2051
Trying to read: ./inppap/svpc-e1-d66-237.txt
Read a basis of dimension: 66 / 66 with |b_0| = 0.2446750628e199
Starting procedure
Preparing preprocessing of 8 threads.
Thread 0 is BKZ-20 reducing basis
Thread 1 is BKZ-20 reducing basis
Thread 2 is BKZ-20 reducing basis
Thread Thread 45 is BKZ- is BKZ-2020 reducing basis reducing basis

Thread 3 is BKZ-20 reducing basis
Thread 7 is BKZ-20 reducing basis
Thread 6 is BKZ-20 reducing basis
|b_0| of BKZ-20 reduced basis of thread 0 is: 2478.649431(0.969164s [0.75167 s / 0.150668s ]).
|b_0| of BKZ-20 reduced basis of thread 3 is: 2672.339986(1.45068s [1.23221 s / 0.129925s ]).
|b_0| of BKZ-20 reduced basis of thread 1 is: 2534.480815(1.46464s [1.18787 s / 0.195211s ]).
|b_0| of BKZ-20 reduced basis of thread 2 is: 2313.074145(1.48791s [1.25071 s / 0.157846s ]).
|b_0| of BKZ-20 reduced basis of thread 7 is: 2401.169507(1.52461s [1.26934 s / 0.163642s ]).
|b_0| of BKZ-20 reduced basis of thread 4 is: 2501.484959(1.53764s [1.28981 s / 0.163124s ]).
|b_0| of BKZ-20 reduced basis of thread 6 is: 2443.023332(1.58703s [1.30222 s / 0.20029s ]).
|b_0| of BKZ-20 reduced basis of thread 5 is: 2475.137572(1.62539s [1.32835 s / 0.212524s ]).
Sorting 8 bases.
Time for preprocessing: 1.65688 seconds.
Processing base of thread 2
Executing ENUM with target length 2051
A: 4.2066e+06
Searching candidates in depth 10
Found new minumun (length: 2050)   8  -21   17  -12   15  -16  -26   18   15  -13    8    1    3    4    3  -10    0    2   -9   -7    0   -5   -3    1   -6    6    2   -1    1    2    8    1    4   -4    2    5    1   -5   -1   -2   -4   -1   -1    1    2    0   -1    1   -1   -1   -1    0    1   -2    0    2    1   -2   -1    0    1    1    1    1    1    0    0    0 
coefficients: [ 8 -21 17 -12 15 -16 -26 18 15 -13 8 1 3 4 3 -10 -0 2 -9 -7 -0 -5 -3 1 -6 6 2 -1 1 2 8 1 4 -4 2 5 1 -5 -1 -2 -4 -1 -1 1 2 -0 -1 1 -1 -1 -1 0 1 -2 0 2 1 -2 -1 0 1 1 1 1 1 0 ]
Shortest Vector: [129 96 -288 -151 16 -726 -62 290 230 -118 390 -148 138 112 104 -290 -409 408 19 -333 130 -180 151 183 -131 571 355 210 300 317 -132 534 -105 146 -87 -175 67 -172 20 180 -80 32 -267 248 -284 -98 108 388 -107 207 253 -212 466 131 -281 -32 -152 430 165 376 183 240 97 -192 0 106 ]
Len: 2050.4

Runtime of standard enumeration: 0.082818 s.
Finishing after 1 attemps in 1.8067 s (processed 1 bases).
Working threads: 8
Using NTL types.
Activating EXTREME pruning.
Setting pruning parameter to 0.22.
Setting candidate-queue size to 10240.
Setting parallel-enum threshold to dimension 15.
Disabling usage of Gauss heuristic
Enabling BKZ-auto-height adaption.
Setting bkz-height to 2.
Setting pre-beta to 24.
Setting parallel-BKZ instances to 32.
Setting randomized trials to 9.
Read conf file at penum.conf
Setting prebeta parameter to 1.
Setting pruning parameter to 0.175.
Delta: 0.9999
Beta: 20
Mode: 1
Candidate Height: 10
Target length: 2051
Trying to read: ./inppap/svpc-e1-d66-237.txt
Read a basis of dimension: 66 / 66 with |b_0| = 0.2446750628e199
Starting procedure
Preparing preprocessing of 8 threads.
Thread 0 is BKZ-20 reducing basis
Thread 5 is BKZ-20 reducing basis
Thread 1 is BKZ-20 reducing basis
Thread 4 is BKZ-20 reducing basis
Thread 7 is BKZ-20 reducing basis
Thread 6 is BKZ-20 reducing basis
Thread 2 is BKZ-20 reducing basis
Thread 3 is BKZ-20 reducing basis
|b_0| of BKZ-20 reduced basis of thread 0 is: 2478.649431(0.9517s [0.734746 s / 0.149955s ]).
|b_0| of BKZ-20 reduced basis of thread 4 is: 2500.960016(1.36168s [1.13909 s / 0.138443s ]).
|b_0| of BKZ-20 reduced basis of thread 2 is: 2428.670418(1.43935s [1.17057 s / 0.187062s ]).
|b_0| of BKZ-20 reduced basis of thread 3 is: 2487.526683(1.44271s [1.14772 s / 0.212975s ]).
|b_0| of BKZ-20 reduced basis of thread 6 is: 2516.284563(1.49485s [1.25819 s / 0.152355s ]).
|b_0| of BKZ-20 reduced basis of thread 5 is: 2370.989878(1.5403s [1.25359 s / 0.209893s ]).
|b_0| of BKZ-20 reduced basis of thread 7 is: 2420.340472(1.53699s [1.2551 s / 0.197939s ]).
|b_0| of BKZ-20 reduced basis of thread 1 is: 2472.640694(1.5956s [1.30996 s / 0.206479s ]).
Sorting 8 bases.
Time for preprocessing: 1.61708 seconds.
Processing base of thread 5
Executing ENUM with target length 2051
A: 4.2066e+06
Searching candidates in depth 10
coefficients: [ 0 0 0 0 0 0 0 0 0 0 0 0 0 0 0 0 0 0 0 0 0 0 0 0 0 0 0 0 0 0 0 0 0 0 0 0 0 0 0 0 0 0 0 0 0 0 0 0 0 0 0 0 0 0 0 0 0 0 0 0 0 0 0 0 0 0 ]
Shortest Vector: [0 0 0 0 0 0 0 0 0 0 0 0 0 0 0 0 0 0 0 0 0 0 0 0 0 0 0 0 0 0 0 0 0 0 0 0 0 0 0 0 0 0 0 0 0 0 0 0 0 0 0 0 0 0 0 0 0 0 0 0 0 0 0 0 0 0 ]
Len: 0

Runtime of standard enumeration: 0.11478 s.
Processing base of thread 7
Executing ENUM with target length 2051
A: 4.2066e+06
Searching candidates in depth 10
coefficients: [ 0 0 0 0 0 0 0 0 0 0 0 0 0 0 0 0 0 0 0 0 0 0 0 0 0 0 0 0 0 0 0 0 0 0 0 0 0 0 0 0 0 0 0 0 0 0 0 0 0 0 0 0 0 0 0 0 0 0 0 0 0 0 0 0 0 0 ]
Shortest Vector: [0 0 0 0 0 0 0 0 0 0 0 0 0 0 0 0 0 0 0 0 0 0 0 0 0 0 0 0 0 0 0 0 0 0 0 0 0 0 0 0 0 0 0 0 0 0 0 0 0 0 0 0 0 0 0 0 0 0 0 0 0 0 0 0 0 0 ]
Len: 0

Runtime of standard enumeration: 0.17965 s.
Processing base of thread 2
Executing ENUM with target length 2051
A: 4.2066e+06
Searching candidates in depth 10
Found new minumun (length: 2050)  12   -9    5   11   -2    0   -5   11   16    7    9    7   -1    9    0    4   -3   -9    5    0    0    8    0   -7   -9   -2    5    5    1   -7   -8    6    3    2   -2   -3    7    1   -1    0    2    3   -2   -2   -1    1   -2    0    1    0   -1   -1    1    2    2    1    0    1   -1   -1   -1    1    0    0    0   -1    0    0 
coefficients: [ 12 -9 5 11 -2 -0 -5 11 16 7 9 7 -1 9 -0 4 -3 -9 5 -0 -0 8 -0 -7 -9 -2 5 5 1 -7 -8 6 3 2 -2 -3 7 1 -1 -0 2 3 -2 -2 -1 1 -2 -0 1 0 -1 -1 1 2 2 1 -0 1 -1 -1 -1 1 -0 -0 -0 -1 ]
Shortest Vector: [-129 -96 288 151 -16 726 62 -290 -230 118 -390 148 -138 -112 -104 290 409 -408 -19 333 -130 180 -151 -183 131 -571 -355 -210 -300 -317 132 -534 105 -146 87 175 -67 172 -20 -180 80 -32 267 -248 284 98 -108 -388 107 -207 -253 212 -466 -131 281 32 152 -430 -165 -376 -183 -240 -97 192 0 -106 ]
Len: 2050.4

Runtime of standard enumeration: 0.1243 s.
Finishing after 1 attemps in 2.2673 s (processed 3 bases).
Working threads: 8
Using NTL types.
Activating EXTREME pruning.
Setting pruning parameter to 0.22.
Setting candidate-queue size to 10240.
Setting parallel-enum threshold to dimension 15.
Disabling usage of Gauss heuristic
Enabling BKZ-auto-height adaption.
Setting bkz-height to 2.
Setting pre-beta to 24.
Setting parallel-BKZ instances to 32.
Setting randomized trials to 9.
Read conf file at penum.conf
Setting prebeta parameter to 1.
Setting pruning parameter to 0.175.
Delta: 0.9999
Beta: 20
Mode: 1
Candidate Height: 10
Target length: 2051
Trying to read: ./inppap/svpc-e1-d66-237.txt
Read a basis of dimension: 66 / 66 with |b_0| = 0.2446750628e199
Starting procedure
Preparing preprocessing of 8 threads.
Thread 0 is BKZ-20 reducing basis
Thread 2 is BKZ-20 reducing basis
Thread 5 is BKZ-20 reducing basis
Thread 6 is BKZ-20 reducing basis
Thread 1 is BKZ-20 reducing basis
Thread 4 is BKZ-20 reducing basis
Thread 7 is BKZ-20 reducing basis
Thread 3 is BKZ-20 reducing basis
|b_0| of BKZ-20 reduced basis of thread 0 is: 2478.649431(0.937576s [0.717965 s / 0.149791s ]).
|b_0| of BKZ-20 reduced basis of thread 7 is: 2583.13724(1.39576s [1.16559 s / 0.153566s ]).
|b_0| of BKZ-20 reduced basis of thread 3 is: 2513.198361(1.39906s [1.20427 s / 0.118474s ]).
|b_0| of BKZ-20 reduced basis of thread 6 is: 2432.898683(1.41259s [1.19681 s / 0.131479s ]).
|b_0| of BKZ-20 reduced basis of thread 4 is: 2530.716894(1.48318s [1.28194 s / 0.125099s ]).
|b_0| of BKZ-20 reduced basis of thread 5 is: 2588.559059(1.49409s [1.21729 s / 0.192198s ]).
|b_0| of BKZ-20 reduced basis of thread 2 is: 2398.912462(1.5314s [1.26972 s / 0.188165s ]).
|b_0| of BKZ-20 reduced basis of thread 1 is: 2451.758145(1.55681s [1.26752 s / 0.206341s ]).
Sorting 8 bases.
Time for preprocessing: 1.57666 seconds.
Processing base of thread 2
Executing ENUM with target length 2051
A: 4.2066e+06
Searching candidates in depth 10
coefficients: [ 0 0 0 0 0 0 0 0 0 0 0 0 0 0 0 0 0 0 0 0 0 0 0 0 0 0 0 0 0 0 0 0 0 0 0 0 0 0 0 0 0 0 0 0 0 0 0 0 0 0 0 0 0 0 0 0 0 0 0 0 0 0 0 0 0 0 ]
Shortest Vector: [0 0 0 0 0 0 0 0 0 0 0 0 0 0 0 0 0 0 0 0 0 0 0 0 0 0 0 0 0 0 0 0 0 0 0 0 0 0 0 0 0 0 0 0 0 0 0 0 0 0 0 0 0 0 0 0 0 0 0 0 0 0 0 0 0 0 ]
Len: 0

Runtime of standard enumeration: 0.20686 s.
Processing base of thread 6
Executing ENUM with target length 2051
A: 4.2066e+06
Searching candidates in depth 10
coefficients: [ 0 0 0 0 0 0 0 0 0 0 0 0 0 0 0 0 0 0 0 0 0 0 0 0 0 0 0 0 0 0 0 0 0 0 0 0 0 0 0 0 0 0 0 0 0 0 0 0 0 0 0 0 0 0 0 0 0 0 0 0 0 0 0 0 0 0 ]
Shortest Vector: [0 0 0 0 0 0 0 0 0 0 0 0 0 0 0 0 0 0 0 0 0 0 0 0 0 0 0 0 0 0 0 0 0 0 0 0 0 0 0 0 0 0 0 0 0 0 0 0 0 0 0 0 0 0 0 0 0 0 0 0 0 0 0 0 0 0 ]
Len: 0

Runtime of standard enumeration: 0.16067 s.
Processing base of thread 1
Executing ENUM with target length 2051
A: 4.2066e+06
Searching candidates in depth 10
coefficients: [ 0 0 0 0 0 0 0 0 0 0 0 0 0 0 0 0 0 0 0 0 0 0 0 0 0 0 0 0 0 0 0 0 0 0 0 0 0 0 0 0 0 0 0 0 0 0 0 0 0 0 0 0 0 0 0 0 0 0 0 0 0 0 0 0 0 0 ]
Shortest Vector: [0 0 0 0 0 0 0 0 0 0 0 0 0 0 0 0 0 0 0 0 0 0 0 0 0 0 0 0 0 0 0 0 0 0 0 0 0 0 0 0 0 0 0 0 0 0 0 0 0 0 0 0 0 0 0 0 0 0 0 0 0 0 0 0 0 0 ]
Len: 0

Runtime of standard enumeration: 0.15839 s.
Processing base of thread 0
Executing ENUM with target length 2051
A: 4.2066e+06
Searching candidates in depth 10
coefficients: [ 0 0 0 0 0 0 0 0 0 0 0 0 0 0 0 0 0 0 0 0 0 0 0 0 0 0 0 0 0 0 0 0 0 0 0 0 0 0 0 0 0 0 0 0 0 0 0 0 0 0 0 0 0 0 0 0 0 0 0 0 0 0 0 0 0 0 ]
Shortest Vector: [0 0 0 0 0 0 0 0 0 0 0 0 0 0 0 0 0 0 0 0 0 0 0 0 0 0 0 0 0 0 0 0 0 0 0 0 0 0 0 0 0 0 0 0 0 0 0 0 0 0 0 0 0 0 0 0 0 0 0 0 0 0 0 0 0 0 ]
Len: 0

Runtime of standard enumeration: 0.19413 s.
Processing base of thread 3
Executing ENUM with target length 2051
A: 4.2066e+06
Searching candidates in depth 10
coefficients: [ 0 0 0 0 0 0 0 0 0 0 0 0 0 0 0 0 0 0 0 0 0 0 0 0 0 0 0 0 0 0 0 0 0 0 0 0 0 0 0 0 0 0 0 0 0 0 0 0 0 0 0 0 0 0 0 0 0 0 0 0 0 0 0 0 0 0 ]
Shortest Vector: [0 0 0 0 0 0 0 0 0 0 0 0 0 0 0 0 0 0 0 0 0 0 0 0 0 0 0 0 0 0 0 0 0 0 0 0 0 0 0 0 0 0 0 0 0 0 0 0 0 0 0 0 0 0 0 0 0 0 0 0 0 0 0 0 0 0 ]
Len: 0

Runtime of standard enumeration: 0.16334 s.
Processing base of thread 4
Executing ENUM with target length 2051
A: 4.2066e+06
Searching candidates in depth 10
coefficients: [ 0 0 0 0 0 0 0 0 0 0 0 0 0 0 0 0 0 0 0 0 0 0 0 0 0 0 0 0 0 0 0 0 0 0 0 0 0 0 0 0 0 0 0 0 0 0 0 0 0 0 0 0 0 0 0 0 0 0 0 0 0 0 0 0 0 0 ]
Shortest Vector: [0 0 0 0 0 0 0 0 0 0 0 0 0 0 0 0 0 0 0 0 0 0 0 0 0 0 0 0 0 0 0 0 0 0 0 0 0 0 0 0 0 0 0 0 0 0 0 0 0 0 0 0 0 0 0 0 0 0 0 0 0 0 0 0 0 0 ]
Len: 0

Runtime of standard enumeration: 0.15974 s.
Thread 5 is BKZ-20 reducing basis
Thread 1 is BKZ-20 reducing basis
Thread 2 is BKZ-20 reducing basis
Thread 3 is BKZ-20 reducing basis
Thread 7 is BKZ-20 reducing basis
Thread 6 is BKZ-20 reducing basis
Thread 4 is BKZ-20 reducing basis
Thread 0 is BKZ-20 reducing basis
|b_0| of BKZ-20 reduced basis of thread 5 is: 2519.072051(1.4574s [1.214 s / 0.16521s ]).
|b_0| of BKZ-20 reduced basis of thread 6 is: 2336.09332(1.4892s [1.2432 s / 0.16395s ]).
|b_0| of BKZ-20 reduced basis of thread 3 is: 2502.803228(1.4948s [1.2048 s / 0.20631s ]).
|b_0| of BKZ-20 reduced basis of thread 7 is: 2476.675998(1.5026s [1.2644 s / 0.14621s ]).
|b_0| of BKZ-20 reduced basis of thread 1 is: 2445.896359(1.525s [1.2194 s / 0.22804s ]).
|b_0| of BKZ-20 reduced basis of thread 4 is: 2500.796873(1.5291s [1.2104 s / 0.23546s ]).
|b_0| of BKZ-20 reduced basis of thread 2 is: 2406.250818(1.5765s [1.2804 s / 0.20139s ]).
|b_0| of BKZ-20 reduced basis of thread 0 is: 2279.311738(1.6495s [1.2917 s / 0.24952s ]).
Sorting 8 bases.
Time for preprocessing: 1.6576 seconds.
Processing base of thread 0
Executing ENUM with target length 2051
A: 4.2066e+06
Searching candidates in depth 10
coefficients: [ 0 0 0 0 0 0 0 0 0 0 0 0 0 0 0 0 0 0 0 0 0 0 0 0 0 0 0 0 0 0 0 0 0 0 0 0 0 0 0 0 0 0 0 0 0 0 0 0 0 0 0 0 0 0 0 0 0 0 0 0 0 0 0 0 0 0 ]
Shortest Vector: [0 0 0 0 0 0 0 0 0 0 0 0 0 0 0 0 0 0 0 0 0 0 0 0 0 0 0 0 0 0 0 0 0 0 0 0 0 0 0 0 0 0 0 0 0 0 0 0 0 0 0 0 0 0 0 0 0 0 0 0 0 0 0 0 0 0 ]
Len: 0

Runtime of standard enumeration: 0.14791 s.
Processing base of thread 6
Executing ENUM with target length 2051
A: 4.2066e+06
Searching candidates in depth 10
coefficients: [ 0 0 0 0 0 0 0 0 0 0 0 0 0 0 0 0 0 0 0 0 0 0 0 0 0 0 0 0 0 0 0 0 0 0 0 0 0 0 0 0 0 0 0 0 0 0 0 0 0 0 0 0 0 0 0 0 0 0 0 0 0 0 0 0 0 0 ]
Shortest Vector: [0 0 0 0 0 0 0 0 0 0 0 0 0 0 0 0 0 0 0 0 0 0 0 0 0 0 0 0 0 0 0 0 0 0 0 0 0 0 0 0 0 0 0 0 0 0 0 0 0 0 0 0 0 0 0 0 0 0 0 0 0 0 0 0 0 0 ]
Len: 0

Runtime of standard enumeration: 0.23102 s.
Processing base of thread 2
Executing ENUM with target length 2051
A: 4.2066e+06
Searching candidates in depth 10
coefficients: [ 0 0 0 0 0 0 0 0 0 0 0 0 0 0 0 0 0 0 0 0 0 0 0 0 0 0 0 0 0 0 0 0 0 0 0 0 0 0 0 0 0 0 0 0 0 0 0 0 0 0 0 0 0 0 0 0 0 0 0 0 0 0 0 0 0 0 ]
Shortest Vector: [0 0 0 0 0 0 0 0 0 0 0 0 0 0 0 0 0 0 0 0 0 0 0 0 0 0 0 0 0 0 0 0 0 0 0 0 0 0 0 0 0 0 0 0 0 0 0 0 0 0 0 0 0 0 0 0 0 0 0 0 0 0 0 0 0 0 ]
Len: 0

Runtime of standard enumeration: 0.11704 s.
Processing base of thread 1
Executing ENUM with target length 2051
A: 4.2066e+06
Searching candidates in depth 10
coefficients: [ 0 0 0 0 0 0 0 0 0 0 0 0 0 0 0 0 0 0 0 0 0 0 0 0 0 0 0 0 0 0 0 0 0 0 0 0 0 0 0 0 0 0 0 0 0 0 0 0 0 0 0 0 0 0 0 0 0 0 0 0 0 0 0 0 0 0 ]
Shortest Vector: [0 0 0 0 0 0 0 0 0 0 0 0 0 0 0 0 0 0 0 0 0 0 0 0 0 0 0 0 0 0 0 0 0 0 0 0 0 0 0 0 0 0 0 0 0 0 0 0 0 0 0 0 0 0 0 0 0 0 0 0 0 0 0 0 0 0 ]
Len: 0

Runtime of standard enumeration: 0.15542 s.
Processing base of thread 7
Executing ENUM with target length 2051
A: 4.2066e+06
Searching candidates in depth 10
Found new minumun (length: 2050)  -9  -11   17  -11  -20   13   -7   -2   13   -4    1    0   -6    1    5    5    7   17   -9   -3   -8   -5   -5    0   -1    5   -1   -3   -1    0    3    1    3   -3    0    1    2    1    2    1    1    3    0    0   -2    1    0    1    1    0    3   -1    2    1    0    0    0   -1    0    1   -1   -1    1    0    0    0    0    0 
coefficients: [ -9 -11 17 -11 -20 13 -7 -2 13 -4 1 -0 -6 1 5 5 7 17 -9 -3 -8 -5 -5 -0 -1 5 -1 -3 -1 -0 3 1 3 -3 0 1 2 1 2 1 1 3 -0 -0 -2 1 0 1 1 -0 3 -1 2 1 0 0 -0 -1 -0 1 -1 -1 1 0 0 0 ]
Shortest Vector: [-129 -96 288 151 -16 726 62 -290 -230 118 -390 148 -138 -112 -104 290 409 -408 -19 333 -130 180 -151 -183 131 -571 -355 -210 -300 -317 132 -534 105 -146 87 175 -67 172 -20 -180 80 -32 267 -248 284 98 -108 -388 107 -207 -253 212 -466 -131 281 32 152 -430 -165 -376 -183 -240 -97 192 0 -106 ]
Len: 2050.4

Runtime of standard enumeration: 0.049363 s.
Finishing after 2 attemps in 5.7924 s (processed 11 bases).
Working threads: 8
Using NTL types.
Activating EXTREME pruning.
Setting pruning parameter to 0.22.
Setting candidate-queue size to 10240.
Setting parallel-enum threshold to dimension 15.
Disabling usage of Gauss heuristic
Enabling BKZ-auto-height adaption.
Setting bkz-height to 2.
Setting pre-beta to 24.
Setting parallel-BKZ instances to 32.
Setting randomized trials to 9.
Read conf file at penum.conf
Setting prebeta parameter to 1.
Setting pruning parameter to 0.175.
Delta: 0.9999
Beta: 20
Mode: 1
Candidate Height: 10
Target length: 2051
Trying to read: ./inppap/svpc-e1-d66-237.txt
Read a basis of dimension: 66 / 66 with |b_0| = 0.2446750628e199
Starting procedure
Preparing preprocessing of 8 threads.
Thread 0 is BKZ-20 reducing basis
Thread 1 is BKZ-20 reducing basis
Thread 2 is BKZ-20 reducing basis
Thread 7 is BKZ-20 reducing basis
Thread 6 is BKZ-20 reducing basis
Thread 3 is BKZ-20 reducing basis
Thread 5 is BKZ-20 reducing basis
Thread 4 is BKZ-20 reducing basis
|b_0| of BKZ-20 reduced basis of thread 0 is: 2478.649431(0.957064s [0.736376 s / 0.149805s ]).
|b_0| of BKZ-20 reduced basis of thread 5 is: 2468.840416(1.45411s [1.22264 s / 0.14772s ]).
|b_0| of BKZ-20 reduced basis of thread 1 is: 2557.484311(1.47698s [1.22318 s / 0.169055s ]).
|b_0| of BKZ-20 reduced basis of thread 6 is: 2158.999305(1.47212s [1.176 s / 0.207082s ]).
|b_0| of BKZ-20 reduced basis of thread 2 is: 2348.710284(1.49965s [1.26684 s / 0.161158s ]).
|b_0| of BKZ-20 reduced basis of thread 4 is: 2395.158867(1.49121s [1.24868 s / 0.175048s ]).
|b_0| of BKZ-20 reduced basis of thread 3 is: 2388.317818(1.51951s [1.24329 s / 0.185359s ]).
|b_0| of BKZ-20 reduced basis of thread 7 is: 2478.827142(1.62579s [1.35325 s / 0.196718s ]).
Sorting 8 bases.
Time for preprocessing: 1.6552 seconds.
Processing base of thread 6
Executing ENUM with target length 2051
A: 4.2066e+06
Searching candidates in depth 10
Found new minumun (length: 2050)   2    9   10   10   -2  -16   -5   -1  -12    5    3    8   11    9   -1    3    5   -2   -7   -5    0    0   -1    0    2    2   -1    0   -2   -1    0    3   -1    0   -2    2    1   -2    0    1   -2    1   -1    0    1   -1    0   -2    1    0    1    0   -1    0    0    1   -1   -1   -1    0    0    0    0    0   -1    0    0    0 
coefficients: [ 2 9 10 10 -2 -16 -5 -1 -12 5 3 8 11 9 -1 3 5 -2 -7 -5 -0 -0 -1 -0 2 2 -1 -0 -2 -1 -0 3 -1 -0 -2 2 1 -2 -0 1 -2 1 -1 -0 1 -1 -0 -2 1 -0 1 -0 -1 -0 -0 1 -1 -1 -1 -0 -0 -0 -0 -0 -1 0 ]
Shortest Vector: [-129 -96 288 151 -16 726 62 -290 -230 118 -390 148 -138 -112 -104 290 409 -408 -19 333 -130 180 -151 -183 131 -571 -355 -210 -300 -317 132 -534 105 -146 87 175 -67 172 -20 -180 80 -32 267 -248 284 98 -108 -388 107 -207 -253 212 -466 -131 281 32 152 -430 -165 -376 -183 -240 -97 192 0 -106 ]
Len: 2050.4

Runtime of standard enumeration: 0.096271 s.
Finishing after 1 attemps in 1.8311 s (processed 1 bases).
Working threads: 8
Using NTL types.
Activating EXTREME pruning.
Setting pruning parameter to 0.22.
Setting candidate-queue size to 10240.
Setting parallel-enum threshold to dimension 15.
Disabling usage of Gauss heuristic
Enabling BKZ-auto-height adaption.
Setting bkz-height to 2.
Setting pre-beta to 24.
Setting parallel-BKZ instances to 32.
Setting randomized trials to 9.
Read conf file at penum.conf
Setting prebeta parameter to 1.
Setting pruning parameter to 0.175.
Delta: 0.9999
Beta: 20
Mode: 1
Candidate Height: 10
Target length: 2051
Trying to read: ./inppap/svpc-e1-d66-237.txt
Read a basis of dimension: 66 / 66 with |b_0| = 0.2446750628e199
Starting procedure
Preparing preprocessing of 8 threads.
Thread 0 is BKZ-20 reducing basis
Thread 5 is BKZ-20 reducing basis
Thread 1 is BKZ-20 reducing basis
Thread 6 is BKZ-20 reducing basis
Thread 7 is BKZ-20 reducing basis
Thread 2 is BKZ-20 reducing basis
Thread 3 is BKZ-20 reducing basis
Thread 4 is BKZ-20 reducing basis
|b_0| of BKZ-20 reduced basis of thread 0 is: 2478.649431(0.949329s [0.726567 s / 0.149728s ]).
|b_0| of BKZ-20 reduced basis of thread 5 is: 2665.525652(1.40457s [1.24322 s / 0.0942641s ]).
|b_0| of BKZ-20 reduced basis of thread 3 is: 2050.375575(1.42018s [1.21397 s / 0.112357s ]).
|b_0| of BKZ-20 reduced basis of thread 6 is: 2336.825625(1.49965s [1.27978 s / 0.136661s ]).
|b_0| of BKZ-20 reduced basis of thread 2 is: 2499.55376(1.51506s [1.26489 s / 0.169466s ]).
|b_0| of BKZ-20 reduced basis of thread 4 is: 2521.60207(1.52207s [1.29612 s / 0.132702s ]).
|b_0| of BKZ-20 reduced basis of thread 7 is: 2399.958541(1.56822s [1.3039 s / 0.18107s ]).
|b_0| of BKZ-20 reduced basis of thread 1 is: 2265.193369(1.60996s [1.33887 s / 0.18621s ]).
Sorting 8 bases.
Time for preprocessing: 1.6378 seconds.
Processing base of thread 3
Executing ENUM with target length 2051
A: 4.2066e+06
Searching candidates in depth 10
Found new minumun (length: 2050)   1    0    0    0    0    0    0    0    0    0    0    0    0    0    0    0    0    0    0    0    0    0    0    0    0    0    0    0    0    0    0    0    0    0    0    0    0    0    0    0    0    0    0    0    0    0    0    0    0    0    0    0    0    0    0    0    0    0    0    0    0    0    0    0    0    0    0    0 
coefficients: [ 1 0 0 0 0 0 0 0 0 0 0 0 0 0 0 0 0 0 0 0 0 0 0 0 0 0 0 0 0 0 0 0 0 0 0 0 0 0 0 0 0 0 0 0 0 0 0 0 0 0 0 0 0 0 0 0 0 0 0 0 0 0 0 0 0 0 ]
Shortest Vector: [129 96 -288 -151 16 -726 -62 290 230 -118 390 -148 138 112 104 -290 -409 408 19 -333 130 -180 151 183 -131 571 355 210 300 317 -132 534 -105 146 -87 -175 67 -172 20 180 -80 32 -267 248 -284 -98 108 388 -107 207 253 -212 466 131 -281 -32 -152 430 165 376 183 240 97 -192 0 106 ]
Len: 2050.4

Runtime of standard enumeration: 0.042511 s.
Finishing after 1 attemps in 1.7685 s (processed 1 bases).
Working threads: 8
Using NTL types.
Activating EXTREME pruning.
Setting pruning parameter to 0.22.
Setting candidate-queue size to 10240.
Setting parallel-enum threshold to dimension 15.
Disabling usage of Gauss heuristic
Enabling BKZ-auto-height adaption.
Setting bkz-height to 2.
Setting pre-beta to 24.
Setting parallel-BKZ instances to 32.
Setting randomized trials to 9.
Read conf file at penum.conf
Setting prebeta parameter to 1.
Setting pruning parameter to 0.175.
Delta: 0.9999
Beta: 20
Mode: 1
Candidate Height: 10
Target length: 2051
Trying to read: ./inppap/svpc-e1-d66-237.txt
Read a basis of dimension: 66 / 66 with |b_0| = 0.2446750628e199
Starting procedure
Preparing preprocessing of 8 threads.
Thread 0 is BKZ-20 reducing basis
Thread 6 is BKZ-20 reducing basis
Thread 1 is BKZ-20 reducing basis
Thread 4 is BKZ-20 reducing basis
Thread 5 is BKZ-20 reducing basis
Thread 3 is BKZ-20 reducing basis
Thread 2 is BKZ-20 reducing basis
Thread 7 is BKZ-20 reducing basis
|b_0| of BKZ-20 reduced basis of thread 0 is: 2478.649431(0.948876s [0.731857 s / 0.148365s ]).
|b_0| of BKZ-20 reduced basis of thread 7 is: 2299.00435(1.38584s [1.21608 s / 0.0944654s ]).
|b_0| of BKZ-20 reduced basis of thread 5 is: 2338.533729(1.41656s [1.22941 s / 0.10248s ]).
|b_0| of BKZ-20 reduced basis of thread 1 is: 2442.44611(1.44837s [1.16273 s / 0.200975s ]).
|b_0| of BKZ-20 reduced basis of thread 2 is: 2121.931667(1.47796s [1.22073 s / 0.176971s ]).
|b_0| of BKZ-20 reduced basis of thread 3 is: 2488.876654(1.48289s [1.25489 s / 0.146838s ]).
|b_0| of BKZ-20 reduced basis of thread 6 is: 2356.728453(1.54048s [1.25863 s / 0.192817s ]).
|b_0| of BKZ-20 reduced basis of thread 4 is: 2339.057716(1.56738s [1.23012 s / 0.247215s ]).
Sorting 8 bases.
Time for preprocessing: 1.58465 seconds.
Processing base of thread 2
Executing ENUM with target length 2051
A: 4.2066e+06
Searching candidates in depth 10
coefficients: [ 0 0 0 0 0 0 0 0 0 0 0 0 0 0 0 0 0 0 0 0 0 0 0 0 0 0 0 0 0 0 0 0 0 0 0 0 0 0 0 0 0 0 0 0 0 0 0 0 0 0 0 0 0 0 0 0 0 0 0 0 0 0 0 0 0 0 ]
Shortest Vector: [0 0 0 0 0 0 0 0 0 0 0 0 0 0 0 0 0 0 0 0 0 0 0 0 0 0 0 0 0 0 0 0 0 0 0 0 0 0 0 0 0 0 0 0 0 0 0 0 0 0 0 0 0 0 0 0 0 0 0 0 0 0 0 0 0 0 ]
Len: 0

Runtime of standard enumeration: 0.1621 s.
Processing base of thread 7
Executing ENUM with target length 2051
A: 4.2066e+06
Searching candidates in depth 10
coefficients: [ 0 0 0 0 0 0 0 0 0 0 0 0 0 0 0 0 0 0 0 0 0 0 0 0 0 0 0 0 0 0 0 0 0 0 0 0 0 0 0 0 0 0 0 0 0 0 0 0 0 0 0 0 0 0 0 0 0 0 0 0 0 0 0 0 0 0 ]
Shortest Vector: [0 0 0 0 0 0 0 0 0 0 0 0 0 0 0 0 0 0 0 0 0 0 0 0 0 0 0 0 0 0 0 0 0 0 0 0 0 0 0 0 0 0 0 0 0 0 0 0 0 0 0 0 0 0 0 0 0 0 0 0 0 0 0 0 0 0 ]
Len: 0

Runtime of standard enumeration: 0.36173 s.
Processing base of thread 5
Executing ENUM with target length 2051
A: 4.2066e+06
Searching candidates in depth 10
coefficients: [ 0 0 0 0 0 0 0 0 0 0 0 0 0 0 0 0 0 0 0 0 0 0 0 0 0 0 0 0 0 0 0 0 0 0 0 0 0 0 0 0 0 0 0 0 0 0 0 0 0 0 0 0 0 0 0 0 0 0 0 0 0 0 0 0 0 0 ]
Shortest Vector: [0 0 0 0 0 0 0 0 0 0 0 0 0 0 0 0 0 0 0 0 0 0 0 0 0 0 0 0 0 0 0 0 0 0 0 0 0 0 0 0 0 0 0 0 0 0 0 0 0 0 0 0 0 0 0 0 0 0 0 0 0 0 0 0 0 0 ]
Len: 0

Runtime of standard enumeration: 0.22177 s.
Processing base of thread 4
Executing ENUM with target length 2051
A: 4.2066e+06
Searching candidates in depth 10
coefficients: [ 0 0 0 0 0 0 0 0 0 0 0 0 0 0 0 0 0 0 0 0 0 0 0 0 0 0 0 0 0 0 0 0 0 0 0 0 0 0 0 0 0 0 0 0 0 0 0 0 0 0 0 0 0 0 0 0 0 0 0 0 0 0 0 0 0 0 ]
Shortest Vector: [0 0 0 0 0 0 0 0 0 0 0 0 0 0 0 0 0 0 0 0 0 0 0 0 0 0 0 0 0 0 0 0 0 0 0 0 0 0 0 0 0 0 0 0 0 0 0 0 0 0 0 0 0 0 0 0 0 0 0 0 0 0 0 0 0 0 ]
Len: 0

Runtime of standard enumeration: 0.14676 s.
Processing base of thread 6
Executing ENUM with target length 2051
A: 4.2066e+06
Searching candidates in depth 10
coefficients: [ 0 0 0 0 0 0 0 0 0 0 0 0 0 0 0 0 0 0 0 0 0 0 0 0 0 0 0 0 0 0 0 0 0 0 0 0 0 0 0 0 0 0 0 0 0 0 0 0 0 0 0 0 0 0 0 0 0 0 0 0 0 0 0 0 0 0 ]
Shortest Vector: [0 0 0 0 0 0 0 0 0 0 0 0 0 0 0 0 0 0 0 0 0 0 0 0 0 0 0 0 0 0 0 0 0 0 0 0 0 0 0 0 0 0 0 0 0 0 0 0 0 0 0 0 0 0 0 0 0 0 0 0 0 0 0 0 0 0 ]
Len: 0

Runtime of standard enumeration: 0.12673 s.
Processing base of thread 1
Executing ENUM with target length 2051
A: 4.2066e+06
Searching candidates in depth 10
coefficients: [ 0 0 0 0 0 0 0 0 0 0 0 0 0 0 0 0 0 0 0 0 0 0 0 0 0 0 0 0 0 0 0 0 0 0 0 0 0 0 0 0 0 0 0 0 0 0 0 0 0 0 0 0 0 0 0 0 0 0 0 0 0 0 0 0 0 0 ]
Shortest Vector: [0 0 0 0 0 0 0 0 0 0 0 0 0 0 0 0 0 0 0 0 0 0 0 0 0 0 0 0 0 0 0 0 0 0 0 0 0 0 0 0 0 0 0 0 0 0 0 0 0 0 0 0 0 0 0 0 0 0 0 0 0 0 0 0 0 0 ]
Len: 0

Runtime of standard enumeration: 0.16855 s.
Thread 1 is BKZ-20 reducing basis
Thread 4 is BKZ-20 reducing basis
Thread 5 is BKZ-20 reducing basis
Thread Thread 7 is BKZ-620 reducing basis is BKZ-
20 reducing basis
Thread 2 is BKZ-20 reducing basis
Thread 3 is BKZ-20 reducing basis
Thread 0 is BKZ-20 reducing basis
|b_0| of BKZ-20 reduced basis of thread 5 is: 2600.179032(1.4435s [1.2227 s / 0.11902s ]).
|b_0| of BKZ-20 reduced basis of thread 0 is: 2426.685188(1.4448s [1.1584 s / 0.12806s ]).
|b_0| of BKZ-20 reduced basis of thread 4 is: 2362.615923(1.4613s [1.1522 s / 0.21599s ]).
|b_0| of BKZ-20 reduced basis of thread 7 is: 2472.763838(1.4679s [1.2537 s / 0.12328s ]).
|b_0| of BKZ-20 reduced basis of thread 6 is: 2353.881688(1.4941s [1.2322 s / 0.16196s ]).
|b_0| of BKZ-20 reduced basis of thread 2 is: 2476.074918(1.5016s [1.2871 s / 0.12534s ]).
|b_0| of BKZ-20 reduced basis of thread 1 is: 2443.888295(1.5021s [1.211 s / 0.17773s ]).
|b_0| of BKZ-20 reduced basis of thread 3 is: 2534.90986(1.5387s [1.2297 s / 0.19773s ]).
Sorting 8 bases.
Time for preprocessing: 1.5464 seconds.
Processing base of thread 6
Executing ENUM with target length 2051
A: 4.2066e+06
Searching candidates in depth 10
coefficients: [ 0 0 0 0 0 0 0 0 0 0 0 0 0 0 0 0 0 0 0 0 0 0 0 0 0 0 0 0 0 0 0 0 0 0 0 0 0 0 0 0 0 0 0 0 0 0 0 0 0 0 0 0 0 0 0 0 0 0 0 0 0 0 0 0 0 0 ]
Shortest Vector: [0 0 0 0 0 0 0 0 0 0 0 0 0 0 0 0 0 0 0 0 0 0 0 0 0 0 0 0 0 0 0 0 0 0 0 0 0 0 0 0 0 0 0 0 0 0 0 0 0 0 0 0 0 0 0 0 0 0 0 0 0 0 0 0 0 0 ]
Len: 0

Runtime of standard enumeration: 0.18018 s.
Processing base of thread 4
Executing ENUM with target length 2051
A: 4.2066e+06
Searching candidates in depth 10
coefficients: [ 0 0 0 0 0 0 0 0 0 0 0 0 0 0 0 0 0 0 0 0 0 0 0 0 0 0 0 0 0 0 0 0 0 0 0 0 0 0 0 0 0 0 0 0 0 0 0 0 0 0 0 0 0 0 0 0 0 0 0 0 0 0 0 0 0 0 ]
Shortest Vector: [0 0 0 0 0 0 0 0 0 0 0 0 0 0 0 0 0 0 0 0 0 0 0 0 0 0 0 0 0 0 0 0 0 0 0 0 0 0 0 0 0 0 0 0 0 0 0 0 0 0 0 0 0 0 0 0 0 0 0 0 0 0 0 0 0 0 ]
Len: 0

Runtime of standard enumeration: 0.11079 s.
Processing base of thread 0
Executing ENUM with target length 2051
A: 4.2066e+06
Searching candidates in depth 10
coefficients: [ 0 0 0 0 0 0 0 0 0 0 0 0 0 0 0 0 0 0 0 0 0 0 0 0 0 0 0 0 0 0 0 0 0 0 0 0 0 0 0 0 0 0 0 0 0 0 0 0 0 0 0 0 0 0 0 0 0 0 0 0 0 0 0 0 0 0 ]
Shortest Vector: [0 0 0 0 0 0 0 0 0 0 0 0 0 0 0 0 0 0 0 0 0 0 0 0 0 0 0 0 0 0 0 0 0 0 0 0 0 0 0 0 0 0 0 0 0 0 0 0 0 0 0 0 0 0 0 0 0 0 0 0 0 0 0 0 0 0 ]
Len: 0

Runtime of standard enumeration: 0.13861 s.
Processing base of thread 1
Executing ENUM with target length 2051
A: 4.2066e+06
Searching candidates in depth 10
Found new minumun (length: 2050)   2   -2    6   -2    4    8   -2   -3   -4    2   -3   -8   -3   -3   -1    4    1    3    3    0   -1    3    3    1    2    1   -1   -2   -4    0    4    2   -1   -1   -1   -3    0   -1    0   -2    2   -1    0   -2    1   -1   -1    1   -1   -1    0   -1   -1   -1   -1    1    0    0   -1    1    1    1    0    0   -1    1    0    0 
coefficients: [ 2 -2 6 -2 4 8 -2 -3 -4 2 -3 -8 -3 -3 -1 4 1 3 3 -0 -1 3 3 1 2 1 -1 -2 -4 0 4 2 -1 -1 -1 -3 -0 -1 -0 -2 2 -1 -0 -2 1 -1 -1 1 -1 -1 -0 -1 -1 -1 -1 1 0 0 -1 1 1 1 -0 -0 -1 1 ]
Shortest Vector: [129 96 -288 -151 16 -726 -62 290 230 -118 390 -148 138 112 104 -290 -409 408 19 -333 130 -180 151 183 -131 571 355 210 300 317 -132 534 -105 146 -87 -175 67 -172 20 180 -80 32 -267 248 -284 -98 108 388 -107 207 253 -212 466 131 -281 -32 -152 430 165 376 183 240 97 -192 0 106 ]
Len: 2050.4

Runtime of standard enumeration: 0.15599 s.
Finishing after 2 attemps in 5.6383 s (processed 10 bases).
Working threads: 8
Using NTL types.
Activating EXTREME pruning.
Setting pruning parameter to 0.22.
Setting candidate-queue size to 10240.
Setting parallel-enum threshold to dimension 15.
Disabling usage of Gauss heuristic
Enabling BKZ-auto-height adaption.
Setting bkz-height to 2.
Setting pre-beta to 24.
Setting parallel-BKZ instances to 32.
Setting randomized trials to 9.
Read conf file at penum.conf
Setting prebeta parameter to 1.
Setting pruning parameter to 0.175.
Delta: 0.9999
Beta: 20
Mode: 1
Candidate Height: 10
Target length: 2051
Trying to read: ./inppap/svpc-e1-d66-237.txt
Read a basis of dimension: 66 / 66 with |b_0| = 0.2446750628e199
Starting procedure
Preparing preprocessing of 8 threads.
Thread 0 is BKZ-20 reducing basis
Thread 1 is BKZ-20 reducing basis
Thread 7 is BKZ-20 reducing basis
Thread 3 is BKZ-20 reducing basis
Thread 2 is BKZ-20 reducing basis
Thread 4 is BKZ-20 reducing basis
Thread 5 is BKZ-20 reducing basis
Thread 6 is BKZ-20 reducing basis
|b_0| of BKZ-20 reduced basis of thread 0 is: 2478.649431(0.941987s [0.726764 s / 0.149071s ]).
|b_0| of BKZ-20 reduced basis of thread 2 is: 2561.594816(1.43435s [1.20187 s / 0.149009s ]).
|b_0| of BKZ-20 reduced basis of thread 6 is: 2512.054538(1.45999s [1.22891 s / 0.148637s ]).
|b_0| of BKZ-20 reduced basis of thread 7 is: 2295.018301(1.46654s [1.17797 s / 0.208092s ]).
|b_0| of BKZ-20 reduced basis of thread 3 is: 2502.020384(1.51536s [1.23828 s / 0.191013s ]).
|b_0| of BKZ-20 reduced basis of thread 4 is: 2476.434534(1.51489s [1.28065 s / 0.149756s ]).
|b_0| of BKZ-20 reduced basis of thread 1 is: 2350.580567(1.53678s [1.25577 s / 0.200607s ]).
|b_0| of BKZ-20 reduced basis of thread 5 is: 2472.106187(1.6007s [1.29363 s / 0.228474s ]).
Sorting 8 bases.
Time for preprocessing: 1.63147 seconds.
Processing base of thread 7
Executing ENUM with target length 2051
A: 4.2066e+06
Searching candidates in depth 10
Found new minumun (length: 2050)  -3    4   -8    5   -9    1   -3    4    3    1    2    0   -7   -2   -1   -2   -3   -1    1  -10   -8    7    4    4    3    0    3    0   -2   -2    1   -5   -1   -1   -2    2   -1    1   -1   -3   -1   -1   -2   -1    1   -1    0   -1   -1   -1    0    0    1    0    0    1   -1   -1    0    0    0    0    0    1    0    0    0    0 
coefficients: [ -3 4 -8 5 -9 1 -3 4 3 1 2 -0 -7 -2 -1 -2 -3 -1 1 -10 -8 7 4 4 3 -0 3 -0 -2 -2 1 -5 -1 -1 -2 2 -1 1 -1 -3 -1 -1 -2 -1 1 -1 -0 -1 -1 -1 -0 -0 1 -0 -0 1 -1 -1 -0 -0 -0 -0 -0 1 0 0 ]
Shortest Vector: [129 96 -288 -151 16 -726 -62 290 230 -118 390 -148 138 112 104 -290 -409 408 19 -333 130 -180 151 183 -131 571 355 210 300 317 -132 534 -105 146 -87 -175 67 -172 20 180 -80 32 -267 248 -284 -98 108 388 -107 207 253 -212 466 131 -281 -32 -152 430 165 376 183 240 97 -192 0 106 ]
Len: 2050.4

Runtime of standard enumeration: 0.039926 s.
Finishing after 1 attemps in 1.7542 s (processed 1 bases).
Working threads: 8
Using NTL types.
Activating EXTREME pruning.
Setting pruning parameter to 0.22.
Setting candidate-queue size to 10240.
Setting parallel-enum threshold to dimension 15.
Disabling usage of Gauss heuristic
Enabling BKZ-auto-height adaption.
Setting bkz-height to 2.
Setting pre-beta to 24.
Setting parallel-BKZ instances to 32.
Setting randomized trials to 9.
Read conf file at penum.conf
Setting prebeta parameter to 1.
Setting pruning parameter to 0.175.
Delta: 0.9999
Beta: 20
Mode: 1
Candidate Height: 10
Target length: 2051
Trying to read: ./inppap/svpc-e1-d66-237.txt
Read a basis of dimension: 66 / 66 with |b_0| = 0.2446750628e199
Starting procedure
Preparing preprocessing of 8 threads.
Thread 0 is BKZ-20 reducing basis
Thread 7 is BKZ-20 reducing basis
Thread 3 is BKZ-20 reducing basis
Thread 4 is BKZ-20 reducing basis
Thread 6 is BKZ-20 reducing basis
Thread 5 is BKZ-20 reducing basis
Thread 2 is BKZ-20 reducing basis
Thread 1 is BKZ-20 reducing basis
|b_0| of BKZ-20 reduced basis of thread 0 is: 2478.649431(0.958302s [0.741823 s / 0.149728s ]).
|b_0| of BKZ-20 reduced basis of thread 6 is: 2262.868534(1.464s [1.26771 s / 0.112369s ]).
|b_0| of BKZ-20 reduced basis of thread 5 is: 2485.055331(1.52963s [1.30625 s / 0.142539s ]).
|b_0| of BKZ-20 reduced basis of thread 1 is: 2494.618809(1.52105s [1.30005 s / 0.13673s ]).
|b_0| of BKZ-20 reduced basis of thread 4 is: 2449.950612(1.53984s [1.28378 s / 0.167909s ]).
|b_0| of BKZ-20 reduced basis of thread 3 is: 2278.633801(1.55403s [1.29267 s / 0.176202s ]).
|b_0| of BKZ-20 reduced basis of thread 7 is: 2466.230119(1.58287s [1.27342 s / 0.223024s ]).
|b_0| of BKZ-20 reduced basis of thread 2 is: 2260.663398(1.57682s [1.24219 s / 0.246007s ]).
Sorting 8 bases.
Time for preprocessing: 1.61708 seconds.
Processing base of thread 2
Executing ENUM with target length 2051
A: 4.2066e+06
Searching candidates in depth 10
coefficients: [ 0 0 0 0 0 0 0 0 0 0 0 0 0 0 0 0 0 0 0 0 0 0 0 0 0 0 0 0 0 0 0 0 0 0 0 0 0 0 0 0 0 0 0 0 0 0 0 0 0 0 0 0 0 0 0 0 0 0 0 0 0 0 0 0 0 0 ]
Shortest Vector: [0 0 0 0 0 0 0 0 0 0 0 0 0 0 0 0 0 0 0 0 0 0 0 0 0 0 0 0 0 0 0 0 0 0 0 0 0 0 0 0 0 0 0 0 0 0 0 0 0 0 0 0 0 0 0 0 0 0 0 0 0 0 0 0 0 0 ]
Len: 0

Runtime of standard enumeration: 0.10488 s.
Processing base of thread 6
Executing ENUM with target length 2051
A: 4.2066e+06
Searching candidates in depth 10
Found new minumun (length: 2050)   2    5   -8   -9   -3    5   -7   -1    0   -1   -6    3    0   -1    4    4    2   -3   -3   -2   -1    5   -2    3   -2    1    3   -1    4    2   -1    0   -2    3    1   -1   -1   -3    2    2    0    2    1   -1    0    1    1    0    0    0    0   -1   -1    1    0    0    1    0   -1    0    0    0    0    0    0    0    0    0 
coefficients: [ 2 5 -8 -9 -3 5 -7 -1 -0 -1 -6 3 -0 -1 4 4 2 -3 -3 -2 -1 5 -2 3 -2 1 3 -1 4 2 -1 -0 -2 3 1 -1 -1 -3 2 2 -0 2 1 -1 -0 1 1 -0 -0 -0 -0 -1 -1 1 0 0 1 -0 -1 0 0 0 0 0 0 0 ]
Shortest Vector: [-129 -96 288 151 -16 726 62 -290 -230 118 -390 148 -138 -112 -104 290 409 -408 -19 333 -130 180 -151 -183 131 -571 -355 -210 -300 -317 132 -534 105 -146 87 175 -67 172 -20 -180 80 -32 267 -248 284 98 -108 -388 107 -207 -253 212 -466 -131 281 32 152 -430 -165 -376 -183 -240 -97 192 0 -106 ]
Len: 2050.4

Runtime of standard enumeration: 0.032784 s.
Finishing after 1 attemps in 1.9084 s (processed 2 bases).
Working threads: 8
Using NTL types.
Activating EXTREME pruning.
Setting pruning parameter to 0.22.
Setting candidate-queue size to 10240.
Setting parallel-enum threshold to dimension 15.
Disabling usage of Gauss heuristic
Enabling BKZ-auto-height adaption.
Setting bkz-height to 2.
Setting pre-beta to 24.
Setting parallel-BKZ instances to 32.
Setting randomized trials to 9.
Read conf file at penum.conf
Setting prebeta parameter to 1.
Setting pruning parameter to 0.175.
Delta: 0.9999
Beta: 20
Mode: 1
Candidate Height: 10
Target length: 2051
Trying to read: ./inppap/svpc-e1-d66-237.txt
Read a basis of dimension: 66 / 66 with |b_0| = 0.2446750628e199
Starting procedure
Preparing preprocessing of 8 threads.
Thread 0 is BKZ-20 reducing basis
Thread 7 is BKZ-20 reducing basis
Thread 1 is BKZ-20 reducing basis
Thread 2 is BKZ-20 reducing basis
Thread 5 is BKZ-20 reducing basis
Thread 3 is BKZ-20 reducing basis
Thread 4 is BKZ-20 reducing basis
Thread 6 is BKZ-20 reducing basis
|b_0| of BKZ-20 reduced basis of thread 0 is: 2478.649431(0.954542s [0.738156 s / 0.148577s ]).
|b_0| of BKZ-20 reduced basis of thread 7 is: 2607.53907(1.44158s [1.16835 s / 0.184074s ]).
|b_0| of BKZ-20 reduced basis of thread 2 is: 2494.644063(1.45864s [1.18163 s / 0.191719s ]).
|b_0| of BKZ-20 reduced basis of thread 3 is: 2402.446045(1.52327s [1.23198 s / 0.215353s ]).
|b_0| of BKZ-20 reduced basis of thread 5 is: 2412.258693(1.54976s [1.29409 s / 0.171928s ]).
|b_0| of BKZ-20 reduced basis of thread 6 is: 2352.344575(1.54673s [1.29051 s / 0.183545s ]).
|b_0| of BKZ-20 reduced basis of thread 1 is: 2434.070665(1.5948s [1.33693 s / 0.168838s ]).
|b_0| of BKZ-20 reduced basis of thread 4 is: 2279.843196(1.61308s [1.28699 s / 0.253725s ]).
Sorting 8 bases.
Time for preprocessing: 1.6715 seconds.
Processing base of thread 4
Executing ENUM with target length 2051
A: 4.2066e+06
Searching candidates in depth 10
Found new minumun (length: 2050)  -8  -16   30  -24   24    2  -41   21   12  -22   19   -5   -8    5  -20   12  -14    3    6    0   -5  -10    3    5    4    1   -1    2    1    2    2   -1    0    1   -4   -2   -2    3    4    0    1   -2   -1   -2    0    0    1    0    0   -1    1    1    0    2   -1    1    0    0    0    1    0   -1    0    0    0    0    0    0 
coefficients: [ -8 -16 30 -24 24 2 -41 21 12 -22 19 -5 -8 5 -20 12 -14 3 6 -0 -5 -10 3 5 4 1 -1 2 1 2 2 -1 -0 1 -4 -2 -2 3 4 -0 1 -2 -1 -2 -0 -0 1 -0 -0 -1 1 1 -0 2 -1 1 -0 -0 -0 1 -0 -1 0 0 0 0 ]
Shortest Vector: [129 96 -288 -151 16 -726 -62 290 230 -118 390 -148 138 112 104 -290 -409 408 19 -333 130 -180 151 183 -131 571 355 210 300 317 -132 534 -105 146 -87 -175 67 -172 20 180 -80 32 -267 248 -284 -98 108 388 -107 207 253 -212 466 131 -281 -32 -152 430 165 376 183 240 97 -192 0 106 ]
Len: 2050.4

Runtime of standard enumeration: 0.035695 s.
Finishing after 1 attemps in 1.7939 s (processed 1 bases).
Working threads: 8
Using NTL types.
Activating EXTREME pruning.
Setting pruning parameter to 0.22.
Setting candidate-queue size to 10240.
Setting parallel-enum threshold to dimension 15.
Disabling usage of Gauss heuristic
Enabling BKZ-auto-height adaption.
Setting bkz-height to 2.
Setting pre-beta to 24.
Setting parallel-BKZ instances to 32.
Setting randomized trials to 9.
Read conf file at penum.conf
Setting prebeta parameter to 1.
Setting pruning parameter to 0.175.
Delta: 0.9999
Beta: 20
Mode: 1
Candidate Height: 10
Target length: 2051
Trying to read: ./inppap/svpc-e1-d66-237.txt
Read a basis of dimension: 66 / 66 with |b_0| = 0.2446750628e199
Starting procedure
Preparing preprocessing of 8 threads.
Thread 0 is BKZ-20 reducing basis
Thread 5 is BKZ-20 reducing basis
Thread 6 is BKZ-20 reducing basis
Thread 7 is BKZ-20 reducing basis
Thread 1 is BKZ-20 reducing basis
Thread 3 is BKZ-20 reducing basis
Thread 2 is BKZ-20 reducing basis
Thread 4 is BKZ-20 reducing basis
|b_0| of BKZ-20 reduced basis of thread 0 is: 2478.649431(0.978646s [0.760957 s / 0.150612s ]).
|b_0| of BKZ-20 reduced basis of thread 5 is: 2567.925622(1.45152s [1.22691 s / 0.146692s ]).
|b_0| of BKZ-20 reduced basis of thread 3 is: 2632.100682(1.46599s [1.26285 s / 0.12227s ]).
|b_0| of BKZ-20 reduced basis of thread 4 is: 2420.864722(1.49768s [1.24267 s / 0.186126s ]).
|b_0| of BKZ-20 reduced basis of thread 1 is: 2337.082583(1.51647s [1.24769 s / 0.191841s ]).
|b_0| of BKZ-20 reduced basis of thread 2 is: 2496.240373(1.53392s [1.27902 s / 0.183734s ]).
|b_0| of BKZ-20 reduced basis of thread 7 is: 2405.177956(1.58319s [1.32979 s / 0.171595s ]).
|b_0| of BKZ-20 reduced basis of thread 6 is: 2286.23752(1.59519s [1.23026 s / 0.284341s ]).
Sorting 8 bases.
Time for preprocessing: 1.6233 seconds.
Processing base of thread 6
Executing ENUM with target length 2051
A: 4.2066e+06
Searching candidates in depth 10
coefficients: [ 0 0 0 0 0 0 0 0 0 0 0 0 0 0 0 0 0 0 0 0 0 0 0 0 0 0 0 0 0 0 0 0 0 0 0 0 0 0 0 0 0 0 0 0 0 0 0 0 0 0 0 0 0 0 0 0 0 0 0 0 0 0 0 0 0 0 ]
Shortest Vector: [0 0 0 0 0 0 0 0 0 0 0 0 0 0 0 0 0 0 0 0 0 0 0 0 0 0 0 0 0 0 0 0 0 0 0 0 0 0 0 0 0 0 0 0 0 0 0 0 0 0 0 0 0 0 0 0 0 0 0 0 0 0 0 0 0 0 ]
Len: 0

Runtime of standard enumeration: 0.10919 s.
Processing base of thread 1
Executing ENUM with target length 2051
A: 4.2066e+06
Searching candidates in depth 10
coefficients: [ 0 0 0 0 0 0 0 0 0 0 0 0 0 0 0 0 0 0 0 0 0 0 0 0 0 0 0 0 0 0 0 0 0 0 0 0 0 0 0 0 0 0 0 0 0 0 0 0 0 0 0 0 0 0 0 0 0 0 0 0 0 0 0 0 0 0 ]
Shortest Vector: [0 0 0 0 0 0 0 0 0 0 0 0 0 0 0 0 0 0 0 0 0 0 0 0 0 0 0 0 0 0 0 0 0 0 0 0 0 0 0 0 0 0 0 0 0 0 0 0 0 0 0 0 0 0 0 0 0 0 0 0 0 0 0 0 0 0 ]
Len: 0

Runtime of standard enumeration: 0.17118 s.
Processing base of thread 7
Executing ENUM with target length 2051
A: 4.2066e+06
Searching candidates in depth 10
coefficients: [ 0 0 0 0 0 0 0 0 0 0 0 0 0 0 0 0 0 0 0 0 0 0 0 0 0 0 0 0 0 0 0 0 0 0 0 0 0 0 0 0 0 0 0 0 0 0 0 0 0 0 0 0 0 0 0 0 0 0 0 0 0 0 0 0 0 0 ]
Shortest Vector: [0 0 0 0 0 0 0 0 0 0 0 0 0 0 0 0 0 0 0 0 0 0 0 0 0 0 0 0 0 0 0 0 0 0 0 0 0 0 0 0 0 0 0 0 0 0 0 0 0 0 0 0 0 0 0 0 0 0 0 0 0 0 0 0 0 0 ]
Len: 0

Runtime of standard enumeration: 0.16292 s.
Processing base of thread 4
Executing ENUM with target length 2051
A: 4.2066e+06
Searching candidates in depth 10
coefficients: [ 0 0 0 0 0 0 0 0 0 0 0 0 0 0 0 0 0 0 0 0 0 0 0 0 0 0 0 0 0 0 0 0 0 0 0 0 0 0 0 0 0 0 0 0 0 0 0 0 0 0 0 0 0 0 0 0 0 0 0 0 0 0 0 0 0 0 ]
Shortest Vector: [0 0 0 0 0 0 0 0 0 0 0 0 0 0 0 0 0 0 0 0 0 0 0 0 0 0 0 0 0 0 0 0 0 0 0 0 0 0 0 0 0 0 0 0 0 0 0 0 0 0 0 0 0 0 0 0 0 0 0 0 0 0 0 0 0 0 ]
Len: 0

Runtime of standard enumeration: 0.14196 s.
Processing base of thread 0
Executing ENUM with target length 2051
A: 4.2066e+06
Searching candidates in depth 10
coefficients: [ 0 0 0 0 0 0 0 0 0 0 0 0 0 0 0 0 0 0 0 0 0 0 0 0 0 0 0 0 0 0 0 0 0 0 0 0 0 0 0 0 0 0 0 0 0 0 0 0 0 0 0 0 0 0 0 0 0 0 0 0 0 0 0 0 0 0 ]
Shortest Vector: [0 0 0 0 0 0 0 0 0 0 0 0 0 0 0 0 0 0 0 0 0 0 0 0 0 0 0 0 0 0 0 0 0 0 0 0 0 0 0 0 0 0 0 0 0 0 0 0 0 0 0 0 0 0 0 0 0 0 0 0 0 0 0 0 0 0 ]
Len: 0

Runtime of standard enumeration: 0.19575 s.
Processing base of thread 2
Executing ENUM with target length 2051
A: 4.2066e+06
Searching candidates in depth 10
coefficients: [ 0 0 0 0 0 0 0 0 0 0 0 0 0 0 0 0 0 0 0 0 0 0 0 0 0 0 0 0 0 0 0 0 0 0 0 0 0 0 0 0 0 0 0 0 0 0 0 0 0 0 0 0 0 0 0 0 0 0 0 0 0 0 0 0 0 0 ]
Shortest Vector: [0 0 0 0 0 0 0 0 0 0 0 0 0 0 0 0 0 0 0 0 0 0 0 0 0 0 0 0 0 0 0 0 0 0 0 0 0 0 0 0 0 0 0 0 0 0 0 0 0 0 0 0 0 0 0 0 0 0 0 0 0 0 0 0 0 0 ]
Len: 0

Runtime of standard enumeration: 0.11932 s.
Thread 6 is BKZ-20 reducing basis
Thread 3 is BKZ-20 reducing basis
Thread 4 is BKZ-20 reducing basis
Thread 7 is BKZ-20 reducing basis
Thread 5 is BKZ-20 reducing basis
Thread 2 is BKZ-20 reducing basis
Thread 1 is BKZ-20 reducing basis
Thread 0 is BKZ-20 reducing basis
|b_0| of BKZ-20 reduced basis of thread 2 is: 2579.631563(1.4294s [1.1873 s / 0.15918s ]).
|b_0| of BKZ-20 reduced basis of thread 6 is: 2605.282134(1.4966s [1.2726 s / 0.12647s ]).
|b_0| of BKZ-20 reduced basis of thread 1 is: 2527.702119(1.5051s [1.2282 s / 0.17679s ]).
|b_0| of BKZ-20 reduced basis of thread 4 is: 2569.947276(1.5213s [1.296 s / 0.13024s ]).
|b_0| of BKZ-20 reduced basis of thread 5 is: 2400.700523(1.5305s [1.2412 s / 0.19201s ]).
|b_0| of BKZ-20 reduced basis of thread 7 is: 2307.956672(1.5409s [1.26 s / 0.1853s ]).
|b_0| of BKZ-20 reduced basis of thread 3 is: 2378.391053(1.5477s [1.2705 s / 0.17823s ]).
|b_0| of BKZ-20 reduced basis of thread 0 is: 2486.473205(1.6487s [1.2691 s / 0.23708s ]).
Sorting 8 bases.
Time for preprocessing: 1.6568 seconds.
Processing base of thread 7
Executing ENUM with target length 2051
A: 4.2066e+06
Searching candidates in depth 10
coefficients: [ 0 0 0 0 0 0 0 0 0 0 0 0 0 0 0 0 0 0 0 0 0 0 0 0 0 0 0 0 0 0 0 0 0 0 0 0 0 0 0 0 0 0 0 0 0 0 0 0 0 0 0 0 0 0 0 0 0 0 0 0 0 0 0 0 0 0 ]
Shortest Vector: [0 0 0 0 0 0 0 0 0 0 0 0 0 0 0 0 0 0 0 0 0 0 0 0 0 0 0 0 0 0 0 0 0 0 0 0 0 0 0 0 0 0 0 0 0 0 0 0 0 0 0 0 0 0 0 0 0 0 0 0 0 0 0 0 0 0 ]
Len: 0

Runtime of standard enumeration: 0.15082 s.
Processing base of thread 3
Executing ENUM with target length 2051
A: 4.2066e+06
Searching candidates in depth 10
Found new minumun (length: 2050)   5    2    2   -4   -6   -2    1   -3  -10    6    7  -12    9   -2   -7    3   -5    3    2    3   -4    0    2    5    5    1    0    4   -1   -2    0    2   -1    1   -3    1    1   -2   -1    1    2   -1   -2    1   -2    0    1   -2    1    1   -1    1    0    0    0    1    1   -1    0    0    0    0    0    0    0    0    0    0 
coefficients: [ 5 2 2 -4 -6 -2 1 -3 -10 6 7 -12 9 -2 -7 3 -5 3 2 3 -4 -0 2 5 5 1 -0 4 -1 -2 -0 2 -1 1 -3 1 1 -2 -1 1 2 -1 -2 1 -2 -0 1 -2 1 1 -1 1 -0 -0 -0 1 1 -1 0 0 0 0 0 0 0 0 ]
Shortest Vector: [-129 -96 288 151 -16 726 62 -290 -230 118 -390 148 -138 -112 -104 290 409 -408 -19 333 -130 180 -151 -183 131 -571 -355 -210 -300 -317 132 -534 105 -146 87 175 -67 172 -20 -180 80 -32 267 -248 284 98 -108 -388 107 -207 -253 212 -466 -131 281 32 152 -430 -165 -376 -183 -240 -97 192 0 -106 ]
Len: 2050.4

Runtime of standard enumeration: 0.031281 s.
Finishing after 2 attemps in 4.9464 s (processed 8 bases).
Working threads: 8
Using NTL types.
Activating EXTREME pruning.
Setting pruning parameter to 0.22.
Setting candidate-queue size to 10240.
Setting parallel-enum threshold to dimension 15.
Disabling usage of Gauss heuristic
Enabling BKZ-auto-height adaption.
Setting bkz-height to 2.
Setting pre-beta to 24.
Setting parallel-BKZ instances to 32.
Setting randomized trials to 9.
Read conf file at penum.conf
Setting prebeta parameter to 1.
Setting pruning parameter to 0.175.
Delta: 0.9999
Beta: 20
Mode: 1
Candidate Height: 10
Target length: 2051
Trying to read: ./inppap/svpc-e1-d66-237.txt
Read a basis of dimension: 66 / 66 with |b_0| = 0.2446750628e199
Starting procedure
Preparing preprocessing of 8 threads.
Thread 0 is BKZ-20 reducing basis
Thread 3 is BKZ-20 reducing basis
Thread 7 is BKZ-20 reducing basis
Thread 6 is BKZ-20 reducing basis
Thread 1 is BKZ-20 reducing basis
Thread 4 is BKZ-20 reducing basis
Thread 2 is BKZ-20 reducing basis
Thread 5 is BKZ-20 reducing basis
|b_0| of BKZ-20 reduced basis of thread 0 is: 2478.649431(0.964554s [0.747152 s / 0.14955s ]).
|b_0| of BKZ-20 reduced basis of thread 2 is: 2297.904263(1.44712s [1.24841 s / 0.12059s ]).
|b_0| of BKZ-20 reduced basis of thread 5 is: 2451.111585(1.45016s [1.25172 s / 0.119117s ]).
|b_0| of BKZ-20 reduced basis of thread 7 is: 2451.547878(1.47559s [1.25944 s / 0.129803s ]).
|b_0| of BKZ-20 reduced basis of thread 6 is: 2453.941116(1.52851s [1.25621 s / 0.190032s ]).
|b_0| of BKZ-20 reduced basis of thread 4 is: 2436.241367(1.52143s [1.29042 s / 0.153927s ]).
|b_0| of BKZ-20 reduced basis of thread 1 is: 2050.375575(1.52707s [1.22427 s / 0.222672s ]).
|b_0| of BKZ-20 reduced basis of thread 3 is: 2367.311978(1.5537s [1.28869 s / 0.182792s ]).
Sorting 8 bases.
Time for preprocessing: 1.58249 seconds.
Processing base of thread 1
Executing ENUM with target length 2051
A: 4.2066e+06
Searching candidates in depth 10
Found new minumun (length: 2050)   1    0    0    0    0    0    0    0    0    0    0    0    0    0    0    0    0    0    0    0    0    0    0    0    0    0    0    0    0    0    0    0    0    0    0    0    0    0    0    0    0    0    0    0    0    0    0    0    0    0    0    0    0    0    0    0    0    0    0    0    0    0    0    0    0    0    0    0 
coefficients: [ 1 0 0 0 0 0 0 0 0 0 0 0 0 0 0 0 0 0 0 0 0 0 0 0 0 0 0 0 0 0 0 0 0 0 0 0 0 0 0 0 0 0 0 0 0 0 0 0 0 0 0 0 0 0 0 0 0 0 0 0 0 0 0 0 0 0 ]
Shortest Vector: [-129 -96 288 151 -16 726 62 -290 -230 118 -390 148 -138 -112 -104 290 409 -408 -19 333 -130 180 -151 -183 131 -571 -355 -210 -300 -317 132 -534 105 -146 87 175 -67 172 -20 -180 80 -32 267 -248 284 98 -108 -388 107 -207 -253 212 -466 -131 281 32 152 -430 -165 -376 -183 -240 -97 192 0 -106 ]
Len: 2050.4

Runtime of standard enumeration: 0.04317 s.
Finishing after 1 attemps in 1.7029 s (processed 1 bases).
Working threads: 8
Using NTL types.
Activating EXTREME pruning.
Setting pruning parameter to 0.22.
Setting candidate-queue size to 10240.
Setting parallel-enum threshold to dimension 15.
Disabling usage of Gauss heuristic
Enabling BKZ-auto-height adaption.
Setting bkz-height to 2.
Setting pre-beta to 24.
Setting parallel-BKZ instances to 32.
Setting randomized trials to 9.
Read conf file at penum.conf
Setting prebeta parameter to 1.
Setting pruning parameter to 0.175.
Delta: 0.9999
Beta: 20
Mode: 1
Candidate Height: 2
Target length: -1
Trying to read: ./inppap/svpc-e1-d66-237.txt
Read a basis of dimension: 66 / 66 with |b_0| = 0.2446750628e199
Starting procedure
NewNew Gauss is: 2178.61
Preparing preprocessing of 8 threads.
Thread 0 is BKZ-20 reducing basis
Thread 6 is BKZ-20 reducing basis
Thread 2 is BKZ-20 reducing basis
Thread 7 is BKZ-20 reducing basis
Thread 5 is BKZ-20 reducing basis
Thread 1 is BKZ-20 reducing basis
Thread 4 is BKZ-20 reducing basis
Thread 3 is BKZ-20 reducing basis
|b_0| of BKZ-20 reduced basis of thread 0 is: 2478.649431(0.937572s [0.726678 s / 0.149615s ]).
|b_0| of BKZ-20 reduced basis of thread 1 is: 2452.159456(1.41024s [1.18387 s / 0.15838s ]).
|b_0| of BKZ-20 reduced basis of thread 7 is: 2563.393259(1.48326s [1.31278 s / 0.08758s ]).
|b_0| of BKZ-20 reduced basis of thread 5 is: 2579.130861(1.47721s [1.23324 s / 0.169395s ]).
|b_0| of BKZ-20 reduced basis of thread 6 is: 2430.104319(1.49273s [1.21423 s / 0.195211s ]).
|b_0| of BKZ-20 reduced basis of thread 3 is: 2501.741394(1.47881s [1.27199 s / 0.12582s ]).
|b_0| of BKZ-20 reduced basis of thread 2 is: 2484.640014(1.51584s [1.32069 s / 0.113945s ]).
|b_0| of BKZ-20 reduced basis of thread 4 is: 2165.900275(1.61226s [1.28563 s / 0.243295s ]).
Sorting 8 bases.
Time for preprocessing: 1.66625 seconds.
Processing base of thread 4
Executing ENUM with target length 2178.6
A: 4.7463e+06
Searching candidates in depth 15
Found new minumun (length: 2175)   2    2   -2   -3   -3    0   -5   -4   -1    2    1   -3    0    0   -1    1    1   -1    1   -2    2    1   -1   -1   -1    0   -1   -1    1    0    2    0    0    0    0    0   -1   -1   -2   -1    0    0    2    0    1   -1    0    0    0    1    1    0   -1    0    0    0    1    0    0    0    0    0    0    0    0    0    0    0 
Found new minumun (length: 2165)   1    0    0    0    0    0    0    0    0    0    0    0    0    0    0    0    0    0    0    0    0    0    0    0    0    0    0    0    0    0    0    0    0    0    0    0    0    0    0    0    0    0    0    0    0    0    0    0    0    0    0    0    0    0    0    0    0    0    0    0    0    0    0    0    0    0    0    0 
coefficients: [ 1 0 0 0 0 0 0 0 0 0 0 0 0 0 0 0 0 0 0 0 0 0 0 0 0 0 0 0 0 0 0 0 0 0 0 0 0 0 0 0 0 0 0 0 0 0 0 0 0 0 0 0 0 0 0 0 0 0 0 0 0 0 0 0 0 0 ]
Shortest Vector: [418 411 51 -137 261 -145 554 -128 -340 273 111 -131 244 -45 -38 -89 42 135 359 184 -31 -367 28 298 10 89 -413 114 89 -434 -203 74 -611 -85 -47 100 100 -161 102 -44 -286 162 438 216 42 165 584 -174 -283 376 110 -119 16 25 460 348 27 592 -313 -139 -415 346 413 -150 237 -42 ]
Len: 2165.9

Runtime of standard enumeration: 0.037373 s.
Processing base of thread 6
Executing ENUM with target length 2165.9
A: 4.6911e+06
Searching candidates in depth 15
Found new minumun (length: 2121)  -2   -4    0   -6   -2   -4   -1   -2    6    3   -6    1    2   -3    1    3    3    1   -1    2   -3   -2   -2    2    2   -1    1    0    2   -1    1    1    1    1   -1    1    1    0    1    0   -1    0    0    0   -1   -1    1    1    1    1    0    0    0    0   -1   -1    1    0    1    0    0    0    0    0    0    0    0    0 
coefficients: [ -2 -4 -0 -6 -2 -4 -1 -2 6 3 -6 1 2 -3 1 3 3 1 -1 2 -3 -2 -2 2 2 -1 1 -0 2 -1 1 1 1 1 -1 1 1 0 1 -0 -1 -0 -0 -0 -1 -1 1 1 1 1 0 -0 -0 0 -1 -1 1 -0 1 0 0 0 0 0 0 0 ]
Shortest Vector: [-267 184 727 -47 -302 64 -237 -63 -288 -188 -263 39 -106 115 -322 -240 -82 244 83 -274 120 162 -1 288 109 385 -200 -142 -102 541 -22 288 -122 -265 77 -495 179 -60 -196 554 465 317 -277 334 -60 -31 38 -41 -93 -90 -111 61 -83 -77 -320 -468 -10 -186 92 159 -421 733 108 -252 -54 -12 ]
Len: 2121.9

Runtime of standard enumeration: 0.068442 s.
Processing base of thread 1
Executing ENUM with target length 2121.9
A: 4.5026e+06
Searching candidates in depth 15
Found new minumun (length: 2050) -30   -2   24   31    2  -14   11    5    5   -2   12    2    3   -7    5    3    2    3   -5   -3   -1    2   -2    8    2    0   -6    1    3   -1   -4   -3    2   -2    1   -2    0   -1    2   -1   -1   -2   -1   -1   -1    0    1    1    2    0    1    0   -2    1    1    0    0    0    0   -1    0    0    0    0    0    0    0    0 
coefficients: [ -30 -2 24 31 2 -14 11 5 5 -2 12 2 3 -7 5 3 2 3 -5 -3 -1 2 -2 8 2 -0 -6 1 3 -1 -4 -3 2 -2 1 -2 -0 -1 2 -1 -1 -2 -1 -1 -1 -0 1 1 2 0 1 -0 -2 1 1 -0 -0 -0 -0 -1 0 0 0 0 0 0 ]
Shortest Vector: [-129 -96 288 151 -16 726 62 -290 -230 118 -390 148 -138 -112 -104 290 409 -408 -19 333 -130 180 -151 -183 131 -571 -355 -210 -300 -317 132 -534 105 -146 87 175 -67 172 -20 -180 80 -32 267 -248 284 98 -108 -388 107 -207 -253 212 -466 -131 281 32 152 -430 -165 -376 -183 -240 -97 192 0 -106 ]
Len: 2050.4

Runtime of standard enumeration: 0.055875 s.
Finishing iterative search after 1 attemps in 2.0857 s (processed 3 bases).
