Working threads: 8
Using NTL types.
Activating EXTREME pruning.
Setting pruning parameter to 0.22.
Setting candidate-queue size to 10240.
Setting parallel-enum threshold to dimension 15.
Disabling usage of Gauss heuristic
Enabling BKZ-auto-height adaption.
Setting bkz-height to 2.
Setting pre-beta to 24.
Setting parallel-BKZ instances to 32.
Setting randomized trials to 9.
Read conf file at penum.conf
Setting prebeta parameter to 1.
Setting pruning parameter to 0.175.
Delta: 0.9999
Beta: 20
Mode: 1
Candidate Height: 10
Target length: 2109
Trying to read: ./inppap/svpc-e1-d66-6880.txt
Read a basis of dimension: 66 / 66 with |b_0| = 0.4614636924e199
Starting procedure
Preparing preprocessing of 8 threads.
Thread 0 is BKZ-20 reducing basis
Thread 5 is BKZ-20 reducing basis
Thread 1 is BKZ-20 reducing basis
Thread 3 is BKZ-20 reducing basis
Thread 6 is BKZ-20 reducing basis
Thread 2 is BKZ-20 reducing basis
Thread 4 is BKZ-20 reducing basis
Thread 7 is BKZ-20 reducing basis
|b_0| of BKZ-20 reduced basis of thread 0 is: 2503.824275(1.04833s [0.751066 s / 0.227192s ]).
|b_0| of BKZ-20 reduced basis of thread 1 is: 2526.63828(1.45705s [1.24525 s / 0.126471s ]).
|b_0| of BKZ-20 reduced basis of thread 4 is: 2417.487125(1.45792s [1.25519 s / 0.12711s ]).
|b_0| of BKZ-20 reduced basis of thread 5 is: 2411.46864(1.49059s [1.20684 s / 0.206215s ]).
|b_0| of BKZ-20 reduced basis of thread 3 is: 2242.625693(1.50757s [1.243 s / 0.177543s ]).
|b_0| of BKZ-20 reduced basis of thread 6 is: 2200.373605(1.50964s [1.24493 s / 0.176612s ]).
|b_0| of BKZ-20 reduced basis of thread 2 is: 2404.814962(1.55401s [1.25632 s / 0.211991s ]).
|b_0| of BKZ-20 reduced basis of thread 7 is: 2560.056835(1.54488s [1.2438 s / 0.221503s ]).
Sorting 8 bases.
Time for preprocessing: 1.58655 seconds.
Processing base of thread 6
Executing ENUM with target length 2109
A: 4.4479e+06
Searching candidates in depth 10
coefficients: [ 0 0 0 0 0 0 0 0 0 0 0 0 0 0 0 0 0 0 0 0 0 0 0 0 0 0 0 0 0 0 0 0 0 0 0 0 0 0 0 0 0 0 0 0 0 0 0 0 0 0 0 0 0 0 0 0 0 0 0 0 0 0 0 0 0 0 ]
Shortest Vector: [0 0 0 0 0 0 0 0 0 0 0 0 0 0 0 0 0 0 0 0 0 0 0 0 0 0 0 0 0 0 0 0 0 0 0 0 0 0 0 0 0 0 0 0 0 0 0 0 0 0 0 0 0 0 0 0 0 0 0 0 0 0 0 0 0 0 ]
Len: 0

Runtime of standard enumeration: 0.24755 s.
Processing base of thread 3
Executing ENUM with target length 2109
A: 4.4479e+06
Searching candidates in depth 10
coefficients: [ 0 0 0 0 0 0 0 0 0 0 0 0 0 0 0 0 0 0 0 0 0 0 0 0 0 0 0 0 0 0 0 0 0 0 0 0 0 0 0 0 0 0 0 0 0 0 0 0 0 0 0 0 0 0 0 0 0 0 0 0 0 0 0 0 0 0 ]
Shortest Vector: [0 0 0 0 0 0 0 0 0 0 0 0 0 0 0 0 0 0 0 0 0 0 0 0 0 0 0 0 0 0 0 0 0 0 0 0 0 0 0 0 0 0 0 0 0 0 0 0 0 0 0 0 0 0 0 0 0 0 0 0 0 0 0 0 0 0 ]
Len: 0

Runtime of standard enumeration: 0.22076 s.
Processing base of thread 2
Executing ENUM with target length 2109
A: 4.4479e+06
Searching candidates in depth 10
coefficients: [ 0 0 0 0 0 0 0 0 0 0 0 0 0 0 0 0 0 0 0 0 0 0 0 0 0 0 0 0 0 0 0 0 0 0 0 0 0 0 0 0 0 0 0 0 0 0 0 0 0 0 0 0 0 0 0 0 0 0 0 0 0 0 0 0 0 0 ]
Shortest Vector: [0 0 0 0 0 0 0 0 0 0 0 0 0 0 0 0 0 0 0 0 0 0 0 0 0 0 0 0 0 0 0 0 0 0 0 0 0 0 0 0 0 0 0 0 0 0 0 0 0 0 0 0 0 0 0 0 0 0 0 0 0 0 0 0 0 0 ]
Len: 0

Runtime of standard enumeration: 0.32172 s.
Processing base of thread 5
Executing ENUM with target length 2109
A: 4.4479e+06
Searching candidates in depth 10
Found new minumun (length: 2108)   2    0   -5    9    2    4   -2    8    4   -2   -6   -2    4    6   -3   -1    2    3    0    2    0   -1    1    1    0    1   -5    3    1   -2    0    1   -1    1   -1    2    0   -1    1    0   -1    1    1   -1    0    0    1    0   -1    0    0   -1    1    0    0    0    0    0    0    0    0    0    0   -1    0    0    0    0 
coefficients: [ 2 -0 -5 9 2 4 -2 8 4 -2 -6 -2 4 6 -3 -1 2 3 -0 2 -0 -1 1 1 -0 1 -5 3 1 -2 -0 1 -1 1 -1 2 -0 -1 1 -0 -1 1 1 -1 -0 -0 1 -0 -1 0 -0 -1 1 0 0 0 -0 -0 -0 -0 -0 -0 -0 -1 0 0 ]
Shortest Vector: [380 269 97 115 -403 -378 70 -236 -146 159 -5 236 -580 -55 368 35 35 68 22 36 537 -271 316 -128 229 -248 -187 158 207 -444 -259 -223 -345 -70 176 -230 -1 -248 -554 -196 -349 -176 542 -92 -285 -132 -81 -375 200 -164 -13 -265 82 221 234 -430 115 86 305 97 391 82 95 -133 435 30 ]
Len: 2108.9

Runtime of standard enumeration: 0.10091 s.
Finishing after 1 attemps in 2.776 s (processed 4 bases).
Working threads: 8
Using NTL types.
Activating EXTREME pruning.
Setting pruning parameter to 0.22.
Setting candidate-queue size to 10240.
Setting parallel-enum threshold to dimension 15.
Disabling usage of Gauss heuristic
Enabling BKZ-auto-height adaption.
Setting bkz-height to 2.
Setting pre-beta to 24.
Setting parallel-BKZ instances to 32.
Setting randomized trials to 9.
Read conf file at penum.conf
Setting prebeta parameter to 1.
Setting pruning parameter to 0.175.
Delta: 0.9999
Beta: 20
Mode: 1
Candidate Height: 10
Target length: 2109
Trying to read: ./inppap/svpc-e1-d66-6880.txt
Read a basis of dimension: 66 / 66 with |b_0| = 0.4614636924e199
Starting procedure
Preparing preprocessing of 8 threads.
Thread 0 is BKZ-20 reducing basis
Thread 1 is BKZ-20 reducing basis
Thread 5 is BKZ-20 reducing basis
Thread 4 is BKZ-20 reducing basis
Thread 3 is BKZ-20 reducing basis
Thread 7 is BKZ-20 reducing basis
Thread 6 is BKZ-20 reducing basis
Thread 2 is BKZ-20 reducing basis
|b_0| of BKZ-20 reduced basis of thread 0 is: 2503.824275(1.03907s [0.743229 s / 0.226462s ]).
|b_0| of BKZ-20 reduced basis of thread 3 is: 2367.619268(1.43156s [1.14903 s / 0.194418s ]).
|b_0| of BKZ-20 reduced basis of thread 6 is: 2547.632823(1.43381s [1.22778 s / 0.126327s ]).
|b_0| of BKZ-20 reduced basis of thread 5 is: 2508.455302(1.45466s [1.20976 s / 0.165466s ]).
|b_0| of BKZ-20 reduced basis of thread 7 is: 2601.39232(1.47984s [1.25862 s / 0.138208s ]).
|b_0| of BKZ-20 reduced basis of thread 1 is: 2459.333446(1.55321s [1.22925 s / 0.234234s ]).
|b_0| of BKZ-20 reduced basis of thread 2 is: 2453.518086(1.55844s [1.25365 s / 0.230782s ]).
|b_0| of BKZ-20 reduced basis of thread 4 is: 2402.178595(1.64026s [1.33329 s / 0.217501s ]).
Sorting 8 bases.
Time for preprocessing: 1.66162 seconds.
Processing base of thread 3
Executing ENUM with target length 2109
A: 4.4479e+06
Searching candidates in depth 10
coefficients: [ 0 0 0 0 0 0 0 0 0 0 0 0 0 0 0 0 0 0 0 0 0 0 0 0 0 0 0 0 0 0 0 0 0 0 0 0 0 0 0 0 0 0 0 0 0 0 0 0 0 0 0 0 0 0 0 0 0 0 0 0 0 0 0 0 0 0 ]
Shortest Vector: [0 0 0 0 0 0 0 0 0 0 0 0 0 0 0 0 0 0 0 0 0 0 0 0 0 0 0 0 0 0 0 0 0 0 0 0 0 0 0 0 0 0 0 0 0 0 0 0 0 0 0 0 0 0 0 0 0 0 0 0 0 0 0 0 0 0 ]
Len: 0

Runtime of standard enumeration: 0.32795 s.
Processing base of thread 4
Executing ENUM with target length 2109
A: 4.4479e+06
Searching candidates in depth 10
coefficients: [ 0 0 0 0 0 0 0 0 0 0 0 0 0 0 0 0 0 0 0 0 0 0 0 0 0 0 0 0 0 0 0 0 0 0 0 0 0 0 0 0 0 0 0 0 0 0 0 0 0 0 0 0 0 0 0 0 0 0 0 0 0 0 0 0 0 0 ]
Shortest Vector: [0 0 0 0 0 0 0 0 0 0 0 0 0 0 0 0 0 0 0 0 0 0 0 0 0 0 0 0 0 0 0 0 0 0 0 0 0 0 0 0 0 0 0 0 0 0 0 0 0 0 0 0 0 0 0 0 0 0 0 0 0 0 0 0 0 0 ]
Len: 0

Runtime of standard enumeration: 0.26586 s.
Processing base of thread 2
Executing ENUM with target length 2109
A: 4.4479e+06
Searching candidates in depth 10
coefficients: [ 0 0 0 0 0 0 0 0 0 0 0 0 0 0 0 0 0 0 0 0 0 0 0 0 0 0 0 0 0 0 0 0 0 0 0 0 0 0 0 0 0 0 0 0 0 0 0 0 0 0 0 0 0 0 0 0 0 0 0 0 0 0 0 0 0 0 ]
Shortest Vector: [0 0 0 0 0 0 0 0 0 0 0 0 0 0 0 0 0 0 0 0 0 0 0 0 0 0 0 0 0 0 0 0 0 0 0 0 0 0 0 0 0 0 0 0 0 0 0 0 0 0 0 0 0 0 0 0 0 0 0 0 0 0 0 0 0 0 ]
Len: 0

Runtime of standard enumeration: 0.26803 s.
Processing base of thread 1
Executing ENUM with target length 2109
A: 4.4479e+06
Searching candidates in depth 10
coefficients: [ 0 0 0 0 0 0 0 0 0 0 0 0 0 0 0 0 0 0 0 0 0 0 0 0 0 0 0 0 0 0 0 0 0 0 0 0 0 0 0 0 0 0 0 0 0 0 0 0 0 0 0 0 0 0 0 0 0 0 0 0 0 0 0 0 0 0 ]
Shortest Vector: [0 0 0 0 0 0 0 0 0 0 0 0 0 0 0 0 0 0 0 0 0 0 0 0 0 0 0 0 0 0 0 0 0 0 0 0 0 0 0 0 0 0 0 0 0 0 0 0 0 0 0 0 0 0 0 0 0 0 0 0 0 0 0 0 0 0 ]
Len: 0

Runtime of standard enumeration: 0.31311 s.
Processing base of thread 0
Executing ENUM with target length 2109
A: 4.4479e+06
Searching candidates in depth 10
Found new minumun (length: 2108)   2   -5    0    5    0    0    2    5    2    1   -6    3    2    0    1   -1    0   -1   -1   -1    0    1    1    1   -2   -1    0    1   -1    1   -2    0   -1    0    1   -2   -1    0    0    0   -1    1   -1   -2   -1   -1    0    1    0    1    0   -1   -1    0   -1    1    0    0    0    0    0    1   -1    1    0    0    0    0 
coefficients: [ 2 -5 -0 5 -0 -0 2 5 2 1 -6 3 2 -0 1 -1 -0 -1 -1 -1 -0 1 1 1 -2 -1 -0 1 -1 1 -2 -0 -1 -0 1 -2 -1 -0 -0 -0 -1 1 -1 -2 -1 -1 -0 1 -0 1 -0 -1 -1 -0 -1 1 -0 -0 -0 -0 0 1 -1 1 0 0 ]
Shortest Vector: [-380 -269 -97 -115 403 378 -70 236 146 -159 5 -236 580 55 -368 -35 -35 -68 -22 -36 -537 271 -316 128 -229 248 187 -158 -207 444 259 223 345 70 -176 230 1 248 554 196 349 176 -542 92 285 132 81 375 -200 164 13 265 -82 -221 -234 430 -115 -86 -305 -97 -391 -82 -95 133 -435 -30 ]
Len: 2108.9

Runtime of standard enumeration: 0.12314 s.
Finishing after 1 attemps in 3.328 s (processed 5 bases).
Working threads: 8
Using NTL types.
Activating EXTREME pruning.
Setting pruning parameter to 0.22.
Setting candidate-queue size to 10240.
Setting parallel-enum threshold to dimension 15.
Disabling usage of Gauss heuristic
Enabling BKZ-auto-height adaption.
Setting bkz-height to 2.
Setting pre-beta to 24.
Setting parallel-BKZ instances to 32.
Setting randomized trials to 9.
Read conf file at penum.conf
Setting prebeta parameter to 1.
Setting pruning parameter to 0.175.
Delta: 0.9999
Beta: 20
Mode: 1
Candidate Height: 10
Target length: 2109
Trying to read: ./inppap/svpc-e1-d66-6880.txt
Read a basis of dimension: 66 / 66 with |b_0| = 0.4614636924e199
Starting procedure
Preparing preprocessing of 8 threads.
Thread 0 is BKZ-20 reducing basis
Thread 1 is BKZ-20 reducing basis
Thread 3 is BKZ-20 reducing basis
Thread 4 is BKZ-20 reducing basis
Thread 7 is BKZ-20 reducing basis
Thread 5 is BKZ-20 reducing basis
Thread 2 is BKZ-20 reducing basis
Thread 6 is BKZ-20 reducing basis
|b_0| of BKZ-20 reduced basis of thread 0 is: 2503.824275(1.05854s [0.760868 s / 0.227745s ]).
|b_0| of BKZ-20 reduced basis of thread 7 is: 2496.612705(1.47046s [1.28449 s / 0.107514s ]).
|b_0| of BKZ-20 reduced basis of thread 2 is: 2445.571303(1.48095s [1.27154 s / 0.120897s ]).
|b_0| of BKZ-20 reduced basis of thread 1 is: 2519.598381(1.51319s [1.28857 s / 0.151039s ]).
|b_0| of BKZ-20 reduced basis of thread 6 is: 2461.981722(1.52488s [1.25625 s / 0.166138s ]).
|b_0| of BKZ-20 reduced basis of thread 4 is: 2558.61486(1.58263s [1.31005 s / 0.193922s ]).
|b_0| of BKZ-20 reduced basis of thread 3 is: 2389.797481(1.60873s [1.32177 s / 0.214073s ]).
|b_0| of BKZ-20 reduced basis of thread 5 is: 2364.895135(1.62577s [1.36411 s / 0.182665s ]).
Sorting 8 bases.
Time for preprocessing: 1.65124 seconds.
Processing base of thread 5
Executing ENUM with target length 2109
A: 4.4479e+06
Searching candidates in depth 10
coefficients: [ 0 0 0 0 0 0 0 0 0 0 0 0 0 0 0 0 0 0 0 0 0 0 0 0 0 0 0 0 0 0 0 0 0 0 0 0 0 0 0 0 0 0 0 0 0 0 0 0 0 0 0 0 0 0 0 0 0 0 0 0 0 0 0 0 0 0 ]
Shortest Vector: [0 0 0 0 0 0 0 0 0 0 0 0 0 0 0 0 0 0 0 0 0 0 0 0 0 0 0 0 0 0 0 0 0 0 0 0 0 0 0 0 0 0 0 0 0 0 0 0 0 0 0 0 0 0 0 0 0 0 0 0 0 0 0 0 0 0 ]
Len: 0

Runtime of standard enumeration: 0.32445 s.
Processing base of thread 3
Executing ENUM with target length 2109
A: 4.4479e+06
Searching candidates in depth 10
coefficients: [ 0 0 0 0 0 0 0 0 0 0 0 0 0 0 0 0 0 0 0 0 0 0 0 0 0 0 0 0 0 0 0 0 0 0 0 0 0 0 0 0 0 0 0 0 0 0 0 0 0 0 0 0 0 0 0 0 0 0 0 0 0 0 0 0 0 0 ]
Shortest Vector: [0 0 0 0 0 0 0 0 0 0 0 0 0 0 0 0 0 0 0 0 0 0 0 0 0 0 0 0 0 0 0 0 0 0 0 0 0 0 0 0 0 0 0 0 0 0 0 0 0 0 0 0 0 0 0 0 0 0 0 0 0 0 0 0 0 0 ]
Len: 0

Runtime of standard enumeration: 0.30344 s.
Processing base of thread 2
Executing ENUM with target length 2109
A: 4.4479e+06
Searching candidates in depth 10
coefficients: [ 0 0 0 0 0 0 0 0 0 0 0 0 0 0 0 0 0 0 0 0 0 0 0 0 0 0 0 0 0 0 0 0 0 0 0 0 0 0 0 0 0 0 0 0 0 0 0 0 0 0 0 0 0 0 0 0 0 0 0 0 0 0 0 0 0 0 ]
Shortest Vector: [0 0 0 0 0 0 0 0 0 0 0 0 0 0 0 0 0 0 0 0 0 0 0 0 0 0 0 0 0 0 0 0 0 0 0 0 0 0 0 0 0 0 0 0 0 0 0 0 0 0 0 0 0 0 0 0 0 0 0 0 0 0 0 0 0 0 ]
Len: 0

Runtime of standard enumeration: 0.36931 s.
Processing base of thread 6
Executing ENUM with target length 2109
A: 4.4479e+06
Searching candidates in depth 10
coefficients: [ 0 0 0 0 0 0 0 0 0 0 0 0 0 0 0 0 0 0 0 0 0 0 0 0 0 0 0 0 0 0 0 0 0 0 0 0 0 0 0 0 0 0 0 0 0 0 0 0 0 0 0 0 0 0 0 0 0 0 0 0 0 0 0 0 0 0 ]
Shortest Vector: [0 0 0 0 0 0 0 0 0 0 0 0 0 0 0 0 0 0 0 0 0 0 0 0 0 0 0 0 0 0 0 0 0 0 0 0 0 0 0 0 0 0 0 0 0 0 0 0 0 0 0 0 0 0 0 0 0 0 0 0 0 0 0 0 0 0 ]
Len: 0

Runtime of standard enumeration: 0.33443 s.
Processing base of thread 7
Executing ENUM with target length 2109
A: 4.4479e+06
Searching candidates in depth 10
coefficients: [ 0 0 0 0 0 0 0 0 0 0 0 0 0 0 0 0 0 0 0 0 0 0 0 0 0 0 0 0 0 0 0 0 0 0 0 0 0 0 0 0 0 0 0 0 0 0 0 0 0 0 0 0 0 0 0 0 0 0 0 0 0 0 0 0 0 0 ]
Shortest Vector: [0 0 0 0 0 0 0 0 0 0 0 0 0 0 0 0 0 0 0 0 0 0 0 0 0 0 0 0 0 0 0 0 0 0 0 0 0 0 0 0 0 0 0 0 0 0 0 0 0 0 0 0 0 0 0 0 0 0 0 0 0 0 0 0 0 0 ]
Len: 0

Runtime of standard enumeration: 0.41974 s.
Processing base of thread 0
Executing ENUM with target length 2109
A: 4.4479e+06
Searching candidates in depth 10
Found new minumun (length: 2108)   2   -5    0    5    0    0    2    5    2    1   -6    3    2    0    1   -1    0   -1   -1   -1    0    1    1    1   -2   -1    0    1   -1    1   -2    0   -1    0    1   -2   -1    0    0    0   -1    1   -1   -2   -1   -1    0    1    0    1    0   -1   -1    0   -1    1    0    0    0    0    0    1   -1    1    0    0    0    0 
coefficients: [ 2 -5 -0 5 -0 -0 2 5 2 1 -6 3 2 -0 1 -1 -0 -1 -1 -1 -0 1 1 1 -2 -1 -0 1 -1 1 -2 -0 -1 -0 1 -2 -1 -0 -0 -0 -1 1 -1 -2 -1 -1 -0 1 -0 1 -0 -1 -1 -0 -1 1 -0 -0 -0 -0 0 1 -1 1 0 0 ]
Shortest Vector: [-380 -269 -97 -115 403 378 -70 236 146 -159 5 -236 580 55 -368 -35 -35 -68 -22 -36 -537 271 -316 128 -229 248 187 -158 -207 444 259 223 345 70 -176 230 1 248 554 196 349 176 -542 92 285 132 81 375 -200 164 13 265 -82 -221 -234 430 -115 -86 -305 -97 -391 -82 -95 133 -435 -30 ]
Len: 2108.9

Runtime of standard enumeration: 0.12198 s.
Finishing after 1 attemps in 3.9666 s (processed 6 bases).
Working threads: 8
Using NTL types.
Activating EXTREME pruning.
Setting pruning parameter to 0.22.
Setting candidate-queue size to 10240.
Setting parallel-enum threshold to dimension 15.
Disabling usage of Gauss heuristic
Enabling BKZ-auto-height adaption.
Setting bkz-height to 2.
Setting pre-beta to 24.
Setting parallel-BKZ instances to 32.
Setting randomized trials to 9.
Read conf file at penum.conf
Setting prebeta parameter to 1.
Setting pruning parameter to 0.175.
Delta: 0.9999
Beta: 20
Mode: 1
Candidate Height: 10
Target length: 2109
Trying to read: ./inppap/svpc-e1-d66-6880.txt
Read a basis of dimension: 66 / 66 with |b_0| = 0.4614636924e199
Starting procedure
Preparing preprocessing of 8 threads.
Thread 0 is BKZ-20 reducing basis
Thread 1 is BKZ-20 reducing basis
Thread 4 is BKZ-20 reducing basis
Thread 2 is BKZ-20 reducing basis
Thread 5 is BKZ-20 reducing basis
Thread 7 is BKZ-20 reducing basis
Thread 6 is BKZ-20 reducing basis
Thread 3 is BKZ-20 reducing basis
|b_0| of BKZ-20 reduced basis of thread 0 is: 2503.824275(1.01883s [0.728825 s / 0.227022s ]).
|b_0| of BKZ-20 reduced basis of thread 7 is: 2497.051661(1.45529s [1.21181 s / 0.162101s ]).
|b_0| of BKZ-20 reduced basis of thread 4 is: 2601.671001(1.46822s [1.23819 s / 0.149199s ]).
|b_0| of BKZ-20 reduced basis of thread 2 is: 2344.217993(1.47705s [1.20803 s / 0.189524s ]).
|b_0| of BKZ-20 reduced basis of thread 1 is: 2429.722001(1.484s [1.22967 s / 0.171854s ]).
|b_0| of BKZ-20 reduced basis of thread 6 is: 2238.523174(1.49891s [1.22962 s / 0.18891s ]).
|b_0| of BKZ-20 reduced basis of thread 5 is: 2554.340032(1.51967s [1.3021 s / 0.137644s ]).
|b_0| of BKZ-20 reduced basis of thread 3 is: 2115.597552(1.6088s [1.25675 s / 0.273531s ]).
Sorting 8 bases.
Time for preprocessing: 1.6223 seconds.
Processing base of thread 3
Executing ENUM with target length 2109
A: 4.4479e+06
Searching candidates in depth 10
coefficients: [ 0 0 0 0 0 0 0 0 0 0 0 0 0 0 0 0 0 0 0 0 0 0 0 0 0 0 0 0 0 0 0 0 0 0 0 0 0 0 0 0 0 0 0 0 0 0 0 0 0 0 0 0 0 0 0 0 0 0 0 0 0 0 0 0 0 0 ]
Shortest Vector: [0 0 0 0 0 0 0 0 0 0 0 0 0 0 0 0 0 0 0 0 0 0 0 0 0 0 0 0 0 0 0 0 0 0 0 0 0 0 0 0 0 0 0 0 0 0 0 0 0 0 0 0 0 0 0 0 0 0 0 0 0 0 0 0 0 0 ]
Len: 0

Runtime of standard enumeration: 0.17985 s.
Processing base of thread 6
Executing ENUM with target length 2109
A: 4.4479e+06
Searching candidates in depth 10
coefficients: [ 0 0 0 0 0 0 0 0 0 0 0 0 0 0 0 0 0 0 0 0 0 0 0 0 0 0 0 0 0 0 0 0 0 0 0 0 0 0 0 0 0 0 0 0 0 0 0 0 0 0 0 0 0 0 0 0 0 0 0 0 0 0 0 0 0 0 ]
Shortest Vector: [0 0 0 0 0 0 0 0 0 0 0 0 0 0 0 0 0 0 0 0 0 0 0 0 0 0 0 0 0 0 0 0 0 0 0 0 0 0 0 0 0 0 0 0 0 0 0 0 0 0 0 0 0 0 0 0 0 0 0 0 0 0 0 0 0 0 ]
Len: 0

Runtime of standard enumeration: 0.26687 s.
Processing base of thread 2
Executing ENUM with target length 2109
A: 4.4479e+06
Searching candidates in depth 10
coefficients: [ 0 0 0 0 0 0 0 0 0 0 0 0 0 0 0 0 0 0 0 0 0 0 0 0 0 0 0 0 0 0 0 0 0 0 0 0 0 0 0 0 0 0 0 0 0 0 0 0 0 0 0 0 0 0 0 0 0 0 0 0 0 0 0 0 0 0 ]
Shortest Vector: [0 0 0 0 0 0 0 0 0 0 0 0 0 0 0 0 0 0 0 0 0 0 0 0 0 0 0 0 0 0 0 0 0 0 0 0 0 0 0 0 0 0 0 0 0 0 0 0 0 0 0 0 0 0 0 0 0 0 0 0 0 0 0 0 0 0 ]
Len: 0

Runtime of standard enumeration: 0.2578 s.
Processing base of thread 1
Executing ENUM with target length 2109
A: 4.4479e+06
Searching candidates in depth 10
coefficients: [ 0 0 0 0 0 0 0 0 0 0 0 0 0 0 0 0 0 0 0 0 0 0 0 0 0 0 0 0 0 0 0 0 0 0 0 0 0 0 0 0 0 0 0 0 0 0 0 0 0 0 0 0 0 0 0 0 0 0 0 0 0 0 0 0 0 0 ]
Shortest Vector: [0 0 0 0 0 0 0 0 0 0 0 0 0 0 0 0 0 0 0 0 0 0 0 0 0 0 0 0 0 0 0 0 0 0 0 0 0 0 0 0 0 0 0 0 0 0 0 0 0 0 0 0 0 0 0 0 0 0 0 0 0 0 0 0 0 0 ]
Len: 0

Runtime of standard enumeration: 0.27955 s.
Processing base of thread 7
Executing ENUM with target length 2109
A: 4.4479e+06
Searching candidates in depth 10
Found new minumun (length: 2108)  -3    0   -1    1    5   -2    2   -4    1   -7    3    3   -1   -1   -1    0   -1    6    0    0    2    0    0    2    3    1    1    1    0    0   -1    2   -1    1    0    2   -1    0    1    0    0    0   -1    2   -1    0   -1    0    0    1   -1    1    0    0    0    0   -1    0    1    0   -1    0    0    0   -1    1    0    0 
coefficients: [ -3 -0 -1 1 5 -2 2 -4 1 -7 3 3 -1 -1 -1 -0 -1 6 -0 -0 2 -0 -0 2 3 1 1 1 -0 -0 -1 2 -1 1 -0 2 -1 -0 1 -0 -0 -0 -1 2 -1 -0 -1 -0 -0 1 -1 1 0 0 0 0 -1 -0 1 0 -1 -0 -0 0 -1 1 ]
Shortest Vector: [380 269 97 115 -403 -378 70 -236 -146 159 -5 236 -580 -55 368 35 35 68 22 36 537 -271 316 -128 229 -248 -187 158 207 -444 -259 -223 -345 -70 176 -230 -1 -248 -554 -196 -349 -176 542 -92 -285 -132 -81 -375 200 -164 -13 -265 82 221 234 -430 115 86 305 97 391 82 95 -133 435 30 ]
Len: 2108.9

Runtime of standard enumeration: 0.24485 s.
Finishing after 1 attemps in 3.2181 s (processed 5 bases).
Working threads: 8
Using NTL types.
Activating EXTREME pruning.
Setting pruning parameter to 0.22.
Setting candidate-queue size to 10240.
Setting parallel-enum threshold to dimension 15.
Disabling usage of Gauss heuristic
Enabling BKZ-auto-height adaption.
Setting bkz-height to 2.
Setting pre-beta to 24.
Setting parallel-BKZ instances to 32.
Setting randomized trials to 9.
Read conf file at penum.conf
Setting prebeta parameter to 1.
Setting pruning parameter to 0.175.
Delta: 0.9999
Beta: 20
Mode: 1
Candidate Height: 10
Target length: 2109
Trying to read: ./inppap/svpc-e1-d66-6880.txt
Read a basis of dimension: 66 / 66 with |b_0| = 0.4614636924e199
Starting procedure
Preparing preprocessing of 8 threads.
Thread 0 is BKZ-20 reducing basis
Thread 2 is BKZ-20 reducing basis
Thread 4 is BKZ-20 reducing basis
Thread 5 is BKZ-20 reducing basis
Thread 7 is BKZ-20 reducing basis
Thread 1 is BKZ-20 reducing basis
Thread 6 is BKZ-20 reducing basis
Thread 3 is BKZ-20 reducing basis
|b_0| of BKZ-20 reduced basis of thread 0 is: 2503.824275(1.0309s [0.736849 s / 0.227823s ]).
|b_0| of BKZ-20 reduced basis of thread 6 is: 2539.95374(1.41759s [1.21884 s / 0.1208s ]).
|b_0| of BKZ-20 reduced basis of thread 4 is: 2535.870265(1.46524s [1.24974 s / 0.14458s ]).
|b_0| of BKZ-20 reduced basis of thread 3 is: 2432.480216(1.47692s [1.24834 s / 0.154117s ]).
|b_0| of BKZ-20 reduced basis of thread 7 is: 2437.099916(1.48495s [1.25893 s / 0.146634s ]).
|b_0| of BKZ-20 reduced basis of thread 5 is: 2572.166208(1.51537s [1.25146 s / 0.183897s ]).
|b_0| of BKZ-20 reduced basis of thread 2 is: 2370.336896(1.56199s [1.18946 s / 0.29656s ]).
|b_0| of BKZ-20 reduced basis of thread 1 is: 2371.435852(1.57147s [1.20337 s / 0.292482s ]).
Sorting 8 bases.
Time for preprocessing: 1.59428 seconds.
Processing base of thread 2
Executing ENUM with target length 2109
A: 4.4479e+06
Searching candidates in depth 10
Found new minumun (length: 2108)  -1    2   -4   -2  -17    0    6    3   -2    4  -11    6   -4    5    0  -11   -6   -2   -1    3    2    2    2    1    6   -4   -1    0   -2    3    0    2    0    0    1    2   -2   -2   -1   -1   -2    1    0   -1    0    1    1    1    0    0   -1    0    0    0    0    1   -1    0   -2    1    0   -1    0    0    0   -1    0    0 
coefficients: [ -1 2 -4 -2 -17 -0 6 3 -2 4 -11 6 -4 5 -0 -11 -6 -2 -1 3 2 2 2 1 6 -4 -1 -0 -2 3 -0 2 -0 -0 1 2 -2 -2 -1 -1 -2 1 -0 -1 -0 1 1 1 -0 -0 -1 -0 -0 -0 -0 1 -1 -0 -2 1 0 -1 -0 -0 -0 -1 ]
Shortest Vector: [-380 -269 -97 -115 403 378 -70 236 146 -159 5 -236 580 55 -368 -35 -35 -68 -22 -36 -537 271 -316 128 -229 248 187 -158 -207 444 259 223 345 70 -176 230 1 248 554 196 349 176 -542 92 285 132 81 375 -200 164 13 265 -82 -221 -234 430 -115 -86 -305 -97 -391 -82 -95 133 -435 -30 ]
Len: 2108.9

Runtime of standard enumeration: 0.1682 s.
Finishing after 1 attemps in 1.8357 s (processed 1 bases).
Working threads: 8
Using NTL types.
Activating EXTREME pruning.
Setting pruning parameter to 0.22.
Setting candidate-queue size to 10240.
Setting parallel-enum threshold to dimension 15.
Disabling usage of Gauss heuristic
Enabling BKZ-auto-height adaption.
Setting bkz-height to 2.
Setting pre-beta to 24.
Setting parallel-BKZ instances to 32.
Setting randomized trials to 9.
Read conf file at penum.conf
Setting prebeta parameter to 1.
Setting pruning parameter to 0.175.
Delta: 0.9999
Beta: 20
Mode: 1
Candidate Height: 10
Target length: 2109
Trying to read: ./inppap/svpc-e1-d66-6880.txt
Read a basis of dimension: 66 / 66 with |b_0| = 0.4614636924e199
Starting procedure
Preparing preprocessing of 8 threads.
Thread 0 is BKZ-20 reducing basis
Thread 7 is BKZ-20 reducing basis
Thread 5 is BKZ-20 reducing basis
Thread Thread 1 is BKZ-420 reducing basis is BKZ-20
 reducing basisThread 6 is BKZ-20 reducing basis
Thread 3 is BKZ-20 reducing basis

Thread 2 is BKZ-20 reducing basis
|b_0| of BKZ-20 reduced basis of thread 0 is: 2503.824275(1.0455s [0.748509 s / 0.229492s ]).
|b_0| of BKZ-20 reduced basis of thread 6 is: 2663.93093(1.35182s [1.15887 s / 0.108251s ]).
|b_0| of BKZ-20 reduced basis of thread 7 is: 2508.248193(1.45267s [1.22659 s / 0.141289s ]).
|b_0| of BKZ-20 reduced basis of thread 5 is: 2489.9751(1.47384s [1.25489 s / 0.13465s ]).
|b_0| of BKZ-20 reduced basis of thread 3 is: 2496.515171(1.49428s [1.24728 s / 0.163452s ]).
|b_0| of BKZ-20 reduced basis of thread 2 is: 2459.858939(1.49593s [1.24804 s / 0.16238s ]).
|b_0| of BKZ-20 reduced basis of thread 4 is: 2388.287671(1.51117s [1.24569 s / 0.189126s ]).
|b_0| of BKZ-20 reduced basis of thread 1 is: 2321.527299(1.55354s [1.28322 s / 0.189675s ]).
Sorting 8 bases.
Time for preprocessing: 1.57503 seconds.
Processing base of thread 1
Executing ENUM with target length 2109
A: 4.4479e+06
Searching candidates in depth 10
coefficients: [ 0 0 0 0 0 0 0 0 0 0 0 0 0 0 0 0 0 0 0 0 0 0 0 0 0 0 0 0 0 0 0 0 0 0 0 0 0 0 0 0 0 0 0 0 0 0 0 0 0 0 0 0 0 0 0 0 0 0 0 0 0 0 0 0 0 0 ]
Shortest Vector: [0 0 0 0 0 0 0 0 0 0 0 0 0 0 0 0 0 0 0 0 0 0 0 0 0 0 0 0 0 0 0 0 0 0 0 0 0 0 0 0 0 0 0 0 0 0 0 0 0 0 0 0 0 0 0 0 0 0 0 0 0 0 0 0 0 0 ]
Len: 0

Runtime of standard enumeration: 0.26998 s.
Processing base of thread 4
Executing ENUM with target length 2109
A: 4.4479e+06
Searching candidates in depth 10
coefficients: [ 0 0 0 0 0 0 0 0 0 0 0 0 0 0 0 0 0 0 0 0 0 0 0 0 0 0 0 0 0 0 0 0 0 0 0 0 0 0 0 0 0 0 0 0 0 0 0 0 0 0 0 0 0 0 0 0 0 0 0 0 0 0 0 0 0 0 ]
Shortest Vector: [0 0 0 0 0 0 0 0 0 0 0 0 0 0 0 0 0 0 0 0 0 0 0 0 0 0 0 0 0 0 0 0 0 0 0 0 0 0 0 0 0 0 0 0 0 0 0 0 0 0 0 0 0 0 0 0 0 0 0 0 0 0 0 0 0 0 ]
Len: 0

Runtime of standard enumeration: 0.24197 s.
Processing base of thread 2
Executing ENUM with target length 2109
A: 4.4479e+06
Searching candidates in depth 10
coefficients: [ 0 0 0 0 0 0 0 0 0 0 0 0 0 0 0 0 0 0 0 0 0 0 0 0 0 0 0 0 0 0 0 0 0 0 0 0 0 0 0 0 0 0 0 0 0 0 0 0 0 0 0 0 0 0 0 0 0 0 0 0 0 0 0 0 0 0 ]
Shortest Vector: [0 0 0 0 0 0 0 0 0 0 0 0 0 0 0 0 0 0 0 0 0 0 0 0 0 0 0 0 0 0 0 0 0 0 0 0 0 0 0 0 0 0 0 0 0 0 0 0 0 0 0 0 0 0 0 0 0 0 0 0 0 0 0 0 0 0 ]
Len: 0

Runtime of standard enumeration: 0.40181 s.
Processing base of thread 5
Executing ENUM with target length 2109
A: 4.4479e+06
Searching candidates in depth 10
coefficients: [ 0 0 0 0 0 0 0 0 0 0 0 0 0 0 0 0 0 0 0 0 0 0 0 0 0 0 0 0 0 0 0 0 0 0 0 0 0 0 0 0 0 0 0 0 0 0 0 0 0 0 0 0 0 0 0 0 0 0 0 0 0 0 0 0 0 0 ]
Shortest Vector: [0 0 0 0 0 0 0 0 0 0 0 0 0 0 0 0 0 0 0 0 0 0 0 0 0 0 0 0 0 0 0 0 0 0 0 0 0 0 0 0 0 0 0 0 0 0 0 0 0 0 0 0 0 0 0 0 0 0 0 0 0 0 0 0 0 0 ]
Len: 0

Runtime of standard enumeration: 0.41681 s.
Processing base of thread 3
Executing ENUM with target length 2109
A: 4.4479e+06
Searching candidates in depth 10
coefficients: [ 0 0 0 0 0 0 0 0 0 0 0 0 0 0 0 0 0 0 0 0 0 0 0 0 0 0 0 0 0 0 0 0 0 0 0 0 0 0 0 0 0 0 0 0 0 0 0 0 0 0 0 0 0 0 0 0 0 0 0 0 0 0 0 0 0 0 ]
Shortest Vector: [0 0 0 0 0 0 0 0 0 0 0 0 0 0 0 0 0 0 0 0 0 0 0 0 0 0 0 0 0 0 0 0 0 0 0 0 0 0 0 0 0 0 0 0 0 0 0 0 0 0 0 0 0 0 0 0 0 0 0 0 0 0 0 0 0 0 ]
Len: 0

Runtime of standard enumeration: 0.39979 s.
Processing base of thread 0
Executing ENUM with target length 2109
A: 4.4479e+06
Searching candidates in depth 10
Found new minumun (length: 2108)   2   -5    0    5    0    0    2    5    2    1   -6    3    2    0    1   -1    0   -1   -1   -1    0    1    1    1   -2   -1    0    1   -1    1   -2    0   -1    0    1   -2   -1    0    0    0   -1    1   -1   -2   -1   -1    0    1    0    1    0   -1   -1    0   -1    1    0    0    0    0    0    1   -1    1    0    0    0    0 
coefficients: [ 2 -5 -0 5 -0 -0 2 5 2 1 -6 3 2 -0 1 -1 -0 -1 -1 -1 -0 1 1 1 -2 -1 -0 1 -1 1 -2 -0 -1 -0 1 -2 -1 -0 -0 -0 -1 1 -1 -2 -1 -1 -0 1 -0 1 -0 -1 -1 -0 -1 1 -0 -0 -0 -0 0 1 -1 1 0 0 ]
Shortest Vector: [-380 -269 -97 -115 403 378 -70 236 146 -159 5 -236 580 55 -368 -35 -35 -68 -22 -36 -537 271 -316 128 -229 248 187 -158 -207 444 259 223 345 70 -176 230 1 248 554 196 349 176 -542 92 285 132 81 375 -200 164 13 265 -82 -221 -234 430 -115 -86 -305 -97 -391 -82 -95 133 -435 -30 ]
Len: 2108.9

Runtime of standard enumeration: 0.12083 s.
Finishing after 1 attemps in 3.8704 s (processed 6 bases).
Working threads: 8
Using NTL types.
Activating EXTREME pruning.
Setting pruning parameter to 0.22.
Setting candidate-queue size to 10240.
Setting parallel-enum threshold to dimension 15.
Disabling usage of Gauss heuristic
Enabling BKZ-auto-height adaption.
Setting bkz-height to 2.
Setting pre-beta to 24.
Setting parallel-BKZ instances to 32.
Setting randomized trials to 9.
Read conf file at penum.conf
Setting prebeta parameter to 1.
Setting pruning parameter to 0.175.
Delta: 0.9999
Beta: 20
Mode: 1
Candidate Height: 10
Target length: 2109
Trying to read: ./inppap/svpc-e1-d66-6880.txt
Read a basis of dimension: 66 / 66 with |b_0| = 0.4614636924e199
Starting procedure
Preparing preprocessing of 8 threads.
Thread 0 is BKZ-20 reducing basis
Thread 3 is BKZ-20 reducing basis
Thread 5 is BKZ-20 reducing basis
Thread 6 is BKZ-20 reducing basis
Thread 7 is BKZ-20 reducing basis
Thread 2 is BKZ-20 reducing basis
Thread 1 is BKZ-20 reducing basis
Thread 4 is BKZ-20 reducing basis
|b_0| of BKZ-20 reduced basis of thread 0 is: 2503.824275(1.01662s [0.726306 s / 0.225356s ]).
|b_0| of BKZ-20 reduced basis of thread 6 is: 2565.06959(1.37949s [1.17685 s / 0.122229s ]).
|b_0| of BKZ-20 reduced basis of thread 3 is: 2573.234346(1.44192s [1.21278 s / 0.14369s ]).
|b_0| of BKZ-20 reduced basis of thread 5 is: 2421.027261(1.47447s [1.22149 s / 0.170352s ]).
|b_0| of BKZ-20 reduced basis of thread 1 is: 2471.123631(1.48385s [1.23943 s / 0.160341s ]).
|b_0| of BKZ-20 reduced basis of thread 4 is: 2323.876288(1.49786s [1.25814 s / 0.160501s ]).
|b_0| of BKZ-20 reduced basis of thread 2 is: 2383.521345(1.52254s [1.24369 s / 0.195172s ]).
|b_0| of BKZ-20 reduced basis of thread 7 is: 2459.062423(1.54539s [1.28644 s / 0.177687s ]).
Sorting 8 bases.
Time for preprocessing: 1.56258 seconds.
Processing base of thread 4
Executing ENUM with target length 2109
A: 4.4479e+06
Searching candidates in depth 10
coefficients: [ 0 0 0 0 0 0 0 0 0 0 0 0 0 0 0 0 0 0 0 0 0 0 0 0 0 0 0 0 0 0 0 0 0 0 0 0 0 0 0 0 0 0 0 0 0 0 0 0 0 0 0 0 0 0 0 0 0 0 0 0 0 0 0 0 0 0 ]
Shortest Vector: [0 0 0 0 0 0 0 0 0 0 0 0 0 0 0 0 0 0 0 0 0 0 0 0 0 0 0 0 0 0 0 0 0 0 0 0 0 0 0 0 0 0 0 0 0 0 0 0 0 0 0 0 0 0 0 0 0 0 0 0 0 0 0 0 0 0 ]
Len: 0

Runtime of standard enumeration: 0.33283 s.
Processing base of thread 2
Executing ENUM with target length 2109
A: 4.4479e+06
Searching candidates in depth 10
Found new minumun (length: 2108)  -8  -11   18  -20    2    6    3    8    8    9    8   13   -8    2   -2   -6    1    1    1    1   -1   -3   -2   -2    2    1    0    1    4    1    5   -2   -3   -1   -2    0    1   -2    1   -3   -4   -2   -2   -2   -1   -2   -1    2    1    0   -1    1    0    0    0    1    0    0    0   -1    0   -1    0    0    0   -1    0    0 
coefficients: [ -8 -11 18 -20 2 6 3 8 8 9 8 13 -8 2 -2 -6 1 1 1 1 -1 -3 -2 -2 2 1 -0 1 4 1 5 -2 -3 -1 -2 -0 1 -2 1 -3 -4 -2 -2 -2 -1 -2 -1 2 1 -0 -1 1 -0 -0 0 1 -0 -0 -0 -1 -0 -1 -0 -0 -0 -1 ]
Shortest Vector: [380 269 97 115 -403 -378 70 -236 -146 159 -5 236 -580 -55 368 35 35 68 22 36 537 -271 316 -128 229 -248 -187 158 207 -444 -259 -223 -345 -70 176 -230 -1 -248 -554 -196 -349 -176 542 -92 -285 -132 -81 -375 200 -164 -13 -265 82 221 234 -430 115 86 305 97 391 82 95 -133 435 30 ]
Len: 2108.9

Runtime of standard enumeration: 0.24349 s.
Finishing after 1 attemps in 2.2885 s (processed 2 bases).
Working threads: 8
Using NTL types.
Activating EXTREME pruning.
Setting pruning parameter to 0.22.
Setting candidate-queue size to 10240.
Setting parallel-enum threshold to dimension 15.
Disabling usage of Gauss heuristic
Enabling BKZ-auto-height adaption.
Setting bkz-height to 2.
Setting pre-beta to 24.
Setting parallel-BKZ instances to 32.
Setting randomized trials to 9.
Read conf file at penum.conf
Setting prebeta parameter to 1.
Setting pruning parameter to 0.175.
Delta: 0.9999
Beta: 20
Mode: 1
Candidate Height: 10
Target length: 2109
Trying to read: ./inppap/svpc-e1-d66-6880.txt
Read a basis of dimension: 66 / 66 with |b_0| = 0.4614636924e199
Starting procedure
Preparing preprocessing of 8 threads.
Thread 0 is BKZ-20 reducing basis
Thread 1 is BKZ-20 reducing basis
Thread 5 is BKZ-20 reducing basis
Thread 4 is BKZ-20 reducing basis
Thread 6 is BKZ-20 reducing basis
Thread 7 is BKZ-20 reducing basis
Thread 3 is BKZ-20 reducing basis
Thread 2 is BKZ-20 reducing basis
|b_0| of BKZ-20 reduced basis of thread 0 is: 2503.824275(1.05305s [0.752307 s / 0.228812s ]).
|b_0| of BKZ-20 reduced basis of thread 5 is: 2405.947423(1.44016s [1.25419 s / 0.102098s ]).
|b_0| of BKZ-20 reduced basis of thread 7 is: 2506.38365(1.45637s [1.23293 s / 0.14492s ]).
|b_0| of BKZ-20 reduced basis of thread 3 is: 2616.070144(1.48524s [1.28662 s / 0.121692s ]).
|b_0| of BKZ-20 reduced basis of thread 2 is: 2398.798658(1.49751s [1.22717 s / 0.194479s ]).
|b_0| of BKZ-20 reduced basis of thread 4 is: 2607.513183(1.52283s [1.26142 s / 0.180242s ]).
|b_0| of BKZ-20 reduced basis of thread 1 is: 2546.062647(1.5382s [1.28941 s / 0.175194s ]).
|b_0| of BKZ-20 reduced basis of thread 6 is: 2397.381905(1.55314s [1.25793 s / 0.213829s ]).
Sorting 8 bases.
Time for preprocessing: 1.58158 seconds.
Processing base of thread 6
Executing ENUM with target length 2109
A: 4.4479e+06
Searching candidates in depth 10
coefficients: [ 0 0 0 0 0 0 0 0 0 0 0 0 0 0 0 0 0 0 0 0 0 0 0 0 0 0 0 0 0 0 0 0 0 0 0 0 0 0 0 0 0 0 0 0 0 0 0 0 0 0 0 0 0 0 0 0 0 0 0 0 0 0 0 0 0 0 ]
Shortest Vector: [0 0 0 0 0 0 0 0 0 0 0 0 0 0 0 0 0 0 0 0 0 0 0 0 0 0 0 0 0 0 0 0 0 0 0 0 0 0 0 0 0 0 0 0 0 0 0 0 0 0 0 0 0 0 0 0 0 0 0 0 0 0 0 0 0 0 ]
Len: 0

Runtime of standard enumeration: 0.21003 s.
Processing base of thread 2
Executing ENUM with target length 2109
A: 4.4479e+06
Searching candidates in depth 10
coefficients: [ 0 0 0 0 0 0 0 0 0 0 0 0 0 0 0 0 0 0 0 0 0 0 0 0 0 0 0 0 0 0 0 0 0 0 0 0 0 0 0 0 0 0 0 0 0 0 0 0 0 0 0 0 0 0 0 0 0 0 0 0 0 0 0 0 0 0 ]
Shortest Vector: [0 0 0 0 0 0 0 0 0 0 0 0 0 0 0 0 0 0 0 0 0 0 0 0 0 0 0 0 0 0 0 0 0 0 0 0 0 0 0 0 0 0 0 0 0 0 0 0 0 0 0 0 0 0 0 0 0 0 0 0 0 0 0 0 0 0 ]
Len: 0

Runtime of standard enumeration: 0.21178 s.
Processing base of thread 5
Executing ENUM with target length 2109
A: 4.4479e+06
Searching candidates in depth 10
coefficients: [ 0 0 0 0 0 0 0 0 0 0 0 0 0 0 0 0 0 0 0 0 0 0 0 0 0 0 0 0 0 0 0 0 0 0 0 0 0 0 0 0 0 0 0 0 0 0 0 0 0 0 0 0 0 0 0 0 0 0 0 0 0 0 0 0 0 0 ]
Shortest Vector: [0 0 0 0 0 0 0 0 0 0 0 0 0 0 0 0 0 0 0 0 0 0 0 0 0 0 0 0 0 0 0 0 0 0 0 0 0 0 0 0 0 0 0 0 0 0 0 0 0 0 0 0 0 0 0 0 0 0 0 0 0 0 0 0 0 0 ]
Len: 0

Runtime of standard enumeration: 0.50161 s.
Processing base of thread 0
Executing ENUM with target length 2109
A: 4.4479e+06
Searching candidates in depth 10
Found new minumun (length: 2108)   2   -5    0    5    0    0    2    5    2    1   -6    3    2    0    1   -1    0   -1   -1   -1    0    1    1    1   -2   -1    0    1   -1    1   -2    0   -1    0    1   -2   -1    0    0    0   -1    1   -1   -2   -1   -1    0    1    0    1    0   -1   -1    0   -1    1    0    0    0    0    0    1   -1    1    0    0    0    0 
coefficients: [ 2 -5 -0 5 -0 -0 2 5 2 1 -6 3 2 -0 1 -1 -0 -1 -1 -1 -0 1 1 1 -2 -1 -0 1 -1 1 -2 -0 -1 -0 1 -2 -1 -0 -0 -0 -1 1 -1 -2 -1 -1 -0 1 -0 1 -0 -1 -1 -0 -1 1 -0 -0 -0 -0 0 1 -1 1 0 0 ]
Shortest Vector: [-380 -269 -97 -115 403 378 -70 236 146 -159 5 -236 580 55 -368 -35 -35 -68 -22 -36 -537 271 -316 128 -229 248 187 -158 -207 444 259 223 345 70 -176 230 1 248 554 196 349 176 -542 92 285 132 81 375 -200 164 13 265 -82 -221 -234 430 -115 -86 -305 -97 -391 -82 -95 133 -435 -30 ]
Len: 2108.9

Runtime of standard enumeration: 0.1207 s.
Finishing after 1 attemps in 2.919 s (processed 4 bases).
Working threads: 8
Using NTL types.
Activating EXTREME pruning.
Setting pruning parameter to 0.22.
Setting candidate-queue size to 10240.
Setting parallel-enum threshold to dimension 15.
Disabling usage of Gauss heuristic
Enabling BKZ-auto-height adaption.
Setting bkz-height to 2.
Setting pre-beta to 24.
Setting parallel-BKZ instances to 32.
Setting randomized trials to 9.
Read conf file at penum.conf
Setting prebeta parameter to 1.
Setting pruning parameter to 0.175.
Delta: 0.9999
Beta: 20
Mode: 1
Candidate Height: 10
Target length: 2109
Trying to read: ./inppap/svpc-e1-d66-6880.txt
Read a basis of dimension: 66 / 66 with |b_0| = 0.4614636924e199
Starting procedure
Preparing preprocessing of 8 threads.
Thread 0 is BKZ-20 reducing basis
Thread 4 is BKZ-20 reducing basis
Thread 7 is BKZ-20 reducing basis
Thread 3 is BKZ-20 reducing basis
Thread 6 is BKZ-20 reducing basis
Thread 2 is BKZ-20 reducing basis
Thread 5 is BKZ-20 reducing basis
Thread 1 is BKZ-20 reducing basis
|b_0| of BKZ-20 reduced basis of thread 0 is: 2503.824275(1.05786s [0.763882 s / 0.226428s ]).
|b_0| of BKZ-20 reduced basis of thread 3 is: 2494.55487(1.42831s [1.20345 s / 0.138674s ]).
|b_0| of BKZ-20 reduced basis of thread 7 is: 2576.925882(1.47696s [1.26762 s / 0.129741s ]).
|b_0| of BKZ-20 reduced basis of thread 4 is: 2760.829585(1.49287s [1.30254 s / 0.0967642s ]).
|b_0| of BKZ-20 reduced basis of thread 5 is: 2450.953284(1.47171s [1.20826 s / 0.18211s ]).
|b_0| of BKZ-20 reduced basis of thread 2 is: 2507.100915(1.51362s [1.26754 s / 0.163607s ]).
|b_0| of BKZ-20 reduced basis of thread 1 is: 2522.205186(1.51151s [1.30516 s / 0.133824s ]).
|b_0| of BKZ-20 reduced basis of thread 6 is: 2529.882013(1.53328s [1.26846 s / 0.17992s ]).
Sorting 8 bases.
Time for preprocessing: 1.57639 seconds.
Processing base of thread 5
Executing ENUM with target length 2109
A: 4.4479e+06
Searching candidates in depth 10
coefficients: [ 0 0 0 0 0 0 0 0 0 0 0 0 0 0 0 0 0 0 0 0 0 0 0 0 0 0 0 0 0 0 0 0 0 0 0 0 0 0 0 0 0 0 0 0 0 0 0 0 0 0 0 0 0 0 0 0 0 0 0 0 0 0 0 0 0 0 ]
Shortest Vector: [0 0 0 0 0 0 0 0 0 0 0 0 0 0 0 0 0 0 0 0 0 0 0 0 0 0 0 0 0 0 0 0 0 0 0 0 0 0 0 0 0 0 0 0 0 0 0 0 0 0 0 0 0 0 0 0 0 0 0 0 0 0 0 0 0 0 ]
Len: 0

Runtime of standard enumeration: 0.39671 s.
Processing base of thread 3
Executing ENUM with target length 2109
A: 4.4479e+06
Searching candidates in depth 10
Found new minumun (length: 2108)  -4   -4    2   -4   -3    5    5    1    0   -1   -3    2   -1    2   -2   -2   -1   -2    2   -3    2    0    0    0   -1    1   -1    1    0   -1   -1    0    0   -1    1    2   -2    1   -1    1   -1   -1    0    1    0    1    0    0    0    0    0   -1    0    0    1    0    0    0   -1    0    0    0    0    0    1    0    0    0 
coefficients: [ -4 -4 2 -4 -3 5 5 1 -0 -1 -3 2 -1 2 -2 -2 -1 -2 2 -3 2 -0 -0 -0 -1 1 -1 1 -0 -1 -1 -0 -0 -1 1 2 -2 1 -1 1 -1 -1 -0 1 -0 1 -0 -0 -0 -0 -0 -1 -0 0 1 0 -0 -0 -1 -0 -0 -0 -0 -0 1 0 ]
Shortest Vector: [380 269 97 115 -403 -378 70 -236 -146 159 -5 236 -580 -55 368 35 35 68 22 36 537 -271 316 -128 229 -248 -187 158 207 -444 -259 -223 -345 -70 176 -230 -1 -248 -554 -196 -349 -176 542 -92 -285 -132 -81 -375 200 -164 -13 -265 82 221 234 -430 115 86 305 97 391 82 95 -133 435 30 ]
Len: 2108.9

Runtime of standard enumeration: 0.11462 s.
Finishing after 1 attemps in 2.2397 s (processed 2 bases).
Working threads: 8
Using NTL types.
Activating EXTREME pruning.
Setting pruning parameter to 0.22.
Setting candidate-queue size to 10240.
Setting parallel-enum threshold to dimension 15.
Disabling usage of Gauss heuristic
Enabling BKZ-auto-height adaption.
Setting bkz-height to 2.
Setting pre-beta to 24.
Setting parallel-BKZ instances to 32.
Setting randomized trials to 9.
Read conf file at penum.conf
Setting prebeta parameter to 1.
Setting pruning parameter to 0.175.
Delta: 0.9999
Beta: 20
Mode: 1
Candidate Height: 10
Target length: 2109
Trying to read: ./inppap/svpc-e1-d66-6880.txt
Read a basis of dimension: 66 / 66 with |b_0| = 0.4614636924e199
Starting procedure
Preparing preprocessing of 8 threads.
Thread 0 is BKZ-20 reducing basis
Thread 6 is BKZ-20 reducing basis
Thread Thread 1 is BKZ-20 reducing basis
3 is BKZ-20 reducing basis
Thread 2 is BKZ-20 reducing basis
Thread 7 is BKZ-20 reducing basis
Thread 5 is BKZ-20 reducing basis
Thread 4 is BKZ-20 reducing basis
|b_0| of BKZ-20 reduced basis of thread 0 is: 2503.824275(1.06919s [0.776261 s / 0.226645s ]).
|b_0| of BKZ-20 reduced basis of thread 3 is: 2596.255958(1.53959s [1.30708 s / 0.143525s ]).
|b_0| of BKZ-20 reduced basis of thread 2 is: 2464.751306(1.57675s [1.33416 s / 0.152865s ]).
|b_0| of BKZ-20 reduced basis of thread 6 is: 2582.134776(1.59071s [1.35216 s / 0.146849s ]).
|b_0| of BKZ-20 reduced basis of thread 5 is: 2369.914344(1.57434s [1.33715 s / 0.157769s ]).
|b_0| of BKZ-20 reduced basis of thread 4 is: |b_0| of BKZ-20 reduced basis of thread 7 is: 2479.736075(1.59629s [1.31145 s / 0.207881s ]).
2397.62153(1.61248s [1.30725 s / 0.218583s ]).
|b_0| of BKZ-20 reduced basis of thread 1 is: 2381.610799(1.70369s [1.38006 s / 0.235648s ]).
Sorting 8 bases.
Time for preprocessing: 1.72393 seconds.
Processing base of thread 5
Executing ENUM with target length 2109
A: 4.4479e+06
Searching candidates in depth 10
Found new minumun (length: 2108)   6    0   -6   -2    1   -1    4    2   -3    5   -4   -2    0    2   -4   -1   -1   -2   -1    1   -1   -2    2    0    1    2    0   -1   -1    1   -1   -3    0   -1   -1   -1   -2    0    0    0    1    1    1   -1    1    1    0    1    0    0    0   -1    0    1    0    0    0    0    0    0    0    0    0    0    0    0    0    0 
coefficients: [ 6 -0 -6 -2 1 -1 4 2 -3 5 -4 -2 -0 2 -4 -1 -1 -2 -1 1 -1 -2 2 -0 1 2 -0 -1 -1 1 -1 -3 -0 -1 -1 -1 -2 -0 -0 -0 1 1 1 -1 1 1 -0 1 -0 -0 -0 -1 -0 1 0 0 0 0 0 0 0 0 0 0 0 0 ]
Shortest Vector: [380 269 97 115 -403 -378 70 -236 -146 159 -5 236 -580 -55 368 35 35 68 22 36 537 -271 316 -128 229 -248 -187 158 207 -444 -259 -223 -345 -70 176 -230 -1 -248 -554 -196 -349 -176 542 -92 -285 -132 -81 -375 200 -164 -13 -265 82 221 234 -430 115 86 305 97 391 82 95 -133 435 30 ]
Len: 2108.9

Runtime of standard enumeration: 0.066002 s.
Finishing after 1 attemps in 1.8688 s (processed 1 bases).
Working threads: 8
Using NTL types.
Activating EXTREME pruning.
Setting pruning parameter to 0.22.
Setting candidate-queue size to 10240.
Setting parallel-enum threshold to dimension 15.
Disabling usage of Gauss heuristic
Enabling BKZ-auto-height adaption.
Setting bkz-height to 2.
Setting pre-beta to 24.
Setting parallel-BKZ instances to 32.
Setting randomized trials to 9.
Read conf file at penum.conf
Setting prebeta parameter to 1.
Setting pruning parameter to 0.175.
Delta: 0.9999
Beta: 20
Mode: 1
Candidate Height: 10
Target length: 2109
Trying to read: ./inppap/svpc-e1-d66-6880.txt
Read a basis of dimension: 66 / 66 with |b_0| = 0.4614636924e199
Starting procedure
Preparing preprocessing of 8 threads.
Thread 0 is BKZ-20 reducing basis
Thread 5 is BKZ-20 reducing basis
Thread 6 is BKZ-20 reducing basis
Thread 3 is BKZ-20 reducing basis
Thread 7 is BKZ-20 reducing basis
Thread 1 is BKZ-20 reducing basis
Thread 2 is BKZ-20 reducing basis
Thread 4 is BKZ-20 reducing basis
|b_0| of BKZ-20 reduced basis of thread 0 is: 2503.824275(1.04041s [0.743692 s / 0.22771s ]).
|b_0| of BKZ-20 reduced basis of thread 1 is: 2452.053833(1.44877s [1.17141 s / 0.196819s ]).
|b_0| of BKZ-20 reduced basis of thread 4 is: 2590.39302(1.47005s [1.22727 s / 0.175064s ]).
|b_0| of BKZ-20 reduced basis of thread 2 is: 2396.06782(1.49727s [1.26361 s / 0.153764s ]).
|b_0| of BKZ-20 reduced basis of thread 3 is: 2406.174349(1.50736s [1.15347 s / 0.26751s ]).
|b_0| of BKZ-20 reduced basis of thread 5 is: 2418.781098(1.51514s [1.25534 s / 0.190431s ]).
|b_0| of BKZ-20 reduced basis of thread 6 is: 2229.419431(1.5524s [1.28198 s / 0.187079s ]).
|b_0| of BKZ-20 reduced basis of thread 7 is: 2576.626865(1.5629s [1.18844 s / 0.294195s ]).
Sorting 8 bases.
Time for preprocessing: 1.58898 seconds.
Processing base of thread 6
Executing ENUM with target length 2109
A: 4.4479e+06
Searching candidates in depth 10
coefficients: [ 0 0 0 0 0 0 0 0 0 0 0 0 0 0 0 0 0 0 0 0 0 0 0 0 0 0 0 0 0 0 0 0 0 0 0 0 0 0 0 0 0 0 0 0 0 0 0 0 0 0 0 0 0 0 0 0 0 0 0 0 0 0 0 0 0 0 ]
Shortest Vector: [0 0 0 0 0 0 0 0 0 0 0 0 0 0 0 0 0 0 0 0 0 0 0 0 0 0 0 0 0 0 0 0 0 0 0 0 0 0 0 0 0 0 0 0 0 0 0 0 0 0 0 0 0 0 0 0 0 0 0 0 0 0 0 0 0 0 ]
Len: 0

Runtime of standard enumeration: 0.24582 s.
Processing base of thread 2
Executing ENUM with target length 2109
A: 4.4479e+06
Searching candidates in depth 10
coefficients: [ 0 0 0 0 0 0 0 0 0 0 0 0 0 0 0 0 0 0 0 0 0 0 0 0 0 0 0 0 0 0 0 0 0 0 0 0 0 0 0 0 0 0 0 0 0 0 0 0 0 0 0 0 0 0 0 0 0 0 0 0 0 0 0 0 0 0 ]
Shortest Vector: [0 0 0 0 0 0 0 0 0 0 0 0 0 0 0 0 0 0 0 0 0 0 0 0 0 0 0 0 0 0 0 0 0 0 0 0 0 0 0 0 0 0 0 0 0 0 0 0 0 0 0 0 0 0 0 0 0 0 0 0 0 0 0 0 0 0 ]
Len: 0

Runtime of standard enumeration: 0.23321 s.
Processing base of thread 3
Executing ENUM with target length 2109
A: 4.4479e+06
Searching candidates in depth 10
coefficients: [ 0 0 0 0 0 0 0 0 0 0 0 0 0 0 0 0 0 0 0 0 0 0 0 0 0 0 0 0 0 0 0 0 0 0 0 0 0 0 0 0 0 0 0 0 0 0 0 0 0 0 0 0 0 0 0 0 0 0 0 0 0 0 0 0 0 0 ]
Shortest Vector: [0 0 0 0 0 0 0 0 0 0 0 0 0 0 0 0 0 0 0 0 0 0 0 0 0 0 0 0 0 0 0 0 0 0 0 0 0 0 0 0 0 0 0 0 0 0 0 0 0 0 0 0 0 0 0 0 0 0 0 0 0 0 0 0 0 0 ]
Len: 0

Runtime of standard enumeration: 0.23227 s.
Processing base of thread 5
Executing ENUM with target length 2109
A: 4.4479e+06
Searching candidates in depth 10
coefficients: [ 0 0 0 0 0 0 0 0 0 0 0 0 0 0 0 0 0 0 0 0 0 0 0 0 0 0 0 0 0 0 0 0 0 0 0 0 0 0 0 0 0 0 0 0 0 0 0 0 0 0 0 0 0 0 0 0 0 0 0 0 0 0 0 0 0 0 ]
Shortest Vector: [0 0 0 0 0 0 0 0 0 0 0 0 0 0 0 0 0 0 0 0 0 0 0 0 0 0 0 0 0 0 0 0 0 0 0 0 0 0 0 0 0 0 0 0 0 0 0 0 0 0 0 0 0 0 0 0 0 0 0 0 0 0 0 0 0 0 ]
Len: 0

Runtime of standard enumeration: 0.28984 s.
Processing base of thread 1
Executing ENUM with target length 2109
A: 4.4479e+06
Searching candidates in depth 10
Found new minumun (length: 2108)  -6   -6   -6   14   -1   -1    3   -4   -3   13    7  -10   -5    1    7   -9    6    0   -9    2    3   -5    1   -7   -3    1   -1    1    1   -3   -2    0    1   -1    3    1    2    0    0    0    2    1    0    0    0    0    0   -2    2    1    0    0   -1    1    2    0    0    0    1    0   -1   -1    0    0    0    0    0    0 
coefficients: [ -6 -6 -6 14 -1 -1 3 -4 -3 13 7 -10 -5 1 7 -9 6 -0 -9 2 3 -5 1 -7 -3 1 -1 1 1 -3 -2 -0 1 -1 3 1 2 -0 0 -0 2 1 -0 -0 -0 -0 -0 -2 2 1 -0 -0 -1 1 2 0 0 -0 1 -0 -1 -1 0 0 0 0 ]
Shortest Vector: [380 269 97 115 -403 -378 70 -236 -146 159 -5 236 -580 -55 368 35 35 68 22 36 537 -271 316 -128 229 -248 -187 158 207 -444 -259 -223 -345 -70 176 -230 -1 -248 -554 -196 -349 -176 542 -92 -285 -132 -81 -375 200 -164 -13 -265 82 221 234 -430 115 86 305 97 391 82 95 -133 435 30 ]
Len: 2108.9

Runtime of standard enumeration: 0.063014 s.
Finishing after 1 attemps in 3.0189 s (processed 5 bases).
Working threads: 8
Using NTL types.
Activating EXTREME pruning.
Setting pruning parameter to 0.22.
Setting candidate-queue size to 10240.
Setting parallel-enum threshold to dimension 15.
Disabling usage of Gauss heuristic
Enabling BKZ-auto-height adaption.
Setting bkz-height to 2.
Setting pre-beta to 24.
Setting parallel-BKZ instances to 32.
Setting randomized trials to 9.
Read conf file at penum.conf
Setting prebeta parameter to 1.
Setting pruning parameter to 0.175.
Delta: 0.9999
Beta: 20
Mode: 1
Candidate Height: 10
Target length: 2109
Trying to read: ./inppap/svpc-e1-d66-6880.txt
Read a basis of dimension: 66 / 66 with |b_0| = 0.4614636924e199
Starting procedure
Preparing preprocessing of 8 threads.
Thread 0 is BKZ-20 reducing basis
Thread 1 is BKZ-20 reducing basis
Thread 3 is BKZ-20 reducing basis
Thread 2 is BKZ-20 reducing basis
Thread 7 is BKZ-20 reducing basis
Thread 5 is BKZ-20 reducing basis
Thread 6 is BKZ-20 reducing basis
Thread 4 is BKZ-20 reducing basis
|b_0| of BKZ-20 reduced basis of thread 0 is: 2503.824275(1.048s [0.749632 s / 0.225665s ]).
|b_0| of BKZ-20 reduced basis of thread 1 is: 2303.937716(1.41845s [1.20461 s / 0.135144s ]).
|b_0| of BKZ-20 reduced basis of thread 3 is: 2581.046493(1.47826s [1.2211 s / 0.177205s ]).
|b_0| of BKZ-20 reduced basis of thread 7 is: 2572.533965(1.46991s [1.26225 s / 0.130524s ]).
|b_0| of BKZ-20 reduced basis of thread 5 is: 2451.810555(1.48217s [1.20191 s / 0.198108s ]).
|b_0| of BKZ-20 reduced basis of thread 2 is: 2474.958383(1.4852s [1.25307 s / 0.153298s ]).
|b_0| of BKZ-20 reduced basis of thread 6 is: 2517.688424(1.52776s [1.26369 s / 0.188575s ]).
|b_0| of BKZ-20 reduced basis of thread 4 is: 2323.409564(1.54895s [1.27019 s / 0.203204s ]).
Sorting 8 bases.
Time for preprocessing: 1.58769 seconds.
Processing base of thread 1
Executing ENUM with target length 2109
A: 4.4479e+06
Searching candidates in depth 10
coefficients: [ 0 0 0 0 0 0 0 0 0 0 0 0 0 0 0 0 0 0 0 0 0 0 0 0 0 0 0 0 0 0 0 0 0 0 0 0 0 0 0 0 0 0 0 0 0 0 0 0 0 0 0 0 0 0 0 0 0 0 0 0 0 0 0 0 0 0 ]
Shortest Vector: [0 0 0 0 0 0 0 0 0 0 0 0 0 0 0 0 0 0 0 0 0 0 0 0 0 0 0 0 0 0 0 0 0 0 0 0 0 0 0 0 0 0 0 0 0 0 0 0 0 0 0 0 0 0 0 0 0 0 0 0 0 0 0 0 0 0 ]
Len: 0

Runtime of standard enumeration: 0.26612 s.
Processing base of thread 4
Executing ENUM with target length 2109
A: 4.4479e+06
Searching candidates in depth 10
coefficients: [ 0 0 0 0 0 0 0 0 0 0 0 0 0 0 0 0 0 0 0 0 0 0 0 0 0 0 0 0 0 0 0 0 0 0 0 0 0 0 0 0 0 0 0 0 0 0 0 0 0 0 0 0 0 0 0 0 0 0 0 0 0 0 0 0 0 0 ]
Shortest Vector: [0 0 0 0 0 0 0 0 0 0 0 0 0 0 0 0 0 0 0 0 0 0 0 0 0 0 0 0 0 0 0 0 0 0 0 0 0 0 0 0 0 0 0 0 0 0 0 0 0 0 0 0 0 0 0 0 0 0 0 0 0 0 0 0 0 0 ]
Len: 0

Runtime of standard enumeration: 0.24464 s.
Processing base of thread 5
Executing ENUM with target length 2109
A: 4.4479e+06
Searching candidates in depth 10
Found new minumun (length: 2108)   1    2   10    8   -2  -14   10   -2    7    0    1  -22   -3   17    6  -11    2   -5   11  -13    2   -6   -4    1   -1    0   -3   -7    7   -4   -2    0    2    2    3    0    0   -1    2    1   -2    0    1    0   -1    2    0    3   -2    1   -1    1    0    1    0    0    0   -1   -1    1   -1    1    0    0    0    1    0    0 
coefficients: [ 1 2 10 8 -2 -14 10 -2 7 -0 1 -22 -3 17 6 -11 2 -5 11 -13 2 -6 -4 1 -1 -0 -3 -7 7 -4 -2 -0 2 2 3 -0 -0 -1 2 1 -2 -0 1 -0 -1 2 0 3 -2 1 -1 1 -0 1 0 0 -0 -1 -1 1 -1 1 -0 -0 -0 1 ]
Shortest Vector: [380 269 97 115 -403 -378 70 -236 -146 159 -5 236 -580 -55 368 35 35 68 22 36 537 -271 316 -128 229 -248 -187 158 207 -444 -259 -223 -345 -70 176 -230 -1 -248 -554 -196 -349 -176 542 -92 -285 -132 -81 -375 200 -164 -13 -265 82 221 234 -430 115 86 305 97 391 82 95 -133 435 30 ]
Len: 2108.9

Runtime of standard enumeration: 0.17089 s.
Finishing after 1 attemps in 2.4897 s (processed 3 bases).
Working threads: 8
Using NTL types.
Activating EXTREME pruning.
Setting pruning parameter to 0.22.
Setting candidate-queue size to 10240.
Setting parallel-enum threshold to dimension 15.
Disabling usage of Gauss heuristic
Enabling BKZ-auto-height adaption.
Setting bkz-height to 2.
Setting pre-beta to 24.
Setting parallel-BKZ instances to 32.
Setting randomized trials to 9.
Read conf file at penum.conf
Setting prebeta parameter to 1.
Setting pruning parameter to 0.175.
Delta: 0.9999
Beta: 20
Mode: 1
Candidate Height: 10
Target length: 2109
Trying to read: ./inppap/svpc-e1-d66-6880.txt
Read a basis of dimension: 66 / 66 with |b_0| = 0.4614636924e199
Starting procedure
Preparing preprocessing of 8 threads.
Thread 0 is BKZ-20 reducing basis
Thread 1 is BKZ-20 reducing basis
Thread 6 is BKZ-20 reducing basis
Thread 5 is BKZ-20 reducing basis
Thread 4 is BKZ-20 reducing basis
Thread 7 is BKZ-20 reducing basis
Thread 3 is BKZ-20 reducing basis
Thread 2 is BKZ-20 reducing basis
|b_0| of BKZ-20 reduced basis of thread 0 is: 2503.824275(1.04245s [0.746613 s / 0.228078s ]).
|b_0| of BKZ-20 reduced basis of thread 6 is: 2186.651778(1.43419s [1.17192 s / 0.177794s ]).
|b_0| of BKZ-20 reduced basis of thread 3 is: 2506.363501(1.4675s [1.22667 s / 0.161199s ]).
|b_0| of BKZ-20 reduced basis of thread 1 is: 2332.29415(1.4893s [1.24562 s / 0.163259s ]).
|b_0| of BKZ-20 reduced basis of thread 5 is: 2484.327072(1.51925s [1.24608 s / 0.188906s ]).
|b_0| of BKZ-20 reduced basis of thread 2 is: 2523.50213(1.51713s [1.26891 s / 0.171044s ]).
|b_0| of BKZ-20 reduced basis of thread 4 is: 2396.963079(1.54972s [1.25376 s / 0.210296s ]).
|b_0| of BKZ-20 reduced basis of thread 7 is: 2567.379793(1.54896s [1.3085 s / 0.161782s ]).
Sorting 8 bases.
Time for preprocessing: 1.57798 seconds.
Processing base of thread 6
Executing ENUM with target length 2109
A: 4.4479e+06
Searching candidates in depth 10
coefficients: [ 0 0 0 0 0 0 0 0 0 0 0 0 0 0 0 0 0 0 0 0 0 0 0 0 0 0 0 0 0 0 0 0 0 0 0 0 0 0 0 0 0 0 0 0 0 0 0 0 0 0 0 0 0 0 0 0 0 0 0 0 0 0 0 0 0 0 ]
Shortest Vector: [0 0 0 0 0 0 0 0 0 0 0 0 0 0 0 0 0 0 0 0 0 0 0 0 0 0 0 0 0 0 0 0 0 0 0 0 0 0 0 0 0 0 0 0 0 0 0 0 0 0 0 0 0 0 0 0 0 0 0 0 0 0 0 0 0 0 ]
Len: 0

Runtime of standard enumeration: 0.28628 s.
Processing base of thread 1
Executing ENUM with target length 2109
A: 4.4479e+06
Searching candidates in depth 10
coefficients: [ 0 0 0 0 0 0 0 0 0 0 0 0 0 0 0 0 0 0 0 0 0 0 0 0 0 0 0 0 0 0 0 0 0 0 0 0 0 0 0 0 0 0 0 0 0 0 0 0 0 0 0 0 0 0 0 0 0 0 0 0 0 0 0 0 0 0 ]
Shortest Vector: [0 0 0 0 0 0 0 0 0 0 0 0 0 0 0 0 0 0 0 0 0 0 0 0 0 0 0 0 0 0 0 0 0 0 0 0 0 0 0 0 0 0 0 0 0 0 0 0 0 0 0 0 0 0 0 0 0 0 0 0 0 0 0 0 0 0 ]
Len: 0

Runtime of standard enumeration: 0.21548 s.
Processing base of thread 4
Executing ENUM with target length 2109
A: 4.4479e+06
Searching candidates in depth 10
coefficients: [ 0 0 0 0 0 0 0 0 0 0 0 0 0 0 0 0 0 0 0 0 0 0 0 0 0 0 0 0 0 0 0 0 0 0 0 0 0 0 0 0 0 0 0 0 0 0 0 0 0 0 0 0 0 0 0 0 0 0 0 0 0 0 0 0 0 0 ]
Shortest Vector: [0 0 0 0 0 0 0 0 0 0 0 0 0 0 0 0 0 0 0 0 0 0 0 0 0 0 0 0 0 0 0 0 0 0 0 0 0 0 0 0 0 0 0 0 0 0 0 0 0 0 0 0 0 0 0 0 0 0 0 0 0 0 0 0 0 0 ]
Len: 0

Runtime of standard enumeration: 0.21663 s.
Processing base of thread 5
Executing ENUM with target length 2109
A: 4.4479e+06
Searching candidates in depth 10
coefficients: [ 0 0 0 0 0 0 0 0 0 0 0 0 0 0 0 0 0 0 0 0 0 0 0 0 0 0 0 0 0 0 0 0 0 0 0 0 0 0 0 0 0 0 0 0 0 0 0 0 0 0 0 0 0 0 0 0 0 0 0 0 0 0 0 0 0 0 ]
Shortest Vector: [0 0 0 0 0 0 0 0 0 0 0 0 0 0 0 0 0 0 0 0 0 0 0 0 0 0 0 0 0 0 0 0 0 0 0 0 0 0 0 0 0 0 0 0 0 0 0 0 0 0 0 0 0 0 0 0 0 0 0 0 0 0 0 0 0 0 ]
Len: 0

Runtime of standard enumeration: 0.28333 s.
Processing base of thread 0
Executing ENUM with target length 2109
A: 4.4479e+06
Searching candidates in depth 10
Found new minumun (length: 2108)   2   -5    0    5    0    0    2    5    2    1   -6    3    2    0    1   -1    0   -1   -1   -1    0    1    1    1   -2   -1    0    1   -1    1   -2    0   -1    0    1   -2   -1    0    0    0   -1    1   -1   -2   -1   -1    0    1    0    1    0   -1   -1    0   -1    1    0    0    0    0    0    1   -1    1    0    0    0    0 
coefficients: [ 2 -5 -0 5 -0 -0 2 5 2 1 -6 3 2 -0 1 -1 -0 -1 -1 -1 -0 1 1 1 -2 -1 -0 1 -1 1 -2 -0 -1 -0 1 -2 -1 -0 -0 -0 -1 1 -1 -2 -1 -1 -0 1 -0 1 -0 -1 -1 -0 -1 1 -0 -0 -0 -0 0 1 -1 1 0 0 ]
Shortest Vector: [-380 -269 -97 -115 403 378 -70 236 146 -159 5 -236 580 55 -368 -35 -35 -68 -22 -36 -537 271 -316 128 -229 248 187 -158 -207 444 259 223 345 70 -176 230 1 248 554 196 349 176 -542 92 285 132 81 375 -200 164 13 265 -82 -221 -234 430 -115 -86 -305 -97 -391 -82 -95 133 -435 -30 ]
Len: 2108.9

Runtime of standard enumeration: 0.12039 s.
Finishing after 1 attemps in 3.0731 s (processed 5 bases).
Working threads: 8
Using NTL types.
Activating EXTREME pruning.
Setting pruning parameter to 0.22.
Setting candidate-queue size to 10240.
Setting parallel-enum threshold to dimension 15.
Disabling usage of Gauss heuristic
Enabling BKZ-auto-height adaption.
Setting bkz-height to 2.
Setting pre-beta to 24.
Setting parallel-BKZ instances to 32.
Setting randomized trials to 9.
Read conf file at penum.conf
Setting prebeta parameter to 1.
Setting pruning parameter to 0.175.
Delta: 0.9999
Beta: 20
Mode: 1
Candidate Height: 10
Target length: 2109
Trying to read: ./inppap/svpc-e1-d66-6880.txt
Read a basis of dimension: 66 / 66 with |b_0| = 0.4614636924e199
Starting procedure
Preparing preprocessing of 8 threads.
Thread 0 is BKZ-20 reducing basis
Thread 1 is BKZ-20 reducing basis
Thread 7 is BKZ-20 reducing basis
Thread 5 is BKZ-20 reducing basis
Thread 6 is BKZ-20 reducing basis
Thread 3 is BKZ-20 reducing basis
Thread 4 is BKZ-20 reducing basis
Thread 2 is BKZ-20 reducing basis
|b_0| of BKZ-20 reduced basis of thread 0 is: 2503.824275(1.06178s [0.761647 s / 0.229438s ]).
|b_0| of BKZ-20 reduced basis of thread 4 is: 2611.087321(1.42755s [1.25004 s / 0.10746s ]).
|b_0| of BKZ-20 reduced basis of thread 6 is: 2445.336787(1.44163s [1.22347 s / 0.140409s ]).
|b_0| of BKZ-20 reduced basis of thread 7 is: 2381.981318(1.47014s [1.17797 s / 0.204519s ]).
|b_0| of BKZ-20 reduced basis of thread 5 is: 2586.403294(1.51478s [1.3172 s / 0.110215s ]).
|b_0| of BKZ-20 reduced basis of thread 1 is: 2534.292603(1.53284s [1.28829 s / 0.160235s ]).
|b_0| of BKZ-20 reduced basis of thread 3 is: 2412.193607(1.5322s [1.24638 s / 0.211043s ]).
|b_0| of BKZ-20 reduced basis of thread 2 is: 2336.776412(1.58682s [1.2858 s / 0.220584s ]).
Sorting 8 bases.
Time for preprocessing: 1.62062 seconds.
Processing base of thread 2
Executing ENUM with target length 2109
A: 4.4479e+06
Searching candidates in depth 10
coefficients: [ 0 0 0 0 0 0 0 0 0 0 0 0 0 0 0 0 0 0 0 0 0 0 0 0 0 0 0 0 0 0 0 0 0 0 0 0 0 0 0 0 0 0 0 0 0 0 0 0 0 0 0 0 0 0 0 0 0 0 0 0 0 0 0 0 0 0 ]
Shortest Vector: [0 0 0 0 0 0 0 0 0 0 0 0 0 0 0 0 0 0 0 0 0 0 0 0 0 0 0 0 0 0 0 0 0 0 0 0 0 0 0 0 0 0 0 0 0 0 0 0 0 0 0 0 0 0 0 0 0 0 0 0 0 0 0 0 0 0 ]
Len: 0

Runtime of standard enumeration: 0.23283 s.
Processing base of thread 7
Executing ENUM with target length 2109
A: 4.4479e+06
Searching candidates in depth 10
coefficients: [ 0 0 0 0 0 0 0 0 0 0 0 0 0 0 0 0 0 0 0 0 0 0 0 0 0 0 0 0 0 0 0 0 0 0 0 0 0 0 0 0 0 0 0 0 0 0 0 0 0 0 0 0 0 0 0 0 0 0 0 0 0 0 0 0 0 0 ]
Shortest Vector: [0 0 0 0 0 0 0 0 0 0 0 0 0 0 0 0 0 0 0 0 0 0 0 0 0 0 0 0 0 0 0 0 0 0 0 0 0 0 0 0 0 0 0 0 0 0 0 0 0 0 0 0 0 0 0 0 0 0 0 0 0 0 0 0 0 0 ]
Len: 0

Runtime of standard enumeration: 0.20345 s.
Processing base of thread 3
Executing ENUM with target length 2109
A: 4.4479e+06
Searching candidates in depth 10
coefficients: [ 0 0 0 0 0 0 0 0 0 0 0 0 0 0 0 0 0 0 0 0 0 0 0 0 0 0 0 0 0 0 0 0 0 0 0 0 0 0 0 0 0 0 0 0 0 0 0 0 0 0 0 0 0 0 0 0 0 0 0 0 0 0 0 0 0 0 ]
Shortest Vector: [0 0 0 0 0 0 0 0 0 0 0 0 0 0 0 0 0 0 0 0 0 0 0 0 0 0 0 0 0 0 0 0 0 0 0 0 0 0 0 0 0 0 0 0 0 0 0 0 0 0 0 0 0 0 0 0 0 0 0 0 0 0 0 0 0 0 ]
Len: 0

Runtime of standard enumeration: 0.27309 s.
Processing base of thread 6
Executing ENUM with target length 2109
A: 4.4479e+06
Searching candidates in depth 10
Found new minumun (length: 2108)   0    2    0   -4   -2    2    1   -1    1    2   -1   -1    0   -1   -1    2   -1   -1    0    0    1   -1    0    0   -1   -2    0    0    0    0    0    0    1    0    1    1    1    1    0    0   -1    1    1    0    0    1    0    0    0    0    0    1    0    0    0    0    0    0    0    0    0    1    0    0    0    0    0    0 
coefficients: [ -0 2 -0 -4 -2 2 1 -1 1 2 -1 -1 -0 -1 -1 2 -1 -1 -0 -0 1 -1 -0 -0 -1 -2 -0 -0 -0 -0 -0 -0 1 -0 1 1 1 1 -0 -0 -1 1 1 -0 -0 1 -0 -0 0 -0 -0 1 0 0 0 0 -0 -0 -0 -0 -0 1 0 0 0 0 ]
Shortest Vector: [380 269 97 115 -403 -378 70 -236 -146 159 -5 236 -580 -55 368 35 35 68 22 36 537 -271 316 -128 229 -248 -187 158 207 -444 -259 -223 -345 -70 176 -230 -1 -248 -554 -196 -349 -176 542 -92 -285 -132 -81 -375 200 -164 -13 -265 82 221 234 -430 115 86 305 97 391 82 95 -133 435 30 ]
Len: 2108.9

Runtime of standard enumeration: 0.073742 s.
Finishing after 1 attemps in 2.701 s (processed 4 bases).
Working threads: 8
Using NTL types.
Activating EXTREME pruning.
Setting pruning parameter to 0.22.
Setting candidate-queue size to 10240.
Setting parallel-enum threshold to dimension 15.
Disabling usage of Gauss heuristic
Enabling BKZ-auto-height adaption.
Setting bkz-height to 2.
Setting pre-beta to 24.
Setting parallel-BKZ instances to 32.
Setting randomized trials to 9.
Read conf file at penum.conf
Setting prebeta parameter to 1.
Setting pruning parameter to 0.175.
Delta: 0.9999
Beta: 20
Mode: 1
Candidate Height: 10
Target length: 2109
Trying to read: ./inppap/svpc-e1-d66-6880.txt
Read a basis of dimension: 66 / 66 with |b_0| = 0.4614636924e199
Starting procedure
Preparing preprocessing of 8 threads.
Thread 0 is BKZ-20 reducing basis
Thread 3 is BKZ-20 reducing basis
Thread 2 is BKZ-20 reducing basis
Thread 6 is BKZ-20 reducing basis
Thread 1 is BKZ-20 reducing basis
Thread 4 is BKZ-20 reducing basis
Thread 7 is BKZ-20 reducing basis
Thread 5 is BKZ-20 reducing basis
|b_0| of BKZ-20 reduced basis of thread 0 is: 2503.824275(1.05245s [0.754857 s / 0.226408s ]).
|b_0| of BKZ-20 reduced basis of thread 4 is: 2324.946236(1.3408s [1.12834 s / 0.129949s ]).
|b_0| of BKZ-20 reduced basis of thread 7 is: 2428.054571(1.40067s [1.1923 s / 0.125452s ]).
|b_0| of BKZ-20 reduced basis of thread 2 is: 2436.258812(1.45584s [1.22372 s / 0.156827s ]).
|b_0| of BKZ-20 reduced basis of thread 1 is: 2624.496904(1.47722s [1.25736 s / 0.140672s ]).
|b_0| of BKZ-20 reduced basis of thread 6 is: 2538.512951(1.49737s [1.21107 s / 0.206363s ]).
|b_0| of BKZ-20 reduced basis of thread 5 is: 2523.932249(1.53751s [1.28128 s / 0.173551s ]).
|b_0| of BKZ-20 reduced basis of thread 3 is: 2453.423119(1.58718s [1.33825 s / 0.1769s ]).
Sorting 8 bases.
Time for preprocessing: 1.60321 seconds.
Processing base of thread 4
Executing ENUM with target length 2109
A: 4.4479e+06
Searching candidates in depth 10
coefficients: [ 0 0 0 0 0 0 0 0 0 0 0 0 0 0 0 0 0 0 0 0 0 0 0 0 0 0 0 0 0 0 0 0 0 0 0 0 0 0 0 0 0 0 0 0 0 0 0 0 0 0 0 0 0 0 0 0 0 0 0 0 0 0 0 0 0 0 ]
Shortest Vector: [0 0 0 0 0 0 0 0 0 0 0 0 0 0 0 0 0 0 0 0 0 0 0 0 0 0 0 0 0 0 0 0 0 0 0 0 0 0 0 0 0 0 0 0 0 0 0 0 0 0 0 0 0 0 0 0 0 0 0 0 0 0 0 0 0 0 ]
Len: 0

Runtime of standard enumeration: 0.30935 s.
Processing base of thread 7
Executing ENUM with target length 2109
A: 4.4479e+06
Searching candidates in depth 10
coefficients: [ 0 0 0 0 0 0 0 0 0 0 0 0 0 0 0 0 0 0 0 0 0 0 0 0 0 0 0 0 0 0 0 0 0 0 0 0 0 0 0 0 0 0 0 0 0 0 0 0 0 0 0 0 0 0 0 0 0 0 0 0 0 0 0 0 0 0 ]
Shortest Vector: [0 0 0 0 0 0 0 0 0 0 0 0 0 0 0 0 0 0 0 0 0 0 0 0 0 0 0 0 0 0 0 0 0 0 0 0 0 0 0 0 0 0 0 0 0 0 0 0 0 0 0 0 0 0 0 0 0 0 0 0 0 0 0 0 0 0 ]
Len: 0

Runtime of standard enumeration: 0.39859 s.
Processing base of thread 2
Executing ENUM with target length 2109
A: 4.4479e+06
Searching candidates in depth 10
Found new minumun (length: 2108)   0   -8   -4    1    3    9   -3    0   -5   -3   -5   -2   -9   -8    2    4   -1   -6   -1   -1   -5    0   -3    1   -4   -5   -2    0    0    2   -1   -1    0   -4    1    1   -1   -2    1    1   -1   -1   -1    1    1    0   -1   -1    1   -1    0    0    0    0    0    1    0   -1    0   -1    0    0    0    1    0    1    0    0 
coefficients: [ -0 -8 -4 1 3 9 -3 -0 -5 -3 -5 -2 -9 -8 2 4 -1 -6 -1 -1 -5 -0 -3 1 -4 -5 -2 -0 -0 2 -1 -1 0 -4 1 1 -1 -2 1 1 -1 -1 -1 1 1 -0 -1 -1 1 -1 -0 -0 -0 0 0 1 -0 -1 -0 -1 0 -0 -0 1 -0 1 ]
Shortest Vector: [380 269 97 115 -403 -378 70 -236 -146 159 -5 236 -580 -55 368 35 35 68 22 36 537 -271 316 -128 229 -248 -187 158 207 -444 -259 -223 -345 -70 176 -230 -1 -248 -554 -196 -349 -176 542 -92 -285 -132 -81 -375 200 -164 -13 -265 82 221 234 -430 115 86 305 97 391 82 95 -133 435 30 ]
Len: 2108.9

Runtime of standard enumeration: 0.27774 s.
Finishing after 1 attemps in 2.8156 s (processed 3 bases).
Working threads: 8
Using NTL types.
Activating EXTREME pruning.
Setting pruning parameter to 0.22.
Setting candidate-queue size to 10240.
Setting parallel-enum threshold to dimension 15.
Disabling usage of Gauss heuristic
Enabling BKZ-auto-height adaption.
Setting bkz-height to 2.
Setting pre-beta to 24.
Setting parallel-BKZ instances to 32.
Setting randomized trials to 9.
Read conf file at penum.conf
Setting prebeta parameter to 1.
Setting pruning parameter to 0.175.
Delta: 0.9999
Beta: 20
Mode: 1
Candidate Height: 2
Target length: -1
Trying to read: ./inppap/svpc-e1-d66-6880.txt
Read a basis of dimension: 66 / 66 with |b_0| = 0.4614636924e199
Starting procedure
NewNew Gauss is: 2199.65
Preparing preprocessing of 8 threads.
Thread 0 is BKZ-20 reducing basis
Thread 5 is BKZ-20 reducing basis
Thread 6 is BKZ-20 reducing basis
Thread 3 is BKZ-20 reducing basis
Thread 7 is BKZ-20 reducing basis
Thread 4 is BKZ-20 reducing basis
Thread 1 is BKZ-20 reducing basis
Thread 2 is BKZ-20 reducing basis
|b_0| of BKZ-20 reduced basis of thread 0 is: 2503.824275(1.01387s [0.727557 s / 0.226212s ]).
|b_0| of BKZ-20 reduced basis of thread 5 is: 2579.824606(1.33414s [1.13795 s / 0.114994s ]).
|b_0| of BKZ-20 reduced basis of thread 7 is: 2495.713726(1.44857s [1.25848 s / 0.112122s ]).
|b_0| of BKZ-20 reduced basis of thread 2 is: 2515.364586(1.44305s [1.24657 s / 0.125355s ]).
|b_0| of BKZ-20 reduced basis of thread 4 is: 2457.023606(1.49446s [1.1539 s / 0.262954s ]).
|b_0| of BKZ-20 reduced basis of thread 6 is: 2416.332759(1.55443s [1.27515 s / 0.197133s ]).
|b_0| of BKZ-20 reduced basis of thread 1 is: 2514.064438(1.57707s [1.20161 s / 0.298714s ]).
|b_0| of BKZ-20 reduced basis of thread 3 is: 2480.917975(1.59576s [1.28162 s / 0.2279s ]).
Sorting 8 bases.
Time for preprocessing: 1.61967 seconds.
Processing base of thread 6
Executing ENUM with target length 2199.7
A: 4.8385e+06
Searching candidates in depth 15
Found new minumun (length: 2179) -14  -11  -17    9   11  -10   -3    6   10    2    0   -6    8   -8    1    2    0    6    4   -6   -6   -4   -1    8    0    2    3    6   -3   -2    0   -1    2    2    0   -1    2   -3   -2    1    2   -1   -1   -1    1    0    0    1   -1    1    1    0    1    0    1    0    0   -1    0    1    0   -1    0    0    1    0    0    0 
coefficients: [ -14 -11 -17 9 11 -10 -3 6 10 2 -0 -6 8 -8 1 2 -0 6 4 -6 -6 -4 -1 8 -0 2 3 6 -3 -2 -0 -1 2 2 -0 -1 2 -3 -2 1 2 -1 -1 -1 1 -0 -0 1 -1 1 1 -0 1 -0 1 -0 0 -1 -0 1 0 -1 -0 -0 1 0 ]
Shortest Vector: [-19 181 -235 315 -326 -199 129 8 65 649 -259 -9 -233 189 503 -153 192 -296 272 149 104 -172 36 -128 280 -267 170 -18 367 542 -158 115 75 197 -342 170 -303 -207 337 -328 81 -28 509 31 -20 -149 197 60 -49 322 -573 -153 -228 -203 -321 91 -91 -177 -60 -15 -260 615 -479 590 -74 49 ]
Len: 2179.2

Runtime of standard enumeration: 1.146 s.
Processing base of thread 4
Executing ENUM with target length 2179.2
A: 4.749e+06
Searching candidates in depth 15
Found new minumun (length: 2143)   1    3   -2   -6   -2  -11    2   -4   -2   -4    0   -2   -1   -2    4   -3   -3   -6    0    3    0   -3    0   -2   -3   -1    0   -1    0   -1    2    0    3   -2    2    2   -3   -1    2    2    0    0   -1   -1    1    1   -1    0    1    1    0    1    1    0   -2    0   -1    0   -1    1    1    0    1   -1    0    0    0    0 
coefficients: [ 1 3 -2 -6 -2 -11 2 -4 -2 -4 -0 -2 -1 -2 4 -3 -3 -6 -0 3 -0 -3 -0 -2 -3 -1 -0 -1 -0 -1 2 -0 3 -2 2 2 -3 -1 2 2 -0 -0 -1 -1 1 1 -1 -0 1 1 0 1 1 -0 -2 0 -1 -0 -1 1 1 -0 1 -1 0 0 ]
Shortest Vector: [-1 109 -140 265 -98 -433 -224 -219 -65 92 -324 -362 33 -218 121 424 674 -130 -234 312 -83 4 233 427 -537 275 24 -231 188 -339 -39 210 -159 -97 9 -13 -371 -239 -292 109 114 32 -343 -234 -637 158 59 1 -10 59 79 30 -70 -327 -110 189 10 358 -312 455 35 226 -130 -123 759 -127 ]
Len: 2143.9

Runtime of standard enumeration: 0.41566 s.
Processing base of thread 3
Executing ENUM with target length 2143.9
A: 4.5963e+06
Searching candidates in depth 15
Found new minumun (length: 2143)   6    6    0   -1   -1   -1    1   -1    5    2   -3   -2    2   -3   -4    1   -1   -4    2    1    1    0    2    2    1    0    1    0    0    1    1    1    0    0    0    0    1   -1    0    0    0    0    0    1    0    0   -1    0    0    0    1    0   -1    0    0    0    0    0    0    0    1    0    0    0    0    0    0    0 
coefficients: [ 6 6 -0 -1 -1 -1 1 -1 5 2 -3 -2 2 -3 -4 1 -1 -4 2 1 1 -0 2 2 1 0 1 -0 -0 1 1 1 -0 -0 -0 -0 1 -1 -0 -0 -0 -0 -0 1 0 -0 -1 -0 -0 -0 1 -0 -1 -0 -0 -0 -0 -0 -0 -0 1 0 0 0 0 0 ]
Shortest Vector: [-1 109 -140 265 -98 -433 -224 -219 -65 92 -324 -362 33 -218 121 424 674 -130 -234 312 -83 4 233 427 -537 275 24 -231 188 -339 -39 210 -159 -97 9 -13 -371 -239 -292 109 114 32 -343 -234 -637 158 59 1 -10 59 79 30 -70 -327 -110 189 10 358 -312 455 35 226 -130 -123 759 -127 ]
Len: 2143.9

Runtime of standard enumeration: 0.056458 s.
Processing base of thread 7
Executing ENUM with target length 2143.9
A: 4.5963e+06
Searching candidates in depth 15
Found new minumun (length: 2115)  -5   12   -6    0    1   -2    2    1    0   -2   -6    3    2   -6   -4   -3   -4    4   -2    0   -5   -3    3    1    1   -1    1    0    0    0    0   -2    2    2    0    0    1    1   -1    1   -1   -1   -1    0    0    0    1    0    1    0    1    0    0    0    0    0    0    0    0    0    0    0    0    0    0    0    0    0 
coefficients: [ -5 12 -6 -0 1 -2 2 1 -0 -2 -6 3 2 -6 -4 -3 -4 4 -2 -0 -5 -3 3 1 1 -1 1 -0 -0 -0 -0 -2 2 2 0 -0 1 1 -1 1 -1 -1 -1 -0 0 -0 1 0 1 -0 1 0 0 0 0 0 0 0 0 0 0 0 0 0 0 0 ]
Shortest Vector: [-158 -137 291 27 -493 377 169 -91 375 -289 342 213 388 132 -29 278 377 -18 -158 326 41 -163 -49 329 -284 -404 55 117 245 131 140 348 29 -5 -143 -116 -33 -328 -109 146 -60 265 626 65 -217 -132 172 -132 10 148 215 140 475 242 -287 102 308 57 579 -831 -53 16 45 -94 -51 194 ]
Len: 2115.6

Runtime of standard enumeration: 0.0332 s.
Processing base of thread 0
Executing ENUM with target length 2115.6
A: 4.4758e+06
Searching candidates in depth 15
Found new minumun (length: 2108)   2   -5    0    5    0    0    2    5    2    1   -6    3    2    0    1   -1    0   -1   -1   -1    0    1    1    1   -2   -1    0    1   -1    1   -2    0   -1    0    1   -2   -1    0    0    0   -1    1   -1   -2   -1   -1    0    1    0    1    0   -1   -1    0   -1    1    0    0    0    0    0    1   -1    1    0    0    0    0 
coefficients: [ 2 -5 -0 5 -0 -0 2 5 2 1 -6 3 2 -0 1 -1 -0 -1 -1 -1 -0 1 1 1 -2 -1 -0 1 -1 1 -2 -0 -1 -0 1 -2 -1 -0 -0 -0 -1 1 -1 -2 -1 -1 -0 1 -0 1 0 -1 -1 -0 -1 1 -0 -0 -0 -0 0 1 -1 1 0 0 ]
Shortest Vector: [-380 -269 -97 -115 403 378 -70 236 146 -159 5 -236 580 55 -368 -35 -35 -68 -22 -36 -537 271 -316 128 -229 248 187 -158 -207 444 259 223 345 70 -176 230 1 248 554 196 349 176 -542 92 285 132 81 375 -200 164 13 265 -82 -221 -234 430 -115 -86 -305 -97 -391 -82 -95 133 -435 -30 ]
Len: 2108.9

Runtime of standard enumeration: 0.18012 s.
Finishing iterative search after 1 attemps in 3.8492 s (processed 5 bases).
