Working threads: 8
Using NTL types.
Activating EXTREME pruning.
Setting pruning parameter to 0.22.
Setting candidate-queue size to 10240.
Setting parallel-enum threshold to dimension 15.
Disabling usage of Gauss heuristic
Enabling BKZ-auto-height adaption.
Setting bkz-height to 2.
Setting pre-beta to 24.
Setting parallel-BKZ instances to 32.
Setting randomized trials to 9.
Read conf file at penum.conf
Setting prebeta parameter to 20.
Setting pruning parameter to 0.16.
Delta: 0.9
Beta: 2
Mode: 1
Candidate Height: 10
Target length: 2100
Trying to read: ./inppap/svpc-e1-d66-0.txt
Read a basis of dimension: 66 / 66 with |b_0| = 0.3538148218e199
Starting procedure
Preparing preprocessing of 8 threads.
Thread 0 is BKZ-2 reducing basis
Thread 6 is BKZ-2 reducing basis
Thread 4 is BKZ-2 reducing basis
Thread 2 is BKZ-2 reducing basis
Thread 5 is BKZ-2 reducing basis
Thread 7 is BKZ-2 reducing basis
Thread 1 is BKZ-2 reducing basis
Thread 3 is BKZ-2 reducing basis
|b_0| of BKZ-2 reduced basis of thread 0 is: 2614.852195(0.676117s [0.590827 s / 0.00980288s ]).
|b_0| of BKZ-2 reduced basis of thread 3 is: 2327.496509(0.934946s [0.854875 s / 0.00996042s ]).
|b_0| of BKZ-2 reduced basis of thread 6 is: 2654.953107(0.985297s [0.894374 s / 0.009533s ]).
|b_0| of BKZ-2 reduced basis of thread 7 is: 2577.733501(0.993773s [0.90358 s / 0.0107302s ]).
|b_0| of BKZ-2 reduced basis of thread 5 is: 2308.22161(0.996221s [0.906735 s / 0.010406s ]).
|b_0| of BKZ-2 reduced basis of thread 1 is: 2565.464091(1.0166s [0.921594 s / 0.0107544s ]).
|b_0| of BKZ-2 reduced basis of thread 4 is: 2429.359998(1.02434s [0.9334 s / 0.0104317s ]).
|b_0| of BKZ-2 reduced basis of thread 2 is: 2389.897487(1.02538s [0.938531 s / 0.00929495s ]).
Sorting 8 bases.
Time for preprocessing: 1.0575 seconds.
Processing base of thread 5
Executing ENUM with target length 2100
A: 4.41e+06
Searching candidates in depth 10
coefficients: [ 0 0 0 0 0 0 0 0 0 0 0 0 0 0 0 0 0 0 0 0 0 0 0 0 0 0 0 0 0 0 0 0 0 0 0 0 0 0 0 0 0 0 0 0 0 0 0 0 0 0 0 0 0 0 0 0 0 0 0 0 0 0 0 0 0 0 ]
Shortest Vector: [0 0 0 0 0 0 0 0 0 0 0 0 0 0 0 0 0 0 0 0 0 0 0 0 0 0 0 0 0 0 0 0 0 0 0 0 0 0 0 0 0 0 0 0 0 0 0 0 0 0 0 0 0 0 0 0 0 0 0 0 0 0 0 0 0 0 ]
Len: 0

Runtime of standard enumeration: 0.20948 s.
Processing base of thread 3
Executing ENUM with target length 2100
A: 4.41e+06
Searching candidates in depth 10
Found new minumun (length: 2098)   4    4   -2   14   12   -1    3   -3    6    5   -5  -12   -5    3   -1   -3    3    9   -8    4   -2   -3    1    0    1    3   -3    0    3    1    0   -3    1   -5    0    0    0    0   -1   -2   -1    1    1    1    0    1   -2   -2    2    0    0   -1   -1    0    0    0    0    0   -1    0    1   -1    0    0   -1    1    0    0 
coefficients: [ 4 4 -2 14 12 -1 3 -3 6 5 -5 -12 -5 3 -1 -3 3 9 -8 4 -2 -3 1 0 1 3 -3 -0 3 1 -0 -3 1 -5 -0 -0 -0 -0 -1 -2 -1 1 1 1 -0 1 -2 -2 2 -0 -0 -1 -1 0 0 0 -0 0 -1 0 1 -1 0 -0 -1 1 ]
Shortest Vector: [-159 -186 -188 170 192 -85 -5 240 155 362 -5 -59 -169 -28 -27 -37 410 268 -213 229 -25 -107 -10 90 -3 207 -148 159 21 215 -285 -224 -392 389 -68 -410 105 -246 -188 302 -432 171 -121 -180 -257 81 173 -169 -444 28 -124 115 -757 -94 -181 432 753 -13 110 -606 62 -432 175 281 -113 -82 ]
Len: 2099

Runtime of standard enumeration: 0.18461 s.
Finishing after 1 attemps in 1.5854 s (processed 2 bases).
Working threads: 8
Using NTL types.
Activating EXTREME pruning.
Setting pruning parameter to 0.22.
Setting candidate-queue size to 10240.
Setting parallel-enum threshold to dimension 15.
Disabling usage of Gauss heuristic
Enabling BKZ-auto-height adaption.
Setting bkz-height to 2.
Setting pre-beta to 24.
Setting parallel-BKZ instances to 32.
Setting randomized trials to 9.
Read conf file at penum.conf
Setting prebeta parameter to 20.
Setting pruning parameter to 0.16.
Delta: 0.9
Beta: 2
Mode: 1
Candidate Height: 10
Target length: 2100
Trying to read: ./inppap/svpc-e1-d66-0.txt
Read a basis of dimension: 66 / 66 with |b_0| = 0.3538148218e199
Starting procedure
Preparing preprocessing of 8 threads.
Thread 0 is BKZ-2 reducing basis
Thread 1 is BKZ-2 reducing basis
Thread 2 is BKZ-2 reducing basis
Thread 5 is BKZ-2 reducing basis
Thread 6 is BKZ-2 reducing basis
Thread 3 is BKZ-2 reducing basis
Thread 4 is BKZ-2 reducing basis
Thread 7 is BKZ-2 reducing basis
|b_0| of BKZ-2 reduced basis of thread 0 is: 2614.852195(0.716453s [0.640969 s / 0.00975208s ]).
|b_0| of BKZ-2 reduced basis of thread 3 is: 2553.697124(0.902672s [0.822654 s / 0.00975832s ]).
|b_0| of BKZ-2 reduced basis of thread 1 is: 2377.203609(1.03314s [0.945009 s / 0.00994924s ]).
|b_0| of BKZ-2 reduced basis of thread 2 is: 2422.338127(1.06546s [0.969536 s / 0.00982139s ]).
|b_0| of BKZ-2 reduced basis of thread 7 is: 2358.596829(1.04606s [0.976387 s / 0.00910496s ]).
|b_0| of BKZ-2 reduced basis of thread 6 is: 2546.472658(1.08631s [1.00415 s / 0.00925139s ]).
|b_0| of BKZ-2 reduced basis of thread 4 is: 2477.910814(1.09308s [1.01817 s / 0.00912047s ]).
|b_0| of BKZ-2 reduced basis of thread 5 is: 2521.473577(1.12026s [1.03579 s / 0.00929903s ]).
Sorting 8 bases.
Time for preprocessing: 1.1471 seconds.
Processing base of thread 7
Executing ENUM with target length 2100
A: 4.41e+06
Searching candidates in depth 10
coefficients: [ 0 0 0 0 0 0 0 0 0 0 0 0 0 0 0 0 0 0 0 0 0 0 0 0 0 0 0 0 0 0 0 0 0 0 0 0 0 0 0 0 0 0 0 0 0 0 0 0 0 0 0 0 0 0 0 0 0 0 0 0 0 0 0 0 0 0 ]
Shortest Vector: [0 0 0 0 0 0 0 0 0 0 0 0 0 0 0 0 0 0 0 0 0 0 0 0 0 0 0 0 0 0 0 0 0 0 0 0 0 0 0 0 0 0 0 0 0 0 0 0 0 0 0 0 0 0 0 0 0 0 0 0 0 0 0 0 0 0 ]
Len: 0

Runtime of standard enumeration: 0.15377 s.
Processing base of thread 1
Executing ENUM with target length 2100
A: 4.41e+06
Searching candidates in depth 10
Found new minumun (length: 2098) -10    7   -1    9    9    4   -4    2    2   -7    0   -2   -6   -1   -3    4    2    0   -1    2   -2   -9    4   -2    2   -7   -2   -2   -2   -3    2    3    2    4    0    1    3    0   -2   -2    1   -1    0    1    0    0    1   -1    0    1   -1   -2   -1   -1   -1    1   -2    1    0    1    1    0    0   -1    0   -1    0    0 
coefficients: [ -10 7 -1 9 9 4 -4 2 2 -7 -0 -2 -6 -1 -3 4 2 -0 -1 2 -2 -9 4 -2 2 -7 -2 -2 -2 -3 2 3 2 4 -0 1 3 -0 -2 -2 1 -1 0 1 -0 -0 1 -1 -0 1 -1 -2 -1 -1 -1 1 -2 1 -0 1 1 -0 0 -1 -0 -1 ]
Shortest Vector: [-159 -186 -188 170 192 -85 -5 240 155 362 -5 -59 -169 -28 -27 -37 410 268 -213 229 -25 -107 -10 90 -3 207 -148 159 21 215 -285 -224 -392 389 -68 -410 105 -246 -188 302 -432 171 -121 -180 -257 81 173 -169 -444 28 -124 115 -757 -94 -181 432 753 -13 110 -606 62 -432 175 281 -113 -82 ]
Len: 2099

Runtime of standard enumeration: 0.16609 s.
Finishing after 1 attemps in 1.6045 s (processed 2 bases).
Working threads: 8
Using NTL types.
Activating EXTREME pruning.
Setting pruning parameter to 0.22.
Setting candidate-queue size to 10240.
Setting parallel-enum threshold to dimension 15.
Disabling usage of Gauss heuristic
Enabling BKZ-auto-height adaption.
Setting bkz-height to 2.
Setting pre-beta to 24.
Setting parallel-BKZ instances to 32.
Setting randomized trials to 9.
Read conf file at penum.conf
Setting prebeta parameter to 20.
Setting pruning parameter to 0.16.
Delta: 0.9
Beta: 2
Mode: 1
Candidate Height: 10
Target length: 2100
Trying to read: ./inppap/svpc-e1-d66-0.txt
Read a basis of dimension: 66 / 66 with |b_0| = 0.3538148218e199
Starting procedure
Preparing preprocessing of 8 threads.
Thread 0 is BKZ-2 reducing basis
Thread 4 is BKZ-2 reducing basis
Thread 5 is BKZ-2 reducing basis
Thread 6 is BKZ-2 reducing basis
Thread 3 is BKZ-2 reducing basis
Thread 1 is BKZ-2 reducing basis
Thread 7 is BKZ-2 reducing basis
Thread 2 is BKZ-2 reducing basis
|b_0| of BKZ-2 reduced basis of thread 0 is: 2614.852195(0.663685s [0.591077 s / 0.00973207s ]).
|b_0| of BKZ-2 reduced basis of thread 3 is: 2412.094111(1.00901s [0.921443 s / 0.0119997s ]).
|b_0| of BKZ-2 reduced basis of thread 6 is: 2432.282262(1.01522s [0.918934 s / 0.0119685s ]).
|b_0| of BKZ-2 reduced basis of thread 2 is: 2637.411989(1.00333s [0.910541 s / 0.011508s ]).
|b_0| of BKZ-2 reduced basis of thread 1 is: 2485.306219(1.0401s [0.948859 s / 0.00912853s ]).
|b_0| of BKZ-2 reduced basis of thread 4 is: 2158.8622(1.04646s [0.965997 s / 0.0090742s ]).
|b_0| of BKZ-2 reduced basis of thread 7 is: 2471.558415(1.04066s [0.953446 s / 0.00968827s ]).
|b_0| of BKZ-2 reduced basis of thread 5 is: 2569.03114(1.05683s [0.966494 s / 0.00970727s ]).
Sorting 8 bases.
Time for preprocessing: 1.07226 seconds.
Processing base of thread 4
Executing ENUM with target length 2100
A: 4.41e+06
Searching candidates in depth 10
coefficients: [ 0 0 0 0 0 0 0 0 0 0 0 0 0 0 0 0 0 0 0 0 0 0 0 0 0 0 0 0 0 0 0 0 0 0 0 0 0 0 0 0 0 0 0 0 0 0 0 0 0 0 0 0 0 0 0 0 0 0 0 0 0 0 0 0 0 0 ]
Shortest Vector: [0 0 0 0 0 0 0 0 0 0 0 0 0 0 0 0 0 0 0 0 0 0 0 0 0 0 0 0 0 0 0 0 0 0 0 0 0 0 0 0 0 0 0 0 0 0 0 0 0 0 0 0 0 0 0 0 0 0 0 0 0 0 0 0 0 0 ]
Len: 0

Runtime of standard enumeration: 0.11307 s.
Processing base of thread 3
Executing ENUM with target length 2100
A: 4.41e+06
Searching candidates in depth 10
coefficients: [ 0 0 0 0 0 0 0 0 0 0 0 0 0 0 0 0 0 0 0 0 0 0 0 0 0 0 0 0 0 0 0 0 0 0 0 0 0 0 0 0 0 0 0 0 0 0 0 0 0 0 0 0 0 0 0 0 0 0 0 0 0 0 0 0 0 0 ]
Shortest Vector: [0 0 0 0 0 0 0 0 0 0 0 0 0 0 0 0 0 0 0 0 0 0 0 0 0 0 0 0 0 0 0 0 0 0 0 0 0 0 0 0 0 0 0 0 0 0 0 0 0 0 0 0 0 0 0 0 0 0 0 0 0 0 0 0 0 0 ]
Len: 0

Runtime of standard enumeration: 0.23515 s.
Processing base of thread 6
Executing ENUM with target length 2100
A: 4.41e+06
Searching candidates in depth 10
coefficients: [ 0 0 0 0 0 0 0 0 0 0 0 0 0 0 0 0 0 0 0 0 0 0 0 0 0 0 0 0 0 0 0 0 0 0 0 0 0 0 0 0 0 0 0 0 0 0 0 0 0 0 0 0 0 0 0 0 0 0 0 0 0 0 0 0 0 0 ]
Shortest Vector: [0 0 0 0 0 0 0 0 0 0 0 0 0 0 0 0 0 0 0 0 0 0 0 0 0 0 0 0 0 0 0 0 0 0 0 0 0 0 0 0 0 0 0 0 0 0 0 0 0 0 0 0 0 0 0 0 0 0 0 0 0 0 0 0 0 0 ]
Len: 0

Runtime of standard enumeration: 0.14217 s.
Processing base of thread 7
Executing ENUM with target length 2100
A: 4.41e+06
Searching candidates in depth 10
Found new minumun (length: 2098)  -5    1    7    4   -7   -3    2    1   -6    1   -7   -2   -3   -2   -1   -4    2    1    0    1   -1    2   -3   -3    0   -1    4   -2   -3   -2   -1    1    1    0   -1    0   -1   -1   -2    1   -1   -1    1    0    1    0    0    0    1   -1    1   -1    0    1    0    0    0    0   -1   -1    0    0    0    1   -1    0    0    0 
coefficients: [ -5 1 7 4 -7 -3 2 1 -6 1 -7 -2 -3 -2 -1 -4 2 1 -0 1 -1 2 -3 -3 -0 -1 4 -2 -3 -2 -1 1 1 -0 -1 -0 -1 -1 -2 1 -1 -1 1 -0 1 -0 -0 -0 1 -1 1 -1 -0 1 0 0 0 0 -1 -1 -0 -0 -0 1 -1 0 ]
Shortest Vector: [159 186 188 -170 -192 85 5 -240 -155 -362 5 59 169 28 27 37 -410 -268 213 -229 25 107 10 -90 3 -207 148 -159 -21 -215 285 224 392 -389 68 410 -105 246 188 -302 432 -171 121 180 257 -81 -173 169 444 -28 124 -115 757 94 181 -432 -753 13 -110 606 -62 432 -175 -281 113 82 ]
Len: 2099

Runtime of standard enumeration: 0.10788 s.
Finishing after 1 attemps in 1.9237 s (processed 4 bases).
Working threads: 8
Using NTL types.
Activating EXTREME pruning.
Setting pruning parameter to 0.22.
Setting candidate-queue size to 10240.
Setting parallel-enum threshold to dimension 15.
Disabling usage of Gauss heuristic
Enabling BKZ-auto-height adaption.
Setting bkz-height to 2.
Setting pre-beta to 24.
Setting parallel-BKZ instances to 32.
Setting randomized trials to 9.
Read conf file at penum.conf
Setting prebeta parameter to 20.
Setting pruning parameter to 0.16.
Delta: 0.9
Beta: 2
Mode: 1
Candidate Height: 10
Target length: 2100
Trying to read: ./inppap/svpc-e1-d66-0.txt
Read a basis of dimension: 66 / 66 with |b_0| = 0.3538148218e199
Starting procedure
Preparing preprocessing of 8 threads.
Thread 0 is BKZ-2 reducing basis
Thread 7 is BKZ-2 reducing basis
Thread 3 is BKZ-2 reducing basis
Thread 5 is BKZ-2 reducing basis
Thread 6 is BKZ-2 reducing basis
Thread 4 is BKZ-2 reducing basis
Thread 2 is BKZ-2 reducing basis
Thread 1 is BKZ-2 reducing basis
|b_0| of BKZ-2 reduced basis of thread 0 is: 2614.852195(0.660661s [0.582668 s / 0.0097059s ]).
|b_0| of BKZ-2 reduced basis of thread 2 is: 2463.672462(0.944705s [0.858122 s / 0.0099779s ]).
|b_0| of BKZ-2 reduced basis of thread 1 is: 2577.234758(1.00853s [0.920457 s / 0.0105132s ]).
|b_0| of BKZ-2 reduced basis of thread 5 is: 2385.771573(1.0312s [0.947103 s / 0.00969778s ]).
|b_0| of BKZ-2 reduced basis of thread 4 is: 2492.146464(1.0414s [0.958982 s / 0.00954178s ]).
|b_0| of BKZ-2 reduced basis of thread 7 is: 2508.533237(1.05605s [0.979487 s / 0.00944022s ]).
|b_0| of BKZ-2 reduced basis of thread 3 is: 2394.522291(1.06015s [0.969774 s / 0.00932598s ]).
|b_0| of BKZ-2 reduced basis of thread 6 is: 2227.439337(1.06016s [0.974644 s / 0.00912467s ]).
Sorting 8 bases.
Time for preprocessing: 1.0867 seconds.
Processing base of thread 6
Executing ENUM with target length 2100
A: 4.41e+06
Searching candidates in depth 10
coefficients: [ 0 0 0 0 0 0 0 0 0 0 0 0 0 0 0 0 0 0 0 0 0 0 0 0 0 0 0 0 0 0 0 0 0 0 0 0 0 0 0 0 0 0 0 0 0 0 0 0 0 0 0 0 0 0 0 0 0 0 0 0 0 0 0 0 0 0 ]
Shortest Vector: [0 0 0 0 0 0 0 0 0 0 0 0 0 0 0 0 0 0 0 0 0 0 0 0 0 0 0 0 0 0 0 0 0 0 0 0 0 0 0 0 0 0 0 0 0 0 0 0 0 0 0 0 0 0 0 0 0 0 0 0 0 0 0 0 0 0 ]
Len: 0

Runtime of standard enumeration: 0.15795 s.
Processing base of thread 5
Executing ENUM with target length 2100
A: 4.41e+06
Searching candidates in depth 10
coefficients: [ 0 0 0 0 0 0 0 0 0 0 0 0 0 0 0 0 0 0 0 0 0 0 0 0 0 0 0 0 0 0 0 0 0 0 0 0 0 0 0 0 0 0 0 0 0 0 0 0 0 0 0 0 0 0 0 0 0 0 0 0 0 0 0 0 0 0 ]
Shortest Vector: [0 0 0 0 0 0 0 0 0 0 0 0 0 0 0 0 0 0 0 0 0 0 0 0 0 0 0 0 0 0 0 0 0 0 0 0 0 0 0 0 0 0 0 0 0 0 0 0 0 0 0 0 0 0 0 0 0 0 0 0 0 0 0 0 0 0 ]
Len: 0

Runtime of standard enumeration: 0.194 s.
Processing base of thread 3
Executing ENUM with target length 2100
A: 4.41e+06
Searching candidates in depth 10
coefficients: [ 0 0 0 0 0 0 0 0 0 0 0 0 0 0 0 0 0 0 0 0 0 0 0 0 0 0 0 0 0 0 0 0 0 0 0 0 0 0 0 0 0 0 0 0 0 0 0 0 0 0 0 0 0 0 0 0 0 0 0 0 0 0 0 0 0 0 ]
Shortest Vector: [0 0 0 0 0 0 0 0 0 0 0 0 0 0 0 0 0 0 0 0 0 0 0 0 0 0 0 0 0 0 0 0 0 0 0 0 0 0 0 0 0 0 0 0 0 0 0 0 0 0 0 0 0 0 0 0 0 0 0 0 0 0 0 0 0 0 ]
Len: 0

Runtime of standard enumeration: 0.21296 s.
Processing base of thread 2
Executing ENUM with target length 2100
A: 4.41e+06
Searching candidates in depth 10
coefficients: [ 0 0 0 0 0 0 0 0 0 0 0 0 0 0 0 0 0 0 0 0 0 0 0 0 0 0 0 0 0 0 0 0 0 0 0 0 0 0 0 0 0 0 0 0 0 0 0 0 0 0 0 0 0 0 0 0 0 0 0 0 0 0 0 0 0 0 ]
Shortest Vector: [0 0 0 0 0 0 0 0 0 0 0 0 0 0 0 0 0 0 0 0 0 0 0 0 0 0 0 0 0 0 0 0 0 0 0 0 0 0 0 0 0 0 0 0 0 0 0 0 0 0 0 0 0 0 0 0 0 0 0 0 0 0 0 0 0 0 ]
Len: 0

Runtime of standard enumeration: 0.24319 s.
Processing base of thread 4
Executing ENUM with target length 2100
A: 4.41e+06
Searching candidates in depth 10
coefficients: [ 0 0 0 0 0 0 0 0 0 0 0 0 0 0 0 0 0 0 0 0 0 0 0 0 0 0 0 0 0 0 0 0 0 0 0 0 0 0 0 0 0 0 0 0 0 0 0 0 0 0 0 0 0 0 0 0 0 0 0 0 0 0 0 0 0 0 ]
Shortest Vector: [0 0 0 0 0 0 0 0 0 0 0 0 0 0 0 0 0 0 0 0 0 0 0 0 0 0 0 0 0 0 0 0 0 0 0 0 0 0 0 0 0 0 0 0 0 0 0 0 0 0 0 0 0 0 0 0 0 0 0 0 0 0 0 0 0 0 ]
Len: 0

Runtime of standard enumeration: 0.14938 s.
Processing base of thread 7
Executing ENUM with target length 2100
A: 4.41e+06
Searching candidates in depth 10
coefficients: [ 0 0 0 0 0 0 0 0 0 0 0 0 0 0 0 0 0 0 0 0 0 0 0 0 0 0 0 0 0 0 0 0 0 0 0 0 0 0 0 0 0 0 0 0 0 0 0 0 0 0 0 0 0 0 0 0 0 0 0 0 0 0 0 0 0 0 ]
Shortest Vector: [0 0 0 0 0 0 0 0 0 0 0 0 0 0 0 0 0 0 0 0 0 0 0 0 0 0 0 0 0 0 0 0 0 0 0 0 0 0 0 0 0 0 0 0 0 0 0 0 0 0 0 0 0 0 0 0 0 0 0 0 0 0 0 0 0 0 ]
Len: 0

Runtime of standard enumeration: 0.22483 s.
Processing base of thread 1
Executing ENUM with target length 2100
A: 4.41e+06
Searching candidates in depth 10
coefficients: [ 0 0 0 0 0 0 0 0 0 0 0 0 0 0 0 0 0 0 0 0 0 0 0 0 0 0 0 0 0 0 0 0 0 0 0 0 0 0 0 0 0 0 0 0 0 0 0 0 0 0 0 0 0 0 0 0 0 0 0 0 0 0 0 0 0 0 ]
Shortest Vector: [0 0 0 0 0 0 0 0 0 0 0 0 0 0 0 0 0 0 0 0 0 0 0 0 0 0 0 0 0 0 0 0 0 0 0 0 0 0 0 0 0 0 0 0 0 0 0 0 0 0 0 0 0 0 0 0 0 0 0 0 0 0 0 0 0 0 ]
Len: 0

Runtime of standard enumeration: 0.1866 s.
Processing base of thread 0
Executing ENUM with target length 2100
A: 4.41e+06
Searching candidates in depth 10
coefficients: [ 0 0 0 0 0 0 0 0 0 0 0 0 0 0 0 0 0 0 0 0 0 0 0 0 0 0 0 0 0 0 0 0 0 0 0 0 0 0 0 0 0 0 0 0 0 0 0 0 0 0 0 0 0 0 0 0 0 0 0 0 0 0 0 0 0 0 ]
Shortest Vector: [0 0 0 0 0 0 0 0 0 0 0 0 0 0 0 0 0 0 0 0 0 0 0 0 0 0 0 0 0 0 0 0 0 0 0 0 0 0 0 0 0 0 0 0 0 0 0 0 0 0 0 0 0 0 0 0 0 0 0 0 0 0 0 0 0 0 ]
Len: 0

Runtime of standard enumeration: 0.26312 s.
Thread 7 is BKZ-2 reducing basis
Thread 5 is BKZ-2 reducing basis
Thread 3 is BKZ-2 reducing basis
Thread 6 is BKZ-2 reducing basis
Thread 1 is BKZ-2 reducing basis
Thread 4 is BKZ-2 reducing basis
Thread 2 is BKZ-2 reducing basis
Thread 0 is BKZ-2 reducing basis
|b_0| of BKZ-2 reduced basis of thread 6 is: 2391.597165(0.95909s [0.86491 s / 0.010237s ]).
|b_0| of BKZ-2 reduced basis of thread 5 is: 2571.944206(0.98349s [0.88982 s / 0.01051s ]).
|b_0| of BKZ-2 reduced basis of thread 1 is: 2527.011674(1.0019s [0.89362 s / 0.010294s ]).
|b_0| of BKZ-2 reduced basis of thread 3 is: 2606.123366(1.0042s [0.89384 s / 0.011297s ]).
|b_0| of BKZ-2 reduced basis of thread 7 is: 2616.902749(1.0148s [0.91354 s / 0.0099389s ]).
|b_0| of BKZ-2 reduced basis of thread 4 is: 2667.397421(1.0323s [0.92141 s / 0.01011s ]).
|b_0| of BKZ-2 reduced basis of thread 2 is: 2397.833814(1.0702s [0.96861 s / 0.0091935s ]).
|b_0| of BKZ-2 reduced basis of thread 0 is: 2265.139069(1.0769s [0.92597 s / 0.0088111s ]).
Sorting 8 bases.
Time for preprocessing: 1.0854 seconds.
Processing base of thread 0
Executing ENUM with target length 2100
A: 4.41e+06
Searching candidates in depth 10
Found new minumun (length: 2098)   6   -8    2    4    8    8    6    1   -2    1   -5    3    2   -7   -6    5    5    3    0   -5    0    0   -2   -2   -1    3    2    0    1    1   -3   -2    3    2    1    2    1    0    0    0   -1   -1    0    2    1    2   -1    1   -1    0   -1   -1    1   -1    0    1    1    0    0   -1    1    1    0   -1    0    0    0    0 
coefficients: [ 6 -8 2 4 8 8 6 1 -2 1 -5 3 2 -7 -6 5 5 3 -0 -5 -0 -0 -2 -2 -1 3 2 -0 1 1 -3 -2 3 2 1 2 1 -0 -0 0 -1 -1 -0 2 1 2 -1 1 -1 -0 -1 -1 1 -1 -0 1 1 -0 -0 -1 1 1 -0 -1 0 0 ]
Shortest Vector: [159 186 188 -170 -192 85 5 -240 -155 -362 5 59 169 28 27 37 -410 -268 213 -229 25 107 10 -90 3 -207 148 -159 -21 -215 285 224 392 -389 68 410 -105 246 188 -302 432 -171 121 180 257 -81 -173 169 444 -28 124 -115 757 94 181 -432 -753 13 -110 606 -62 432 -175 -281 113 82 ]
Len: 2099

Runtime of standard enumeration: 0.10609 s.
Finishing after 2 attemps in 4.4811 s (processed 9 bases).
Working threads: 8
Using NTL types.
Activating EXTREME pruning.
Setting pruning parameter to 0.22.
Setting candidate-queue size to 10240.
Setting parallel-enum threshold to dimension 15.
Disabling usage of Gauss heuristic
Enabling BKZ-auto-height adaption.
Setting bkz-height to 2.
Setting pre-beta to 24.
Setting parallel-BKZ instances to 32.
Setting randomized trials to 9.
Read conf file at penum.conf
Setting prebeta parameter to 20.
Setting pruning parameter to 0.16.
Delta: 0.9
Beta: 2
Mode: 1
Candidate Height: 10
Target length: 2100
Trying to read: ./inppap/svpc-e1-d66-0.txt
Read a basis of dimension: 66 / 66 with |b_0| = 0.3538148218e199
Starting procedure
Preparing preprocessing of 8 threads.
Thread 0 is BKZ-2 reducing basis
Thread 3 is BKZ-2 reducing basis
Thread 1 is BKZ-2 reducing basis
Thread 2 is BKZ-2 reducing basis
Thread 4 is BKZ-2 reducing basis
Thread 5 is BKZ-2 reducing basis
Thread 7 is BKZ-2 reducing basis
Thread 6 is BKZ-2 reducing basis
|b_0| of BKZ-2 reduced basis of thread 0 is: 2614.852195(0.696311s [0.619799 s / 0.00973142s ]).
|b_0| of BKZ-2 reduced basis of thread 1 is: 2449.408908(1.03061s [0.941503 s / 0.00990927s ]).
|b_0| of BKZ-2 reduced basis of thread 2 is: 2216.051895(1.02925s [0.946843 s / 0.0112497s ]).
|b_0| of BKZ-2 reduced basis of thread 4 is: 2360.836928(1.0459s [0.95623 s / 0.0105869s ]).
|b_0| of BKZ-2 reduced basis of thread 6 is: 2404.358334(1.0481s [0.972334 s / 0.0101811s ]).
|b_0| of BKZ-2 reduced basis of thread 5 is: 2553.842399(1.06795s [0.982632 s / 0.0100765s ]).
|b_0| of BKZ-2 reduced basis of thread 7 is: 2495.210011(1.08997s [1.00935 s / 0.00901283s ]).
|b_0| of BKZ-2 reduced basis of thread 3 is: 2278.288173(1.10981s [1.01944 s / 0.00954481s ]).
Sorting 8 bases.
Time for preprocessing: 1.13827 seconds.
Processing base of thread 2
Executing ENUM with target length 2100
A: 4.41e+06
Searching candidates in depth 10
coefficients: [ 0 0 0 0 0 0 0 0 0 0 0 0 0 0 0 0 0 0 0 0 0 0 0 0 0 0 0 0 0 0 0 0 0 0 0 0 0 0 0 0 0 0 0 0 0 0 0 0 0 0 0 0 0 0 0 0 0 0 0 0 0 0 0 0 0 0 ]
Shortest Vector: [0 0 0 0 0 0 0 0 0 0 0 0 0 0 0 0 0 0 0 0 0 0 0 0 0 0 0 0 0 0 0 0 0 0 0 0 0 0 0 0 0 0 0 0 0 0 0 0 0 0 0 0 0 0 0 0 0 0 0 0 0 0 0 0 0 0 ]
Len: 0

Runtime of standard enumeration: 0.14341 s.
Processing base of thread 3
Executing ENUM with target length 2100
A: 4.41e+06
Searching candidates in depth 10
coefficients: [ 0 0 0 0 0 0 0 0 0 0 0 0 0 0 0 0 0 0 0 0 0 0 0 0 0 0 0 0 0 0 0 0 0 0 0 0 0 0 0 0 0 0 0 0 0 0 0 0 0 0 0 0 0 0 0 0 0 0 0 0 0 0 0 0 0 0 ]
Shortest Vector: [0 0 0 0 0 0 0 0 0 0 0 0 0 0 0 0 0 0 0 0 0 0 0 0 0 0 0 0 0 0 0 0 0 0 0 0 0 0 0 0 0 0 0 0 0 0 0 0 0 0 0 0 0 0 0 0 0 0 0 0 0 0 0 0 0 0 ]
Len: 0

Runtime of standard enumeration: 0.12516 s.
Processing base of thread 4
Executing ENUM with target length 2100
A: 4.41e+06
Searching candidates in depth 10
coefficients: [ 0 0 0 0 0 0 0 0 0 0 0 0 0 0 0 0 0 0 0 0 0 0 0 0 0 0 0 0 0 0 0 0 0 0 0 0 0 0 0 0 0 0 0 0 0 0 0 0 0 0 0 0 0 0 0 0 0 0 0 0 0 0 0 0 0 0 ]
Shortest Vector: [0 0 0 0 0 0 0 0 0 0 0 0 0 0 0 0 0 0 0 0 0 0 0 0 0 0 0 0 0 0 0 0 0 0 0 0 0 0 0 0 0 0 0 0 0 0 0 0 0 0 0 0 0 0 0 0 0 0 0 0 0 0 0 0 0 0 ]
Len: 0

Runtime of standard enumeration: 0.17835 s.
Processing base of thread 6
Executing ENUM with target length 2100
A: 4.41e+06
Searching candidates in depth 10
Found new minumun (length: 2098)  -8    0  -21   14    9  -12    6    3    6    3   -2   -7    3   -9    3    2    5   -1   -1    0   -1   -5   -3   -3   -1    1    1   -3    1   -1   -1   -1    1    3   -2   -2   -2    0    0   -2   -1   -1   -1    0    0    2    1    1   -2    0    0   -1   -2    0   -2    1    0   -1    1    1    0    0   -1    0    0    0    0    0 
coefficients: [ -8 -0 -21 14 9 -12 6 3 6 3 -2 -7 3 -9 3 2 5 -1 -1 -0 -1 -5 -3 -3 -1 1 1 -3 1 -1 -1 -1 1 3 -2 -2 -2 -0 -0 -2 -1 -1 -1 -0 -0 2 1 1 -2 -0 -0 -1 -2 0 -2 1 0 -1 1 1 -0 -0 -1 0 0 0 ]
Shortest Vector: [159 186 188 -170 -192 85 5 -240 -155 -362 5 59 169 28 27 37 -410 -268 213 -229 25 107 10 -90 3 -207 148 -159 -21 -215 285 224 392 -389 68 410 -105 246 188 -302 432 -171 121 180 257 -81 -173 169 444 -28 124 -115 757 94 181 -432 -753 13 -110 606 -62 432 -175 -281 113 82 ]
Len: 2099

Runtime of standard enumeration: 0.046587 s.
Finishing after 1 attemps in 1.8882 s (processed 4 bases).
Working threads: 8
Using NTL types.
Activating EXTREME pruning.
Setting pruning parameter to 0.22.
Setting candidate-queue size to 10240.
Setting parallel-enum threshold to dimension 15.
Disabling usage of Gauss heuristic
Enabling BKZ-auto-height adaption.
Setting bkz-height to 2.
Setting pre-beta to 24.
Setting parallel-BKZ instances to 32.
Setting randomized trials to 9.
Read conf file at penum.conf
Setting prebeta parameter to 20.
Setting pruning parameter to 0.16.
Delta: 0.9
Beta: 2
Mode: 1
Candidate Height: 10
Target length: 2100
Trying to read: ./inppap/svpc-e1-d66-0.txt
Read a basis of dimension: 66 / 66 with |b_0| = 0.3538148218e199
Starting procedure
Preparing preprocessing of 8 threads.
Thread 0 is BKZ-2 reducing basis
Thread 1 is BKZ-2 reducing basis
Thread 2 is BKZ-2 reducing basis
Thread 7 is BKZ-2 reducing basis
Thread 4 is BKZ-2 reducing basis
Thread 6 is BKZ-2 reducing basis
Thread 5 is BKZ-2 reducing basis
Thread 3 is BKZ-2 reducing basis
|b_0| of BKZ-2 reduced basis of thread 0 is: 2614.852195(0.68207s [0.604488 s / 0.0097215s ]).
|b_0| of BKZ-2 reduced basis of thread 3 is: 2482.370037(1.00621s [0.920166 s / 0.0101245s ]).
|b_0| of BKZ-2 reduced basis of thread 2 is: 2517.787521(1.04555s [0.944832 s / 0.0108513s ]).
|b_0| of BKZ-2 reduced basis of thread 4 is: 2568.365434(1.04055s [0.94793 s / 0.0105892s ]).
|b_0| of BKZ-2 reduced basis of thread 7 is: 2297.041358(1.06148s [0.971554 s / 0.0110469s ]).
|b_0| of BKZ-2 reduced basis of thread 5 is: 2355.29616(1.05354s [0.956844 s / 0.0116413s ]).
|b_0| of BKZ-2 reduced basis of thread 6 is: 2562.598096(1.06169s [0.97085 s / 0.00968978s ]).
|b_0| of BKZ-2 reduced basis of thread 1 is: 2528.467322(1.07931s [1.00614 s / 0.00862315s ]).
Sorting 8 bases.
Time for preprocessing: 1.10069 seconds.
Processing base of thread 7
Executing ENUM with target length 2100
A: 4.41e+06
Searching candidates in depth 10
coefficients: [ 0 0 0 0 0 0 0 0 0 0 0 0 0 0 0 0 0 0 0 0 0 0 0 0 0 0 0 0 0 0 0 0 0 0 0 0 0 0 0 0 0 0 0 0 0 0 0 0 0 0 0 0 0 0 0 0 0 0 0 0 0 0 0 0 0 0 ]
Shortest Vector: [0 0 0 0 0 0 0 0 0 0 0 0 0 0 0 0 0 0 0 0 0 0 0 0 0 0 0 0 0 0 0 0 0 0 0 0 0 0 0 0 0 0 0 0 0 0 0 0 0 0 0 0 0 0 0 0 0 0 0 0 0 0 0 0 0 0 ]
Len: 0

Runtime of standard enumeration: 0.13892 s.
Processing base of thread 5
Executing ENUM with target length 2100
A: 4.41e+06
Searching candidates in depth 10
coefficients: [ 0 0 0 0 0 0 0 0 0 0 0 0 0 0 0 0 0 0 0 0 0 0 0 0 0 0 0 0 0 0 0 0 0 0 0 0 0 0 0 0 0 0 0 0 0 0 0 0 0 0 0 0 0 0 0 0 0 0 0 0 0 0 0 0 0 0 ]
Shortest Vector: [0 0 0 0 0 0 0 0 0 0 0 0 0 0 0 0 0 0 0 0 0 0 0 0 0 0 0 0 0 0 0 0 0 0 0 0 0 0 0 0 0 0 0 0 0 0 0 0 0 0 0 0 0 0 0 0 0 0 0 0 0 0 0 0 0 0 ]
Len: 0

Runtime of standard enumeration: 0.12204 s.
Processing base of thread 3
Executing ENUM with target length 2100
A: 4.41e+06
Searching candidates in depth 10
coefficients: [ 0 0 0 0 0 0 0 0 0 0 0 0 0 0 0 0 0 0 0 0 0 0 0 0 0 0 0 0 0 0 0 0 0 0 0 0 0 0 0 0 0 0 0 0 0 0 0 0 0 0 0 0 0 0 0 0 0 0 0 0 0 0 0 0 0 0 ]
Shortest Vector: [0 0 0 0 0 0 0 0 0 0 0 0 0 0 0 0 0 0 0 0 0 0 0 0 0 0 0 0 0 0 0 0 0 0 0 0 0 0 0 0 0 0 0 0 0 0 0 0 0 0 0 0 0 0 0 0 0 0 0 0 0 0 0 0 0 0 ]
Len: 0

Runtime of standard enumeration: 0.23631 s.
Processing base of thread 2
Executing ENUM with target length 2100
A: 4.41e+06
Searching candidates in depth 10
coefficients: [ 0 0 0 0 0 0 0 0 0 0 0 0 0 0 0 0 0 0 0 0 0 0 0 0 0 0 0 0 0 0 0 0 0 0 0 0 0 0 0 0 0 0 0 0 0 0 0 0 0 0 0 0 0 0 0 0 0 0 0 0 0 0 0 0 0 0 ]
Shortest Vector: [0 0 0 0 0 0 0 0 0 0 0 0 0 0 0 0 0 0 0 0 0 0 0 0 0 0 0 0 0 0 0 0 0 0 0 0 0 0 0 0 0 0 0 0 0 0 0 0 0 0 0 0 0 0 0 0 0 0 0 0 0 0 0 0 0 0 ]
Len: 0

Runtime of standard enumeration: 0.15081 s.
Processing base of thread 1
Executing ENUM with target length 2100
A: 4.41e+06
Searching candidates in depth 10
coefficients: [ 0 0 0 0 0 0 0 0 0 0 0 0 0 0 0 0 0 0 0 0 0 0 0 0 0 0 0 0 0 0 0 0 0 0 0 0 0 0 0 0 0 0 0 0 0 0 0 0 0 0 0 0 0 0 0 0 0 0 0 0 0 0 0 0 0 0 ]
Shortest Vector: [0 0 0 0 0 0 0 0 0 0 0 0 0 0 0 0 0 0 0 0 0 0 0 0 0 0 0 0 0 0 0 0 0 0 0 0 0 0 0 0 0 0 0 0 0 0 0 0 0 0 0 0 0 0 0 0 0 0 0 0 0 0 0 0 0 0 ]
Len: 0

Runtime of standard enumeration: 0.12783 s.
Processing base of thread 6
Executing ENUM with target length 2100
A: 4.41e+06
Searching candidates in depth 10
Found new minumun (length: 2098)  -2   -2    2    0    0   -3   -1   -3    5   -1   -1    2   -5   -3    2   -2   -2    3   -1   -2    2   -3    2    0   -1   -1    2   -3    1    2    1    0    1    0    1   -1   -3    1    1    1    1   -2    1    0    1    0    1   -1    1   -1    0   -1    0    1    0    0    0    1    1   -1    0    0    0    0    0    0    0    0 
coefficients: [ -2 -2 2 -0 -0 -3 -1 -3 5 -1 -1 2 -5 -3 2 -2 -2 3 -1 -2 2 -3 2 -0 -1 -1 2 -3 1 2 1 -0 1 -0 1 -1 -3 1 1 1 1 -2 1 -0 1 -0 1 -1 1 -1 -0 -1 -0 1 0 0 -0 1 1 -1 0 0 0 0 0 0 ]
Shortest Vector: [-159 -186 -188 170 192 -85 -5 240 155 362 -5 -59 -169 -28 -27 -37 410 268 -213 229 -25 -107 -10 90 -3 207 -148 159 21 215 -285 -224 -392 389 -68 -410 105 -246 -188 302 -432 171 -121 -180 -257 81 173 -169 -444 28 -124 115 -757 -94 -181 432 753 -13 110 -606 62 -432 175 281 -113 -82 ]
Len: 2099

Runtime of standard enumeration: 0.040278 s.
Finishing after 1 attemps in 2.3031 s (processed 6 bases).
Working threads: 8
Using NTL types.
Activating EXTREME pruning.
Setting pruning parameter to 0.22.
Setting candidate-queue size to 10240.
Setting parallel-enum threshold to dimension 15.
Disabling usage of Gauss heuristic
Enabling BKZ-auto-height adaption.
Setting bkz-height to 2.
Setting pre-beta to 24.
Setting parallel-BKZ instances to 32.
Setting randomized trials to 9.
Read conf file at penum.conf
Setting prebeta parameter to 20.
Setting pruning parameter to 0.16.
Delta: 0.9
Beta: 2
Mode: 1
Candidate Height: 10
Target length: 2100
Trying to read: ./inppap/svpc-e1-d66-0.txt
Read a basis of dimension: 66 / 66 with |b_0| = 0.3538148218e199
Starting procedure
Preparing preprocessing of 8 threads.
Thread 0 is BKZ-2 reducing basis
Thread 1 is BKZ-2 reducing basis
Thread 6 is BKZ-2 reducing basis
Thread 3 is BKZ-2 reducing basis
Thread 2 is BKZ-2 reducing basis
Thread 7 is BKZ-2 reducing basis
Thread 4 is BKZ-2 reducing basis
Thread 5 is BKZ-2 reducing basis
|b_0| of BKZ-2 reduced basis of thread 0 is: 2614.852195(0.65403s [0.578888 s / 0.00977601s ]).
|b_0| of BKZ-2 reduced basis of thread 3 is: 2573.961927(0.937433s [0.846242 s / 0.0098085s ]).
|b_0| of BKZ-2 reduced basis of thread 7 is: 2659.503713(1.0034s [0.916855 s / 0.00983494s ]).
|b_0| of BKZ-2 reduced basis of thread 1 is: 2680.89817(1.02095s [0.927752 s / 0.00969228s ]).
|b_0| of BKZ-2 reduced basis of thread 4 is: 2365.678761(1.02091s [0.932408 s / 0.0102842s ]).
|b_0| of BKZ-2 reduced basis of thread 6 is: 2435.976396(1.02515s [0.924763 s / 0.00968402s ]).
|b_0| of BKZ-2 reduced basis of thread 2 is: 2562.50678(1.02759s [0.932584 s / 0.00949847s ]).
|b_0| of BKZ-2 reduced basis of thread 5 is: 2363.219203(1.04045s [0.955318 s / 0.00906389s ]).
Sorting 8 bases.
Time for preprocessing: 1.06984 seconds.
Processing base of thread 5
Executing ENUM with target length 2100
A: 4.41e+06
Searching candidates in depth 10
Found new minumun (length: 2098)   3   -5   -2   -2   -3   -7   -3    0   -3    2   -1   -3   -4   -2    1    4   -1   -3    0    2    3   -1    1   -1    2    0   -1   -1    1    1    0    1    0   -1    0   -1    0    1    0    1    0    1    0    0    1   -1   -1    0    0    1    1    1    0    0    0    0    0    0    0    0    1    0    0    0    0    0    0    0 
coefficients: [ 3 -5 -2 -2 -3 -7 -3 -0 -3 2 -1 -3 -4 -2 1 4 -1 -3 -0 2 3 -1 1 -1 2 -0 -1 -1 1 1 -0 1 -0 -1 0 -1 -0 1 -0 1 0 1 -0 0 1 -1 -1 -0 -0 1 1 1 0 0 0 0 -0 -0 -0 -0 1 0 0 0 0 0 ]
Shortest Vector: [159 186 188 -170 -192 85 5 -240 -155 -362 5 59 169 28 27 37 -410 -268 213 -229 25 107 10 -90 3 -207 148 -159 -21 -215 285 224 392 -389 68 410 -105 246 188 -302 432 -171 121 180 257 -81 -173 169 444 -28 124 -115 757 94 181 -432 -753 13 -110 606 -62 432 -175 -281 113 82 ]
Len: 2099

Runtime of standard enumeration: 0.027691 s.
Finishing after 1 attemps in 1.1689 s (processed 1 bases).
Working threads: 8
Using NTL types.
Activating EXTREME pruning.
Setting pruning parameter to 0.22.
Setting candidate-queue size to 10240.
Setting parallel-enum threshold to dimension 15.
Disabling usage of Gauss heuristic
Enabling BKZ-auto-height adaption.
Setting bkz-height to 2.
Setting pre-beta to 24.
Setting parallel-BKZ instances to 32.
Setting randomized trials to 9.
Read conf file at penum.conf
Setting prebeta parameter to 20.
Setting pruning parameter to 0.16.
Delta: 0.9
Beta: 2
Mode: 1
Candidate Height: 10
Target length: 2100
Trying to read: ./inppap/svpc-e1-d66-0.txt
Read a basis of dimension: 66 / 66 with |b_0| = 0.3538148218e199
Starting procedure
Preparing preprocessing of 8 threads.
Thread 0 is BKZ-2 reducing basis
Thread 1 is BKZ-2 reducing basis
Thread 4 is BKZ-Thread 2 reducing basis6 is BKZ-
2 reducing basis
Thread 7 is BKZ-2 reducing basis
Thread 5 is BKZ-2 reducing basis
Thread 3 is BKZ-2 reducing basis
Thread 2 is BKZ-2 reducing basis
|b_0| of BKZ-2 reduced basis of thread 0 is: 2614.852195(0.689079s [0.612785 s / 0.0099167s ]).
|b_0| of BKZ-2 reduced basis of thread 6 is: 2576.391663(0.947096s [0.850896 s / 0.00998629s ]).
|b_0| of BKZ-2 reduced basis of thread 2 is: 2496.919903(0.981401s [0.902292 s / 0.0103195s ]).
|b_0| of BKZ-2 reduced basis of thread 3 is: 2386.805606(1.02818s [0.941435 s / 0.0100147s ]).
|b_0| of BKZ-2 reduced basis of thread 5 is: 2422.796318(1.03693s [0.952044 s / 0.00965993s ]).
|b_0| of BKZ-2 reduced basis of thread 7 is: 2362.224164(1.0701s [0.992912 s / 0.00909702s ]).
|b_0| of BKZ-2 reduced basis of thread 4 is: 2371.21277(1.10591s [1.00981 s / 0.0086497s ]).
|b_0| of BKZ-2 reduced basis of thread 1 is: 2165.143413(1.10787s [1.01722 s / 0.00866571s ]).
Sorting 8 bases.
Time for preprocessing: 1.13315 seconds.
Processing base of thread 1
Executing ENUM with target length 2100
A: 4.41e+06
Searching candidates in depth 10
coefficients: [ 0 0 0 0 0 0 0 0 0 0 0 0 0 0 0 0 0 0 0 0 0 0 0 0 0 0 0 0 0 0 0 0 0 0 0 0 0 0 0 0 0 0 0 0 0 0 0 0 0 0 0 0 0 0 0 0 0 0 0 0 0 0 0 0 0 0 ]
Shortest Vector: [0 0 0 0 0 0 0 0 0 0 0 0 0 0 0 0 0 0 0 0 0 0 0 0 0 0 0 0 0 0 0 0 0 0 0 0 0 0 0 0 0 0 0 0 0 0 0 0 0 0 0 0 0 0 0 0 0 0 0 0 0 0 0 0 0 0 ]
Len: 0

Runtime of standard enumeration: 0.10443 s.
Processing base of thread 7
Executing ENUM with target length 2100
A: 4.41e+06
Searching candidates in depth 10
coefficients: [ 0 0 0 0 0 0 0 0 0 0 0 0 0 0 0 0 0 0 0 0 0 0 0 0 0 0 0 0 0 0 0 0 0 0 0 0 0 0 0 0 0 0 0 0 0 0 0 0 0 0 0 0 0 0 0 0 0 0 0 0 0 0 0 0 0 0 ]
Shortest Vector: [0 0 0 0 0 0 0 0 0 0 0 0 0 0 0 0 0 0 0 0 0 0 0 0 0 0 0 0 0 0 0 0 0 0 0 0 0 0 0 0 0 0 0 0 0 0 0 0 0 0 0 0 0 0 0 0 0 0 0 0 0 0 0 0 0 0 ]
Len: 0

Runtime of standard enumeration: 0.1801 s.
Processing base of thread 4
Executing ENUM with target length 2100
A: 4.41e+06
Searching candidates in depth 10
coefficients: [ 0 0 0 0 0 0 0 0 0 0 0 0 0 0 0 0 0 0 0 0 0 0 0 0 0 0 0 0 0 0 0 0 0 0 0 0 0 0 0 0 0 0 0 0 0 0 0 0 0 0 0 0 0 0 0 0 0 0 0 0 0 0 0 0 0 0 ]
Shortest Vector: [0 0 0 0 0 0 0 0 0 0 0 0 0 0 0 0 0 0 0 0 0 0 0 0 0 0 0 0 0 0 0 0 0 0 0 0 0 0 0 0 0 0 0 0 0 0 0 0 0 0 0 0 0 0 0 0 0 0 0 0 0 0 0 0 0 0 ]
Len: 0

Runtime of standard enumeration: 0.16141 s.
Processing base of thread 3
Executing ENUM with target length 2100
A: 4.41e+06
Searching candidates in depth 10
coefficients: [ 0 0 0 0 0 0 0 0 0 0 0 0 0 0 0 0 0 0 0 0 0 0 0 0 0 0 0 0 0 0 0 0 0 0 0 0 0 0 0 0 0 0 0 0 0 0 0 0 0 0 0 0 0 0 0 0 0 0 0 0 0 0 0 0 0 0 ]
Shortest Vector: [0 0 0 0 0 0 0 0 0 0 0 0 0 0 0 0 0 0 0 0 0 0 0 0 0 0 0 0 0 0 0 0 0 0 0 0 0 0 0 0 0 0 0 0 0 0 0 0 0 0 0 0 0 0 0 0 0 0 0 0 0 0 0 0 0 0 ]
Len: 0

Runtime of standard enumeration: 0.15023 s.
Processing base of thread 5
Executing ENUM with target length 2100
A: 4.41e+06
Searching candidates in depth 10
coefficients: [ 0 0 0 0 0 0 0 0 0 0 0 0 0 0 0 0 0 0 0 0 0 0 0 0 0 0 0 0 0 0 0 0 0 0 0 0 0 0 0 0 0 0 0 0 0 0 0 0 0 0 0 0 0 0 0 0 0 0 0 0 0 0 0 0 0 0 ]
Shortest Vector: [0 0 0 0 0 0 0 0 0 0 0 0 0 0 0 0 0 0 0 0 0 0 0 0 0 0 0 0 0 0 0 0 0 0 0 0 0 0 0 0 0 0 0 0 0 0 0 0 0 0 0 0 0 0 0 0 0 0 0 0 0 0 0 0 0 0 ]
Len: 0

Runtime of standard enumeration: 0.15838 s.
Processing base of thread 2
Executing ENUM with target length 2100
A: 4.41e+06
Searching candidates in depth 10
coefficients: [ 0 0 0 0 0 0 0 0 0 0 0 0 0 0 0 0 0 0 0 0 0 0 0 0 0 0 0 0 0 0 0 0 0 0 0 0 0 0 0 0 0 0 0 0 0 0 0 0 0 0 0 0 0 0 0 0 0 0 0 0 0 0 0 0 0 0 ]
Shortest Vector: [0 0 0 0 0 0 0 0 0 0 0 0 0 0 0 0 0 0 0 0 0 0 0 0 0 0 0 0 0 0 0 0 0 0 0 0 0 0 0 0 0 0 0 0 0 0 0 0 0 0 0 0 0 0 0 0 0 0 0 0 0 0 0 0 0 0 ]
Len: 0

Runtime of standard enumeration: 0.21772 s.
Processing base of thread 6
Executing ENUM with target length 2100
A: 4.41e+06
Searching candidates in depth 10
coefficients: [ 0 0 0 0 0 0 0 0 0 0 0 0 0 0 0 0 0 0 0 0 0 0 0 0 0 0 0 0 0 0 0 0 0 0 0 0 0 0 0 0 0 0 0 0 0 0 0 0 0 0 0 0 0 0 0 0 0 0 0 0 0 0 0 0 0 0 ]
Shortest Vector: [0 0 0 0 0 0 0 0 0 0 0 0 0 0 0 0 0 0 0 0 0 0 0 0 0 0 0 0 0 0 0 0 0 0 0 0 0 0 0 0 0 0 0 0 0 0 0 0 0 0 0 0 0 0 0 0 0 0 0 0 0 0 0 0 0 0 ]
Len: 0

Runtime of standard enumeration: 0.17505 s.
Processing base of thread 0
Executing ENUM with target length 2100
A: 4.41e+06
Searching candidates in depth 10
coefficients: [ 0 0 0 0 0 0 0 0 0 0 0 0 0 0 0 0 0 0 0 0 0 0 0 0 0 0 0 0 0 0 0 0 0 0 0 0 0 0 0 0 0 0 0 0 0 0 0 0 0 0 0 0 0 0 0 0 0 0 0 0 0 0 0 0 0 0 ]
Shortest Vector: [0 0 0 0 0 0 0 0 0 0 0 0 0 0 0 0 0 0 0 0 0 0 0 0 0 0 0 0 0 0 0 0 0 0 0 0 0 0 0 0 0 0 0 0 0 0 0 0 0 0 0 0 0 0 0 0 0 0 0 0 0 0 0 0 0 0 ]
Len: 0

Runtime of standard enumeration: 0.25359 s.
Thread 3 is BKZ-2 reducing basis
Thread 5 is BKZ-2 reducing basis
Thread 4 is BKZ-2 reducing basis
Thread 1 is BKZ-2 reducing basis
Thread 2 is BKZ-2 reducing basis
Thread 6 is BKZ-2 reducing basis
Thread 7 is BKZ-2 reducing basis
Thread 0 is BKZ-2 reducing basis
|b_0| of BKZ-2 reduced basis of thread 4 is: 2548.358884(0.91814s [0.83081 s / 0.0099959s ]).
|b_0| of BKZ-2 reduced basis of thread 3 is: 2437.068731(1.0233s [0.90366 s / 0.010549s ]).
|b_0| of BKZ-2 reduced basis of thread 2 is: 2512.053144(1.0252s [0.91207 s / 0.010041s ]).
|b_0| of BKZ-2 reduced basis of thread 1 is: 2622.515586(1.0285s [0.91837 s / 0.010008s ]).
|b_0| of BKZ-2 reduced basis of thread 5 is: 2501.665046(1.0361s [0.92613 s / 0.0099598s ]).
|b_0| of BKZ-2 reduced basis of thread 6 is: 2344.161471(1.057s [0.943 s / 0.010225s ]).
|b_0| of BKZ-2 reduced basis of thread 7 is: 2675.392495(1.082s [0.95964 s / 0.0099106s ]).
|b_0| of BKZ-2 reduced basis of thread 0 is: 2535.585928(1.0822s [0.90886 s / 0.0097846s ]).
Sorting 8 bases.
Time for preprocessing: 1.0904 seconds.
Processing base of thread 6
Executing ENUM with target length 2100
A: 4.41e+06
Searching candidates in depth 10
Found new minumun (length: 2098)   2   -1   -1    0   -2   -2    0   -5    8    0   -3   -3   -2    3   -5   -1   -4   -5   -3    1    2   -2    1    0   -1   -1   -1    0    2    0    2    4   -1    0    1    0   -2    2    2   -1   -1    0    2    1    0   -2    0    0   -2   -1    1    0    1    2    0    0    1    1    1    0    1   -1    1   -1    1    0    0    0 
coefficients: [ 2 -1 -1 -0 -2 -2 -0 -5 8 -0 -3 -3 -2 3 -5 -1 -4 -5 -3 1 2 -2 1 -0 -1 -1 -1 -0 2 -0 2 4 -1 -0 1 -0 -2 2 2 -1 -1 -0 2 1 -0 -2 -0 -0 -2 -1 1 -0 1 2 0 0 1 1 1 -0 1 -1 1 -1 1 0 ]
Shortest Vector: [-159 -186 -188 170 192 -85 -5 240 155 362 -5 -59 -169 -28 -27 -37 410 268 -213 229 -25 -107 -10 90 -3 207 -148 159 21 215 -285 -224 -392 389 -68 -410 105 -246 -188 302 -432 171 -121 -180 -257 81 173 -169 -444 28 -124 115 -757 -94 -181 432 753 -13 110 -606 62 -432 175 281 -113 -82 ]
Len: 2099

Runtime of standard enumeration: 0.078132 s.
Finishing after 2 attemps in 4.2771 s (processed 9 bases).
Working threads: 8
Using NTL types.
Activating EXTREME pruning.
Setting pruning parameter to 0.22.
Setting candidate-queue size to 10240.
Setting parallel-enum threshold to dimension 15.
Disabling usage of Gauss heuristic
Enabling BKZ-auto-height adaption.
Setting bkz-height to 2.
Setting pre-beta to 24.
Setting parallel-BKZ instances to 32.
Setting randomized trials to 9.
Read conf file at penum.conf
Setting prebeta parameter to 20.
Setting pruning parameter to 0.16.
Delta: 0.9
Beta: 2
Mode: 1
Candidate Height: 10
Target length: 2100
Trying to read: ./inppap/svpc-e1-d66-0.txt
Read a basis of dimension: 66 / 66 with |b_0| = 0.3538148218e199
Starting procedure
Preparing preprocessing of 8 threads.
Thread 0 is BKZ-2 reducing basis
Thread 4 is BKZ-2 reducing basis
Thread 1 is BKZ-2 reducing basis
Thread 2 is BKZ-2 reducing basis
Thread 3 is BKZ-2 reducing basis
Thread 7 is BKZ-2 reducing basis
Thread 6 is BKZ-2 reducing basis
Thread 5 is BKZ-2 reducing basis
|b_0| of BKZ-2 reduced basis of thread 0 is: 2614.852195(0.649415s [0.571312 s / 0.00968514s ]).
|b_0| of BKZ-2 reduced basis of thread 3 is: 2522.055313(0.933771s [0.850197 s / 0.00993962s ]).
|b_0| of BKZ-2 reduced basis of thread 7 is: 2364.661075(0.979303s [0.892887 s / 0.00976323s ]).
|b_0| of BKZ-2 reduced basis of thread 5 is: 2562.608632(1.00448s [0.91548 s / 0.00937405s ]).
|b_0| of BKZ-2 reduced basis of thread 4 is: 2478.821292(1.01227s [0.914099 s / 0.00977653s ]).
|b_0| of BKZ-2 reduced basis of thread 6 is: 2447.368791(1.02654s [0.942143 s / 0.00963919s ]).
|b_0| of BKZ-2 reduced basis of thread 2 is: 2229.734513(1.04232s [0.955284 s / 0.00932413s ]).
|b_0| of BKZ-2 reduced basis of thread 1 is: 2376.884726(1.08985s [1.00312 s / 0.00918733s ]).
Sorting 8 bases.
Time for preprocessing: 1.10649 seconds.
Processing base of thread 2
Executing ENUM with target length 2100
A: 4.41e+06
Searching candidates in depth 10
coefficients: [ 0 0 0 0 0 0 0 0 0 0 0 0 0 0 0 0 0 0 0 0 0 0 0 0 0 0 0 0 0 0 0 0 0 0 0 0 0 0 0 0 0 0 0 0 0 0 0 0 0 0 0 0 0 0 0 0 0 0 0 0 0 0 0 0 0 0 ]
Shortest Vector: [0 0 0 0 0 0 0 0 0 0 0 0 0 0 0 0 0 0 0 0 0 0 0 0 0 0 0 0 0 0 0 0 0 0 0 0 0 0 0 0 0 0 0 0 0 0 0 0 0 0 0 0 0 0 0 0 0 0 0 0 0 0 0 0 0 0 ]
Len: 0

Runtime of standard enumeration: 0.1488 s.
Processing base of thread 7
Executing ENUM with target length 2100
A: 4.41e+06
Searching candidates in depth 10
coefficients: [ 0 0 0 0 0 0 0 0 0 0 0 0 0 0 0 0 0 0 0 0 0 0 0 0 0 0 0 0 0 0 0 0 0 0 0 0 0 0 0 0 0 0 0 0 0 0 0 0 0 0 0 0 0 0 0 0 0 0 0 0 0 0 0 0 0 0 ]
Shortest Vector: [0 0 0 0 0 0 0 0 0 0 0 0 0 0 0 0 0 0 0 0 0 0 0 0 0 0 0 0 0 0 0 0 0 0 0 0 0 0 0 0 0 0 0 0 0 0 0 0 0 0 0 0 0 0 0 0 0 0 0 0 0 0 0 0 0 0 ]
Len: 0

Runtime of standard enumeration: 0.16694 s.
Processing base of thread 1
Executing ENUM with target length 2100
A: 4.41e+06
Searching candidates in depth 10
Found new minumun (length: 2098)   1  -12   -5   -2  -10    1    4    4   -2    2    0    2    3   -2   -2   -4    5    0   -1    0   -3    1    1    2   -2    3    3   -3    0   -2   -2   -1    0   -2    1   -1    1   -1   -1    0    1    1    1   -1    1    0   -1   -1    1    1    0    1    0    0    0    0    0    0    0    0    0    0    1    0    1   -1    0    0 
coefficients: [ 1 -12 -5 -2 -10 1 4 4 -2 2 -0 2 3 -2 -2 -4 5 -0 -1 -0 -3 1 1 2 -2 3 3 -3 -0 -2 -2 -1 -0 -2 1 -1 1 -1 -1 -0 1 1 1 -1 1 -0 -1 -1 1 1 -0 1 0 0 0 0 -0 0 -0 -0 0 -0 1 -0 1 -1 ]
Shortest Vector: [-159 -186 -188 170 192 -85 -5 240 155 362 -5 -59 -169 -28 -27 -37 410 268 -213 229 -25 -107 -10 90 -3 207 -148 159 21 215 -285 -224 -392 389 -68 -410 105 -246 -188 302 -432 171 -121 -180 -257 81 173 -169 -444 28 -124 115 -757 -94 -181 432 753 -13 110 -606 62 -432 175 281 -113 -82 ]
Len: 2099

Runtime of standard enumeration: 0.12249 s.
Finishing after 1 attemps in 1.7416 s (processed 3 bases).
Working threads: 8
Using NTL types.
Activating EXTREME pruning.
Setting pruning parameter to 0.22.
Setting candidate-queue size to 10240.
Setting parallel-enum threshold to dimension 15.
Disabling usage of Gauss heuristic
Enabling BKZ-auto-height adaption.
Setting bkz-height to 2.
Setting pre-beta to 24.
Setting parallel-BKZ instances to 32.
Setting randomized trials to 9.
Read conf file at penum.conf
Setting prebeta parameter to 20.
Setting pruning parameter to 0.16.
Delta: 0.9
Beta: 2
Mode: 1
Candidate Height: 10
Target length: 2100
Trying to read: ./inppap/svpc-e1-d66-0.txt
Read a basis of dimension: 66 / 66 with |b_0| = 0.3538148218e199
Starting procedure
Preparing preprocessing of 8 threads.
Thread 0 is BKZ-2 reducing basis
Thread 1 is BKZ-2 reducing basis
Thread 5 is BKZ-2 reducing basis
Thread 6 is BKZ-2 reducing basis
Thread 3 is BKZ-2 reducing basis
Thread 4 is BKZ-2 reducing basis
Thread 2 is BKZ-2 reducing basis
Thread 7 is BKZ-2 reducing basis
|b_0| of BKZ-2 reduced basis of thread 0 is: 2614.852195(0.68256s [0.606601 s / 0.00980793s ]).
|b_0| of BKZ-2 reduced basis of thread 1 is: 2459.979471(0.978083s [0.885159 s / 0.00969111s ]).
|b_0| of BKZ-2 reduced basis of thread 5 is: 2434.050123(1.03369s [0.943343 s / 0.0104268s ]).
|b_0| of BKZ-2 reduced basis of thread 6 is: 2577.592675(1.03781s [0.941086 s / 0.00979219s ]).
|b_0| of BKZ-2 reduced basis of thread 2 is: 2395.094988(1.02651s [0.933089 s / 0.0124869s ]).
|b_0| of BKZ-2 reduced basis of thread 4 is: 2349.865103(1.05867s [0.964342 s / 0.0104342s ]).
|b_0| of BKZ-2 reduced basis of thread 3 is: 2380.73035(1.06081s [0.963538 s / 0.0104072s ]).
|b_0| of BKZ-2 reduced basis of thread 7 is: 2418.123446(1.08865s [1.01144 s / 0.00934165s ]).
Sorting 8 bases.
Time for preprocessing: 1.14285 seconds.
Processing base of thread 4
Executing ENUM with target length 2100
A: 4.41e+06
Searching candidates in depth 10
coefficients: [ 0 0 0 0 0 0 0 0 0 0 0 0 0 0 0 0 0 0 0 0 0 0 0 0 0 0 0 0 0 0 0 0 0 0 0 0 0 0 0 0 0 0 0 0 0 0 0 0 0 0 0 0 0 0 0 0 0 0 0 0 0 0 0 0 0 0 ]
Shortest Vector: [0 0 0 0 0 0 0 0 0 0 0 0 0 0 0 0 0 0 0 0 0 0 0 0 0 0 0 0 0 0 0 0 0 0 0 0 0 0 0 0 0 0 0 0 0 0 0 0 0 0 0 0 0 0 0 0 0 0 0 0 0 0 0 0 0 0 ]
Len: 0

Runtime of standard enumeration: 0.20154 s.
Processing base of thread 3
Executing ENUM with target length 2100
A: 4.41e+06
Searching candidates in depth 10
coefficients: [ 0 0 0 0 0 0 0 0 0 0 0 0 0 0 0 0 0 0 0 0 0 0 0 0 0 0 0 0 0 0 0 0 0 0 0 0 0 0 0 0 0 0 0 0 0 0 0 0 0 0 0 0 0 0 0 0 0 0 0 0 0 0 0 0 0 0 ]
Shortest Vector: [0 0 0 0 0 0 0 0 0 0 0 0 0 0 0 0 0 0 0 0 0 0 0 0 0 0 0 0 0 0 0 0 0 0 0 0 0 0 0 0 0 0 0 0 0 0 0 0 0 0 0 0 0 0 0 0 0 0 0 0 0 0 0 0 0 0 ]
Len: 0

Runtime of standard enumeration: 0.19614 s.
Processing base of thread 2
Executing ENUM with target length 2100
A: 4.41e+06
Searching candidates in depth 10
coefficients: [ 0 0 0 0 0 0 0 0 0 0 0 0 0 0 0 0 0 0 0 0 0 0 0 0 0 0 0 0 0 0 0 0 0 0 0 0 0 0 0 0 0 0 0 0 0 0 0 0 0 0 0 0 0 0 0 0 0 0 0 0 0 0 0 0 0 0 ]
Shortest Vector: [0 0 0 0 0 0 0 0 0 0 0 0 0 0 0 0 0 0 0 0 0 0 0 0 0 0 0 0 0 0 0 0 0 0 0 0 0 0 0 0 0 0 0 0 0 0 0 0 0 0 0 0 0 0 0 0 0 0 0 0 0 0 0 0 0 0 ]
Len: 0

Runtime of standard enumeration: 0.17564 s.
Processing base of thread 7
Executing ENUM with target length 2100
A: 4.41e+06
Searching candidates in depth 10
coefficients: [ 0 0 0 0 0 0 0 0 0 0 0 0 0 0 0 0 0 0 0 0 0 0 0 0 0 0 0 0 0 0 0 0 0 0 0 0 0 0 0 0 0 0 0 0 0 0 0 0 0 0 0 0 0 0 0 0 0 0 0 0 0 0 0 0 0 0 ]
Shortest Vector: [0 0 0 0 0 0 0 0 0 0 0 0 0 0 0 0 0 0 0 0 0 0 0 0 0 0 0 0 0 0 0 0 0 0 0 0 0 0 0 0 0 0 0 0 0 0 0 0 0 0 0 0 0 0 0 0 0 0 0 0 0 0 0 0 0 0 ]
Len: 0

Runtime of standard enumeration: 0.15109 s.
Processing base of thread 5
Executing ENUM with target length 2100
A: 4.41e+06
Searching candidates in depth 10
coefficients: [ 0 0 0 0 0 0 0 0 0 0 0 0 0 0 0 0 0 0 0 0 0 0 0 0 0 0 0 0 0 0 0 0 0 0 0 0 0 0 0 0 0 0 0 0 0 0 0 0 0 0 0 0 0 0 0 0 0 0 0 0 0 0 0 0 0 0 ]
Shortest Vector: [0 0 0 0 0 0 0 0 0 0 0 0 0 0 0 0 0 0 0 0 0 0 0 0 0 0 0 0 0 0 0 0 0 0 0 0 0 0 0 0 0 0 0 0 0 0 0 0 0 0 0 0 0 0 0 0 0 0 0 0 0 0 0 0 0 0 ]
Len: 0

Runtime of standard enumeration: 0.19928 s.
Processing base of thread 1
Executing ENUM with target length 2100
A: 4.41e+06
Searching candidates in depth 10
coefficients: [ 0 0 0 0 0 0 0 0 0 0 0 0 0 0 0 0 0 0 0 0 0 0 0 0 0 0 0 0 0 0 0 0 0 0 0 0 0 0 0 0 0 0 0 0 0 0 0 0 0 0 0 0 0 0 0 0 0 0 0 0 0 0 0 0 0 0 ]
Shortest Vector: [0 0 0 0 0 0 0 0 0 0 0 0 0 0 0 0 0 0 0 0 0 0 0 0 0 0 0 0 0 0 0 0 0 0 0 0 0 0 0 0 0 0 0 0 0 0 0 0 0 0 0 0 0 0 0 0 0 0 0 0 0 0 0 0 0 0 ]
Len: 0

Runtime of standard enumeration: 0.26908 s.
Processing base of thread 6
Executing ENUM with target length 2100
A: 4.41e+06
Searching candidates in depth 10
coefficients: [ 0 0 0 0 0 0 0 0 0 0 0 0 0 0 0 0 0 0 0 0 0 0 0 0 0 0 0 0 0 0 0 0 0 0 0 0 0 0 0 0 0 0 0 0 0 0 0 0 0 0 0 0 0 0 0 0 0 0 0 0 0 0 0 0 0 0 ]
Shortest Vector: [0 0 0 0 0 0 0 0 0 0 0 0 0 0 0 0 0 0 0 0 0 0 0 0 0 0 0 0 0 0 0 0 0 0 0 0 0 0 0 0 0 0 0 0 0 0 0 0 0 0 0 0 0 0 0 0 0 0 0 0 0 0 0 0 0 0 ]
Len: 0

Runtime of standard enumeration: 0.19037 s.
Processing base of thread 0
Executing ENUM with target length 2100
A: 4.41e+06
Searching candidates in depth 10
coefficients: [ 0 0 0 0 0 0 0 0 0 0 0 0 0 0 0 0 0 0 0 0 0 0 0 0 0 0 0 0 0 0 0 0 0 0 0 0 0 0 0 0 0 0 0 0 0 0 0 0 0 0 0 0 0 0 0 0 0 0 0 0 0 0 0 0 0 0 ]
Shortest Vector: [0 0 0 0 0 0 0 0 0 0 0 0 0 0 0 0 0 0 0 0 0 0 0 0 0 0 0 0 0 0 0 0 0 0 0 0 0 0 0 0 0 0 0 0 0 0 0 0 0 0 0 0 0 0 0 0 0 0 0 0 0 0 0 0 0 0 ]
Len: 0

Runtime of standard enumeration: 0.26483 s.
Thread 5 is BKZ-2 reducing basis
Thread 6 is BKZ-2 reducing basis
Thread 2 is BKZ-2 reducing basis
Thread 7 is BKZ-2 reducing basis
Thread 4 is BKZ-2 reducing basis
Thread 3 is BKZ-2 reducing basis
Thread 1 is BKZ-2 reducing basis
Thread 0 is BKZ-2 reducing basis
|b_0| of BKZ-2 reduced basis of thread 5 is: 2526.639468(1.0081s [0.90462 s / 0.010394s ]).
|b_0| of BKZ-2 reduced basis of thread 2 is: |b_0| of BKZ-2 reduced basis of thread 3 is: 2491.047571(1.0414s [0.91985 s / 0.010497s ]).
2433.887015(1.0413s [0.91843 s / 0.010468s ]).
|b_0| of BKZ-2 reduced basis of thread 1 is: 2625.860621(1.0567s [0.91387 s / 0.012053s ]).
|b_0| of BKZ-2 reduced basis of thread 4 is: 2514.366719(1.0587s [0.93695 s / 0.010285s ]).
|b_0| of BKZ-2 reduced basis of thread 6 is: 2368.137243(1.0641s [0.95516 s / 0.0098384s ]).
|b_0| of BKZ-2 reduced basis of thread 7 is: 2556.909072(1.0883s [0.97829 s / 0.0095174s ]).
|b_0| of BKZ-2 reduced basis of thread 0 is: 2647.829111(1.1015s [0.92027 s / 0.0087141s ]).
Sorting 8 bases.
Time for preprocessing: 1.1095 seconds.
Processing base of thread 6
Executing ENUM with target length 2100
A: 4.41e+06
Searching candidates in depth 10
Found new minumun (length: 2098)  14  -17   28    7   -7   16   13   -3   20    3    3  -16   14    9    6    9    2   -4   -1    6    3    1    8   -4    1   -5    2   -5   -5    1   -1    3   -1    1   -4   -3    0    2   -2    1   -3    0   -1   -1    1   -2   -3   -1   -1    0    1   -1   -2   -2   -1    1    1    1    1    0    0    0    0    0    1    0    0    0 
coefficients: [ 14 -17 28 7 -7 16 13 -3 20 3 3 -16 14 9 6 9 2 -4 -1 6 3 1 8 -4 1 -5 2 -5 -5 1 -1 3 -1 1 -4 -3 -0 2 -2 1 -3 -0 -1 -1 1 -2 -3 -1 -1 -0 1 -1 -2 -2 -1 1 1 1 1 -0 -0 -0 -0 -0 1 0 ]
Shortest Vector: [159 186 188 -170 -192 85 5 -240 -155 -362 5 59 169 28 27 37 -410 -268 213 -229 25 107 10 -90 3 -207 148 -159 -21 -215 285 224 392 -389 68 410 -105 246 188 -302 432 -171 121 180 257 -81 -173 169 444 -28 124 -115 757 94 181 -432 -753 13 -110 606 -62 432 -175 -281 113 82 ]
Len: 2099

Runtime of standard enumeration: 0.087556 s.
Finishing after 2 attemps in 4.5591 s (processed 9 bases).
Working threads: 8
Using NTL types.
Activating EXTREME pruning.
Setting pruning parameter to 0.22.
Setting candidate-queue size to 10240.
Setting parallel-enum threshold to dimension 15.
Disabling usage of Gauss heuristic
Enabling BKZ-auto-height adaption.
Setting bkz-height to 2.
Setting pre-beta to 24.
Setting parallel-BKZ instances to 32.
Setting randomized trials to 9.
Read conf file at penum.conf
Setting prebeta parameter to 20.
Setting pruning parameter to 0.16.
Delta: 0.9
Beta: 2
Mode: 1
Candidate Height: 10
Target length: 2100
Trying to read: ./inppap/svpc-e1-d66-0.txt
Read a basis of dimension: 66 / 66 with |b_0| = 0.3538148218e199
Starting procedure
Preparing preprocessing of 8 threads.
Thread 0 is BKZ-2 reducing basis
Thread 6 is BKZ-2 reducing basis
Thread 2 is BKZ-2 reducing basis
Thread 5 is BKZ-2 reducing basis
Thread 7 is BKZ-2 reducing basis
Thread 4 is BKZ-2 reducing basis
Thread 1 is BKZ-2 reducing basis
Thread 3 is BKZ-2 reducing basis
|b_0| of BKZ-2 reduced basis of thread 0 is: 2614.852195(0.670264s [0.589878 s / 0.00978702s ]).
|b_0| of BKZ-2 reduced basis of thread 4 is: 2585.516776(0.965891s [0.883753 s / 0.00991771s ]).
|b_0| of BKZ-2 reduced basis of thread 3 is: 2566.344677(1.01245s [0.920569 s / 0.0117901s ]).
|b_0| of BKZ-2 reduced basis of thread 6 is: 2338.621175(1.03693s [0.937674 s / 0.0104498s ]).
|b_0| of BKZ-2 reduced basis of thread 7 is: 2483.428477(1.02792s [0.923941 s / 0.0126442s ]).
|b_0| of BKZ-2 reduced basis of thread 5 is: 2251.590105(1.03444s [0.929354 s / 0.0118402s ]).
|b_0| of BKZ-2 reduced basis of thread 2 is: 2478.288926(1.04167s [0.947108 s / 0.0115873s ]).
|b_0| of BKZ-2 reduced basis of thread 1 is: 2525.680898(1.03325s [0.950588 s / 0.00951744s ]).
Sorting 8 bases.
Time for preprocessing: 1.07164 seconds.
Processing base of thread 5
Executing ENUM with target length 2100
A: 4.41e+06
Searching candidates in depth 10
Found new minumun (length: 2098)  -9  -15  -17    4    1   11   -5   -4    1   -8   -7  -18  -13   13   15   12    4    7    4    8   -6    3    1  -12   -9   -6    2   -2   -4    0   -1   -4   -9   -2    0    2    0    1    4    4    4   -1   -1   -3    2   -1   -2    3    1   -2   -1    0   -1    0   -1    1   -1    1    0    1    1    0    0   -1    0    0    0    0 
coefficients: [ -9 -15 -17 4 1 11 -5 -4 1 -8 -7 -18 -13 13 15 12 4 7 4 8 -6 3 1 -12 -9 -6 2 -2 -4 -0 -1 -4 -9 -2 0 2 -0 1 4 4 4 -1 -1 -3 2 -1 -2 3 1 -2 -1 -0 -1 -0 -1 1 -1 1 0 1 1 -0 -0 -1 0 0 ]
Shortest Vector: [-159 -186 -188 170 192 -85 -5 240 155 362 -5 -59 -169 -28 -27 -37 410 268 -213 229 -25 -107 -10 90 -3 207 -148 159 21 215 -285 -224 -392 389 -68 -410 105 -246 -188 302 -432 171 -121 -180 -257 81 173 -169 -444 28 -124 115 -757 -94 -181 432 753 -13 110 -606 62 -432 175 281 -113 -82 ]
Len: 2099

Runtime of standard enumeration: 0.059863 s.
Finishing after 1 attemps in 1.2012 s (processed 1 bases).
Working threads: 8
Using NTL types.
Activating EXTREME pruning.
Setting pruning parameter to 0.22.
Setting candidate-queue size to 10240.
Setting parallel-enum threshold to dimension 15.
Disabling usage of Gauss heuristic
Enabling BKZ-auto-height adaption.
Setting bkz-height to 2.
Setting pre-beta to 24.
Setting parallel-BKZ instances to 32.
Setting randomized trials to 9.
Read conf file at penum.conf
Setting prebeta parameter to 20.
Setting pruning parameter to 0.16.
Delta: 0.9
Beta: 2
Mode: 1
Candidate Height: 10
Target length: 2100
Trying to read: ./inppap/svpc-e1-d66-0.txt
Read a basis of dimension: 66 / 66 with |b_0| = 0.3538148218e199
Starting procedure
Preparing preprocessing of 8 threads.
Thread 0 is BKZ-2 reducing basis
Thread 2 is BKZ-2 reducing basis
Thread 6 is BKZ-2 reducing basis
Thread 1 is BKZ-2 reducing basis
Thread 7 is BKZ-2 reducing basis
Thread 5 is BKZ-2 reducing basis
Thread 3 is BKZ-2 reducing basis
Thread 4 is BKZ-2 reducing basis
|b_0| of BKZ-2 reduced basis of thread 0 is: 2614.852195(0.679806s [0.606058 s / 0.00982584s ]).
|b_0| of BKZ-2 reduced basis of thread 6 is: 2681.205139(0.990886s [0.901546 s / 0.0106789s ]).
|b_0| of BKZ-2 reduced basis of thread 3 is: 2470.684925(0.994823s [0.912702 s / 0.0109147s ]).
|b_0| of BKZ-2 reduced basis of thread 2 is: 2681.038791(1.00391s [0.915001 s / 0.00967959s ]).
|b_0| of BKZ-2 reduced basis of thread 4 is: 2496.388391(1.02855s [0.929147 s / 0.00954655s ]).
|b_0| of BKZ-2 reduced basis of thread 7 is: 2485.106235(1.03884s [0.952778 s / 0.00985715s ]).
|b_0| of BKZ-2 reduced basis of thread 5 is: 2312.436594(1.0918s [1.00334 s / 0.00900236s ]).
|b_0| of BKZ-2 reduced basis of thread 1 is: 2602.711087(1.10872s [1.01924 s / 0.00932729s ]).
Sorting 8 bases.
Time for preprocessing: 1.12656 seconds.
Processing base of thread 5
Executing ENUM with target length 2100
A: 4.41e+06
Searching candidates in depth 10
coefficients: [ 0 0 0 0 0 0 0 0 0 0 0 0 0 0 0 0 0 0 0 0 0 0 0 0 0 0 0 0 0 0 0 0 0 0 0 0 0 0 0 0 0 0 0 0 0 0 0 0 0 0 0 0 0 0 0 0 0 0 0 0 0 0 0 0 0 0 ]
Shortest Vector: [0 0 0 0 0 0 0 0 0 0 0 0 0 0 0 0 0 0 0 0 0 0 0 0 0 0 0 0 0 0 0 0 0 0 0 0 0 0 0 0 0 0 0 0 0 0 0 0 0 0 0 0 0 0 0 0 0 0 0 0 0 0 0 0 0 0 ]
Len: 0

Runtime of standard enumeration: 0.26382 s.
Processing base of thread 3
Executing ENUM with target length 2100
A: 4.41e+06
Searching candidates in depth 10
coefficients: [ 0 0 0 0 0 0 0 0 0 0 0 0 0 0 0 0 0 0 0 0 0 0 0 0 0 0 0 0 0 0 0 0 0 0 0 0 0 0 0 0 0 0 0 0 0 0 0 0 0 0 0 0 0 0 0 0 0 0 0 0 0 0 0 0 0 0 ]
Shortest Vector: [0 0 0 0 0 0 0 0 0 0 0 0 0 0 0 0 0 0 0 0 0 0 0 0 0 0 0 0 0 0 0 0 0 0 0 0 0 0 0 0 0 0 0 0 0 0 0 0 0 0 0 0 0 0 0 0 0 0 0 0 0 0 0 0 0 0 ]
Len: 0

Runtime of standard enumeration: 0.26925 s.
Processing base of thread 7
Executing ENUM with target length 2100
A: 4.41e+06
Searching candidates in depth 10
coefficients: [ 0 0 0 0 0 0 0 0 0 0 0 0 0 0 0 0 0 0 0 0 0 0 0 0 0 0 0 0 0 0 0 0 0 0 0 0 0 0 0 0 0 0 0 0 0 0 0 0 0 0 0 0 0 0 0 0 0 0 0 0 0 0 0 0 0 0 ]
Shortest Vector: [0 0 0 0 0 0 0 0 0 0 0 0 0 0 0 0 0 0 0 0 0 0 0 0 0 0 0 0 0 0 0 0 0 0 0 0 0 0 0 0 0 0 0 0 0 0 0 0 0 0 0 0 0 0 0 0 0 0 0 0 0 0 0 0 0 0 ]
Len: 0

Runtime of standard enumeration: 0.21007 s.
Processing base of thread 4
Executing ENUM with target length 2100
A: 4.41e+06
Searching candidates in depth 10
coefficients: [ 0 0 0 0 0 0 0 0 0 0 0 0 0 0 0 0 0 0 0 0 0 0 0 0 0 0 0 0 0 0 0 0 0 0 0 0 0 0 0 0 0 0 0 0 0 0 0 0 0 0 0 0 0 0 0 0 0 0 0 0 0 0 0 0 0 0 ]
Shortest Vector: [0 0 0 0 0 0 0 0 0 0 0 0 0 0 0 0 0 0 0 0 0 0 0 0 0 0 0 0 0 0 0 0 0 0 0 0 0 0 0 0 0 0 0 0 0 0 0 0 0 0 0 0 0 0 0 0 0 0 0 0 0 0 0 0 0 0 ]
Len: 0

Runtime of standard enumeration: 0.22578 s.
Processing base of thread 1
Executing ENUM with target length 2100
A: 4.41e+06
Searching candidates in depth 10
coefficients: [ 0 0 0 0 0 0 0 0 0 0 0 0 0 0 0 0 0 0 0 0 0 0 0 0 0 0 0 0 0 0 0 0 0 0 0 0 0 0 0 0 0 0 0 0 0 0 0 0 0 0 0 0 0 0 0 0 0 0 0 0 0 0 0 0 0 0 ]
Shortest Vector: [0 0 0 0 0 0 0 0 0 0 0 0 0 0 0 0 0 0 0 0 0 0 0 0 0 0 0 0 0 0 0 0 0 0 0 0 0 0 0 0 0 0 0 0 0 0 0 0 0 0 0 0 0 0 0 0 0 0 0 0 0 0 0 0 0 0 ]
Len: 0

Runtime of standard enumeration: 0.2222 s.
Processing base of thread 0
Executing ENUM with target length 2100
A: 4.41e+06
Searching candidates in depth 10
coefficients: [ 0 0 0 0 0 0 0 0 0 0 0 0 0 0 0 0 0 0 0 0 0 0 0 0 0 0 0 0 0 0 0 0 0 0 0 0 0 0 0 0 0 0 0 0 0 0 0 0 0 0 0 0 0 0 0 0 0 0 0 0 0 0 0 0 0 0 ]
Shortest Vector: [0 0 0 0 0 0 0 0 0 0 0 0 0 0 0 0 0 0 0 0 0 0 0 0 0 0 0 0 0 0 0 0 0 0 0 0 0 0 0 0 0 0 0 0 0 0 0 0 0 0 0 0 0 0 0 0 0 0 0 0 0 0 0 0 0 0 ]
Len: 0

Runtime of standard enumeration: 0.26332 s.
Processing base of thread 2
Executing ENUM with target length 2100
A: 4.41e+06
Searching candidates in depth 10
Found new minumun (length: 2098)  -3   -1   -3   -2    5   -1    9   -4   -4    1    2   -5    2    5    0    0    0   -1    1    1    2   -3   -2   -3   -2   -2   -1   -2   -1    0    0    0    0   -1    0    0    1    0   -1   -1    1   -2    2   -1   -1    2   -2   -2    0   -1    0    1    0    1    1    0    1   -1    1   -1   -1    1    0   -1   -1    1    0    0 
coefficients: [ -3 -1 -3 -2 5 -1 9 -4 -4 1 2 -5 2 5 -0 -0 -0 -1 1 1 2 -3 -2 -3 -2 -2 -1 -2 -1 -0 -0 -0 -0 -1 -0 -0 1 -0 -1 -1 1 -2 2 -1 -1 2 -2 -2 0 -1 -0 1 -0 1 1 0 1 -1 1 -1 -1 1 -0 -1 -1 1 ]
Shortest Vector: [159 186 188 -170 -192 85 5 -240 -155 -362 5 59 169 28 27 37 -410 -268 213 -229 25 107 10 -90 3 -207 148 -159 -21 -215 285 224 392 -389 68 410 -105 246 188 -302 432 -171 121 180 257 -81 -173 169 444 -28 124 -115 757 94 181 -432 -753 13 -110 606 -62 432 -175 -281 113 82 ]
Len: 2099

Runtime of standard enumeration: 0.23226 s.
Finishing after 1 attemps in 3.2642 s (processed 7 bases).
Working threads: 8
Using NTL types.
Activating EXTREME pruning.
Setting pruning parameter to 0.22.
Setting candidate-queue size to 10240.
Setting parallel-enum threshold to dimension 15.
Disabling usage of Gauss heuristic
Enabling BKZ-auto-height adaption.
Setting bkz-height to 2.
Setting pre-beta to 24.
Setting parallel-BKZ instances to 32.
Setting randomized trials to 9.
Read conf file at penum.conf
Setting prebeta parameter to 20.
Setting pruning parameter to 0.16.
Delta: 0.9
Beta: 2
Mode: 1
Candidate Height: 10
Target length: 2100
Trying to read: ./inppap/svpc-e1-d66-0.txt
Read a basis of dimension: 66 / 66 with |b_0| = 0.3538148218e199
Starting procedure
Preparing preprocessing of 8 threads.
Thread 0 is BKZ-2 reducing basis
Thread 6 is BKZ-2 reducing basis
Thread 7 is BKZ-2 reducing basis
Thread 3 is BKZ-2 reducing basis
Thread 4 is BKZ-2 reducing basis
Thread 1 is BKZ-2 reducing basis
Thread 2 is BKZ-2 reducing basis
Thread 5 is BKZ-2 reducing basis
|b_0| of BKZ-2 reduced basis of thread 0 is: 2614.852195(0.671111s [0.596795 s / 0.00969973s ]).
|b_0| of BKZ-2 reduced basis of thread 4 is: 2467.298928(0.948999s [0.86298 s / 0.0099056s ]).
|b_0| of BKZ-2 reduced basis of thread 6 is: 2538.799126(0.996717s [0.907708 s / 0.00969502s ]).
|b_0| of BKZ-2 reduced basis of thread 7 is: 2596.273676(0.996499s [0.908021 s / 0.00955294s ]).
|b_0| of BKZ-2 reduced basis of thread 2 is: 2246.089268(1.02945s [0.94184 s / 0.00944246s ]).
|b_0| of BKZ-2 reduced basis of thread 5 is: 2431.198676(1.03348s [0.950024 s / 0.00918847s ]).
|b_0| of BKZ-2 reduced basis of thread 3 is: 2320.1306(1.06836s [0.986491 s / 0.0088777s ]).
|b_0| of BKZ-2 reduced basis of thread 1 is: 2409.241997(1.09266s [1.01 s / 0.00920385s ]).
Sorting 8 bases.
Time for preprocessing: 1.12476 seconds.
Processing base of thread 2
Executing ENUM with target length 2100
A: 4.41e+06
Searching candidates in depth 10
Found new minumun (length: 2098)  24   -4   -4  -12   -5    0   -4    8    4    4  -17   -6    4   -3    0   -3    4   12   -9    7   -6    2    4    4    4   -1    3    1   -3    2    4    0   -1    0   -3    2    1    1   -3   -3    3    0    1    0    1    1    1   -1    1    0   -1    0   -1   -1    0    1   -1    0   -1    1   -1    0    0    0    0    0    0    0 
coefficients: [ 24 -4 -4 -12 -5 -0 -4 8 4 4 -17 -6 4 -3 -0 -3 4 12 -9 7 -6 2 4 4 4 -1 3 1 -3 2 4 -0 -1 -0 -3 2 1 1 -3 -3 3 -0 1 -0 1 1 1 -1 1 0 -1 -0 -1 -1 -0 1 -1 -0 -1 1 -1 0 0 0 0 0 ]
Shortest Vector: [-159 -186 -188 170 192 -85 -5 240 155 362 -5 -59 -169 -28 -27 -37 410 268 -213 229 -25 -107 -10 90 -3 207 -148 159 21 215 -285 -224 -392 389 -68 -410 105 -246 -188 302 -432 171 -121 -180 -257 81 173 -169 -444 28 -124 115 -757 -94 -181 432 753 -13 110 -606 62 -432 175 281 -113 -82 ]
Len: 2099

Runtime of standard enumeration: 0.030539 s.
Finishing after 1 attemps in 1.2215 s (processed 1 bases).
Working threads: 8
Using NTL types.
Activating EXTREME pruning.
Setting pruning parameter to 0.22.
Setting candidate-queue size to 10240.
Setting parallel-enum threshold to dimension 15.
Disabling usage of Gauss heuristic
Enabling BKZ-auto-height adaption.
Setting bkz-height to 2.
Setting pre-beta to 24.
Setting parallel-BKZ instances to 32.
Setting randomized trials to 9.
Read conf file at penum.conf
Setting prebeta parameter to 20.
Setting pruning parameter to 0.16.
Delta: 0.9
Beta: 2
Mode: 1
Candidate Height: 10
Target length: 2100
Trying to read: ./inppap/svpc-e1-d66-0.txt
Read a basis of dimension: 66 / 66 with |b_0| = 0.3538148218e199
Starting procedure
Preparing preprocessing of 8 threads.
Thread 0 is BKZ-2 reducing basis
Thread 1 is BKZ-2 reducing basis
Thread 5 is BKZ-2 reducing basis
Thread 4 is BKZ-2 reducing basis
Thread 2 is BKZ-2 reducing basis
Thread 6 is BKZ-2 reducing basis
Thread 3 is BKZ-2 reducing basis
Thread 7 is BKZ-2 reducing basis
|b_0| of BKZ-2 reduced basis of thread 0 is: 2614.852195(0.642969s [0.570574 s / 0.00972324s ]).
|b_0| of BKZ-2 reduced basis of thread 2 is: 2355.389564(0.972253s [0.887553 s / 0.00993719s ]).
|b_0| of BKZ-2 reduced basis of thread 1 is: 2546.547074(0.983358s [0.894788 s / 0.00944418s ]).
|b_0| of BKZ-2 reduced basis of thread 6 is: 2671.539631(0.988199s [0.902548 s / 0.0102095s ]).
|b_0| of BKZ-2 reduced basis of thread 4 is: 2542.92607(0.995894s [0.909373 s / 0.00997513s ]).
|b_0| of BKZ-2 reduced basis of thread 5 is: 2523.111571(1.03716s [0.944938 s / 0.00902919s ]).
|b_0| of BKZ-2 reduced basis of thread 3 is: 2439.474534(1.03474s [0.94334 s / 0.0100584s ]).
|b_0| of BKZ-2 reduced basis of thread 7 is: 2487.043626(1.04059s [0.955863 s / 0.00972559s ]).
Sorting 8 bases.
Time for preprocessing: 1.05602 seconds.
Processing base of thread 2
Executing ENUM with target length 2100
A: 4.41e+06
Searching candidates in depth 10
coefficients: [ 0 0 0 0 0 0 0 0 0 0 0 0 0 0 0 0 0 0 0 0 0 0 0 0 0 0 0 0 0 0 0 0 0 0 0 0 0 0 0 0 0 0 0 0 0 0 0 0 0 0 0 0 0 0 0 0 0 0 0 0 0 0 0 0 0 0 ]
Shortest Vector: [0 0 0 0 0 0 0 0 0 0 0 0 0 0 0 0 0 0 0 0 0 0 0 0 0 0 0 0 0 0 0 0 0 0 0 0 0 0 0 0 0 0 0 0 0 0 0 0 0 0 0 0 0 0 0 0 0 0 0 0 0 0 0 0 0 0 ]
Len: 0

Runtime of standard enumeration: 0.18179 s.
Processing base of thread 3
Executing ENUM with target length 2100
A: 4.41e+06
Searching candidates in depth 10
coefficients: [ 0 0 0 0 0 0 0 0 0 0 0 0 0 0 0 0 0 0 0 0 0 0 0 0 0 0 0 0 0 0 0 0 0 0 0 0 0 0 0 0 0 0 0 0 0 0 0 0 0 0 0 0 0 0 0 0 0 0 0 0 0 0 0 0 0 0 ]
Shortest Vector: [0 0 0 0 0 0 0 0 0 0 0 0 0 0 0 0 0 0 0 0 0 0 0 0 0 0 0 0 0 0 0 0 0 0 0 0 0 0 0 0 0 0 0 0 0 0 0 0 0 0 0 0 0 0 0 0 0 0 0 0 0 0 0 0 0 0 ]
Len: 0

Runtime of standard enumeration: 0.15778 s.
Processing base of thread 7
Executing ENUM with target length 2100
A: 4.41e+06
Searching candidates in depth 10
coefficients: [ 0 0 0 0 0 0 0 0 0 0 0 0 0 0 0 0 0 0 0 0 0 0 0 0 0 0 0 0 0 0 0 0 0 0 0 0 0 0 0 0 0 0 0 0 0 0 0 0 0 0 0 0 0 0 0 0 0 0 0 0 0 0 0 0 0 0 ]
Shortest Vector: [0 0 0 0 0 0 0 0 0 0 0 0 0 0 0 0 0 0 0 0 0 0 0 0 0 0 0 0 0 0 0 0 0 0 0 0 0 0 0 0 0 0 0 0 0 0 0 0 0 0 0 0 0 0 0 0 0 0 0 0 0 0 0 0 0 0 ]
Len: 0

Runtime of standard enumeration: 0.17632 s.
Processing base of thread 5
Executing ENUM with target length 2100
A: 4.41e+06
Searching candidates in depth 10
coefficients: [ 0 0 0 0 0 0 0 0 0 0 0 0 0 0 0 0 0 0 0 0 0 0 0 0 0 0 0 0 0 0 0 0 0 0 0 0 0 0 0 0 0 0 0 0 0 0 0 0 0 0 0 0 0 0 0 0 0 0 0 0 0 0 0 0 0 0 ]
Shortest Vector: [0 0 0 0 0 0 0 0 0 0 0 0 0 0 0 0 0 0 0 0 0 0 0 0 0 0 0 0 0 0 0 0 0 0 0 0 0 0 0 0 0 0 0 0 0 0 0 0 0 0 0 0 0 0 0 0 0 0 0 0 0 0 0 0 0 0 ]
Len: 0

Runtime of standard enumeration: 0.26555 s.
Processing base of thread 4
Executing ENUM with target length 2100
A: 4.41e+06
Searching candidates in depth 10
Found new minumun (length: 2098)   6   -1   -2    1   -4   -3   -4   -1    0   -2   -1   -1   -3   -2   -4    3    0    1   -2   -5    0   -1    1    0   -1    2   -2    0    0   -1    0    4    2    0    0    0   -1    0    0   -1   -1    0   -1    0    2    2    0   -1   -1    1    0    0    0    0    0    1    0    0   -1    0    0    0   -1    0    0    0    0    0 
coefficients: [ 6 -1 -2 1 -4 -3 -4 -1 -0 -2 -1 -1 -3 -2 -4 3 -0 1 -2 -5 -0 -1 1 -0 -1 2 -2 -0 -0 -1 -0 4 2 -0 -0 -0 -1 -0 -0 -1 -1 0 -1 -0 2 2 -0 -1 -1 1 -0 0 -0 -0 -0 1 -0 -0 -1 -0 -0 -0 -1 0 0 0 ]
Shortest Vector: [-159 -186 -188 170 192 -85 -5 240 155 362 -5 -59 -169 -28 -27 -37 410 268 -213 229 -25 -107 -10 90 -3 207 -148 159 21 215 -285 -224 -392 389 -68 -410 105 -246 -188 302 -432 171 -121 -180 -257 81 173 -169 -444 28 -124 115 -757 -94 -181 432 753 -13 110 -606 62 -432 175 281 -113 -82 ]
Len: 2099

Runtime of standard enumeration: 0.050487 s.
Finishing after 1 attemps in 2.2141 s (processed 5 bases).
Working threads: 8
Using NTL types.
Activating EXTREME pruning.
Setting pruning parameter to 0.22.
Setting candidate-queue size to 10240.
Setting parallel-enum threshold to dimension 15.
Disabling usage of Gauss heuristic
Enabling BKZ-auto-height adaption.
Setting bkz-height to 2.
Setting pre-beta to 24.
Setting parallel-BKZ instances to 32.
Setting randomized trials to 9.
Read conf file at penum.conf
Setting prebeta parameter to 20.
Setting pruning parameter to 0.16.
Delta: 0.9
Beta: 2
Mode: 1
Candidate Height: 10
Target length: 2100
Trying to read: ./inppap/svpc-e1-d66-0.txt
Read a basis of dimension: 66 / 66 with |b_0| = 0.3538148218e199
Starting procedure
Preparing preprocessing of 8 threads.
Thread 0 is BKZ-2 reducing basis
Thread 2 is BKZ-2 reducing basis
Thread 3 is BKZ-2 reducing basis
Thread 7 is BKZ-2 reducing basis
Thread 6 is BKZ-2 reducing basis
Thread 4 is BKZ-2 reducing basis
Thread 5 is BKZ-2 reducing basis
Thread 1 is BKZ-2 reducing basis
|b_0| of BKZ-2 reduced basis of thread 0 is: 2614.852195(0.712511s [0.633546 s / 0.00973235s ]).
|b_0| of BKZ-2 reduced basis of thread 5 is: 2581.781749(0.985431s [0.905943 s / 0.00975921s ]).
|b_0| of BKZ-2 reduced basis of thread 4 is: 2537.338763(1.0042s [0.915452 s / 0.00988296s ]).
|b_0| of BKZ-2 reduced basis of thread 7 is: 2566.053585(1.05151s [0.96325 s / 0.00976642s ]).
|b_0| of BKZ-2 reduced basis of thread 2 is: 2425.286375(1.08673s [1.00145 s / 0.00975299s ]).
|b_0| of BKZ-2 reduced basis of thread 3 is: 2474.228769(1.09381s [1.01101 s / 0.00961711s ]).
|b_0| of BKZ-2 reduced basis of thread 6 is: 2639.437819(1.11288s [1.02381 s / 0.00953381s ]).
|b_0| of BKZ-2 reduced basis of thread 1 is: 2526.494211(1.1168s [1.04316 s / 0.00863032s ]).
Sorting 8 bases.
Time for preprocessing: 1.15377 seconds.
Processing base of thread 2
Executing ENUM with target length 2100
A: 4.41e+06
Searching candidates in depth 10
coefficients: [ 0 0 0 0 0 0 0 0 0 0 0 0 0 0 0 0 0 0 0 0 0 0 0 0 0 0 0 0 0 0 0 0 0 0 0 0 0 0 0 0 0 0 0 0 0 0 0 0 0 0 0 0 0 0 0 0 0 0 0 0 0 0 0 0 0 0 ]
Shortest Vector: [0 0 0 0 0 0 0 0 0 0 0 0 0 0 0 0 0 0 0 0 0 0 0 0 0 0 0 0 0 0 0 0 0 0 0 0 0 0 0 0 0 0 0 0 0 0 0 0 0 0 0 0 0 0 0 0 0 0 0 0 0 0 0 0 0 0 ]
Len: 0

Runtime of standard enumeration: 0.17338 s.
Processing base of thread 3
Executing ENUM with target length 2100
A: 4.41e+06
Searching candidates in depth 10
coefficients: [ 0 0 0 0 0 0 0 0 0 0 0 0 0 0 0 0 0 0 0 0 0 0 0 0 0 0 0 0 0 0 0 0 0 0 0 0 0 0 0 0 0 0 0 0 0 0 0 0 0 0 0 0 0 0 0 0 0 0 0 0 0 0 0 0 0 0 ]
Shortest Vector: [0 0 0 0 0 0 0 0 0 0 0 0 0 0 0 0 0 0 0 0 0 0 0 0 0 0 0 0 0 0 0 0 0 0 0 0 0 0 0 0 0 0 0 0 0 0 0 0 0 0 0 0 0 0 0 0 0 0 0 0 0 0 0 0 0 0 ]
Len: 0

Runtime of standard enumeration: 0.1587 s.
Processing base of thread 1
Executing ENUM with target length 2100
A: 4.41e+06
Searching candidates in depth 10
coefficients: [ 0 0 0 0 0 0 0 0 0 0 0 0 0 0 0 0 0 0 0 0 0 0 0 0 0 0 0 0 0 0 0 0 0 0 0 0 0 0 0 0 0 0 0 0 0 0 0 0 0 0 0 0 0 0 0 0 0 0 0 0 0 0 0 0 0 0 ]
Shortest Vector: [0 0 0 0 0 0 0 0 0 0 0 0 0 0 0 0 0 0 0 0 0 0 0 0 0 0 0 0 0 0 0 0 0 0 0 0 0 0 0 0 0 0 0 0 0 0 0 0 0 0 0 0 0 0 0 0 0 0 0 0 0 0 0 0 0 0 ]
Len: 0

Runtime of standard enumeration: 0.21707 s.
Processing base of thread 4
Executing ENUM with target length 2100
A: 4.41e+06
Searching candidates in depth 10
coefficients: [ 0 0 0 0 0 0 0 0 0 0 0 0 0 0 0 0 0 0 0 0 0 0 0 0 0 0 0 0 0 0 0 0 0 0 0 0 0 0 0 0 0 0 0 0 0 0 0 0 0 0 0 0 0 0 0 0 0 0 0 0 0 0 0 0 0 0 ]
Shortest Vector: [0 0 0 0 0 0 0 0 0 0 0 0 0 0 0 0 0 0 0 0 0 0 0 0 0 0 0 0 0 0 0 0 0 0 0 0 0 0 0 0 0 0 0 0 0 0 0 0 0 0 0 0 0 0 0 0 0 0 0 0 0 0 0 0 0 0 ]
Len: 0

Runtime of standard enumeration: 0.28638 s.
Processing base of thread 7
Executing ENUM with target length 2100
A: 4.41e+06
Searching candidates in depth 10
coefficients: [ 0 0 0 0 0 0 0 0 0 0 0 0 0 0 0 0 0 0 0 0 0 0 0 0 0 0 0 0 0 0 0 0 0 0 0 0 0 0 0 0 0 0 0 0 0 0 0 0 0 0 0 0 0 0 0 0 0 0 0 0 0 0 0 0 0 0 ]
Shortest Vector: [0 0 0 0 0 0 0 0 0 0 0 0 0 0 0 0 0 0 0 0 0 0 0 0 0 0 0 0 0 0 0 0 0 0 0 0 0 0 0 0 0 0 0 0 0 0 0 0 0 0 0 0 0 0 0 0 0 0 0 0 0 0 0 0 0 0 ]
Len: 0

Runtime of standard enumeration: 0.2151 s.
Processing base of thread 5
Executing ENUM with target length 2100
A: 4.41e+06
Searching candidates in depth 10
coefficients: [ 0 0 0 0 0 0 0 0 0 0 0 0 0 0 0 0 0 0 0 0 0 0 0 0 0 0 0 0 0 0 0 0 0 0 0 0 0 0 0 0 0 0 0 0 0 0 0 0 0 0 0 0 0 0 0 0 0 0 0 0 0 0 0 0 0 0 ]
Shortest Vector: [0 0 0 0 0 0 0 0 0 0 0 0 0 0 0 0 0 0 0 0 0 0 0 0 0 0 0 0 0 0 0 0 0 0 0 0 0 0 0 0 0 0 0 0 0 0 0 0 0 0 0 0 0 0 0 0 0 0 0 0 0 0 0 0 0 0 ]
Len: 0

Runtime of standard enumeration: 0.20408 s.
Processing base of thread 0
Executing ENUM with target length 2100
A: 4.41e+06
Searching candidates in depth 10
coefficients: [ 0 0 0 0 0 0 0 0 0 0 0 0 0 0 0 0 0 0 0 0 0 0 0 0 0 0 0 0 0 0 0 0 0 0 0 0 0 0 0 0 0 0 0 0 0 0 0 0 0 0 0 0 0 0 0 0 0 0 0 0 0 0 0 0 0 0 ]
Shortest Vector: [0 0 0 0 0 0 0 0 0 0 0 0 0 0 0 0 0 0 0 0 0 0 0 0 0 0 0 0 0 0 0 0 0 0 0 0 0 0 0 0 0 0 0 0 0 0 0 0 0 0 0 0 0 0 0 0 0 0 0 0 0 0 0 0 0 0 ]
Len: 0

Runtime of standard enumeration: 0.26145 s.
Processing base of thread 6
Executing ENUM with target length 2100
A: 4.41e+06
Searching candidates in depth 10
coefficients: [ 0 0 0 0 0 0 0 0 0 0 0 0 0 0 0 0 0 0 0 0 0 0 0 0 0 0 0 0 0 0 0 0 0 0 0 0 0 0 0 0 0 0 0 0 0 0 0 0 0 0 0 0 0 0 0 0 0 0 0 0 0 0 0 0 0 0 ]
Shortest Vector: [0 0 0 0 0 0 0 0 0 0 0 0 0 0 0 0 0 0 0 0 0 0 0 0 0 0 0 0 0 0 0 0 0 0 0 0 0 0 0 0 0 0 0 0 0 0 0 0 0 0 0 0 0 0 0 0 0 0 0 0 0 0 0 0 0 0 ]
Len: 0

Runtime of standard enumeration: 0.23286 s.
Thread 6 is BKZ-2 reducing basis
Thread 1 is BKZ-2 reducing basis
Thread 7 is BKZ-2 reducing basis
Thread 2 is BKZ-2 reducing basis
Thread 3 is BKZ-2 reducing basis
Thread 5 is BKZ-2 reducing basis
Thread 4 is BKZ-2 reducing basis
Thread 0 is BKZ-2 reducing basis
|b_0| of BKZ-2 reduced basis of thread 4 is: 2618.556473(0.982s [0.88315 s / 0.010491s ]).
|b_0| of BKZ-2 reduced basis of thread 2 is: 2621.403059(1.0086s [0.90275 s / 0.010249s ]).
|b_0| of BKZ-2 reduced basis of thread 3 is: 2495.279343(1.0284s [0.91935 s / 0.0096459s ]).
|b_0| of BKZ-2 reduced basis of thread 1 is: 2542.491691(1.0432s [0.92749 s / 0.010395s ]).
|b_0| of BKZ-2 reduced basis of thread 7 is: 2391.710894(1.048s [0.93377 s / 0.010258s ]).
|b_0| of BKZ-2 reduced basis of thread 6 is: 2530.214023(1.0533s [0.94906 s / 0.009297s ]).
|b_0| of BKZ-2 reduced basis of thread 5 is: 2359.350546(1.0685s [0.93944 s / 0.0090742s ]).
|b_0| of BKZ-2 reduced basis of thread 0 is: 2640.951533(1.0787s [0.906 s / 0.0087977s ]).
Sorting 8 bases.
Time for preprocessing: 1.0871 seconds.
Processing base of thread 5
Executing ENUM with target length 2100
A: 4.41e+06
Searching candidates in depth 10
Found new minumun (length: 2098)  -3   -1    6    8   -1   -1    3    6   -7    4    2    3    4   -2   -3   -1    4   -2    1    0    2    4    0    4    1    1    0   -4   -1   -2   -1    1    1    1    2    0   -1    0    0   -1    0    1   -1    1    0   -1   -2   -1    0    0    0    0   -1    1    0    0    0    1    0    0    0   -1    0    0    0    1    0    0 
coefficients: [ -3 -1 6 8 -1 -1 3 6 -7 4 2 3 4 -2 -3 -1 4 -2 1 -0 2 4 -0 4 1 1 -0 -4 -1 -2 -1 1 1 1 2 -0 -1 0 -0 -1 -0 1 -1 1 -0 -1 -2 -1 -0 -0 -0 -0 -1 1 0 0 -0 1 -0 -0 0 -1 -0 -0 -0 1 ]
Shortest Vector: [159 186 188 -170 -192 85 5 -240 -155 -362 5 59 169 28 27 37 -410 -268 213 -229 25 107 10 -90 3 -207 148 -159 -21 -215 285 224 392 -389 68 410 -105 246 188 -302 432 -171 121 180 257 -81 -173 169 444 -28 124 -115 757 94 181 -432 -753 13 -110 606 -62 432 -175 -281 113 82 ]
Len: 2099

Runtime of standard enumeration: 0.13062 s.
Finishing after 2 attemps in 4.6969 s (processed 9 bases).
Working threads: 8
Using NTL types.
Activating EXTREME pruning.
Setting pruning parameter to 0.22.
Setting candidate-queue size to 10240.
Setting parallel-enum threshold to dimension 15.
Disabling usage of Gauss heuristic
Enabling BKZ-auto-height adaption.
Setting bkz-height to 2.
Setting pre-beta to 24.
Setting parallel-BKZ instances to 32.
Setting randomized trials to 9.
Read conf file at penum.conf
Setting prebeta parameter to 20.
Setting pruning parameter to 0.16.
Delta: 0.9
Beta: 2
Mode: 1
Candidate Height: 10
Target length: 2100
Trying to read: ./inppap/svpc-e1-d66-0.txt
Read a basis of dimension: 66 / 66 with |b_0| = 0.3538148218e199
Starting procedure
Preparing preprocessing of 8 threads.
Thread 0 is BKZ-2 reducing basis
Thread 6 is BKZ-2 reducing basis
Thread 3 is BKZ-2 reducing basis
Thread 5 is BKZ-2 reducing basis
Thread 4 is BKZ-2 reducing basis
Thread 2 is BKZ-2 reducing basis
Thread 1 is BKZ-2 reducing basis
Thread 7 is BKZ-2 reducing basis
|b_0| of BKZ-2 reduced basis of thread 0 is: 2614.852195(0.67271s [0.599527 s / 0.0096866s ]).
|b_0| of BKZ-2 reduced basis of thread 5 is: 2375.081472(0.968678s [0.877427 s / 0.00991468s ]).
|b_0| of BKZ-2 reduced basis of thread 6 is: 2447.769597(1.02297s [0.932737 s / 0.0101483s ]).
|b_0| of BKZ-2 reduced basis of thread 4 is: 2379.850626(1.01594s [0.929106 s / 0.0105299s ]).
|b_0| of BKZ-2 reduced basis of thread 2 is: 2488.849333(1.02895s [0.945108 s / 0.0103412s ]).
|b_0| of BKZ-2 reduced basis of thread 1 is: 2582.059837(1.0335s [0.953894 s / 0.00898594s ]).
|b_0| of BKZ-2 reduced basis of thread 7 is: 2492.086676(1.0463s [0.968522 s / 0.00974203s ]).
|b_0| of BKZ-2 reduced basis of thread 3 is: 2381.059218(1.08593s [0.997949 s / 0.00870247s ]).
Sorting 8 bases.
Time for preprocessing: 1.10778 seconds.
Processing base of thread 5
Executing ENUM with target length 2100
A: 4.41e+06
Searching candidates in depth 10
coefficients: [ 0 0 0 0 0 0 0 0 0 0 0 0 0 0 0 0 0 0 0 0 0 0 0 0 0 0 0 0 0 0 0 0 0 0 0 0 0 0 0 0 0 0 0 0 0 0 0 0 0 0 0 0 0 0 0 0 0 0 0 0 0 0 0 0 0 0 ]
Shortest Vector: [0 0 0 0 0 0 0 0 0 0 0 0 0 0 0 0 0 0 0 0 0 0 0 0 0 0 0 0 0 0 0 0 0 0 0 0 0 0 0 0 0 0 0 0 0 0 0 0 0 0 0 0 0 0 0 0 0 0 0 0 0 0 0 0 0 0 ]
Len: 0

Runtime of standard enumeration: 0.20021 s.
Processing base of thread 4
Executing ENUM with target length 2100
A: 4.41e+06
Searching candidates in depth 10
coefficients: [ 0 0 0 0 0 0 0 0 0 0 0 0 0 0 0 0 0 0 0 0 0 0 0 0 0 0 0 0 0 0 0 0 0 0 0 0 0 0 0 0 0 0 0 0 0 0 0 0 0 0 0 0 0 0 0 0 0 0 0 0 0 0 0 0 0 0 ]
Shortest Vector: [0 0 0 0 0 0 0 0 0 0 0 0 0 0 0 0 0 0 0 0 0 0 0 0 0 0 0 0 0 0 0 0 0 0 0 0 0 0 0 0 0 0 0 0 0 0 0 0 0 0 0 0 0 0 0 0 0 0 0 0 0 0 0 0 0 0 ]
Len: 0

Runtime of standard enumeration: 0.13084 s.
Processing base of thread 3
Executing ENUM with target length 2100
A: 4.41e+06
Searching candidates in depth 10
coefficients: [ 0 0 0 0 0 0 0 0 0 0 0 0 0 0 0 0 0 0 0 0 0 0 0 0 0 0 0 0 0 0 0 0 0 0 0 0 0 0 0 0 0 0 0 0 0 0 0 0 0 0 0 0 0 0 0 0 0 0 0 0 0 0 0 0 0 0 ]
Shortest Vector: [0 0 0 0 0 0 0 0 0 0 0 0 0 0 0 0 0 0 0 0 0 0 0 0 0 0 0 0 0 0 0 0 0 0 0 0 0 0 0 0 0 0 0 0 0 0 0 0 0 0 0 0 0 0 0 0 0 0 0 0 0 0 0 0 0 0 ]
Len: 0

Runtime of standard enumeration: 0.12642 s.
Processing base of thread 6
Executing ENUM with target length 2100
A: 4.41e+06
Searching candidates in depth 10
coefficients: [ 0 0 0 0 0 0 0 0 0 0 0 0 0 0 0 0 0 0 0 0 0 0 0 0 0 0 0 0 0 0 0 0 0 0 0 0 0 0 0 0 0 0 0 0 0 0 0 0 0 0 0 0 0 0 0 0 0 0 0 0 0 0 0 0 0 0 ]
Shortest Vector: [0 0 0 0 0 0 0 0 0 0 0 0 0 0 0 0 0 0 0 0 0 0 0 0 0 0 0 0 0 0 0 0 0 0 0 0 0 0 0 0 0 0 0 0 0 0 0 0 0 0 0 0 0 0 0 0 0 0 0 0 0 0 0 0 0 0 ]
Len: 0

Runtime of standard enumeration: 0.19221 s.
Processing base of thread 2
Executing ENUM with target length 2100
A: 4.41e+06
Searching candidates in depth 10
coefficients: [ 0 0 0 0 0 0 0 0 0 0 0 0 0 0 0 0 0 0 0 0 0 0 0 0 0 0 0 0 0 0 0 0 0 0 0 0 0 0 0 0 0 0 0 0 0 0 0 0 0 0 0 0 0 0 0 0 0 0 0 0 0 0 0 0 0 0 ]
Shortest Vector: [0 0 0 0 0 0 0 0 0 0 0 0 0 0 0 0 0 0 0 0 0 0 0 0 0 0 0 0 0 0 0 0 0 0 0 0 0 0 0 0 0 0 0 0 0 0 0 0 0 0 0 0 0 0 0 0 0 0 0 0 0 0 0 0 0 0 ]
Len: 0

Runtime of standard enumeration: 0.16776 s.
Processing base of thread 7
Executing ENUM with target length 2100
A: 4.41e+06
Searching candidates in depth 10
coefficients: [ 0 0 0 0 0 0 0 0 0 0 0 0 0 0 0 0 0 0 0 0 0 0 0 0 0 0 0 0 0 0 0 0 0 0 0 0 0 0 0 0 0 0 0 0 0 0 0 0 0 0 0 0 0 0 0 0 0 0 0 0 0 0 0 0 0 0 ]
Shortest Vector: [0 0 0 0 0 0 0 0 0 0 0 0 0 0 0 0 0 0 0 0 0 0 0 0 0 0 0 0 0 0 0 0 0 0 0 0 0 0 0 0 0 0 0 0 0 0 0 0 0 0 0 0 0 0 0 0 0 0 0 0 0 0 0 0 0 0 ]
Len: 0

Runtime of standard enumeration: 0.1601 s.
Processing base of thread 1
Executing ENUM with target length 2100
A: 4.41e+06
Searching candidates in depth 10
coefficients: [ 0 0 0 0 0 0 0 0 0 0 0 0 0 0 0 0 0 0 0 0 0 0 0 0 0 0 0 0 0 0 0 0 0 0 0 0 0 0 0 0 0 0 0 0 0 0 0 0 0 0 0 0 0 0 0 0 0 0 0 0 0 0 0 0 0 0 ]
Shortest Vector: [0 0 0 0 0 0 0 0 0 0 0 0 0 0 0 0 0 0 0 0 0 0 0 0 0 0 0 0 0 0 0 0 0 0 0 0 0 0 0 0 0 0 0 0 0 0 0 0 0 0 0 0 0 0 0 0 0 0 0 0 0 0 0 0 0 0 ]
Len: 0

Runtime of standard enumeration: 0.16951 s.
Processing base of thread 0
Executing ENUM with target length 2100
A: 4.41e+06
Searching candidates in depth 10
coefficients: [ 0 0 0 0 0 0 0 0 0 0 0 0 0 0 0 0 0 0 0 0 0 0 0 0 0 0 0 0 0 0 0 0 0 0 0 0 0 0 0 0 0 0 0 0 0 0 0 0 0 0 0 0 0 0 0 0 0 0 0 0 0 0 0 0 0 0 ]
Shortest Vector: [0 0 0 0 0 0 0 0 0 0 0 0 0 0 0 0 0 0 0 0 0 0 0 0 0 0 0 0 0 0 0 0 0 0 0 0 0 0 0 0 0 0 0 0 0 0 0 0 0 0 0 0 0 0 0 0 0 0 0 0 0 0 0 0 0 0 ]
Len: 0

Runtime of standard enumeration: 0.25018 s.
Thread 3 is BKZ-2 reducing basis
Thread 4 is BKZ-2 reducing basis
Thread 1 is BKZ-2 reducing basis
Thread 7 is BKZ-2 reducing basis
Thread 2 is BKZ-2 reducing basis
Thread 5 is BKZ-2 reducing basis
Thread 6 is BKZ-2 reducing basis
Thread 0 is BKZ-2 reducing basis
|b_0| of BKZ-2 reduced basis of thread 5 is: 2473.020016(0.98714s [0.89802 s / 0.010129s ]).
|b_0| of BKZ-2 reduced basis of thread 2 is: 2508.477626(1.0047s [0.91018 s / 0.010556s ]).
|b_0| of BKZ-2 reduced basis of thread 4 is: 2391.734308(1.0173s [0.92133 s / 0.010341s ]).
|b_0| of BKZ-2 reduced basis of thread 7 is: 2808.087962(1.0258s [0.92667 s / 0.010262s ]).
|b_0| of BKZ-2 reduced basis of thread 3 is: 2335.11777(1.0435s [0.93501 s / 0.010209s ]).
|b_0| of BKZ-2 reduced basis of thread 6 is: 2396.420038(1.0627s [0.94378 s / 0.0099722s ]).
|b_0| of BKZ-2 reduced basis of thread 1 is: 2517.534508(1.0753s [0.97141 s / 0.0096088s ]).
|b_0| of BKZ-2 reduced basis of thread 0 is: 2394.636298(1.0907s [0.94963 s / 0.0092909s ]).
Sorting 8 bases.
Time for preprocessing: 1.0988 seconds.
Processing base of thread 3
Executing ENUM with target length 2100
A: 4.41e+06
Searching candidates in depth 10
Found new minumun (length: 2098)  -4  -11  -13   14    4  -13   -2  -11   -5   -8    4    0    6   -3   -6   -2    1    1    0    3    6   -6    2    7   -7    3    3   -3   -4   -8    0   -6    4    4   -3    0   -1    4    3    1    1   -2    1    1   -1   -3    0    2   -2    0    1    1    1    1    0    0   -1    1   -1    0    1    0    0   -1    0    0    0    0 
coefficients: [ -4 -11 -13 14 4 -13 -2 -11 -5 -8 4 -0 6 -3 -6 -2 1 1 -0 3 6 -6 2 7 -7 3 3 -3 -4 -8 -0 -6 4 4 -3 -0 -1 4 3 1 1 -2 1 1 -1 -3 -0 2 -2 -0 1 1 1 1 0 0 -1 1 -1 -0 1 -0 -0 -1 0 0 ]
Shortest Vector: [159 186 188 -170 -192 85 5 -240 -155 -362 5 59 169 28 27 37 -410 -268 213 -229 25 107 10 -90 3 -207 148 -159 -21 -215 285 224 392 -389 68 410 -105 246 188 -302 432 -171 121 180 257 -81 -173 169 444 -28 124 -115 757 94 181 -432 -753 13 -110 606 -62 432 -175 -281 113 82 ]
Len: 2099

Runtime of standard enumeration: 0.065966 s.
Finishing after 2 attemps in 4.2422 s (processed 9 bases).
Working threads: 8
Using NTL types.
Activating EXTREME pruning.
Setting pruning parameter to 0.22.
Setting candidate-queue size to 10240.
Setting parallel-enum threshold to dimension 15.
Disabling usage of Gauss heuristic
Enabling BKZ-auto-height adaption.
Setting bkz-height to 2.
Setting pre-beta to 24.
Setting parallel-BKZ instances to 32.
Setting randomized trials to 9.
Read conf file at penum.conf
Setting prebeta parameter to 20.
Setting pruning parameter to 0.16.
Delta: 0.9
Beta: 2
Mode: 1
Candidate Height: 10
Target length: 2100
Trying to read: ./inppap/svpc-e1-d66-0.txt
Read a basis of dimension: 66 / 66 with |b_0| = 0.3538148218e199
Starting procedure
Preparing preprocessing of 8 threads.
Thread 0 is BKZ-2 reducing basis
Thread 4 is BKZ-2 reducing basis
Thread 1 is BKZ-2 reducing basis
Thread 3 is BKZ-2 reducing basis
Thread 6 is BKZ-2 reducing basis
Thread 5 is BKZ-2 reducing basis
Thread 2 is BKZ-2 reducing basis
Thread 7 is BKZ-2 reducing basis
|b_0| of BKZ-2 reduced basis of thread 0 is: 2614.852195(0.670795s [0.59437 s / 0.00983882s ]).
|b_0| of BKZ-2 reduced basis of thread 1 is: 2564.423327(0.985032s [0.893923 s / 0.00961421s ]).
|b_0| of BKZ-2 reduced basis of thread 5 is: 2478.213671(0.980676s [0.884888 s / 0.0100008s ]).
|b_0| of BKZ-2 reduced basis of thread 6 is: 2605.71756(0.996163s [0.907184 s / 0.00994768s ]).
|b_0| of BKZ-2 reduced basis of thread 7 is: 2638.153142(1.0269s [0.940877 s / 0.0105497s ]).
|b_0| of BKZ-2 reduced basis of thread 3 is: 2477.681779(1.0541s [0.968825 s / 0.00873141s ]).
|b_0| of BKZ-2 reduced basis of thread 4 is: 2367.947423(1.0779s [0.995937 s / 0.00957129s ]).
|b_0| of BKZ-2 reduced basis of thread 2 is: 2136.620228(1.08735s [0.997758 s / 0.00897482s ]).
Sorting 8 bases.
Time for preprocessing: 1.12087 seconds.
Processing base of thread 2
Executing ENUM with target length 2100
A: 4.41e+06
Searching candidates in depth 10
coefficients: [ 0 0 0 0 0 0 0 0 0 0 0 0 0 0 0 0 0 0 0 0 0 0 0 0 0 0 0 0 0 0 0 0 0 0 0 0 0 0 0 0 0 0 0 0 0 0 0 0 0 0 0 0 0 0 0 0 0 0 0 0 0 0 0 0 0 0 ]
Shortest Vector: [0 0 0 0 0 0 0 0 0 0 0 0 0 0 0 0 0 0 0 0 0 0 0 0 0 0 0 0 0 0 0 0 0 0 0 0 0 0 0 0 0 0 0 0 0 0 0 0 0 0 0 0 0 0 0 0 0 0 0 0 0 0 0 0 0 0 ]
Len: 0

Runtime of standard enumeration: 0.16805 s.
Processing base of thread 4
Executing ENUM with target length 2100
A: 4.41e+06
Searching candidates in depth 10
coefficients: [ 0 0 0 0 0 0 0 0 0 0 0 0 0 0 0 0 0 0 0 0 0 0 0 0 0 0 0 0 0 0 0 0 0 0 0 0 0 0 0 0 0 0 0 0 0 0 0 0 0 0 0 0 0 0 0 0 0 0 0 0 0 0 0 0 0 0 ]
Shortest Vector: [0 0 0 0 0 0 0 0 0 0 0 0 0 0 0 0 0 0 0 0 0 0 0 0 0 0 0 0 0 0 0 0 0 0 0 0 0 0 0 0 0 0 0 0 0 0 0 0 0 0 0 0 0 0 0 0 0 0 0 0 0 0 0 0 0 0 ]
Len: 0

Runtime of standard enumeration: 0.16193 s.
Processing base of thread 3
Executing ENUM with target length 2100
A: 4.41e+06
Searching candidates in depth 10
coefficients: [ 0 0 0 0 0 0 0 0 0 0 0 0 0 0 0 0 0 0 0 0 0 0 0 0 0 0 0 0 0 0 0 0 0 0 0 0 0 0 0 0 0 0 0 0 0 0 0 0 0 0 0 0 0 0 0 0 0 0 0 0 0 0 0 0 0 0 ]
Shortest Vector: [0 0 0 0 0 0 0 0 0 0 0 0 0 0 0 0 0 0 0 0 0 0 0 0 0 0 0 0 0 0 0 0 0 0 0 0 0 0 0 0 0 0 0 0 0 0 0 0 0 0 0 0 0 0 0 0 0 0 0 0 0 0 0 0 0 0 ]
Len: 0

Runtime of standard enumeration: 0.23128 s.
Processing base of thread 5
Executing ENUM with target length 2100
A: 4.41e+06
Searching candidates in depth 10
Found new minumun (length: 2098)  -7   10   -3    8   -1   -3   -8   -9    1    4   -1    0    1   -2   -5    0    0   -1   -3    2   -1   -4   -2    0   -1   -1    2   -2   -3    0   -1   -1   -4    3    0    3   -1    1   -2    1   -1    1    0    2    1   -2    3   -1    2   -1   -2    1    0    0    1    0    0   -1    0    0    0    0    0    0    1    1    0    0 
coefficients: [ -7 10 -3 8 -1 -3 -8 -9 1 4 -1 -0 1 -2 -5 -0 -0 -1 -3 2 -1 -4 -2 -0 -1 -1 2 -2 -3 -0 -1 -1 -4 3 -0 3 -1 1 -2 1 -1 1 -0 2 1 -2 3 -1 2 -1 -2 1 -0 -0 1 0 -0 -1 0 -0 -0 -0 -0 -0 1 1 ]
Shortest Vector: [159 186 188 -170 -192 85 5 -240 -155 -362 5 59 169 28 27 37 -410 -268 213 -229 25 107 10 -90 3 -207 148 -159 -21 -215 285 224 392 -389 68 410 -105 246 188 -302 432 -171 121 180 257 -81 -173 169 444 -28 124 -115 757 94 181 -432 -753 13 -110 606 -62 432 -175 -281 113 82 ]
Len: 2099

Runtime of standard enumeration: 0.14978 s.
Finishing after 1 attemps in 2.0956 s (processed 4 bases).
Working threads: 8
Using NTL types.
Activating EXTREME pruning.
Setting pruning parameter to 0.22.
Setting candidate-queue size to 10240.
Setting parallel-enum threshold to dimension 15.
Disabling usage of Gauss heuristic
Enabling BKZ-auto-height adaption.
Setting bkz-height to 2.
Setting pre-beta to 24.
Setting parallel-BKZ instances to 32.
Setting randomized trials to 9.
Read conf file at penum.conf
Setting prebeta parameter to 20.
Setting pruning parameter to 0.16.
Delta: 0.9
Beta: 2
Mode: 1
Candidate Height: 10
Target length: 2100
Trying to read: ./inppap/svpc-e1-d66-0.txt
Read a basis of dimension: 66 / 66 with |b_0| = 0.3538148218e199
Starting procedure
Preparing preprocessing of 8 threads.
Thread 0 is BKZ-2 reducing basis
Thread 5 is BKZ-2 reducing basis
Thread 1 is BKZ-2 reducing basis
Thread 6 is BKZ-2 reducing basis
Thread 3 is BKZ-2 reducing basis
Thread 2 is BKZ-2 reducing basis
Thread 7 is BKZ-2 reducing basis
Thread 4 is BKZ-2 reducing basis
|b_0| of BKZ-2 reduced basis of thread 0 is: 2614.852195(0.660303s [0.585165 s / 0.00975241s ]).
|b_0| of BKZ-2 reduced basis of thread 2 is: 2557.150367(0.969982s [0.882367 s / 0.00996807s ]).
|b_0| of BKZ-2 reduced basis of thread 1 is: 2433.248035(0.996291s [0.917316 s / 0.0108713s ]).
|b_0| of BKZ-2 reduced basis of thread 5 is: 2350.135528(1.03092s [0.944566 s / 0.0104252s ]).
|b_0| of BKZ-2 reduced basis of thread 3 is: 2557.433088(1.02236s [0.940914 s / 0.00979166s ]).
|b_0| of BKZ-2 reduced basis of thread 6 is: 2351.38725(1.04416s [0.963734 s / 0.00963056s ]).
|b_0| of BKZ-2 reduced basis of thread 4 is: 2718.091978(1.06484s [0.980329 s / 0.00891555s ]).
|b_0| of BKZ-2 reduced basis of thread 7 is: 2374.958526(1.06769s [0.984024 s / 0.00887779s ]).
Sorting 8 bases.
Time for preprocessing: 1.10546 seconds.
Processing base of thread 5
Executing ENUM with target length 2100
A: 4.41e+06
Searching candidates in depth 10
coefficients: [ 0 0 0 0 0 0 0 0 0 0 0 0 0 0 0 0 0 0 0 0 0 0 0 0 0 0 0 0 0 0 0 0 0 0 0 0 0 0 0 0 0 0 0 0 0 0 0 0 0 0 0 0 0 0 0 0 0 0 0 0 0 0 0 0 0 0 ]
Shortest Vector: [0 0 0 0 0 0 0 0 0 0 0 0 0 0 0 0 0 0 0 0 0 0 0 0 0 0 0 0 0 0 0 0 0 0 0 0 0 0 0 0 0 0 0 0 0 0 0 0 0 0 0 0 0 0 0 0 0 0 0 0 0 0 0 0 0 0 ]
Len: 0

Runtime of standard enumeration: 0.20376 s.
Processing base of thread 6
Executing ENUM with target length 2100
A: 4.41e+06
Searching candidates in depth 10
coefficients: [ 0 0 0 0 0 0 0 0 0 0 0 0 0 0 0 0 0 0 0 0 0 0 0 0 0 0 0 0 0 0 0 0 0 0 0 0 0 0 0 0 0 0 0 0 0 0 0 0 0 0 0 0 0 0 0 0 0 0 0 0 0 0 0 0 0 0 ]
Shortest Vector: [0 0 0 0 0 0 0 0 0 0 0 0 0 0 0 0 0 0 0 0 0 0 0 0 0 0 0 0 0 0 0 0 0 0 0 0 0 0 0 0 0 0 0 0 0 0 0 0 0 0 0 0 0 0 0 0 0 0 0 0 0 0 0 0 0 0 ]
Len: 0

Runtime of standard enumeration: 0.15573 s.
Processing base of thread 7
Executing ENUM with target length 2100
A: 4.41e+06
Searching candidates in depth 10
coefficients: [ 0 0 0 0 0 0 0 0 0 0 0 0 0 0 0 0 0 0 0 0 0 0 0 0 0 0 0 0 0 0 0 0 0 0 0 0 0 0 0 0 0 0 0 0 0 0 0 0 0 0 0 0 0 0 0 0 0 0 0 0 0 0 0 0 0 0 ]
Shortest Vector: [0 0 0 0 0 0 0 0 0 0 0 0 0 0 0 0 0 0 0 0 0 0 0 0 0 0 0 0 0 0 0 0 0 0 0 0 0 0 0 0 0 0 0 0 0 0 0 0 0 0 0 0 0 0 0 0 0 0 0 0 0 0 0 0 0 0 ]
Len: 0

Runtime of standard enumeration: 0.20071 s.
Processing base of thread 1
Executing ENUM with target length 2100
A: 4.41e+06
Searching candidates in depth 10
coefficients: [ 0 0 0 0 0 0 0 0 0 0 0 0 0 0 0 0 0 0 0 0 0 0 0 0 0 0 0 0 0 0 0 0 0 0 0 0 0 0 0 0 0 0 0 0 0 0 0 0 0 0 0 0 0 0 0 0 0 0 0 0 0 0 0 0 0 0 ]
Shortest Vector: [0 0 0 0 0 0 0 0 0 0 0 0 0 0 0 0 0 0 0 0 0 0 0 0 0 0 0 0 0 0 0 0 0 0 0 0 0 0 0 0 0 0 0 0 0 0 0 0 0 0 0 0 0 0 0 0 0 0 0 0 0 0 0 0 0 0 ]
Len: 0

Runtime of standard enumeration: 0.18896 s.
Processing base of thread 2
Executing ENUM with target length 2100
A: 4.41e+06
Searching candidates in depth 10
Found new minumun (length: 2098)   1    2    2    2   -4   -3    2   -3   -3    2    0    2    0   -1    2    0    0   -2    4    2    2    2   -3    0   -2    3   -3   -2    0    1   -2    1    2    2   -1   -1   -1   -1    0    0    2   -2   -1    0    1    0    0    0    0    0    0    1    0    0    1    0   -1    0    0    1    1    0    0    0    0    0    0    0 
coefficients: [ 1 2 2 2 -4 -3 2 -3 -3 2 -0 2 -0 -1 2 -0 -0 -2 4 2 2 2 -3 -0 -2 3 -3 -2 -0 1 -2 1 2 2 -1 -1 -1 -1 -0 -0 2 -2 -1 -0 1 -0 -0 0 -0 -0 -0 1 -0 -0 1 0 -1 -0 -0 1 1 0 0 0 0 0 ]
Shortest Vector: [159 186 188 -170 -192 85 5 -240 -155 -362 5 59 169 28 27 37 -410 -268 213 -229 25 107 10 -90 3 -207 148 -159 -21 -215 285 224 392 -389 68 410 -105 246 188 -302 432 -171 121 180 257 -81 -173 169 444 -28 124 -115 757 94 181 -432 -753 13 -110 606 -62 432 -175 -281 113 82 ]
Len: 2099

Runtime of standard enumeration: 0.044016 s.
Finishing after 1 attemps in 2.2202 s (processed 5 bases).
Working threads: 8
Using NTL types.
Activating EXTREME pruning.
Setting pruning parameter to 0.22.
Setting candidate-queue size to 10240.
Setting parallel-enum threshold to dimension 15.
Disabling usage of Gauss heuristic
Enabling BKZ-auto-height adaption.
Setting bkz-height to 2.
Setting pre-beta to 24.
Setting parallel-BKZ instances to 32.
Setting randomized trials to 9.
Read conf file at penum.conf
Setting prebeta parameter to 20.
Setting pruning parameter to 0.16.
Delta: 0.9
Beta: 2
Mode: 1
Candidate Height: 10
Target length: 2100
Trying to read: ./inppap/svpc-e1-d66-0.txt
Read a basis of dimension: 66 / 66 with |b_0| = 0.3538148218e199
Starting procedure
Preparing preprocessing of 8 threads.
Thread 0 is BKZ-2 reducing basis
Thread 3 is BKZ-2 reducing basis
Thread 6 is BKZ-2 reducing basis
Thread 1 is BKZ-2 reducing basis
Thread 7 is BKZ-2 reducing basis
Thread 4 is BKZ-2 reducing basis
Thread 5 is BKZ-2 reducing basis
Thread 2 is BKZ-2 reducing basis
|b_0| of BKZ-2 reduced basis of thread 0 is: 2614.852195(0.665366s [0.590301 s / 0.00977s ]).
|b_0| of BKZ-2 reduced basis of thread 4 is: 2485.240431(1.0287s [0.941611 s / 0.0107639s ]).
|b_0| of BKZ-2 reduced basis of thread 6 is: 2267.786366(1.0605s [0.961937 s / 0.0105302s ]).
|b_0| of BKZ-2 reduced basis of thread 7 is: 2445.881436(1.07195s [0.980308 s / 0.00978151s ]).
|b_0| of BKZ-2 reduced basis of thread 3 is: 2444.163047(1.08826s [0.991927 s / 0.00965169s ]).
|b_0| of BKZ-2 reduced basis of thread 5 is: 2513.546896(1.07833s [0.992993 s / 0.00918668s ]).
|b_0| of BKZ-2 reduced basis of thread 1 is: 2588.146827(1.10159s [1.00897 s / 0.00938195s ]).
|b_0| of BKZ-2 reduced basis of thread 2 is: 2430.102673(1.13849s [1.06376 s / 0.00866761s ]).
Sorting 8 bases.
Time for preprocessing: 1.18324 seconds.
Processing base of thread 6
Executing ENUM with target length 2100
A: 4.41e+06
Searching candidates in depth 10
coefficients: [ 0 0 0 0 0 0 0 0 0 0 0 0 0 0 0 0 0 0 0 0 0 0 0 0 0 0 0 0 0 0 0 0 0 0 0 0 0 0 0 0 0 0 0 0 0 0 0 0 0 0 0 0 0 0 0 0 0 0 0 0 0 0 0 0 0 0 ]
Shortest Vector: [0 0 0 0 0 0 0 0 0 0 0 0 0 0 0 0 0 0 0 0 0 0 0 0 0 0 0 0 0 0 0 0 0 0 0 0 0 0 0 0 0 0 0 0 0 0 0 0 0 0 0 0 0 0 0 0 0 0 0 0 0 0 0 0 0 0 ]
Len: 0

Runtime of standard enumeration: 0.14692 s.
Processing base of thread 2
Executing ENUM with target length 2100
A: 4.41e+06
Searching candidates in depth 10
coefficients: [ 0 0 0 0 0 0 0 0 0 0 0 0 0 0 0 0 0 0 0 0 0 0 0 0 0 0 0 0 0 0 0 0 0 0 0 0 0 0 0 0 0 0 0 0 0 0 0 0 0 0 0 0 0 0 0 0 0 0 0 0 0 0 0 0 0 0 ]
Shortest Vector: [0 0 0 0 0 0 0 0 0 0 0 0 0 0 0 0 0 0 0 0 0 0 0 0 0 0 0 0 0 0 0 0 0 0 0 0 0 0 0 0 0 0 0 0 0 0 0 0 0 0 0 0 0 0 0 0 0 0 0 0 0 0 0 0 0 0 ]
Len: 0

Runtime of standard enumeration: 0.16751 s.
Processing base of thread 3
Executing ENUM with target length 2100
A: 4.41e+06
Searching candidates in depth 10
coefficients: [ 0 0 0 0 0 0 0 0 0 0 0 0 0 0 0 0 0 0 0 0 0 0 0 0 0 0 0 0 0 0 0 0 0 0 0 0 0 0 0 0 0 0 0 0 0 0 0 0 0 0 0 0 0 0 0 0 0 0 0 0 0 0 0 0 0 0 ]
Shortest Vector: [0 0 0 0 0 0 0 0 0 0 0 0 0 0 0 0 0 0 0 0 0 0 0 0 0 0 0 0 0 0 0 0 0 0 0 0 0 0 0 0 0 0 0 0 0 0 0 0 0 0 0 0 0 0 0 0 0 0 0 0 0 0 0 0 0 0 ]
Len: 0

Runtime of standard enumeration: 0.20601 s.
Processing base of thread 7
Executing ENUM with target length 2100
A: 4.41e+06
Searching candidates in depth 10
coefficients: [ 0 0 0 0 0 0 0 0 0 0 0 0 0 0 0 0 0 0 0 0 0 0 0 0 0 0 0 0 0 0 0 0 0 0 0 0 0 0 0 0 0 0 0 0 0 0 0 0 0 0 0 0 0 0 0 0 0 0 0 0 0 0 0 0 0 0 ]
Shortest Vector: [0 0 0 0 0 0 0 0 0 0 0 0 0 0 0 0 0 0 0 0 0 0 0 0 0 0 0 0 0 0 0 0 0 0 0 0 0 0 0 0 0 0 0 0 0 0 0 0 0 0 0 0 0 0 0 0 0 0 0 0 0 0 0 0 0 0 ]
Len: 0

Runtime of standard enumeration: 0.17888 s.
Processing base of thread 4
Executing ENUM with target length 2100
A: 4.41e+06
Searching candidates in depth 10
coefficients: [ 0 0 0 0 0 0 0 0 0 0 0 0 0 0 0 0 0 0 0 0 0 0 0 0 0 0 0 0 0 0 0 0 0 0 0 0 0 0 0 0 0 0 0 0 0 0 0 0 0 0 0 0 0 0 0 0 0 0 0 0 0 0 0 0 0 0 ]
Shortest Vector: [0 0 0 0 0 0 0 0 0 0 0 0 0 0 0 0 0 0 0 0 0 0 0 0 0 0 0 0 0 0 0 0 0 0 0 0 0 0 0 0 0 0 0 0 0 0 0 0 0 0 0 0 0 0 0 0 0 0 0 0 0 0 0 0 0 0 ]
Len: 0

Runtime of standard enumeration: 0.15388 s.
Processing base of thread 5
Executing ENUM with target length 2100
A: 4.41e+06
Searching candidates in depth 10
Found new minumun (length: 2098)   5   -4  -11    3  -11    0    2   -4   -4   -1    0    1    3    2   -4    1   -5    3    0   -4   -3    1   -1    0    1   -1    2    2   -1   -1    0   -1    0   -1    0    0   -1    0    1    0    1    0    0    0    0    0    0    0    1    0   -1    0    2   -1    2    0    0   -1    1    1    1    1    1    0    1    0    0    0 
coefficients: [ 5 -4 -11 3 -11 -0 2 -4 -4 -1 -0 1 3 2 -4 1 -5 3 -0 -4 -3 1 -1 -0 1 -1 2 2 -1 -1 -0 -1 -0 -1 -0 -0 -1 -0 1 -0 1 -0 -0 -0 -0 -0 -0 -0 1 -0 -1 -0 2 -1 2 0 0 -1 1 1 1 1 1 -0 1 0 ]
Shortest Vector: [159 186 188 -170 -192 85 5 -240 -155 -362 5 59 169 28 27 37 -410 -268 213 -229 25 107 10 -90 3 -207 148 -159 -21 -215 285 224 392 -389 68 410 -105 246 188 -302 432 -171 121 180 257 -81 -173 169 444 -28 124 -115 757 94 181 -432 -753 13 -110 606 -62 432 -175 -281 113 82 ]
Len: 2099

Runtime of standard enumeration: 0.12008 s.
Finishing after 1 attemps in 2.5411 s (processed 6 bases).
Working threads: 8
Using NTL types.
Activating EXTREME pruning.
Setting pruning parameter to 0.22.
Setting candidate-queue size to 10240.
Setting parallel-enum threshold to dimension 15.
Disabling usage of Gauss heuristic
Enabling BKZ-auto-height adaption.
Setting bkz-height to 2.
Setting pre-beta to 24.
Setting parallel-BKZ instances to 32.
Setting randomized trials to 9.
Read conf file at penum.conf
Setting prebeta parameter to 20.
Setting pruning parameter to 0.16.
Delta: 0.9
Beta: 2
Mode: 1
Candidate Height: 10
Target length: 2100
Trying to read: ./inppap/svpc-e1-d66-0.txt
Read a basis of dimension: 66 / 66 with |b_0| = 0.3538148218e199
Starting procedure
Preparing preprocessing of 8 threads.
Thread 0 is BKZ-2 reducing basis
Thread 5 is BKZ-2 reducing basis
Thread 2 is BKZ-2 reducing basis
Thread 1 is BKZ-2 reducing basis
Thread 7 is BKZ-2 reducing basis
Thread 6 is BKZ-2 reducing basis
Thread 4 is BKZ-2 reducing basis
Thread 3 is BKZ-2 reducing basis
|b_0| of BKZ-2 reduced basis of thread 0 is: 2614.852195(0.69209s [0.612698 s / 0.00969346s ]).
|b_0| of BKZ-2 reduced basis of thread 6 is: 2282.085012(1.0103s [0.913539 s / 0.0098306s ]).
|b_0| of BKZ-2 reduced basis of thread 5 is: 2460.939455(1.01764s [0.917328 s / 0.00994273s ]).
|b_0| of BKZ-2 reduced basis of thread 3 is: 2532.143558(0.999001s [0.892807 s / 0.00997688s ]).
|b_0| of BKZ-2 reduced basis of thread 7 is: 2363.446213(1.02748s [0.93141 s / 0.0107926s ]).
|b_0| of BKZ-2 reduced basis of thread 2 is: 2306.955353(1.04646s [0.965676 s / 0.0103592s ]).
|b_0| of BKZ-2 reduced basis of thread 4 is: 2356.517346(1.0405s [0.958226 s / 0.00979502s ]).
|b_0| of BKZ-2 reduced basis of thread 1 is: 2427.140087(1.06819s [0.974946 s / 0.00938438s ]).
Sorting 8 bases.
Time for preprocessing: 1.10225 seconds.
Processing base of thread 6
Executing ENUM with target length 2100
A: 4.41e+06
Searching candidates in depth 10
Found new minumun (length: 2098)  -1    2    3    5    4    0    1   -9   -7   -8    3    9   -5   -3    1   -1    0    3    0   -3   -2    1    1    3    0    2    0   -1    1    1    0    1   -1    1    2   -1   -2    1    0   -1    0   -1    1   -1    0    0    0    1    0    0    0    0    1    0    0    1   -1    0    0    0    0    0    0    0    0    0    0    0 
coefficients: [ -1 2 3 5 4 -0 1 -9 -7 -8 3 9 -5 -3 1 -1 -0 3 -0 -3 -2 1 1 3 -0 2 -0 -1 1 1 -0 1 -1 1 2 -1 -2 1 -0 -1 -0 -1 1 -1 0 -0 -0 1 -0 -0 -0 0 1 -0 0 1 -1 0 0 0 0 0 0 0 0 0 ]
Shortest Vector: [159 186 188 -170 -192 85 5 -240 -155 -362 5 59 169 28 27 37 -410 -268 213 -229 25 107 10 -90 3 -207 148 -159 -21 -215 285 224 392 -389 68 410 -105 246 188 -302 432 -171 121 180 257 -81 -173 169 444 -28 124 -115 757 94 181 -432 -753 13 -110 606 -62 432 -175 -281 113 82 ]
Len: 2099

Runtime of standard enumeration: 0.04484 s.
Finishing after 1 attemps in 1.2148 s (processed 1 bases).
