Working threads: 16
Using NTL types.
Activating EXTREME pruning.
Setting pruning parameter to 0.22.
Setting candidate-queue size to 10240.
Setting parallel-enum threshold to dimension 15.
Disabling usage of Gauss heuristic
Enabling BKZ-auto-height adaption.
Setting bkz-height to 2.
Setting pre-beta to 24.
Setting parallel-BKZ instances to 32.
Setting randomized trials to 9.
Read conf file at penum.conf
Setting prebeta parameter to 24.
Setting pruning parameter to 0.21.
Delta: 0.9999
Beta: 32
Mode: 1
Candidate Height: 10
Target length: 2092
Trying to read: ./inppap/svpc-e1-d68-98937.txt
Read a basis of dimension: 68 / 68 with |b_0| = 0.3302100355e205
Starting procedure
Preparing preprocessing of 16 threads.
Thread 0 is BKZ-32 reducing basis
Thread 1 is BKZ-32 reducing basis
Thread 13 is BKZ-32 reducing basis
Thread 15 is BKZ-32 reducing basis
Thread 9 is BKZ-32 reducing basis
Thread 12 is BKZ-32 reducing basis
Thread 10 is BKZ-32 reducing basisThread 
11 is BKZ-32 reducing basis
Thread Thread 8 is BKZ-6 is BKZ-3232 reducing basis reducing basis

Thread 2 is BKZ-32 reducing basis
Thread 3 is BKZ-32 reducing basis
Thread 7 is BKZ-32 reducing basis
Thread 4 is BKZ-32 reducing basis
Thread 5 is BKZ-32 reducing basis
Thread 14 is BKZ-32 reducing basis
|b_0| of BKZ-32 reduced basis of thread 0 is: 2398.941642(1.64102s [1.43017 s / 0.0142666s ]).
|b_0| of BKZ-32 reduced basis of thread 5 is: 2359.409248(1.96635s [1.66972 s / 0.185457s ]).
|b_0| of BKZ-32 reduced basis of thread 8 is: 2252.471309(2.00027s [1.71537 s / 0.139063s ]).
|b_0| of BKZ-32 reduced basis of thread 4 is: 2415.045134(1.98751s [1.79161 s / 0.0886246s ]).
|b_0| of BKZ-32 reduced basis of thread 11 is: 2390.531322(2.1091s [1.82198 s / 0.146049s ]).
|b_0| of BKZ-32 reduced basis of thread 12 is: 2312.198737(2.14576s [1.92704 s / 0.0769253s ]).
|b_0| of BKZ-32 reduced basis of thread 3 is: |b_0| of BKZ-32 reduced basis of thread 7 is: 2389.429639(2.15693s [1.77025 s / 0.245811s ]).
2285.051859(2.12575s [1.55217 s / 0.462012s ]).
|b_0| of BKZ-32 reduced basis of thread 15 is: 2090.210994(2.17437s [1.80879 s / 0.224138s ]).
|b_0| of BKZ-32 reduced basis of thread 13 is: 2404.089225(2.22232s [1.77495 s / 0.269495s ]).
|b_0| of BKZ-32 reduced basis of thread 9 is: 2360.005085(2.20377s [1.69606 s / 0.366934s ]).
|b_0| of BKZ-32 reduced basis of thread 6 is: 2405.636506(2.28635s [1.92582 s / 0.219987s ]).
|b_0| of BKZ-32 reduced basis of thread 10 is: 2339.321269(2.31975s [1.90696 s / 0.27504s ]).
|b_0| of BKZ-32 reduced basis of thread 1 is: 2090.210994(2.40233s [1.97283 s / 0.251625s ]).
|b_0| of BKZ-32 reduced basis of thread 2 is: 2249.267881(2.36296s [1.9346 s / 0.287789s ]).
|b_0| of BKZ-32 reduced basis of thread 14 is: 2262.85395(2.38397s [2.14563 s / 0.129596s ]).
Sorting 16 bases.
Time for preprocessing: 2.50557 seconds.
Processing base of thread 1
Executing ENUM with target length 2092
A: 4.3765e+06
Searching candidates in depth 10
Found new minumun (length: 2090)   1    0    0    0    0    0    0    0    0    0    0    0    0    0    0    0    0    0    0    0    0    0    0    0    0    0    0    0    0    0    0    0    0    0    0    0    0    0    0    0    0    0    0    0    0    0    0    0    0    0    0    0    0    0    0    0    0    0    0    0    0    0    0    0    0    0    0    0    0    0 
coefficients: [ 1 0 0 0 0 0 0 0 0 0 0 0 0 0 0 0 0 0 0 0 0 0 0 0 0 0 0 0 0 0 0 0 0 0 0 0 0 0 0 0 0 0 0 0 0 0 0 0 0 0 0 0 0 0 0 0 0 0 0 0 0 0 0 0 0 0 0 0 ]
Shortest Vector: [127 93 -102 -33 315 -504 178 -315 -414 356 -120 162 31 380 -513 -315 268 47 -3 112 137 -94 -15 -264 -51 309 -286 -192 205 -220 282 -139 -112 -416 -108 78 369 -21 247 566 121 93 441 117 452 -66 256 423 -219 236 115 364 97 134 -45 109 -63 146 -501 -32 -7 -224 -59 415 25 -327 -39 -321 ]
Len: 2090.2

Runtime of standard enumeration: 0.079414 s.
Finishing after 1 attemps in 2.6595 s (processed 1 bases).
Working threads: 16
Using NTL types.
Activating EXTREME pruning.
Setting pruning parameter to 0.22.
Setting candidate-queue size to 10240.
Setting parallel-enum threshold to dimension 15.
Disabling usage of Gauss heuristic
Enabling BKZ-auto-height adaption.
Setting bkz-height to 2.
Setting pre-beta to 24.
Setting parallel-BKZ instances to 32.
Setting randomized trials to 9.
Read conf file at penum.conf
Setting prebeta parameter to 24.
Setting pruning parameter to 0.21.
Delta: 0.9999
Beta: 32
Mode: 1
Candidate Height: 10
Target length: 2092
Trying to read: ./inppap/svpc-e1-d68-98937.txt
Read a basis of dimension: 68 / 68 with |b_0| = 0.3302100355e205
Starting procedure
Preparing preprocessing of 16 threads.
Thread 0 is BKZ-32 reducing basis
Thread 13 is BKZ-32 reducing basis
Thread 7 is BKZ-32 reducing basis
Thread 10 is BKZ-32 reducing basis
Thread 15 is BKZ-32 reducing basis
Thread 3 is BKZ-32 reducing basis
Thread 5 is BKZ-32 reducing basis
Thread 9 is BKZ-32 reducing basis
Thread 2 is BKZ-32 reducing basis
Thread 6 is BKZ-32 reducing basis
Thread 1 is BKZ-32 reducing basis
Thread 8 is BKZ-32 reducing basis
Thread 4 is BKZ-32 reducing basisThread 
14 is BKZ-32 reducing basis
Thread 11 is BKZ-32 reducing basis
Thread 12 is BKZ-32 reducing basis
|b_0| of BKZ-32 reduced basis of thread 0 is: 2398.941642(1.32673s [1.24797 s / 0.0134291s ]).
|b_0| of BKZ-32 reduced basis of thread 15 is: 2463.487568(1.94054s [1.70305 s / 0.127122s ]).
|b_0| of BKZ-32 reduced basis of thread 7 is: 2373.352271(1.97411s [1.83274 s / 0.0307997s ]).
|b_0| of BKZ-32 reduced basis of thread 12 is: 2360.523671(2.01336s [1.76681 s / 0.151354s ]).
|b_0| of BKZ-32 reduced basis of thread 3 is: 2090.210994(2.04274s [1.8183 s / 0.111317s ]).
|b_0| of BKZ-32 reduced basis of thread 4 is: 2428.151766(2.07082s [1.79712 s / 0.161434s ]).
|b_0| of BKZ-32 reduced basis of thread 2 is: 2380.603075(2.10122s [1.8121 s / 0.187475s ]).
|b_0| of BKZ-32 reduced basis of thread 10 is: 2357.340238(2.10419s [1.77428 s / 0.216573s ]).
|b_0| of BKZ-32 reduced basis of thread 5 is: 2277.536827(2.10938s [1.7963 s / 0.200918s ]).
|b_0| of BKZ-32 reduced basis of thread 11 is: 2361.142732(2.12652s [1.87746 s / 0.152126s ]).
|b_0| of BKZ-32 reduced basis of thread 8 is: 2394.671167(2.14157s [1.79091 s / 0.231706s ]).
|b_0| of BKZ-32 reduced basis of thread 9 is: 2336.557511(2.14587s [1.82332 s / 0.202146s ]).
|b_0| of BKZ-32 reduced basis of thread 1 is: 2090.210994(2.1462s [1.94809 s / 0.0942414s ]).
|b_0| of BKZ-32 reduced basis of thread 14 is: 2257.099023(2.26748s [1.98522 s / 0.169212s ]).
|b_0| of BKZ-32 reduced basis of thread 13 is: 2154.709725(2.27327s [1.82449 s / 0.339356s ]).
|b_0| of BKZ-32 reduced basis of thread 6 is: 2318.82039(2.30193s [2.01775 s / 0.173058s ]).
Sorting 16 bases.
Time for preprocessing: 2.31726 seconds.
Processing base of thread 1
Executing ENUM with target length 2092
A: 4.3765e+06
Searching candidates in depth 10
Found new minumun (length: 2090)   1    0    0    0    0    0    0    0    0    0    0    0    0    0    0    0    0    0    0    0    0    0    0    0    0    0    0    0    0    0    0    0    0    0    0    0    0    0    0    0    0    0    0    0    0    0    0    0    0    0    0    0    0    0    0    0    0    0    0    0    0    0    0    0    0    0    0    0    0    0 
coefficients: [ 1 0 0 0 0 0 0 0 0 0 0 0 0 0 0 0 0 0 0 0 0 0 0 0 0 0 0 0 0 0 0 0 0 0 0 0 0 0 0 0 0 0 0 0 0 0 0 0 0 0 0 0 0 0 0 0 0 0 0 0 0 0 0 0 0 0 0 0 ]
Shortest Vector: [127 93 -102 -33 315 -504 178 -315 -414 356 -120 162 31 380 -513 -315 268 47 -3 112 137 -94 -15 -264 -51 309 -286 -192 205 -220 282 -139 -112 -416 -108 78 369 -21 247 566 121 93 441 117 452 -66 256 423 -219 236 115 364 97 134 -45 109 -63 146 -501 -32 -7 -224 -59 415 25 -327 -39 -321 ]
Len: 2090.2

Runtime of standard enumeration: 0.092135 s.
Finishing after 1 attemps in 2.4817 s (processed 1 bases).
Working threads: 16
Using NTL types.
Activating EXTREME pruning.
Setting pruning parameter to 0.22.
Setting candidate-queue size to 10240.
Setting parallel-enum threshold to dimension 15.
Disabling usage of Gauss heuristic
Enabling BKZ-auto-height adaption.
Setting bkz-height to 2.
Setting pre-beta to 24.
Setting parallel-BKZ instances to 32.
Setting randomized trials to 9.
Read conf file at penum.conf
Setting prebeta parameter to 24.
Setting pruning parameter to 0.21.
Delta: 0.9999
Beta: 32
Mode: 1
Candidate Height: 10
Target length: 2092
Trying to read: ./inppap/svpc-e1-d68-98937.txt
Read a basis of dimension: 68 / 68 with |b_0| = 0.3302100355e205
Starting procedure
Preparing preprocessing of 16 threads.
Thread 0 is BKZ-32 reducing basis
Thread 15 is BKZ-32 reducing basis
Thread 13 is BKZ-32 reducing basis
Thread 5 is BKZ-32 reducing basis
Thread 7 is BKZ-32 reducing basis
Thread 3 is BKZ-32 reducing basis
Thread 8 is BKZ-32 reducing basis
Thread 9 is BKZ-32 reducing basis
Thread 4 is BKZ-32 reducing basis
Thread 14 is BKZ-32 reducing basis
Thread Thread 1012 is BKZ- is BKZ-32 reducing basis
32 reducing basis
Thread 6 is BKZ-32 reducing basis
Thread 2 is BKZ-32 reducing basis
Thread 1 is BKZ-32 reducing basis
Thread 11 is BKZ-32 reducing basis
|b_0| of BKZ-32 reduced basis of thread 0 is: 2398.941642(1.33196s [1.25219 s / 0.0135374s ]).
|b_0| of BKZ-32 reduced basis of thread 4 is: 2393.731188(1.87297s [1.65374 s / 0.102929s ]).
|b_0| of BKZ-32 reduced basis of thread 14 is: 2258.155221(1.87355s [1.61767 s / 0.157282s ]).
|b_0| of BKZ-32 reduced basis of thread 8 is: 2352.898425(1.89462s [1.61787 s / 0.166949s ]).
|b_0| of BKZ-32 reduced basis of thread 6 is: 2363.185773(1.94993s [1.66552 s / 0.174196s ]).
|b_0| of BKZ-32 reduced basis of thread 10 is: 2270.677872(1.99019s [1.81262 s / 0.0666329s ]).
|b_0| of BKZ-32 reduced basis of thread 1 is: 2154.709725(2.00038s [1.61297 s / 0.294879s ]).
|b_0| of BKZ-32 reduced basis of thread 11 is: 2314.671251(2.01382s [1.70268 s / 0.21963s ]).
|b_0| of BKZ-32 reduced basis of thread 5 is: 2308.414174(2.02241s [1.72489 s / 0.185134s ]).
|b_0| of BKZ-32 reduced basis of thread 2 is: 2398.882865(2.07271s [1.80668 s / 0.152015s ]).
|b_0| of BKZ-32 reduced basis of thread 13 is: 2327.179194(2.07718s [1.71197 s / 0.248964s ]).
|b_0| of BKZ-32 reduced basis of thread 3 is: 2425.944971(2.11049s [1.75887 s / 0.236378s ]).
|b_0| of BKZ-32 reduced basis of thread 12 is: 2254.043921(2.11207s [1.77641 s / 0.240524s ]).
|b_0| of BKZ-32 reduced basis of thread 15 is: 2287.271737(2.13541s [1.87949 s / 0.145299s ]).
|b_0| of BKZ-32 reduced basis of thread 7 is: 2254.559159(2.2067s [1.83695 s / 0.257807s ]).
|b_0| of BKZ-32 reduced basis of thread 9 is: 2245.037416(2.22034s [1.92212 s / 0.187448s ]).
Sorting 16 bases.
Time for preprocessing: 2.23205 seconds.
Processing base of thread 1
Executing ENUM with target length 2092
A: 4.3765e+06
Searching candidates in depth 10
coefficients: [ 0 0 0 0 0 0 0 0 0 0 0 0 0 0 0 0 0 0 0 0 0 0 0 0 0 0 0 0 0 0 0 0 0 0 0 0 0 0 0 0 0 0 0 0 0 0 0 0 0 0 0 0 0 0 0 0 0 0 0 0 0 0 0 0 0 0 0 0 ]
Shortest Vector: [0 0 0 0 0 0 0 0 0 0 0 0 0 0 0 0 0 0 0 0 0 0 0 0 0 0 0 0 0 0 0 0 0 0 0 0 0 0 0 0 0 0 0 0 0 0 0 0 0 0 0 0 0 0 0 0 0 0 0 0 0 0 0 0 0 0 0 0 ]
Len: 0

Runtime of standard enumeration: 0.31817 s.
Processing base of thread 9
Executing ENUM with target length 2092
A: 4.3765e+06
Searching candidates in depth 10
Found new minumun (length: 2090)  -1   -3   -3    3    2    0   -1    1    2   -1   -4    1    1   -3    0    6   -2    0    2   -1   -2    1    1   -1    2   -2   -2    0   -1   -2    0    0    0    2    0    0    0   -1    0   -1    0    0    1   -1    0    1    0    0    0    1    0    0    0    0    0    0    0    0    0    0    0    0    0    0    0    0    0    1    0    0 
coefficients: [ -1 -3 -3 3 2 -0 -1 1 2 -1 -4 1 1 -3 -0 6 -2 -0 2 -1 -2 1 1 -1 2 -2 -2 -0 -1 -2 -0 -0 -0 2 -0 -0 -0 -1 -0 -1 -0 -0 1 -1 -0 1 -0 -0 -0 1 0 0 0 0 0 0 0 0 -0 -0 -0 -0 -0 -0 -0 -0 -0 1 ]
Shortest Vector: [127 93 -102 -33 315 -504 178 -315 -414 356 -120 162 31 380 -513 -315 268 47 -3 112 137 -94 -15 -264 -51 309 -286 -192 205 -220 282 -139 -112 -416 -108 78 369 -21 247 566 121 93 441 117 452 -66 256 423 -219 236 115 364 97 134 -45 109 -63 146 -501 -32 -7 -224 -59 415 25 -327 -39 -321 ]
Len: 2090.2

Runtime of standard enumeration: 0.19134 s.
Finishing after 1 attemps in 2.8818 s (processed 2 bases).
Working threads: 16
Using NTL types.
Activating EXTREME pruning.
Setting pruning parameter to 0.22.
Setting candidate-queue size to 10240.
Setting parallel-enum threshold to dimension 15.
Disabling usage of Gauss heuristic
Enabling BKZ-auto-height adaption.
Setting bkz-height to 2.
Setting pre-beta to 24.
Setting parallel-BKZ instances to 32.
Setting randomized trials to 9.
Read conf file at penum.conf
Setting prebeta parameter to 24.
Setting pruning parameter to 0.21.
Delta: 0.9999
Beta: 32
Mode: 1
Candidate Height: 10
Target length: 2092
Trying to read: ./inppap/svpc-e1-d68-98937.txt
Read a basis of dimension: 68 / 68 with |b_0| = 0.3302100355e205
Starting procedure
Preparing preprocessing of 16 threads.
Thread 0 is BKZ-32 reducing basis
Thread 2 is BKZ-32 reducing basis
Thread 13Thread  is BKZ-1132 is BKZ- reducing basis32 reducing basis

Thread 14 is BKZ-32 reducing basis
Thread 9 is BKZ-32 reducing basis
Thread 4 is BKZ-32 reducing basisThread 
3 is BKZ-32 reducing basis
Thread 8 is BKZ-32 reducing basis
Thread 15 is BKZ-32 reducing basis
Thread 10 is BKZ-32 reducing basis
Thread 12 is BKZ-32 reducing basis
Thread 7 is BKZ-32 reducing basis
Thread 6 is BKZ-32 reducing basis
Thread 5 is BKZ-32 reducing basis
Thread 1 is BKZ-32 reducing basis
|b_0| of BKZ-32 reduced basis of thread 0 is: 2398.941642(1.359s [1.26925 s / 0.0134645s ]).
|b_0| of BKZ-32 reduced basis of thread 3 is: 2254.559159(1.89036s [1.61284 s / 0.164484s ]).
|b_0| of BKZ-32 reduced basis of thread 15 is: 2420.471648(1.98794s [1.71263 s / 0.163838s ]).
|b_0| of BKZ-32 reduced basis of thread 12 is: 2297.27186(2.0161s [1.75847 s / 0.146438s ]).
|b_0| of BKZ-32 reduced basis of thread 5 is: 2263.734525(2.08697s [1.87024 s / 0.120723s ]).
|b_0| of BKZ-32 reduced basis of thread 14 is: 2316.679952(2.10014s [1.8818 s / 0.0978548s ]).
|b_0| of BKZ-32 reduced basis of thread 1 is: 2390.018828(2.09746s [1.85013 s / 0.156044s ]).
|b_0| of BKZ-32 reduced basis of thread 10 is: 2349.280528(2.10718s [1.86639 s / 0.123315s ]).
|b_0| of BKZ-32 reduced basis of thread 7 is: 2457.903171(2.11583s [1.78384 s / 0.223144s ]).
|b_0| of BKZ-32 reduced basis of thread 9 is: 2231.851474(2.18702s [1.90557 s / 0.168459s ]).
|b_0| of BKZ-32 reduced basis of thread 8 is: 2319.278336(2.19762s [1.83047 s / 0.252138s ]).
|b_0| of BKZ-32 reduced basis of thread 6 is: 2415.785587(2.18978s [1.83029 s / 0.262147s ]).
|b_0| of BKZ-32 reduced basis of thread 2 is: 2353.199099(2.20385s [1.74787 s / 0.339302s ]).
|b_0| of BKZ-32 reduced basis of thread 13 is: 2327.521643(2.23525s [1.986 s / 0.135638s ]).
|b_0| of BKZ-32 reduced basis of thread 4 is: 2299.921303(2.25961s [1.98245 s / 0.161733s ]).
|b_0| of BKZ-32 reduced basis of thread 11 is: 2154.709725(2.41377s [1.87289 s / 0.425049s ]).
Sorting 16 bases.
Time for preprocessing: 2.43559 seconds.
Processing base of thread 11
Executing ENUM with target length 2092
A: 4.3765e+06
Searching candidates in depth 10
Found new minumun (length: 2090)   6   -4    2    3    1    1   -1    0    3   -2    7    2   10   -2   -4   -5   -6    8   -4   -1    5   10   -9   -4    5   -6   -1   -1   -3    4    3   -2    3   -1    4    2   -1   -1   -1    1    0    2    1    0    2    0    1    2    2    2    3   -2    0    1   -2    1    0    0    0    0    0    0    0   -1    0    0   -1    0    0    0 
coefficients: [ 6 -4 2 3 1 1 -1 -0 3 -2 7 2 10 -2 -4 -5 -6 8 -4 -1 5 10 -9 -4 5 -6 -1 -1 -3 4 3 -2 3 -1 4 2 -1 -1 -1 1 -0 2 1 -0 2 -0 1 2 2 2 3 -2 -0 1 -2 1 0 0 -0 -0 -0 0 -0 -1 -0 -0 -1 0 ]
Shortest Vector: [127 93 -102 -33 315 -504 178 -315 -414 356 -120 162 31 380 -513 -315 268 47 -3 112 137 -94 -15 -264 -51 309 -286 -192 205 -220 282 -139 -112 -416 -108 78 369 -21 247 566 121 93 441 117 452 -66 256 423 -219 236 115 364 97 134 -45 109 -63 146 -501 -32 -7 -224 -59 415 25 -327 -39 -321 ]
Len: 2090.2

Runtime of standard enumeration: 0.15486 s.
Finishing after 1 attemps in 2.6687 s (processed 1 bases).
Working threads: 16
Using NTL types.
Activating EXTREME pruning.
Setting pruning parameter to 0.22.
Setting candidate-queue size to 10240.
Setting parallel-enum threshold to dimension 15.
Disabling usage of Gauss heuristic
Enabling BKZ-auto-height adaption.
Setting bkz-height to 2.
Setting pre-beta to 24.
Setting parallel-BKZ instances to 32.
Setting randomized trials to 9.
Read conf file at penum.conf
Setting prebeta parameter to 24.
Setting pruning parameter to 0.21.
Delta: 0.9999
Beta: 32
Mode: 1
Candidate Height: 10
Target length: 2092
Trying to read: ./inppap/svpc-e1-d68-98937.txt
Read a basis of dimension: 68 / 68 with |b_0| = 0.3302100355e205
Starting procedure
Preparing preprocessing of 16 threads.
Thread 0 is BKZ-32 reducing basis
Thread 1 is BKZ-32 reducing basis
Thread 2 is BKZ-32 reducing basis
Thread 15 is BKZ-32 reducing basis
Thread 9 is BKZ-32 reducing basis
Thread 6 is BKZ-32 reducing basis
Thread 10 is BKZ-32 reducing basis
Thread 5 is BKZ-32 reducing basis
Thread 7 is BKZ-32 reducing basis
Thread 13 is BKZ-32 reducing basis
Thread 4 is BKZ-32 reducing basis
Thread 12 is BKZ-32 reducing basis
Thread 14 is BKZ-32 reducing basis
Thread 11 is BKZ-32 reducing basis
Thread 3 is BKZ-32 reducing basis
Thread 8 is BKZ-32 reducing basis
|b_0| of BKZ-32 reduced basis of thread 0 is: 2398.941642(1.33145s [1.25407 s / 0.0135735s ]).
|b_0| of BKZ-32 reduced basis of thread 8 is: 2274.791639(1.94261s [1.77301 s / 0.0604288s ]).
|b_0| of BKZ-32 reduced basis of thread 4 is: 2300.189775(1.96072s [1.60746 s / 0.243532s ]).
|b_0| of BKZ-32 reduced basis of thread 1 is: 2300.659253(2.01525s [1.76413 s / 0.143936s ]).
|b_0| of BKZ-32 reduced basis of thread 13 is: 2146.851648(2.03624s [1.65382 s / 0.269181s ]).
|b_0| of BKZ-32 reduced basis of thread 11 is: |b_0| of BKZ-32 reduced basis of thread 5 is: 2374.778095(2.04565s [1.85659 s / 0.104972s ]).
2239.991295(2.04604s [1.6394 s / 0.281505s ]).
|b_0| of BKZ-32 reduced basis of thread 6 is: 2344.265343(2.04865s [1.5909 s / 0.34464s ]).
|b_0| of BKZ-32 reduced basis of thread 7 is: 2336.449657(2.0604s [1.79069 s / 0.160963s ]).
|b_0| of BKZ-32 reduced basis of thread 3 is: 2347.517199(2.12076s [1.79219 s / 0.21967s ]).
|b_0| of BKZ-32 reduced basis of thread 9 is: 2319.21021(2.14628s [1.72998 s / 0.308986s ]).
|b_0| of BKZ-32 reduced basis of thread 12 is: 2400.971262(2.15094s [1.94909 s / 0.12164s ]).
|b_0| of BKZ-32 reduced basis of thread 10 is: 2261.213833(2.19884s [1.86252 s / 0.226527s ]).
|b_0| of BKZ-32 reduced basis of thread 2 is: 2353.411779(2.21139s [1.76841 s / 0.333937s ]).
|b_0| of BKZ-32 reduced basis of thread 14 is: 2392.418651(2.24726s [1.90515 s / 0.228413s ]).
|b_0| of BKZ-32 reduced basis of thread 15 is: 2258.155221(2.24935s [1.92851 s / 0.236526s ]).
Sorting 16 bases.
Time for preprocessing: 2.26279 seconds.
Processing base of thread 13
Executing ENUM with target length 2092
A: 4.3765e+06
Searching candidates in depth 10
coefficients: [ 0 0 0 0 0 0 0 0 0 0 0 0 0 0 0 0 0 0 0 0 0 0 0 0 0 0 0 0 0 0 0 0 0 0 0 0 0 0 0 0 0 0 0 0 0 0 0 0 0 0 0 0 0 0 0 0 0 0 0 0 0 0 0 0 0 0 0 0 ]
Shortest Vector: [0 0 0 0 0 0 0 0 0 0 0 0 0 0 0 0 0 0 0 0 0 0 0 0 0 0 0 0 0 0 0 0 0 0 0 0 0 0 0 0 0 0 0 0 0 0 0 0 0 0 0 0 0 0 0 0 0 0 0 0 0 0 0 0 0 0 0 0 ]
Len: 0

Runtime of standard enumeration: 0.36579 s.
Processing base of thread 5
Executing ENUM with target length 2092
A: 4.3765e+06
Searching candidates in depth 10
Found new minumun (length: 2090)  -4   -1   -1    0    1    0   -3   -1    1   -3    2    0   -2   -1    0    2    1    0    1    2    1   -3   -1   -1    1    0    0    2   -1   -1    1    0    2    0   -2    2    1    0   -1    0    1    1    0    0    0    0    0   -1    0    0    1   -1   -1    0    0    0   -1    1    1    0    0    0    1    0    0    0    0    1    0    0 
coefficients: [ -4 -1 -1 -0 1 -0 -3 -1 1 -3 2 -0 -2 -1 -0 2 1 -0 1 2 1 -3 -1 -1 1 -0 -0 2 -1 -1 1 -0 2 -0 -2 2 1 -0 -1 -0 1 1 -0 -0 -0 0 -0 -1 -0 0 1 -1 -1 -0 -0 -0 -1 1 1 0 -0 -0 1 -0 -0 -0 -0 1 ]
Shortest Vector: [127 93 -102 -33 315 -504 178 -315 -414 356 -120 162 31 380 -513 -315 268 47 -3 112 137 -94 -15 -264 -51 309 -286 -192 205 -220 282 -139 -112 -416 -108 78 369 -21 247 566 121 93 441 117 452 -66 256 423 -219 236 115 364 97 134 -45 109 -63 146 -501 -32 -7 -224 -59 415 25 -327 -39 -321 ]
Len: 2090.2

Runtime of standard enumeration: 0.19088 s.
Finishing after 1 attemps in 2.9671 s (processed 2 bases).
Working threads: 16
Using NTL types.
Activating EXTREME pruning.
Setting pruning parameter to 0.22.
Setting candidate-queue size to 10240.
Setting parallel-enum threshold to dimension 15.
Disabling usage of Gauss heuristic
Enabling BKZ-auto-height adaption.
Setting bkz-height to 2.
Setting pre-beta to 24.
Setting parallel-BKZ instances to 32.
Setting randomized trials to 9.
Read conf file at penum.conf
Setting prebeta parameter to 24.
Setting pruning parameter to 0.21.
Delta: 0.9999
Beta: 32
Mode: 1
Candidate Height: 10
Target length: 2092
Trying to read: ./inppap/svpc-e1-d68-98937.txt
Read a basis of dimension: 68 / 68 with |b_0| = 0.3302100355e205
Starting procedure
Preparing preprocessing of 16 threads.
Thread 0 is BKZ-32 reducing basis
Thread 9 is BKZ-32 reducing basis
Thread 15 is BKZ-32 reducing basis
Thread 1 is BKZ-32 reducing basis
Thread 5 is BKZ-32 reducing basis
Thread 3 is BKZ-32 reducing basis
Thread 8 is BKZ-32 reducing basis
Thread 2 is BKZ-32 reducing basis
Thread 13 is BKZ-32 reducing basis
Thread 7 is BKZ-32 reducing basis
Thread 10 is BKZ-32 reducing basis
Thread 11 is BKZ-32 reducing basis
Thread 4 is BKZ-32 reducing basis
Thread 6 is BKZ-32 reducing basis
Thread 14 is BKZ-32 reducing basis
Thread 12 is BKZ-32 reducing basis
|b_0| of BKZ-32 reduced basis of thread 0 is: 2398.941642(1.32912s [1.24898 s / 0.0137137s ]).
|b_0| of BKZ-32 reduced basis of thread 10 is: 2438.197695(1.80281s [1.60641 s / 0.0856341s ]).
|b_0| of BKZ-32 reduced basis of thread 5 is: 2411.675144(1.84235s [1.64126 s / 0.0892448s ]).
|b_0| of BKZ-32 reduced basis of thread 15 is: 2384.184766(1.97579s [1.64079 s / 0.23949s ]).
|b_0| of BKZ-32 reduced basis of thread 7 is: 2281.141381(1.99671s [1.77187 s / 0.11293s ]).
|b_0| of BKZ-32 reduced basis of thread 13 is: 2270.677872(2.01018s [1.62231 s / 0.275435s ]).
|b_0| of BKZ-32 reduced basis of thread 8 is: 2272.252847(2.09135s [1.66454 s / 0.317748s ]).
|b_0| of BKZ-32 reduced basis of thread 3 is: 2228.105473(2.12092s [1.88547 s / 0.120916s ]).
|b_0| of BKZ-32 reduced basis of thread 2 is: 2257.170795(2.12758s [1.85095 s / 0.161458s ]).
|b_0| of BKZ-32 reduced basis of thread 12 is: 2324.035284(2.12996s [1.7804 s / 0.248461s ]).
|b_0| of BKZ-32 reduced basis of thread 4 is: 2420.470822(2.1341s [1.91965 s / 0.0985918s ]).
|b_0| of BKZ-32 reduced basis of thread 14 is: 2254.954545(2.13818s [1.79043 s / 0.251464s ]).
|b_0| of BKZ-32 reduced basis of thread 11 is: 2319.355083(2.16248s [1.92877 s / 0.138458s ]).
|b_0| of BKZ-32 reduced basis of thread 9 is: 2289.128218(2.16981s [1.9564 s / 0.103097s ]).
|b_0| of BKZ-32 reduced basis of thread 1 is: 2249.267881(2.20439s [2.06467 s / 0.0278414s ]).
|b_0| of BKZ-32 reduced basis of thread 6 is: 2290.893712(2.23067s [1.95432 s / 0.167644s ]).
Sorting 16 bases.
Time for preprocessing: 2.24438 seconds.
Processing base of thread 3
Executing ENUM with target length 2092
A: 4.3765e+06
Searching candidates in depth 10
Found new minumun (length: 2090)  -1    1   -4    6   -2    4    1   -1    1   -2    1   -1    0    0   -1    0    1    0   -1   -1   -4   -2   -2   -1    0    3   -2   -3    0    1    1   -1    1    2    2    1   -1   -1    0   -2    0   -1    0   -1    0    0   -1    1   -1    0   -1   -1    0    2    0    1    1    0    0    0    0    0    1    0    0    1    1    0    0    0 
coefficients: [ -1 1 -4 6 -2 4 1 -1 1 -2 1 -1 -0 -0 -1 -0 1 -0 -1 -1 -4 -2 -2 -1 -0 3 -2 -3 -0 1 1 -1 1 2 2 1 -1 -1 -0 -2 -0 -1 -0 -1 -0 -0 -1 1 -1 -0 -1 -1 0 2 -0 1 1 0 0 -0 -0 -0 1 0 0 1 1 0 ]
Shortest Vector: [127 93 -102 -33 315 -504 178 -315 -414 356 -120 162 31 380 -513 -315 268 47 -3 112 137 -94 -15 -264 -51 309 -286 -192 205 -220 282 -139 -112 -416 -108 78 369 -21 247 566 121 93 441 117 452 -66 256 423 -219 236 115 364 97 134 -45 109 -63 146 -501 -32 -7 -224 -59 415 25 -327 -39 -321 ]
Len: 2090.2

Runtime of standard enumeration: 0.22348 s.
Finishing after 1 attemps in 2.5383 s (processed 1 bases).
Working threads: 16
Using NTL types.
Activating EXTREME pruning.
Setting pruning parameter to 0.22.
Setting candidate-queue size to 10240.
Setting parallel-enum threshold to dimension 15.
Disabling usage of Gauss heuristic
Enabling BKZ-auto-height adaption.
Setting bkz-height to 2.
Setting pre-beta to 24.
Setting parallel-BKZ instances to 32.
Setting randomized trials to 9.
Read conf file at penum.conf
Setting prebeta parameter to 24.
Setting pruning parameter to 0.21.
Delta: 0.9999
Beta: 32
Mode: 1
Candidate Height: 10
Target length: 2092
Trying to read: ./inppap/svpc-e1-d68-98937.txt
Read a basis of dimension: 68 / 68 with |b_0| = 0.3302100355e205
Starting procedure
Preparing preprocessing of 16 threads.
Thread 0 is BKZ-32 reducing basis
Thread 7 is BKZ-32 reducing basis
Thread 9 is BKZ-32 reducing basis
Thread 5 is BKZ-32 reducing basis
Thread 12 is BKZ-32 reducing basis
Thread 13 is BKZ-32 reducing basis
Thread 8 is BKZ-32 reducing basis
Thread 6 is BKZ-32 reducing basis
Thread 3 is BKZ-32 reducing basis
Thread Thread 1115 is BKZ- is BKZ-32 reducing basis32
 reducing basis
Thread 1 is BKZ-32 reducing basis
Thread 10 is BKZ-32 reducing basis
Thread 2 is BKZ-32 reducing basis
Thread 14 is BKZ-32 reducing basis
Thread 4 is BKZ-32 reducing basis
|b_0| of BKZ-32 reduced basis of thread 0 is: 2398.941642(1.33206s [1.25329 s / 0.0135665s ]).
|b_0| of BKZ-32 reduced basis of thread 15 is: 2295.267305(1.9448s [1.55883 s / 0.276741s ]).
|b_0| of BKZ-32 reduced basis of thread 14 is: 2225.650017(1.98665s [1.76522 s / 0.102932s ]).
|b_0| of BKZ-32 reduced basis of thread 7 is: 2302.013467(1.9969s [1.78472 s / 0.104852s ]).
|b_0| of BKZ-32 reduced basis of thread 6 is: 2399.279475(2.02899s [1.78727 s / 0.124158s ]).
|b_0| of BKZ-32 reduced basis of thread 10 is: 2367.954391(2.03118s [1.63215 s / 0.282232s ]).
|b_0| of BKZ-32 reduced basis of thread 8 is: 2250.369525(2.03487s [1.74298 s / 0.17688s ]).
|b_0| of BKZ-32 reduced basis of thread 5 is: 2354.872608(2.0426s [1.77316 s / 0.159146s ]).
|b_0| of BKZ-32 reduced basis of thread 1 is: 2374.895998(2.05392s [1.54122 s / 0.428763s ]).
|b_0| of BKZ-32 reduced basis of thread 2 is: 2360.34722(2.06776s [1.72338 s / 0.25902s ]).
|b_0| of BKZ-32 reduced basis of thread 11 is: 2318.788261(2.07984s [1.81968 s / 0.174321s ]).
|b_0| of BKZ-32 reduced basis of thread 3 is: 2461.694132(2.15386s [1.78148 s / 0.262207s ]).
|b_0| of BKZ-32 reduced basis of thread 9 is: 2369.252203(2.18099s [1.99885 s / 0.0725545s ]).
|b_0| of BKZ-32 reduced basis of thread 4 is: 2341.379935(2.18535s [1.91035 s / 0.165483s ]).
|b_0| of BKZ-32 reduced basis of thread 12 is: 2231.851474(2.23948s [2.04613 s / 0.110104s ]).
|b_0| of BKZ-32 reduced basis of thread 13 is: 2308.414174(2.49284s [1.89089 s / 0.492655s ]).
Sorting 16 bases.
Time for preprocessing: 2.50707 seconds.
Processing base of thread 14
Executing ENUM with target length 2092
A: 4.3765e+06
Searching candidates in depth 10
Found new minumun (length: 2090)  -7   11    1   -3   -1   -5    4   -3    4   -3   -3   -4   -2   -5    0   -4   -1   -6    1   -2   -1   -4   -2    1   -2    0   -7    2   -1    0    8    3    1   -1    0    0   -1   -3   -1   -2   -2   -2    1    0   -2    2    0   -2    1    1    1    1    0    1   -2    0    1    1   -1    1   -1    0    0    1    0    1    0   -1    0    0 
coefficients: [ -7 11 1 -3 -1 -5 4 -3 4 -3 -3 -4 -2 -5 -0 -4 -1 -6 1 -2 -1 -4 -2 1 -2 -0 -7 2 -1 -0 8 3 1 -1 -0 -0 -1 -3 -1 -2 -2 -2 1 -0 -2 2 -0 -2 1 1 1 1 -0 1 -2 -0 1 1 -1 1 -1 -0 0 1 -0 1 -0 -1 ]
Shortest Vector: [-127 -93 102 33 -315 504 -178 315 414 -356 120 -162 -31 -380 513 315 -268 -47 3 -112 -137 94 15 264 51 -309 286 192 -205 220 -282 139 112 416 108 -78 -369 21 -247 -566 -121 -93 -441 -117 -452 66 -256 -423 219 -236 -115 -364 -97 -134 45 -109 63 -146 501 32 7 224 59 -415 -25 327 39 321 ]
Len: 2090.2

Runtime of standard enumeration: 0.3445 s.
Finishing after 1 attemps in 2.9261 s (processed 1 bases).
Working threads: 16
Using NTL types.
Activating EXTREME pruning.
Setting pruning parameter to 0.22.
Setting candidate-queue size to 10240.
Setting parallel-enum threshold to dimension 15.
Disabling usage of Gauss heuristic
Enabling BKZ-auto-height adaption.
Setting bkz-height to 2.
Setting pre-beta to 24.
Setting parallel-BKZ instances to 32.
Setting randomized trials to 9.
Read conf file at penum.conf
Setting prebeta parameter to 24.
Setting pruning parameter to 0.21.
Delta: 0.9999
Beta: 32
Mode: 1
Candidate Height: 10
Target length: 2092
Trying to read: ./inppap/svpc-e1-d68-98937.txt
Read a basis of dimension: 68 / 68 with |b_0| = 0.3302100355e205
Starting procedure
Preparing preprocessing of 16 threads.
Thread 0 is BKZ-32 reducing basis
Thread 7 is BKZ-32 reducing basis
Thread 9 is BKZ-32 reducing basis
Thread 11 is BKZ-32 reducing basis
Thread 1 is BKZ-32 reducing basis
Thread 3 is BKZ-32 reducing basis
Thread 15 is BKZ-32 reducing basis
Thread 13 is BKZ-32 reducing basis
Thread 4 is BKZ-32 reducing basis
Thread 12 is BKZ-32 reducing basis
Thread Thread 2 is BKZ-10 is BKZ-3232 reducing basis reducing basis

Thread 8 is BKZ-32 reducing basisThread 
6 is BKZ-32 reducing basis
Thread 5 is BKZ-32 reducing basis
Thread 14 is BKZ-32 reducing basis
|b_0| of BKZ-32 reduced basis of thread 0 is: 2398.941642(1.32934s [1.25026 s / 0.0135077s ]).
|b_0| of BKZ-32 reduced basis of thread 14 is: 2146.851648(1.82352s [1.57915 s / 0.15473s ]).
|b_0| of BKZ-32 reduced basis of thread 4 is: 2236.43578(1.86106s [1.63151 s / 0.135009s ]).
|b_0| of BKZ-32 reduced basis of thread 5 is: 2302.013467(1.86207s [1.65725 s / 0.0933808s ]).
|b_0| of BKZ-32 reduced basis of thread 7 is: 2350.818794(1.92457s [1.68111 s / 0.13359s ]).
|b_0| of BKZ-32 reduced basis of thread 11 is: 2424.404669(1.97097s [1.66342 s / 0.196926s ]).
|b_0| of BKZ-32 reduced basis of thread 2 is: 2359.409248(2.01231s [1.75675 s / 0.146638s ]).
|b_0| of BKZ-32 reduced basis of thread 12 is: 2270.446432(2.01799s [1.83918 s / 0.0870344s ]).
|b_0| of BKZ-32 reduced basis of thread 10 is: 2236.43578(2.07284s [1.66424 s / 0.299008s ]).
|b_0| of BKZ-32 reduced basis of thread 15 is: 2280.531517(2.12981s [1.92092 s / 0.098743s ]).
|b_0| of BKZ-32 reduced basis of thread 13 is: 2299.921303(2.20328s [2.02402 s / 0.0893091s ]).
|b_0| of BKZ-32 reduced basis of thread 1 is: 2335.232965(2.2445s [1.861 s / 0.271161s ]).
|b_0| of BKZ-32 reduced basis of thread 3 is: 2267.670831(2.24734s [1.6867 s / 0.447774s ]).
|b_0| of BKZ-32 reduced basis of thread 9 is: 2355.677822(2.25562s [1.77513 s / 0.36221s ]).
|b_0| of BKZ-32 reduced basis of thread 8 is: 2358.531111(2.2714s [1.95434 s / 0.208378s ]).
|b_0| of BKZ-32 reduced basis of thread 6 is: 2264.268756(2.38618s [1.86041 s / 0.41553s ]).
Sorting 16 bases.
Time for preprocessing: 2.39838 seconds.
Processing base of thread 14
Executing ENUM with target length 2092
A: 4.3765e+06
Searching candidates in depth 10
coefficients: [ 0 0 0 0 0 0 0 0 0 0 0 0 0 0 0 0 0 0 0 0 0 0 0 0 0 0 0 0 0 0 0 0 0 0 0 0 0 0 0 0 0 0 0 0 0 0 0 0 0 0 0 0 0 0 0 0 0 0 0 0 0 0 0 0 0 0 0 0 ]
Shortest Vector: [0 0 0 0 0 0 0 0 0 0 0 0 0 0 0 0 0 0 0 0 0 0 0 0 0 0 0 0 0 0 0 0 0 0 0 0 0 0 0 0 0 0 0 0 0 0 0 0 0 0 0 0 0 0 0 0 0 0 0 0 0 0 0 0 0 0 0 0 ]
Len: 0

Runtime of standard enumeration: 0.37673 s.
Processing base of thread 4
Executing ENUM with target length 2092
A: 4.3765e+06
Searching candidates in depth 10
coefficients: [ 0 0 0 0 0 0 0 0 0 0 0 0 0 0 0 0 0 0 0 0 0 0 0 0 0 0 0 0 0 0 0 0 0 0 0 0 0 0 0 0 0 0 0 0 0 0 0 0 0 0 0 0 0 0 0 0 0 0 0 0 0 0 0 0 0 0 0 0 ]
Shortest Vector: [0 0 0 0 0 0 0 0 0 0 0 0 0 0 0 0 0 0 0 0 0 0 0 0 0 0 0 0 0 0 0 0 0 0 0 0 0 0 0 0 0 0 0 0 0 0 0 0 0 0 0 0 0 0 0 0 0 0 0 0 0 0 0 0 0 0 0 0 ]
Len: 0

Runtime of standard enumeration: 0.37125 s.
Processing base of thread 10
Executing ENUM with target length 2092
A: 4.3765e+06
Searching candidates in depth 10
coefficients: [ 0 0 0 0 0 0 0 0 0 0 0 0 0 0 0 0 0 0 0 0 0 0 0 0 0 0 0 0 0 0 0 0 0 0 0 0 0 0 0 0 0 0 0 0 0 0 0 0 0 0 0 0 0 0 0 0 0 0 0 0 0 0 0 0 0 0 0 0 ]
Shortest Vector: [0 0 0 0 0 0 0 0 0 0 0 0 0 0 0 0 0 0 0 0 0 0 0 0 0 0 0 0 0 0 0 0 0 0 0 0 0 0 0 0 0 0 0 0 0 0 0 0 0 0 0 0 0 0 0 0 0 0 0 0 0 0 0 0 0 0 0 0 ]
Len: 0

Runtime of standard enumeration: 0.26948 s.
Processing base of thread 6
Executing ENUM with target length 2092
A: 4.3765e+06
Searching candidates in depth 10
coefficients: [ 0 0 0 0 0 0 0 0 0 0 0 0 0 0 0 0 0 0 0 0 0 0 0 0 0 0 0 0 0 0 0 0 0 0 0 0 0 0 0 0 0 0 0 0 0 0 0 0 0 0 0 0 0 0 0 0 0 0 0 0 0 0 0 0 0 0 0 0 ]
Shortest Vector: [0 0 0 0 0 0 0 0 0 0 0 0 0 0 0 0 0 0 0 0 0 0 0 0 0 0 0 0 0 0 0 0 0 0 0 0 0 0 0 0 0 0 0 0 0 0 0 0 0 0 0 0 0 0 0 0 0 0 0 0 0 0 0 0 0 0 0 0 ]
Len: 0

Runtime of standard enumeration: 0.21474 s.
Processing base of thread 3
Executing ENUM with target length 2092
A: 4.3765e+06
Searching candidates in depth 10
coefficients: [ 0 0 0 0 0 0 0 0 0 0 0 0 0 0 0 0 0 0 0 0 0 0 0 0 0 0 0 0 0 0 0 0 0 0 0 0 0 0 0 0 0 0 0 0 0 0 0 0 0 0 0 0 0 0 0 0 0 0 0 0 0 0 0 0 0 0 0 0 ]
Shortest Vector: [0 0 0 0 0 0 0 0 0 0 0 0 0 0 0 0 0 0 0 0 0 0 0 0 0 0 0 0 0 0 0 0 0 0 0 0 0 0 0 0 0 0 0 0 0 0 0 0 0 0 0 0 0 0 0 0 0 0 0 0 0 0 0 0 0 0 0 0 ]
Len: 0

Runtime of standard enumeration: 0.30518 s.
Processing base of thread 12
Executing ENUM with target length 2092
A: 4.3765e+06
Searching candidates in depth 10
coefficients: [ 0 0 0 0 0 0 0 0 0 0 0 0 0 0 0 0 0 0 0 0 0 0 0 0 0 0 0 0 0 0 0 0 0 0 0 0 0 0 0 0 0 0 0 0 0 0 0 0 0 0 0 0 0 0 0 0 0 0 0 0 0 0 0 0 0 0 0 0 ]
Shortest Vector: [0 0 0 0 0 0 0 0 0 0 0 0 0 0 0 0 0 0 0 0 0 0 0 0 0 0 0 0 0 0 0 0 0 0 0 0 0 0 0 0 0 0 0 0 0 0 0 0 0 0 0 0 0 0 0 0 0 0 0 0 0 0 0 0 0 0 0 0 ]
Len: 0

Runtime of standard enumeration: 0.25792 s.
Processing base of thread 15
Executing ENUM with target length 2092
A: 4.3765e+06
Searching candidates in depth 10
Found new minumun (length: 2090)  11   -1   -1    1   -2   -1    0   -5   -5    5    4   -2   -1    0    4    2    7    1    5   -1    3   -4    4   -4   -1   -4    4    4   -2   -4   -3    6   -4   -4    2    1    0   -1   -2    2    2   -1    0    1    1    0   -4    3    2    0    0    1   -1    2   -2   -1    1    1    2   -1   -1    0    1    0   -1    0    0    0    0    0 
coefficients: [ 11 -1 -1 1 -2 -1 -0 -5 -5 5 4 -2 -1 -0 4 2 7 1 5 -1 3 -4 4 -4 -1 -4 4 4 -2 -4 -3 6 -4 -4 2 1 -0 -1 -2 2 2 -1 -0 1 1 0 -4 3 2 -0 -0 1 -1 2 -2 -1 1 1 2 -1 -1 -0 1 -0 -1 0 0 0 ]
Shortest Vector: [127 93 -102 -33 315 -504 178 -315 -414 356 -120 162 31 380 -513 -315 268 47 -3 112 137 -94 -15 -264 -51 309 -286 -192 205 -220 282 -139 -112 -416 -108 78 369 -21 247 566 121 93 441 117 452 -66 256 423 -219 236 115 364 97 134 -45 109 -63 146 -501 -32 -7 -224 -59 415 25 -327 -39 -321 ]
Len: 2090.2

Runtime of standard enumeration: 0.096318 s.
Finishing after 1 attemps in 4.7888 s (processed 7 bases).
Working threads: 16
Using NTL types.
Activating EXTREME pruning.
Setting pruning parameter to 0.22.
Setting candidate-queue size to 10240.
Setting parallel-enum threshold to dimension 15.
Disabling usage of Gauss heuristic
Enabling BKZ-auto-height adaption.
Setting bkz-height to 2.
Setting pre-beta to 24.
Setting parallel-BKZ instances to 32.
Setting randomized trials to 9.
Read conf file at penum.conf
Setting prebeta parameter to 24.
Setting pruning parameter to 0.21.
Delta: 0.9999
Beta: 32
Mode: 1
Candidate Height: 10
Target length: 2092
Trying to read: ./inppap/svpc-e1-d68-98937.txt
Read a basis of dimension: 68 / 68 with |b_0| = 0.3302100355e205
Starting procedure
Preparing preprocessing of 16 threads.
Thread 0 is BKZ-32 reducing basis
Thread 3 is BKZ-32 reducing basis
Thread 13 is BKZ-32 reducing basis
Thread 5 is BKZ-32 reducing basis
Thread 1 is BKZ-32 reducing basis
Thread 10 is BKZ-32 reducing basis
Thread 15 is BKZ-32 reducing basis
Thread 14 is BKZ-32 reducing basis
Thread 9 is BKZ-32 reducing basis
Thread 6 is BKZ-32 reducing basis
Thread 2 is BKZ-32 reducing basis
Thread 8 is BKZ-32 reducing basis
Thread 4 is BKZ-32 reducing basis
Thread 7 is BKZ-32 reducing basis
Thread 12 is BKZ-32 reducing basis
Thread 11 is BKZ-32 reducing basis
|b_0| of BKZ-32 reduced basis of thread 0 is: 2398.941642(1.32577s [1.24729 s / 0.0134368s ]).
|b_0| of BKZ-32 reduced basis of thread 11 is: 2366.427687(1.82736s [1.66188 s / 0.0729507s ]).
|b_0| of BKZ-32 reduced basis of thread 15 is: 2146.851648(1.89238s [1.64236 s / 0.15658s ]).
|b_0| of BKZ-32 reduced basis of thread 10 is: 2382.918798(1.91537s [1.7923 s / 0.0135573s ]).
|b_0| of BKZ-32 reduced basis of thread 13 is: 2458.099469(1.96483s [1.74939 s / 0.105017s ]).
|b_0| of BKZ-32 reduced basis of thread 3 is: 2338.544419(2.11991s [1.91982 s / 0.0889959s ]).
|b_0| of BKZ-32 reduced basis of thread 8 is: 2345.231971(2.12467s [1.96166 s / 0.0543323s ]).
|b_0| of BKZ-32 reduced basis of thread 6 is: 2418.091396(2.13459s [1.81235 s / 0.212087s ]).
|b_0| of BKZ-32 reduced basis of thread 5 is: 2357.152307(2.14195s [1.94286 s / 0.0830852s ]).
|b_0| of BKZ-32 reduced basis of thread 9 is: 2254.559159(2.14207s [1.79008 s / 0.237536s ]).
|b_0| of BKZ-32 reduced basis of thread 7 is: 2255.362942(2.16913s [1.83113 s / 0.229407s ]).
|b_0| of BKZ-32 reduced basis of thread 4 is: 2368.764868(2.19811s [1.98889 s / 0.100873s ]).
|b_0| of BKZ-32 reduced basis of thread 14 is: 2364.294821(2.22226s [1.94149 s / 0.187264s ]).
|b_0| of BKZ-32 reduced basis of thread 12 is: 2300.526679(2.22732s [1.70373 s / 0.430941s ]).
|b_0| of BKZ-32 reduced basis of thread 2 is: 2361.207107(2.27579s [2.08589 s / 0.0771373s ]).
|b_0| of BKZ-32 reduced basis of thread 1 is: 2300.659253(2.27806s [1.9566 s / 0.206153s ]).
Sorting 16 bases.
Time for preprocessing: 2.29025 seconds.
Processing base of thread 15
Executing ENUM with target length 2092
A: 4.3765e+06
Searching candidates in depth 10
Found new minumun (length: 2090)   3    5    6   15    8   18   12  -11    2   -1    4    0   -3   -8   -2   -4    1    0    4    4   -2    7   -4   -3    1    4    0   -3    3    4    0   -2    1    2   -1    1   -4    2   -1    1   -3    0   -1    1   -1    1   -2   -1    1    1    0    0   -2    0   -1    0    1    1   -1   -1    1    0    0    1    0    0    0    0    0    0 
coefficients: [ 3 5 6 15 8 18 12 -11 2 -1 4 -0 -3 -8 -2 -4 1 -0 4 4 -2 7 -4 -3 1 4 -0 -3 3 4 -0 -2 1 2 -1 1 -4 2 -1 1 -3 -0 -1 1 -1 1 -2 -1 1 1 -0 -0 -2 -0 -1 -0 1 1 -1 -1 1 -0 -0 1 0 0 0 0 ]
Shortest Vector: [127 93 -102 -33 315 -504 178 -315 -414 356 -120 162 31 380 -513 -315 268 47 -3 112 137 -94 -15 -264 -51 309 -286 -192 205 -220 282 -139 -112 -416 -108 78 369 -21 247 566 121 93 441 117 452 -66 256 423 -219 236 115 364 97 134 -45 109 -63 146 -501 -32 -7 -224 -59 415 25 -327 -39 -321 ]
Len: 2090.2

Runtime of standard enumeration: 0.081032 s.
Finishing after 1 attemps in 2.4471 s (processed 1 bases).
Working threads: 16
Using NTL types.
Activating EXTREME pruning.
Setting pruning parameter to 0.22.
Setting candidate-queue size to 10240.
Setting parallel-enum threshold to dimension 15.
Disabling usage of Gauss heuristic
Enabling BKZ-auto-height adaption.
Setting bkz-height to 2.
Setting pre-beta to 24.
Setting parallel-BKZ instances to 32.
Setting randomized trials to 9.
Read conf file at penum.conf
Setting prebeta parameter to 24.
Setting pruning parameter to 0.21.
Delta: 0.9999
Beta: 32
Mode: 1
Candidate Height: 10
Target length: 2092
Trying to read: ./inppap/svpc-e1-d68-98937.txt
Read a basis of dimension: 68 / 68 with |b_0| = 0.3302100355e205
Starting procedure
Preparing preprocessing of 16 threads.
Thread 0 is BKZ-32 reducing basis
Thread 1 is BKZ-32 reducing basis
Thread 3 is BKZ-32 reducing basis
Thread 5 is BKZ-32 reducing basis
Thread 6 is BKZ-32 reducing basis
Thread Thread 9 is BKZ-32 reducing basis4
 is BKZ-32 reducing basis
Thread 8 is BKZ-32 reducing basis
Thread 2 is BKZ-32 reducing basis
Thread 12 is BKZ-32 reducing basis
Thread 13 is BKZ-32 reducing basis
Thread 14 is BKZ-32 reducing basis
Thread 7 is BKZ-32 reducing basis
Thread 10 is BKZ-32 reducing basis
Thread 11 is BKZ-32 reducing basis
Thread 15 is BKZ-32 reducing basis
|b_0| of BKZ-32 reduced basis of thread 0 is: 2398.941642(1.32297s [1.24437 s / 0.0134289s ]).
|b_0| of BKZ-32 reduced basis of thread 7 is: 2294.467476(2.02529s [1.73483 s / 0.175047s ]).
|b_0| of BKZ-32 reduced basis of thread 12 is: 2300.189775(2.03468s [1.85781 s / 0.0731789s ]).
|b_0| of BKZ-32 reduced basis of thread 1 is: 2290.553208(2.03752s [1.70575 s / 0.215833s ]).
|b_0| of BKZ-32 reduced basis of thread 8 is: 2422.384363(2.04214s [1.73636 s / 0.184989s ]).
|b_0| of BKZ-32 reduced basis of thread 10 is: 2175.815479(2.04413s [1.85437 s / 0.0739149s ]).
|b_0| of BKZ-32 reduced basis of thread 11 is: 2215.182385(2.06185s [1.78541 s / 0.181974s ]).
|b_0| of BKZ-32 reduced basis of thread 4 is: 2262.831854(2.08068s [1.80071 s / 0.169168s ]).
|b_0| of BKZ-32 reduced basis of thread 3 is: 2434.160225(2.09208s [1.84367 s / 0.136407s ]).
|b_0| of BKZ-32 reduced basis of thread 14 is: 2249.267881(2.11759s [1.88143 s / 0.13902s ]).
|b_0| of BKZ-32 reduced basis of thread 2 is: 2243.947638(2.11854s [1.73038 s / 0.270872s ]).
|b_0| of BKZ-32 reduced basis of thread 15 is: 2264.268756(2.21506s [1.74158 s / 0.379408s ]).
|b_0| of BKZ-32 reduced basis of thread 6 is: 2381.117595(2.25164s [2.05425 s / 0.0827207s ]).
|b_0| of BKZ-32 reduced basis of thread 5 is: 2277.737035(2.25569s [1.72065 s / 0.417551s ]).
|b_0| of BKZ-32 reduced basis of thread 13 is: 2254.043921(2.25753s [1.95621 s / 0.187071s ]).
|b_0| of BKZ-32 reduced basis of thread 9 is: 2223.047233(2.30202s [1.77405 s / 0.415442s ]).
Sorting 16 bases.
Time for preprocessing: 2.31612 seconds.
Processing base of thread 10
Executing ENUM with target length 2092
A: 4.3765e+06
Searching candidates in depth 10
coefficients: [ 0 0 0 0 0 0 0 0 0 0 0 0 0 0 0 0 0 0 0 0 0 0 0 0 0 0 0 0 0 0 0 0 0 0 0 0 0 0 0 0 0 0 0 0 0 0 0 0 0 0 0 0 0 0 0 0 0 0 0 0 0 0 0 0 0 0 0 0 ]
Shortest Vector: [0 0 0 0 0 0 0 0 0 0 0 0 0 0 0 0 0 0 0 0 0 0 0 0 0 0 0 0 0 0 0 0 0 0 0 0 0 0 0 0 0 0 0 0 0 0 0 0 0 0 0 0 0 0 0 0 0 0 0 0 0 0 0 0 0 0 0 0 ]
Len: 0

Runtime of standard enumeration: 0.28828 s.
Processing base of thread 11
Executing ENUM with target length 2092
A: 4.3765e+06
Searching candidates in depth 10
Found new minumun (length: 2090)   9   -1    4    3   -2   -2   -2   -6    1   -6   -7    5   -5   -5    0    1   -3   -1   -4    7   -2   -2    2    1    1    2   -3   -3    2   -4    1    0    1    2    2    2    0   -1    1   -3   -2    1   -1    1    2    1    1    0    1   -1    1   -1   -1    0    1    1    0    0   -1   -1    1    0    0    1    0    1    0    0    0    0 
coefficients: [ 9 -1 4 3 -2 -2 -2 -6 1 -6 -7 5 -5 -5 -0 1 -3 -1 -4 7 -2 -2 2 1 1 2 -3 -3 2 -4 1 -0 1 2 2 2 -0 -1 1 -3 -2 1 -1 1 2 1 1 -0 1 -1 1 -1 -1 -0 1 1 0 0 -1 -1 1 -0 -0 1 -0 1 0 0 ]
Shortest Vector: [127 93 -102 -33 315 -504 178 -315 -414 356 -120 162 31 380 -513 -315 268 47 -3 112 137 -94 -15 -264 -51 309 -286 -192 205 -220 282 -139 -112 -416 -108 78 369 -21 247 566 121 93 441 117 452 -66 256 423 -219 236 115 364 97 134 -45 109 -63 146 -501 -32 -7 -224 -59 415 25 -327 -39 -321 ]
Len: 2090.2

Runtime of standard enumeration: 0.1173 s.
Finishing after 1 attemps in 2.8644 s (processed 2 bases).
Working threads: 16
Using NTL types.
Activating EXTREME pruning.
Setting pruning parameter to 0.22.
Setting candidate-queue size to 10240.
Setting parallel-enum threshold to dimension 15.
Disabling usage of Gauss heuristic
Enabling BKZ-auto-height adaption.
Setting bkz-height to 2.
Setting pre-beta to 24.
Setting parallel-BKZ instances to 32.
Setting randomized trials to 9.
Read conf file at penum.conf
Setting prebeta parameter to 24.
Setting pruning parameter to 0.21.
Delta: 0.9999
Beta: 32
Mode: 1
Candidate Height: 10
Target length: 2092
Trying to read: ./inppap/svpc-e1-d68-98937.txt
Read a basis of dimension: 68 / 68 with |b_0| = 0.3302100355e205
Starting procedure
Preparing preprocessing of 16 threads.
Thread 0 is BKZ-32 reducing basis
Thread 1 is BKZ-32 reducing basis
Thread 5 is BKZ-32 reducing basis
Thread 7 is BKZ-32 reducing basis
Thread 3 is BKZ-32 reducing basis
Thread 13 is BKZ-32 reducing basis
Thread 10 is BKZ-32 reducing basis
Thread 4 is BKZ-32 reducing basis
Thread 2 is BKZ-32 reducing basis
Thread 11 is BKZ-32 reducing basis
Thread 6 is BKZ-32 reducing basis
Thread 14 is BKZ-32 reducing basis
Thread 9 is BKZ-32 reducing basis
Thread 12 is BKZ-32 reducing basis
Thread 8 is BKZ-32 reducing basis
Thread 15 is BKZ-32 reducing basis
|b_0| of BKZ-32 reduced basis of thread 0 is: 2398.941642(1.32681s [1.2483 s / 0.0134461s ]).
|b_0| of BKZ-32 reduced basis of thread 8 is: 2413.589029(1.86605s [1.74206 s / 0.0140622s ]).
|b_0| of BKZ-32 reduced basis of thread 13 is: 2320.391346(1.97826s [1.7636 s / 0.0995801s ]).
|b_0| of BKZ-32 reduced basis of thread 7 is: 2315.034125(1.99349s [1.76322 s / 0.117531s ]).
|b_0| of BKZ-32 reduced basis of thread 12 is: 2301.935056(2.01841s [1.78688 s / 0.134924s ]).
|b_0| of BKZ-32 reduced basis of thread 11 is: 2291.755441(2.02896s [1.70167 s / 0.231198s ]).
|b_0| of BKZ-32 reduced basis of thread 1 is: 2194.772653(2.09332s [1.68798 s / 0.295967s ]).
|b_0| of BKZ-32 reduced basis of thread 15 is: 2286.530341(2.10451s [1.80129 s / 0.208154s ]).
|b_0| of BKZ-32 reduced basis of thread 4 is: 2342.568249(2.13434s [1.91536 s / 0.10892s ]).
|b_0| of BKZ-32 reduced basis of thread 14 is: 2371.294161(2.15029s [1.73792 s / 0.316401s ]).
|b_0| of BKZ-32 reduced basis of thread 5 is: 2273.996262(2.17291s [1.80462 s / 0.256173s ]).
|b_0| of BKZ-32 reduced basis of thread 3 is: 2324.044965(2.25029s [1.79005 s / 0.344145s ]).
|b_0| of BKZ-32 reduced basis of thread 6 is: 2228.138012(2.25067s [1.74939 s / 0.386209s ]).
|b_0| of BKZ-32 reduced basis of thread 9 is: 2394.99499(2.26539s [1.69734 s / 0.453739s ]).
|b_0| of BKZ-32 reduced basis of thread 2 is: 2287.152597(2.26859s [1.88013 s / 0.275212s ]).
|b_0| of BKZ-32 reduced basis of thread 10 is: 2326.838413(2.28032s [1.82467 s / 0.345553s ]).
Sorting 16 bases.
Time for preprocessing: 2.29454 seconds.
Processing base of thread 1
Executing ENUM with target length 2092
A: 4.3765e+06
Searching candidates in depth 10
Found new minumun (length: 2090)  -9    3   -8   -5   12    2    5   -8   -7    5    3    8    5   -8   10   12    6    1   -6    2    6    2   -1    4   -1   -7    4   -3    4    1    3    1   -2    1   -4    1    4    2    0    1    1    1   -2    0   -2    0    0   -2    0    0    2    1   -1    0    0    1    0    1   -1    1    0    0   -1    0    1   -1    1   -1    0    0 
coefficients: [ -9 3 -8 -5 12 2 5 -8 -7 5 3 8 5 -8 10 12 6 1 -6 2 6 2 -1 4 -1 -7 4 -3 4 1 3 1 -2 1 -4 1 4 2 -0 1 1 1 -2 -0 -2 -0 -0 -2 0 -0 2 1 -1 -0 -0 1 -0 1 -1 1 -0 0 -1 -0 1 -1 1 -1 ]
Shortest Vector: [-127 -93 102 33 -315 504 -178 315 414 -356 120 -162 -31 -380 513 315 -268 -47 3 -112 -137 94 15 264 51 -309 286 192 -205 220 -282 139 112 416 108 -78 -369 21 -247 -566 -121 -93 -441 -117 -452 66 -256 -423 219 -236 -115 -364 -97 -134 45 -109 63 -146 501 32 7 224 59 -415 -25 327 39 321 ]
Len: 2090.2

Runtime of standard enumeration: 0.27953 s.
Finishing after 1 attemps in 2.6578 s (processed 1 bases).
Working threads: 16
Using NTL types.
Activating EXTREME pruning.
Setting pruning parameter to 0.22.
Setting candidate-queue size to 10240.
Setting parallel-enum threshold to dimension 15.
Disabling usage of Gauss heuristic
Enabling BKZ-auto-height adaption.
Setting bkz-height to 2.
Setting pre-beta to 24.
Setting parallel-BKZ instances to 32.
Setting randomized trials to 9.
Read conf file at penum.conf
Setting prebeta parameter to 24.
Setting pruning parameter to 0.21.
Delta: 0.9999
Beta: 32
Mode: 1
Candidate Height: 10
Target length: 2092
Trying to read: ./inppap/svpc-e1-d68-98937.txt
Read a basis of dimension: 68 / 68 with |b_0| = 0.3302100355e205
Starting procedure
Preparing preprocessing of 16 threads.
Thread 0 is BKZ-32 reducing basis
Thread 7 is BKZ-32 reducing basis
Thread 8 is BKZ-32 reducing basis
Thread 9 is BKZ-32 reducing basis
Thread 2 is BKZ-32 reducing basis
Thread 5 is BKZ-32 reducing basis
Thread 13 is BKZ-32 reducing basis
Thread 1 is BKZ-32 reducing basis
Thread 11 is BKZ-32 reducing basis
Thread 14 is BKZ-32 reducing basis
Thread 4 is BKZ-32 reducing basis
Thread 15 is BKZ-32 reducing basis
Thread 6 is BKZ-32 reducing basis
Thread 10 is BKZ-32 reducing basis
Thread 12 is BKZ-32 reducing basis
Thread 3 is BKZ-32 reducing basis
|b_0| of BKZ-32 reduced basis of thread 0 is: 2398.941642(1.33529s [1.25558 s / 0.0135395s ]).
|b_0| of BKZ-32 reduced basis of thread 3 is: 2358.309776(1.8716s [1.63341 s / 0.133923s ]).
|b_0| of BKZ-32 reduced basis of thread 14 is: 2243.986854(1.91992s [1.73378 s / 0.0775433s ]).
|b_0| of BKZ-32 reduced basis of thread 6 is: 2441.829642(2.00031s [1.67124 s / 0.223621s ]).
|b_0| of BKZ-32 reduced basis of thread 1 is: 2281.894608(2.01262s [1.7235 s / 0.176056s ]).
|b_0| of BKZ-32 reduced basis of thread 13 is: 2367.156311(2.03735s [1.79047 s / 0.133826s ]).
|b_0| of BKZ-32 reduced basis of thread 12 is: 2287.152597(2.05512s [1.83073 s / 0.119032s ]).
|b_0| of BKZ-32 reduced basis of thread 11 is: 2285.527291(2.07868s [1.69349 s / 0.272666s ]).
|b_0| of BKZ-32 reduced basis of thread 7 is: 2277.737035(2.17539s [1.80857 s / 0.254002s ]).
|b_0| of BKZ-32 reduced basis of thread 5 is: 2385.584834(2.18703s [1.85505 s / 0.218995s ]).
|b_0| of BKZ-32 reduced basis of thread 2 is: 2310.004113(2.2176s [1.82611 s / 0.282808s ]).
|b_0| of BKZ-32 reduced basis of thread 9 is: 2352.001063(2.24859s [2.00922 s / 0.120929s ]).
|b_0| of BKZ-32 reduced basis of thread 10 is: 2090.210994(2.26764s [2.02483 s / 0.137721s ]).
|b_0| of BKZ-32 reduced basis of thread 15 is: 2310.71331(2.27609s [1.92406 s / 0.248957s ]).
|b_0| of BKZ-32 reduced basis of thread 8 is: 2294.467476(2.29169s [1.75928 s / 0.423774s ]).
|b_0| of BKZ-32 reduced basis of thread 4 is: 2256.048537(2.35306s [1.69104 s / 0.554303s ]).
Sorting 16 bases.
Time for preprocessing: 2.36934 seconds.
Processing base of thread 10
Executing ENUM with target length 2092
A: 4.3765e+06
Searching candidates in depth 10
Found new minumun (length: 2090)   1    0    0    0    0    0    0    0    0    0    0    0    0    0    0    0    0    0    0    0    0    0    0    0    0    0    0    0    0    0    0    0    0    0    0    0    0    0    0    0    0    0    0    0    0    0    0    0    0    0    0    0    0    0    0    0    0    0    0    0    0    0    0    0    0    0    0    0    0    0 
coefficients: [ 1 0 0 0 0 0 0 0 0 0 0 0 0 0 0 0 0 0 0 0 0 0 0 0 0 0 0 0 0 0 0 0 0 0 0 0 0 0 0 0 0 0 0 0 0 0 0 0 0 0 0 0 0 0 0 0 0 0 0 0 0 0 0 0 0 0 0 0 ]
Shortest Vector: [127 93 -102 -33 315 -504 178 -315 -414 356 -120 162 31 380 -513 -315 268 47 -3 112 137 -94 -15 -264 -51 309 -286 -192 205 -220 282 -139 -112 -416 -108 78 369 -21 247 566 121 93 441 117 452 -66 256 423 -219 236 115 364 97 134 -45 109 -63 146 -501 -32 -7 -224 -59 415 25 -327 -39 -321 ]
Len: 2090.2

Runtime of standard enumeration: 0.10677 s.
Finishing after 1 attemps in 2.555 s (processed 1 bases).
Working threads: 16
Using NTL types.
Activating EXTREME pruning.
Setting pruning parameter to 0.22.
Setting candidate-queue size to 10240.
Setting parallel-enum threshold to dimension 15.
Disabling usage of Gauss heuristic
Enabling BKZ-auto-height adaption.
Setting bkz-height to 2.
Setting pre-beta to 24.
Setting parallel-BKZ instances to 32.
Setting randomized trials to 9.
Read conf file at penum.conf
Setting prebeta parameter to 24.
Setting pruning parameter to 0.21.
Delta: 0.9999
Beta: 32
Mode: 1
Candidate Height: 10
Target length: 2092
Trying to read: ./inppap/svpc-e1-d68-98937.txt
Read a basis of dimension: 68 / 68 with |b_0| = 0.3302100355e205
Starting procedure
Preparing preprocessing of 16 threads.
Thread 0 is BKZ-32 reducing basis
Thread 7 is BKZ-32 reducing basis
Thread 3 is BKZ-32 reducing basis
Thread 9 is BKZ-32 reducing basis
Thread 12 is BKZ-32 reducing basis
Thread 5 is BKZ-32 reducing basis
Thread 13 is BKZ-32 reducing basis
Thread 15 is BKZ-32 reducing basis
Thread 11 is BKZ-32 reducing basis
Thread 4 is BKZ-32 reducing basis
Thread 10 is BKZ-32 reducing basis
Thread 6 is BKZ-32 reducing basisThread 
8 is BKZ-32 reducing basis
Thread 2 is BKZ-32 reducing basis
Thread 1 is BKZ-32 reducing basis
Thread 14 is BKZ-32 reducing basis
|b_0| of BKZ-32 reduced basis of thread 0 is: 2398.941642(1.33304s [1.25411 s / 0.0134384s ]).
|b_0| of BKZ-32 reduced basis of thread 11 is: 2375.608554(1.91219s [1.69551 s / 0.126677s ]).
|b_0| of BKZ-32 reduced basis of thread 14 is: 2436.945014(1.93017s [1.7272 s / 0.113133s ]).
|b_0| of BKZ-32 reduced basis of thread 12 is: 2299.189205(1.97588s [1.73111 s / 0.155963s ]).
|b_0| of BKZ-32 reduced basis of thread 9 is: 2364.551755(1.98948s [1.76925 s / 0.109795s ]).
|b_0| of BKZ-32 reduced basis of thread 1 is: 2323.007964(1.99245s [1.64527 s / 0.271757s ]).
|b_0| of BKZ-32 reduced basis of thread 5 is: 2257.170795(2.03276s [1.71168 s / 0.206958s ]).
|b_0| of BKZ-32 reduced basis of thread 3 is: 2420.447273(2.03675s [1.7627 s / 0.162708s ]).
|b_0| of BKZ-32 reduced basis of thread 6 is: 2351.583296(2.04839s [1.68571 s / 0.251443s ]).
|b_0| of BKZ-32 reduced basis of thread 2 is: 2252.218018(2.07814s [1.68897 s / 0.277489s ]).
|b_0| of BKZ-32 reduced basis of thread 8 is: 2312.234633(2.13462s [1.9141 s / 0.104245s ]).
|b_0| of BKZ-32 reduced basis of thread 7 is: 2321.601602(2.14146s [1.83092 s / 0.199434s ]).
|b_0| of BKZ-32 reduced basis of thread 10 is: 2287.585408(2.14059s [1.90447 s / 0.115607s ]).
|b_0| of BKZ-32 reduced basis of thread 4 is: 2350.565889(2.14342s [1.85088 s / 0.177821s ]).
|b_0| of BKZ-32 reduced basis of thread 15 is: 2277.710254(2.22313s [1.95334 s / 0.160213s ]).
|b_0| of BKZ-32 reduced basis of thread 13 is: 2294.952941(2.23341s [1.88314 s / 0.239856s ]).
Sorting 16 bases.
Time for preprocessing: 2.24951 seconds.
Processing base of thread 2
Executing ENUM with target length 2092
A: 4.3765e+06
Searching candidates in depth 10
Found new minumun (length: 2090)   1  -11    7    2   -9   -4   -3    8   -2   -2   -2    8   -8   -4   -1    1   -6    5    8    4    5    2   -2    4    4   -2   -3    0   -4    4    1   -4   -1   -1    1   -5    2    2    4    0    1    0    2    0   -2    3   -1    0    0    0   -2    1    0    1   -2    0    0    1    1    2    0    0    1    1    1    0   -1    0    0    0 
coefficients: [ 1 -11 7 2 -9 -4 -3 8 -2 -2 -2 8 -8 -4 -1 1 -6 5 8 4 5 2 -2 4 4 -2 -3 -0 -4 4 1 -4 -1 -1 1 -5 2 2 4 -0 1 -0 2 -0 -2 3 -1 -0 -0 -0 -2 1 -0 1 -2 -0 0 1 1 2 -0 0 1 1 1 -0 -1 0 ]
Shortest Vector: [-127 -93 102 33 -315 504 -178 315 414 -356 120 -162 -31 -380 513 315 -268 -47 3 -112 -137 94 15 264 51 -309 286 192 -205 220 -282 139 112 416 108 -78 -369 21 -247 -566 -121 -93 -441 -117 -452 66 -256 -423 219 -236 -115 -364 -97 -134 45 -109 63 -146 501 32 7 224 59 -415 -25 327 39 321 ]
Len: 2090.2

Runtime of standard enumeration: 0.17337 s.
Finishing after 1 attemps in 2.5039 s (processed 1 bases).
Working threads: 16
Using NTL types.
Activating EXTREME pruning.
Setting pruning parameter to 0.22.
Setting candidate-queue size to 10240.
Setting parallel-enum threshold to dimension 15.
Disabling usage of Gauss heuristic
Enabling BKZ-auto-height adaption.
Setting bkz-height to 2.
Setting pre-beta to 24.
Setting parallel-BKZ instances to 32.
Setting randomized trials to 9.
Read conf file at penum.conf
Setting prebeta parameter to 24.
Setting pruning parameter to 0.21.
Delta: 0.9999
Beta: 32
Mode: 1
Candidate Height: 10
Target length: 2092
Trying to read: ./inppap/svpc-e1-d68-98937.txt
Read a basis of dimension: 68 / 68 with |b_0| = 0.3302100355e205
Starting procedure
Preparing preprocessing of 16 threads.
Thread 0 is BKZ-32 reducing basis
Thread 10 is BKZ-32 reducing basis
Thread 8 is BKZ-32 reducing basis
Thread 3 is BKZ-32 reducing basis
Thread 5 is BKZ-32 reducing basis
Thread 13 is BKZ-32 reducing basis
Thread 11 is BKZ-32 reducing basis
Thread 9 is BKZ-32 reducing basis
Thread 6 is BKZ-32 reducing basis
Thread 14 is BKZ-32 reducing basis
Thread 2 is BKZ-32 reducing basis
Thread 15 is BKZ-32 reducing basis
Thread 12 is BKZ-32 reducing basis
Thread 1 is BKZ-32 reducing basis
Thread 4 is BKZ-32 reducing basis
Thread 7 is BKZ-32 reducing basis
|b_0| of BKZ-32 reduced basis of thread 0 is: 2398.941642(1.3292s [1.25034 s / 0.0134945s ]).
|b_0| of BKZ-32 reduced basis of thread 6 is: 2395.474275(1.91651s [1.71072 s / 0.0939789s ]).
|b_0| of BKZ-32 reduced basis of thread 14 is: 2348.504418(2.03386s [1.78984 s / 0.132391s ]).
|b_0| of BKZ-32 reduced basis of thread 4 is: 2283.849163(2.05729s [1.82919 s / 0.153668s ]).
|b_0| of BKZ-32 reduced basis of thread 7 is: 2090.210994(2.06702s [1.63047 s / 0.328853s ]).
|b_0| of BKZ-32 reduced basis of thread 8 is: 2284.307991(2.10455s [1.81001 s / 0.18059s ]).
|b_0| of BKZ-32 reduced basis of thread 2 is: 2299.189205(2.12187s [1.69944 s / 0.310442s ]).
|b_0| of BKZ-32 reduced basis of thread 5 is: 2332.272497(2.14588s [1.95641 s / 0.0781941s ]).
|b_0| of BKZ-32 reduced basis of thread 13 is: 2327.551503(2.15217s [1.73273 s / 0.29732s ]).
|b_0| of BKZ-32 reduced basis of thread 3 is: 2309.571822(2.15854s [1.70353 s / 0.343623s ]).
|b_0| of BKZ-32 reduced basis of thread 1 is: 2269.471084(2.19749s [2.07365 s / 0.0131801s ]).
|b_0| of BKZ-32 reduced basis of thread 9 is: 2315.124187(2.25909s [1.96194 s / 0.186101s ]).
|b_0| of BKZ-32 reduced basis of thread 10 is: 2320.976949(2.28555s [1.91713 s / 0.256415s ]).
|b_0| of BKZ-32 reduced basis of thread 15 is: 2281.894608(2.34926s [1.96055 s / 0.274139s ]).
|b_0| of BKZ-32 reduced basis of thread 11 is: 2241.843884(2.39473s [1.96858 s / 0.345841s ]).
|b_0| of BKZ-32 reduced basis of thread 12 is: 2339.880339(2.40108s [2.13035 s / 0.190908s ]).
Sorting 16 bases.
Time for preprocessing: 2.4147 seconds.
Processing base of thread 7
Executing ENUM with target length 2092
A: 4.3765e+06
Searching candidates in depth 10
Found new minumun (length: 2090)   1    0    0    0    0    0    0    0    0    0    0    0    0    0    0    0    0    0    0    0    0    0    0    0    0    0    0    0    0    0    0    0    0    0    0    0    0    0    0    0    0    0    0    0    0    0    0    0    0    0    0    0    0    0    0    0    0    0    0    0    0    0    0    0    0    0    0    0    0    0 
coefficients: [ 1 0 0 0 0 0 0 0 0 0 0 0 0 0 0 0 0 0 0 0 0 0 0 0 0 0 0 0 0 0 0 0 0 0 0 0 0 0 0 0 0 0 0 0 0 0 0 0 0 0 0 0 0 0 0 0 0 0 0 0 0 0 0 0 0 0 0 0 ]
Shortest Vector: [127 93 -102 -33 315 -504 178 -315 -414 356 -120 162 31 380 -513 -315 268 47 -3 112 137 -94 -15 -264 -51 309 -286 -192 205 -220 282 -139 -112 -416 -108 78 369 -21 247 566 121 93 441 117 452 -66 256 423 -219 236 115 364 97 134 -45 109 -63 146 -501 -32 -7 -224 -59 415 25 -327 -39 -321 ]
Len: 2090.2

Runtime of standard enumeration: 0.083479 s.
Finishing after 1 attemps in 2.5863 s (processed 1 bases).
Working threads: 16
Using NTL types.
Activating EXTREME pruning.
Setting pruning parameter to 0.22.
Setting candidate-queue size to 10240.
Setting parallel-enum threshold to dimension 15.
Disabling usage of Gauss heuristic
Enabling BKZ-auto-height adaption.
Setting bkz-height to 2.
Setting pre-beta to 24.
Setting parallel-BKZ instances to 32.
Setting randomized trials to 9.
Read conf file at penum.conf
Setting prebeta parameter to 24.
Setting pruning parameter to 0.21.
Delta: 0.9999
Beta: 32
Mode: 1
Candidate Height: 10
Target length: 2092
Trying to read: ./inppap/svpc-e1-d68-98937.txt
Read a basis of dimension: 68 / 68 with |b_0| = 0.3302100355e205
Starting procedure
Preparing preprocessing of 16 threads.
Thread 0 is BKZ-32 reducing basis
Thread 15 is BKZ-32 reducing basis
Thread 10 is BKZ-32 reducing basis
Thread 9 is BKZ-32 reducing basis
Thread 7 is BKZ-32 reducing basis
Thread 1 is BKZ-32 reducing basis
Thread 5 is BKZ-32 reducing basis
Thread 2 is BKZ-32 reducing basis
Thread 4 is BKZ-32 reducing basis
Thread 14 is BKZ-32 reducing basis
Thread 6 is BKZ-32 reducing basis
Thread 8 is BKZ-32 reducing basis
Thread 3 is BKZ-32 reducing basis
Thread 13 is BKZ-32 reducing basis
Thread 12 is BKZ-32 reducing basis
Thread 11 is BKZ-32 reducing basis
|b_0| of BKZ-32 reduced basis of thread 0 is: 2398.941642(1.33236s [1.2547 s / 0.0134836s ]).
|b_0| of BKZ-32 reduced basis of thread 12 is: 2347.017895(1.86017s [1.65751 s / 0.12215s ]).
|b_0| of BKZ-32 reduced basis of thread 6 is: 2406.919193(1.88455s [1.63493 s / 0.140333s ]).
|b_0| of BKZ-32 reduced basis of thread 11 is: 2262.831854(1.93573s [1.76902 s / 0.0887472s ]).
|b_0| of BKZ-32 reduced basis of thread 7 is: 2329.51261(1.949s [1.77226 s / 0.0694113s ]).
|b_0| of BKZ-32 reduced basis of thread 14 is: 2409.427733(1.95989s [1.73009 s / 0.120704s ]).
|b_0| of BKZ-32 reduced basis of thread 8 is: 2387.832281(2.00226s [1.82198 s / 0.0710483s ]).
|b_0| of BKZ-32 reduced basis of thread 3 is: 2398.553939(2.03521s [1.83778 s / 0.0891408s ]).
|b_0| of BKZ-32 reduced basis of thread 5 is: 2303.400096(2.06169s [1.81327 s / 0.13868s ]).
|b_0| of BKZ-32 reduced basis of thread 2 is: 2405.129934(2.0752s [1.83373 s / 0.122718s ]).
|b_0| of BKZ-32 reduced basis of thread 15 is: 2267.215252(2.10048s [1.89043 s / 0.134326s ]).
|b_0| of BKZ-32 reduced basis of thread 13 is: 2362.628832(2.12704s [1.8488 s / 0.189534s ]).
|b_0| of BKZ-32 reduced basis of thread 10 is: 2347.057307(2.13452s [1.92042 s / 0.0947383s ]).
|b_0| of BKZ-32 reduced basis of thread 1 is: 2450.695207(2.14206s [1.62735 s / 0.39482s ]).
|b_0| of BKZ-32 reduced basis of thread 9 is: 2354.916347(2.14396s [1.81863 s / 0.209753s ]).
|b_0| of BKZ-32 reduced basis of thread 4 is: 2460.44244(2.14761s [1.81819 s / 0.217861s ]).
Sorting 16 bases.
Time for preprocessing: 2.16187 seconds.
Processing base of thread 11
Executing ENUM with target length 2092
A: 4.3765e+06
Searching candidates in depth 10
Found new minumun (length: 2090)   4    7   -2   -1    1   -2   -1    3   -2    6    3   -2    1   -2   -3   -3    0   -3    1   -3    2    2   -3    0    4    1    2   -1   -2   -2    0    0    0   -1    0   -1   -2   -1   -2    0    0   -2    0   -1   -2    1   -1   -1   -1    0    0    0    1    1   -1    1    0    1    0    1    1    0    1    0    0    0    0   -1    0    0 
coefficients: [ 4 7 -2 -1 1 -2 -1 3 -2 6 3 -2 1 -2 -3 -3 -0 -3 1 -3 2 2 -3 -0 4 1 2 -1 -2 -2 -0 -0 -0 -1 -0 -1 -2 -1 -2 0 -0 -2 -0 -1 -2 1 -1 -1 -1 -0 0 -0 1 1 -1 1 -0 1 -0 1 1 -0 1 -0 -0 -0 -0 -1 ]
Shortest Vector: [-127 -93 102 33 -315 504 -178 315 414 -356 120 -162 -31 -380 513 315 -268 -47 3 -112 -137 94 15 264 51 -309 286 192 -205 220 -282 139 112 416 108 -78 -369 21 -247 -566 -121 -93 -441 -117 -452 66 -256 -423 219 -236 -115 -364 -97 -134 45 -109 63 -146 501 32 7 224 59 -415 -25 327 39 321 ]
Len: 2090.2

Runtime of standard enumeration: 0.4616 s.
Finishing after 1 attemps in 2.6982 s (processed 1 bases).
Working threads: 16
Using NTL types.
Activating EXTREME pruning.
Setting pruning parameter to 0.22.
Setting candidate-queue size to 10240.
Setting parallel-enum threshold to dimension 15.
Disabling usage of Gauss heuristic
Enabling BKZ-auto-height adaption.
Setting bkz-height to 2.
Setting pre-beta to 24.
Setting parallel-BKZ instances to 32.
Setting randomized trials to 9.
Read conf file at penum.conf
Setting prebeta parameter to 24.
Setting pruning parameter to 0.21.
Delta: 0.9999
Beta: 32
Mode: 1
Candidate Height: 10
Target length: 2092
Trying to read: ./inppap/svpc-e1-d68-98937.txt
Read a basis of dimension: 68 / 68 with |b_0| = 0.3302100355e205
Starting procedure
Preparing preprocessing of 16 threads.
Thread 0 is BKZ-32 reducing basis
Thread 10 is BKZ-32 reducing basis
Thread 7 is BKZ-32 reducing basis
Thread 1 is BKZ-32 reducing basis
Thread 9 is BKZ-32 reducing basis
Thread 3 is BKZ-32 reducing basis
Thread 5 is BKZ-32 reducing basis
Thread Thread 13 is BKZ-4 is BKZ-3232 reducing basis reducing basis

Thread 8 is BKZ-32 reducing basis
Thread 6 is BKZ-32 reducing basis
Thread 14 is BKZ-32 reducing basis
Thread 2 is BKZ-32 reducing basis
Thread 15 is BKZ-32 reducing basis
Thread 12 is BKZ-32 reducing basis
Thread 11 is BKZ-32 reducing basis
|b_0| of BKZ-32 reduced basis of thread 0 is: 2398.941642(1.33033s [1.25082 s / 0.013537s ]).
|b_0| of BKZ-32 reduced basis of thread 12 is: 2423.170031(1.85754s [1.55222 s / 0.217342s ]).
|b_0| of BKZ-32 reduced basis of thread 13 is: 2280.141443(1.97148s [1.66191 s / 0.199557s ]).
|b_0| of BKZ-32 reduced basis of thread 4 is: 2319.696532(1.97675s [1.74376 s / 0.12391s ]).
|b_0| of BKZ-32 reduced basis of thread 2 is: 2090.210994(2.03133s [1.71398 s / 0.229674s ]).
|b_0| of BKZ-32 reduced basis of thread 8 is: 2401.556787(2.04701s [1.79585 s / 0.142086s ]).
|b_0| of BKZ-32 reduced basis of thread 9 is: 2299.545172(2.06494s [1.66768 s / 0.28744s ]).
|b_0| of BKZ-32 reduced basis of thread 5 is: 2364.625129(2.07684s [1.84595 s / 0.12197s ]).
|b_0| of BKZ-32 reduced basis of thread 1 is: 2258.155221(2.11408s [1.89737 s / 0.108192s ]).
|b_0| of BKZ-32 reduced basis of thread 15 is: 2345.845477(2.14903s [1.95368 s / 0.106965s ]).
|b_0| of BKZ-32 reduced basis of thread 7 is: 2288.775(2.17811s [1.8174 s / 0.253958s ]).
|b_0| of BKZ-32 reduced basis of thread 11 is: 2267.670831(2.27541s [1.99847 s / 0.202052s ]).
|b_0| of BKZ-32 reduced basis of thread 3 is: 2355.19893(2.2807s [2.01127 s / 0.158461s ]).
|b_0| of BKZ-32 reduced basis of thread 14 is: 2236.905675(2.31359s [2.03331 s / 0.171021s ]).
|b_0| of BKZ-32 reduced basis of thread 10 is: 2225.650017(2.35994s [1.84182 s / 0.413615s ]).
|b_0| of BKZ-32 reduced basis of thread 6 is: 2264.268756(2.3775s [1.81232 s / 0.4561s ]).
Sorting 16 bases.
Time for preprocessing: 2.39378 seconds.
Processing base of thread 2
Executing ENUM with target length 2092
A: 4.3765e+06
Searching candidates in depth 10
Found new minumun (length: 2090)   1    0    0    0    0    0    0    0    0    0    0    0    0    0    0    0    0    0    0    0    0    0    0    0    0    0    0    0    0    0    0    0    0    0    0    0    0    0    0    0    0    0    0    0    0    0    0    0    0    0    0    0    0    0    0    0    0    0    0    0    0    0    0    0    0    0    0    0    0    0 
coefficients: [ 1 0 0 0 0 0 0 0 0 0 0 0 0 0 0 0 0 0 0 0 0 0 0 0 0 0 0 0 0 0 0 0 0 0 0 0 0 0 0 0 0 0 0 0 0 0 0 0 0 0 0 0 0 0 0 0 0 0 0 0 0 0 0 0 0 0 0 0 ]
Shortest Vector: [127 93 -102 -33 315 -504 178 -315 -414 356 -120 162 31 380 -513 -315 268 47 -3 112 137 -94 -15 -264 -51 309 -286 -192 205 -220 282 -139 -112 -416 -108 78 369 -21 247 566 121 93 441 117 452 -66 256 423 -219 236 115 364 97 134 -45 109 -63 146 -501 -32 -7 -224 -59 415 25 -327 -39 -321 ]
Len: 2090.2

Runtime of standard enumeration: 0.11741 s.
Finishing after 1 attemps in 2.5934 s (processed 1 bases).
Working threads: 16
Using NTL types.
Activating EXTREME pruning.
Setting pruning parameter to 0.22.
Setting candidate-queue size to 10240.
Setting parallel-enum threshold to dimension 15.
Disabling usage of Gauss heuristic
Enabling BKZ-auto-height adaption.
Setting bkz-height to 2.
Setting pre-beta to 24.
Setting parallel-BKZ instances to 32.
Setting randomized trials to 9.
Read conf file at penum.conf
Setting prebeta parameter to 24.
Setting pruning parameter to 0.21.
Delta: 0.9999
Beta: 32
Mode: 1
Candidate Height: 10
Target length: 2092
Trying to read: ./inppap/svpc-e1-d68-98937.txt
Read a basis of dimension: 68 / 68 with |b_0| = 0.3302100355e205
Starting procedure
Preparing preprocessing of 16 threads.
Thread 0 is BKZ-32 reducing basis
Thread 9 is BKZ-32 reducing basis
Thread 3 is BKZ-32 reducing basis
Thread 13 is BKZ-32 reducing basis
Thread 5 is BKZ-32 reducing basis
Thread 4 is BKZ-32 reducing basis
Thread 11 is BKZ-32 reducing basis
Thread 6 is BKZ-32 reducing basis
Thread 10 is BKZ-Thread 328 is BKZ- reducing basis
32 reducing basis
Thread 1 is BKZ-32 reducing basis
Thread 7 is BKZ-32 reducing basis
Thread 14 is BKZ-32 reducing basis
Thread 15 is BKZ-32 reducing basis
Thread 12 is BKZ-32 reducing basis
Thread 2 is BKZ-32 reducing basis
|b_0| of BKZ-32 reduced basis of thread 0 is: 2398.941642(1.33934s [1.25653 s / 0.0134343s ]).
|b_0| of BKZ-32 reduced basis of thread 2 is: 2289.128218(1.9513s [1.77542 s / 0.0935005s ]).
|b_0| of BKZ-32 reduced basis of thread 11 is: 2363.950507(1.98668s [1.67743 s / 0.227151s ]).
|b_0| of BKZ-32 reduced basis of thread 13 is: 2243.947638(2.00317s [1.64665 s / 0.24298s ]).
|b_0| of BKZ-32 reduced basis of thread 6 is: 2273.905891(2.0139s [1.67871 s / 0.222161s ]).
|b_0| of BKZ-32 reduced basis of thread 12 is: 2341.198411(2.05129s [1.78602 s / 0.180511s ]).
|b_0| of BKZ-32 reduced basis of thread 5 is: 2146.851648(2.0777s [1.82071 s / 0.144128s ]).
|b_0| of BKZ-32 reduced basis of thread 7 is: 2223.047233(2.08968s [1.81967 s / 0.158221s ]).
|b_0| of BKZ-32 reduced basis of thread 15 is: 2354.892779(2.11931s [1.6961 s / 0.338306s ]).
|b_0| of BKZ-32 reduced basis of thread 9 is: 2262.831854(2.14539s [1.77834 s / 0.256178s ]).
|b_0| of BKZ-32 reduced basis of thread 14 is: 2378.332609(2.14799s [1.88762 s / 0.149477s ]).
|b_0| of BKZ-32 reduced basis of thread 10 is: 2284.04422(2.15492s [1.88009 s / 0.161519s ]).
|b_0| of BKZ-32 reduced basis of thread 4 is: 2411.240137(2.19226s [1.89782 s / 0.182866s ]).
|b_0| of BKZ-32 reduced basis of thread 3 is: 2360.790546(2.20952s [1.78845 s / 0.308558s ]).
|b_0| of BKZ-32 reduced basis of thread 1 is: 2306.9469(2.22878s [2.01814 s / 0.0969556s ]).
|b_0| of BKZ-32 reduced basis of thread 8 is: 2275.656389(2.2681s [2.11071 s / 0.0465898s ]).
Sorting 16 bases.
Time for preprocessing: 2.28014 seconds.
Processing base of thread 5
Executing ENUM with target length 2092
A: 4.3765e+06
Searching candidates in depth 10
Found new minumun (length: 2090)  -3    0   -2    2   -3    5   -3    4   -1   -1    3    1   -2    1   -1    2    5   -2    0    1   -1   -2    2   -2    0    1    0   -2   -2    2    1   -2   -1    1   -1   -2    1    1    0    0    2    0   -1    0    0   -1    0    0   -1   -1    2    1    0    0    1   -1    0    1    1    0    0    0    0    0    0    0    1    0    0    0 
coefficients: [ -3 -0 -2 2 -3 5 -3 4 -1 -1 3 1 -2 1 -1 2 5 -2 -0 1 -1 -2 2 -2 -0 1 -0 -2 -2 2 1 -2 -1 1 -1 -2 1 1 0 -0 2 -0 -1 -0 0 -1 -0 -0 -1 -1 2 1 -0 -0 1 -1 -0 1 1 -0 -0 -0 -0 -0 -0 -0 1 0 ]
Shortest Vector: [-127 -93 102 33 -315 504 -178 315 414 -356 120 -162 -31 -380 513 315 -268 -47 3 -112 -137 94 15 264 51 -309 286 192 -205 220 -282 139 112 416 108 -78 -369 21 -247 -566 -121 -93 -441 -117 -452 66 -256 -423 219 -236 -115 -364 -97 -134 45 -109 63 -146 501 32 7 224 59 -415 -25 327 39 321 ]
Len: 2090.2

Runtime of standard enumeration: 0.11043 s.
Finishing after 1 attemps in 2.4817 s (processed 1 bases).
Working threads: 16
Using NTL types.
Activating EXTREME pruning.
Setting pruning parameter to 0.22.
Setting candidate-queue size to 10240.
Setting parallel-enum threshold to dimension 15.
Disabling usage of Gauss heuristic
Enabling BKZ-auto-height adaption.
Setting bkz-height to 2.
Setting pre-beta to 24.
Setting parallel-BKZ instances to 32.
Setting randomized trials to 9.
Read conf file at penum.conf
Setting prebeta parameter to 24.
Setting pruning parameter to 0.21.
Delta: 0.9999
Beta: 32
Mode: 1
Candidate Height: 10
Target length: 2092
Trying to read: ./inppap/svpc-e1-d68-98937.txt
Read a basis of dimension: 68 / 68 with |b_0| = 0.3302100355e205
Starting procedure
Preparing preprocessing of 16 threads.
Thread 0 is BKZ-32 reducing basis
Thread 9 is BKZ-32 reducing basis
Thread 2 is BKZ-32 reducing basis
Thread 3 is BKZ-32 reducing basis
Thread 5 is BKZ-32 reducing basis
Thread 6 is BKZ-32 reducing basis
Thread 11 is BKZ-32 reducing basis
Thread 13 is BKZ-32 reducing basis
Thread 1 is BKZ-32 reducing basis
Thread 10 is BKZ-Thread 32 reducing basis8
 is BKZ-32 reducing basis
Thread 4 is BKZ-32 reducing basis
Thread 7 is BKZ-32 reducing basis
Thread 15 is BKZ-32 reducing basis
Thread 14 is BKZ-32 reducing basis
Thread 12 is BKZ-32 reducing basis
|b_0| of BKZ-32 reduced basis of thread 0 is: 2398.941642(1.32968s [1.24963 s / 0.0135288s ]).
|b_0| of BKZ-32 reduced basis of thread 12 is: 2348.6775(1.88083s [1.70595 s / 0.0920135s ]).
|b_0| of BKZ-32 reduced basis of thread 1 is: 2228.105473(1.93264s [1.56174 s / 0.26105s ]).
|b_0| of BKZ-32 reduced basis of thread 15 is: 2281.894608(1.94496s [1.65077 s / 0.21186s ]).
|b_0| of BKZ-32 reduced basis of thread 5 is: 2170.990097(1.95917s [1.68564 s / 0.163169s ]).
|b_0| of BKZ-32 reduced basis of thread 3 is: 2359.506304(2.00773s [1.88456 s / 0.0133657s ]).
|b_0| of BKZ-32 reduced basis of thread 13 is: 2246.371296(2.03721s [1.77989 s / 0.141174s ]).
|b_0| of BKZ-32 reduced basis of thread 8 is: 2228.105473(2.08364s [1.72782 s / 0.246382s ]).
|b_0| of BKZ-32 reduced basis of thread 7 is: 2194.772653(2.11848s [1.74031 s / 0.268448s ]).
|b_0| of BKZ-32 reduced basis of thread 11 is: 2369.41153(2.15005s [1.74948 s / 0.31801s ]).
|b_0| of BKZ-32 reduced basis of thread 6 is: 2424.885977(2.23489s [1.73821 s / 0.387431s ]).
|b_0| of BKZ-32 reduced basis of thread 2 is: 2326.713562(2.2583s [1.8168 s / 0.332623s ]).
|b_0| of BKZ-32 reduced basis of thread 4 is: 2090.210994(2.26377s [1.93255 s / 0.222669s ]).
|b_0| of BKZ-32 reduced basis of thread 10 is: 2090.210994(2.28124s [2.07542 s / 0.0916085s ]).
|b_0| of BKZ-32 reduced basis of thread 9 is: 2312.356374(2.28485s [2.05672 s / 0.1194s ]).
|b_0| of BKZ-32 reduced basis of thread 14 is: 2348.161408(2.31012s [2.02413 s / 0.203424s ]).
Sorting 16 bases.
Time for preprocessing: 2.3285 seconds.
Processing base of thread 4
Executing ENUM with target length 2092
A: 4.3765e+06
Searching candidates in depth 10
Found new minumun (length: 2090)   1    0    0    0    0    0    0    0    0    0    0    0    0    0    0    0    0    0    0    0    0    0    0    0    0    0    0    0    0    0    0    0    0    0    0    0    0    0    0    0    0    0    0    0    0    0    0    0    0    0    0    0    0    0    0    0    0    0    0    0    0    0    0    0    0    0    0    0    0    0 
coefficients: [ 1 0 0 0 0 0 0 0 0 0 0 0 0 0 0 0 0 0 0 0 0 0 0 0 0 0 0 0 0 0 0 0 0 0 0 0 0 0 0 0 0 0 0 0 0 0 0 0 0 0 0 0 0 0 0 0 0 0 0 0 0 0 0 0 0 0 0 0 ]
Shortest Vector: [-127 -93 102 33 -315 504 -178 315 414 -356 120 -162 -31 -380 513 315 -268 -47 3 -112 -137 94 15 264 51 -309 286 192 -205 220 -282 139 112 416 108 -78 -369 21 -247 -566 -121 -93 -441 -117 -452 66 -256 -423 219 -236 -115 -364 -97 -134 45 -109 63 -146 501 32 7 224 59 -415 -25 327 39 321 ]
Len: 2090.2

Runtime of standard enumeration: 0.12958 s.
Finishing after 1 attemps in 2.5456 s (processed 1 bases).
Working threads: 16
Using NTL types.
Activating EXTREME pruning.
Setting pruning parameter to 0.22.
Setting candidate-queue size to 10240.
Setting parallel-enum threshold to dimension 15.
Disabling usage of Gauss heuristic
Enabling BKZ-auto-height adaption.
Setting bkz-height to 2.
Setting pre-beta to 24.
Setting parallel-BKZ instances to 32.
Setting randomized trials to 9.
Read conf file at penum.conf
Setting prebeta parameter to 24.
Setting pruning parameter to 0.21.
Delta: 0.9999
Beta: 32
Mode: 1
Candidate Height: 10
Target length: 2092
Trying to read: ./inppap/svpc-e1-d68-98937.txt
Read a basis of dimension: 68 / 68 with |b_0| = 0.3302100355e205
Starting procedure
Preparing preprocessing of 16 threads.
Thread 0 is BKZ-32 reducing basis
Thread 1 is BKZ-32 reducing basis
Thread 13 is BKZ-32 reducing basis
Thread 6 is BKZ-32 reducing basis
Thread 9 is BKZ-32 reducing basis
Thread 7 is BKZ-32 reducing basis
Thread 5 is BKZ-32 reducing basis
Thread 14 is BKZ-32 reducing basis
Thread 10 is BKZ-32 reducing basis
Thread 8 is BKZ-32 reducing basis
Thread 3 is BKZ-32 reducing basis
Thread 2 is BKZ-32 reducing basis
Thread 4 is BKZ-32 reducing basis
Thread 11 is BKZ-32 reducing basis
Thread 15 is BKZ-32 reducing basis
Thread 12 is BKZ-32 reducing basis
|b_0| of BKZ-32 reduced basis of thread 0 is: 2398.941642(1.34941s [1.25103 s / 0.0135274s ]).
|b_0| of BKZ-32 reduced basis of thread 15 is: 2363.373648(1.91737s [1.81764 s / 0.0140145s ]).
|b_0| of BKZ-32 reduced basis of thread 9 is: 2298.964767(1.95842s [1.69137 s / 0.155496s ]).
|b_0| of BKZ-32 reduced basis of thread 13 is: 2376.415578(1.98859s [1.78523 s / 0.0924438s ]).
|b_0| of BKZ-32 reduced basis of thread 5 is: 2225.650017(2.03419s [1.85504 s / 0.0667186s ]).
|b_0| of BKZ-32 reduced basis of thread 7 is: 2393.852961(2.05384s [1.80451 s / 0.135584s ]).
|b_0| of BKZ-32 reduced basis of thread 6 is: 2383.28324(2.05751s [1.6888 s / 0.256082s ]).
|b_0| of BKZ-32 reduced basis of thread 12 is: 2295.254234(2.06879s [1.69656 s / 0.287347s ]).
|b_0| of BKZ-32 reduced basis of thread 8 is: 2296.366913(2.09263s [1.754 s / 0.227882s ]).
|b_0| of BKZ-32 reduced basis of thread 11 is: 2262.85395(2.10329s [1.93705 s / 0.0804552s ]).
|b_0| of BKZ-32 reduced basis of thread 4 is: 2286.590256(2.12519s [1.70227 s / 0.312006s ]).
|b_0| of BKZ-32 reduced basis of thread 14 is: 2317.760126(2.16277s [1.94488 s / 0.132674s ]).
|b_0| of BKZ-32 reduced basis of thread 3 is: 2354.216005(2.18173s [1.95069 s / 0.12076s ]).
|b_0| of BKZ-32 reduced basis of thread 10 is: 2331.805524(2.19646s [1.87447 s / 0.210458s ]).
|b_0| of BKZ-32 reduced basis of thread 2 is: 2353.95943(2.26581s [1.87262 s / 0.282162s ]).
|b_0| of BKZ-32 reduced basis of thread 1 is: 2230.742477(2.33276s [2.13584 s / 0.0899583s ]).
Sorting 16 bases.
Time for preprocessing: 2.34663 seconds.
Processing base of thread 5
Executing ENUM with target length 2092
A: 4.3765e+06
Searching candidates in depth 10
Found new minumun (length: 2090)  -1    6   -7    8    7   -4    5   -4  -16    5   -1   -5   -2   -5    2  -13   -1    2    3   -9   -1   -2   -3    2   -2    3   -5    0   -3    0   -2   -2    1    0   -2   -2    0   -1    1   -4   -4   -5   -3    1    0    3    2    1   -2   -2    2   -4   -1    3    2    3    1    2   -2    1    0    0    1    1    1    1    1   -1    0    0 
coefficients: [ -1 6 -7 8 7 -4 5 -4 -16 5 -1 -5 -2 -5 2 -13 -1 2 3 -9 -1 -2 -3 2 -2 3 -5 -0 -3 -0 -2 -2 1 -0 -2 -2 -0 -1 1 -4 -4 -5 -3 1 -0 3 2 1 -2 -2 2 -4 -1 3 2 3 1 2 -2 1 -0 -0 1 1 1 1 1 -1 ]
Shortest Vector: [-127 -93 102 33 -315 504 -178 315 414 -356 120 -162 -31 -380 513 315 -268 -47 3 -112 -137 94 15 264 51 -309 286 192 -205 220 -282 139 112 416 108 -78 -369 21 -247 -566 -121 -93 -441 -117 -452 66 -256 -423 219 -236 -115 -364 -97 -134 45 -109 63 -146 501 32 7 224 59 -415 -25 327 39 321 ]
Len: 2090.2

Runtime of standard enumeration: 0.32373 s.
Finishing after 1 attemps in 2.7551 s (processed 1 bases).
Working threads: 16
Using NTL types.
Activating EXTREME pruning.
Setting pruning parameter to 0.22.
Setting candidate-queue size to 10240.
Setting parallel-enum threshold to dimension 15.
Disabling usage of Gauss heuristic
Enabling BKZ-auto-height adaption.
Setting bkz-height to 2.
Setting pre-beta to 24.
Setting parallel-BKZ instances to 32.
Setting randomized trials to 9.
Read conf file at penum.conf
Setting prebeta parameter to 24.
Setting pruning parameter to 0.21.
Delta: 0.9999
Beta: 32
Mode: 1
Candidate Height: 10
Target length: 2092
Trying to read: ./inppap/svpc-e1-d68-98937.txt
Read a basis of dimension: 68 / 68 with |b_0| = 0.3302100355e205
Starting procedure
Preparing preprocessing of 16 threads.
Thread 0 is BKZ-32 reducing basis
Thread 1 is BKZ-32 reducing basis
Thread 15 is BKZ-32 reducing basis
Thread 14 is BKZ-32 reducing basis
Thread 11 is BKZ-32 reducing basis
Thread 12 is BKZ-32 reducing basis
Thread 5 is BKZ-32 reducing basis
Thread 9 is BKZ-32 reducing basis
Thread 4 is BKZ-32 reducing basis
Thread 7 is BKZ-32 reducing basis
Thread 2 is BKZ-32 reducing basis
Thread 3 is BKZ-32 reducing basis
Thread Thread 8 is BKZ-1332 is BKZ- reducing basis32Thread 
10 is BKZ-32 reducing basis
Thread 6 is BKZ-32 reducing basis
 reducing basis
|b_0| of BKZ-32 reduced basis of thread 0 is: 2398.941642(1.34295s [1.25577 s / 0.0134916s ]).
|b_0| of BKZ-32 reduced basis of thread 11 is: 2372.61712(1.84375s [1.58842 s / 0.169367s ]).
|b_0| of BKZ-32 reduced basis of thread 14 is: 2431.279499(1.88677s [1.69482 s / 0.104684s ]).
|b_0| of BKZ-32 reduced basis of thread 6 is: 2387.035819(1.91771s [1.72007 s / 0.0892484s ]).
|b_0| of BKZ-32 reduced basis of thread 9 is: 2209.884386(1.96219s [1.70444 s / 0.147723s ]).
|b_0| of BKZ-32 reduced basis of thread 2 is: 2351.399371(2.0389s [1.66361 s / 0.266299s ]).
|b_0| of BKZ-32 reduced basis of thread 10 is: 2320.956484(2.05581s [1.67171 s / 0.273935s ]).
|b_0| of BKZ-32 reduced basis of thread 7 is: 2351.860115(2.06797s [1.72368 s / 0.234711s ]).
|b_0| of BKZ-32 reduced basis of thread 12 is: 2399.32949(2.16654s [1.83094 s / 0.263945s ]).
|b_0| of BKZ-32 reduced basis of thread 4 is: 2369.860966(2.17115s [1.86858 s / 0.19464s ]).
|b_0| of BKZ-32 reduced basis of thread 15 is: 2090.210994(2.18545s [1.97906 s / 0.0936465s ]).
|b_0| of BKZ-32 reduced basis of thread 1 is: 2309.412912(2.19076s [1.93 s / 0.171851s ]).
|b_0| of BKZ-32 reduced basis of thread 8 is: 2270.446432(2.19303s [1.81566 s / 0.26766s ]).
|b_0| of BKZ-32 reduced basis of thread 5 is: 2170.990097(2.19846s [1.96085 s / 0.127797s ]).
|b_0| of BKZ-32 reduced basis of thread 13 is: 2154.709725(2.23458s [1.70642 s / 0.417891s ]).
|b_0| of BKZ-32 reduced basis of thread 3 is: 2246.37419(2.29138s [1.9782 s / 0.198879s ]).
Sorting 16 bases.
Time for preprocessing: 2.30897 seconds.
Processing base of thread 15
Executing ENUM with target length 2092
A: 4.3765e+06
Searching candidates in depth 10
Found new minumun (length: 2090)   1    0    0    0    0    0    0    0    0    0    0    0    0    0    0    0    0    0    0    0    0    0    0    0    0    0    0    0    0    0    0    0    0    0    0    0    0    0    0    0    0    0    0    0    0    0    0    0    0    0    0    0    0    0    0    0    0    0    0    0    0    0    0    0    0    0    0    0    0    0 
coefficients: [ 1 0 0 0 0 0 0 0 0 0 0 0 0 0 0 0 0 0 0 0 0 0 0 0 0 0 0 0 0 0 0 0 0 0 0 0 0 0 0 0 0 0 0 0 0 0 0 0 0 0 0 0 0 0 0 0 0 0 0 0 0 0 0 0 0 0 0 0 ]
Shortest Vector: [127 93 -102 -33 315 -504 178 -315 -414 356 -120 162 31 380 -513 -315 268 47 -3 112 137 -94 -15 -264 -51 309 -286 -192 205 -220 282 -139 -112 -416 -108 78 369 -21 247 566 121 93 441 117 452 -66 256 423 -219 236 115 364 97 134 -45 109 -63 146 -501 -32 -7 -224 -59 415 25 -327 -39 -321 ]
Len: 2090.2

Runtime of standard enumeration: 0.12339 s.
Finishing after 1 attemps in 2.5184 s (processed 1 bases).
