Working threads: 16
Using NTL types.
Activating EXTREME pruning.
Setting pruning parameter to 0.22.
Setting candidate-queue size to 10240.
Setting parallel-enum threshold to dimension 15.
Disabling usage of Gauss heuristic
Enabling BKZ-auto-height adaption.
Setting bkz-height to 2.
Setting pre-beta to 24.
Setting parallel-BKZ instances to 32.
Setting randomized trials to 9.
Read conf file at penum.conf
Setting prebeta parameter to 24.
Setting pruning parameter to 0.17.
Delta: 0.9999
Beta: 32
Mode: 1
Candidate Height: 10
Target length: 2137
Trying to read: ./inppap/svpc-e1-d68-97575.txt
Read a basis of dimension: 68 / 68 with |b_0| = 0.345085281e205
Starting procedure
Preparing preprocessing of 16 threads.
Thread 0 is BKZ-32 reducing basis
Thread 3 is BKZ-32 reducing basis
Thread 10 is BKZ-32 reducing basis
Thread 5 is BKZ-32 reducing basis
Thread 7 is BKZ-32 reducing basis
Thread 4 is BKZ-32 reducing basis
Thread 11 is BKZ-32 reducing basis
Thread 15 is BKZ-32Thread  reducing basis
1 is BKZ-32 reducing basis
Thread 2 is BKZ-32 reducing basis
Thread 6 is BKZ-32 reducing basis
Thread 14 is BKZ-32 reducing basis
Thread 12 is BKZ-32 reducing basis
Thread Thread 13 is BKZ-9 is BKZ-32 reducing basis
32 reducing basis
Thread 8 is BKZ-32 reducing basis
|b_0| of BKZ-32 reduced basis of thread 0 is: 2408.515726(1.78155s [1.42153 s / 0.271092s ]).
|b_0| of BKZ-32 reduced basis of thread 12 is: 2233.591279(1.9702s [1.66969 s / 0.192477s ]).
|b_0| of BKZ-32 reduced basis of thread 9 is: 2241.844999(2.05559s [1.8382 s / 0.0926413s ]).
|b_0| of BKZ-32 reduced basis of thread 10 is: 2347.911625(2.09423s [1.82039 s / 0.152463s ]).
|b_0| of BKZ-32 reduced basis of thread 8 is: 2350.028298(2.09649s [1.83411 s / 0.137597s ]).
|b_0| of BKZ-32 reduced basis of thread 7 is: 2294.820254(2.11019s [1.79783 s / 0.187038s ]).
|b_0| of BKZ-32 reduced basis of thread 6 is: 2332.00536(2.12522s [1.74226 s / 0.258583s ]).
|b_0| of BKZ-32 reduced basis of thread 11 is: 2299.060895(2.12742s [1.91235 s / 0.104118s ]).
|b_0| of BKZ-32 reduced basis of thread 5 is: 2289.086717(2.17299s [1.77979 s / 0.266716s ]).
|b_0| of BKZ-32 reduced basis of thread 13 is: 2192.773814(2.1769s [1.85058 s / 0.201321s ]).
|b_0| of BKZ-32 reduced basis of thread 15 is: 2216.692581(2.19633s [1.99349 s / 0.0778266s ]).
|b_0| of BKZ-32 reduced basis of thread 2 is: 2325.018279(2.20116s [1.94744 s / 0.145344s ]).
|b_0| of BKZ-32 reduced basis of thread 4 is: 2295.363152(2.22547s [1.78533 s / 0.319596s ]).
|b_0| of BKZ-32 reduced basis of thread 1 is: 2268.228163(2.28637s [1.85739 s / 0.320091s ]).
|b_0| of BKZ-32 reduced basis of thread 3 is: 2206.557047(2.33428s [1.93041 s / 0.278069s ]).
|b_0| of BKZ-32 reduced basis of thread 14 is: 2192.773814(2.41486s [1.94958 s / 0.344936s ]).
Sorting 16 bases.
Time for preprocessing: 2.43764 seconds.
Processing base of thread 13
Executing ENUM with target length 2137
A: 4.5668e+06
Searching candidates in depth 10
Found new minumun (length: 2135)  -1    1   -2    5   -9   -7   -4    4    3    7    4   -1   12    0    5    6    0   -4    1    5    0   -3   -2   -1    1    1   -3    0    0    0    0    2    1    0   -3   -1    0    1   -1    0    2   -1    0    0    2   -1   -1    0    2    0    0    0    1   -1    0    0    1    0    0    1   -1    0    0    1   -1   -1    0    1    0    0 
coefficients: [ -1 1 -2 5 -9 -7 -4 4 3 7 4 -1 12 -0 5 6 -0 -4 1 5 -0 -3 -2 -1 1 1 -3 -0 -0 -0 -0 2 1 -0 -3 -1 -0 1 -1 -0 2 -1 -0 -0 2 -1 -1 -0 2 -0 -0 -0 1 -1 -0 -0 1 0 -0 1 -1 0 -0 1 -1 -1 -0 1 ]
Shortest Vector: [-27 -111 253 226 200 536 45 -412 -8 -446 -39 -40 -329 243 467 39 -390 -141 -59 -150 -232 -175 -285 -223 -74 82 -376 122 380 -225 -7 219 -13 175 236 -59 305 -351 302 88 -217 -115 -10 -520 -95 350 -244 185 187 -33 605 98 -277 258 90 -192 183 -333 -101 -221 645 199 160 111 -119 -328 374 8 ]
Len: 2135.6

Runtime of standard enumeration: 0.12364 s.
Finishing after 1 attemps in 2.6299 s (processed 1 bases).
Working threads: 16
Using NTL types.
Activating EXTREME pruning.
Setting pruning parameter to 0.22.
Setting candidate-queue size to 10240.
Setting parallel-enum threshold to dimension 15.
Disabling usage of Gauss heuristic
Enabling BKZ-auto-height adaption.
Setting bkz-height to 2.
Setting pre-beta to 24.
Setting parallel-BKZ instances to 32.
Setting randomized trials to 9.
Read conf file at penum.conf
Setting prebeta parameter to 24.
Setting pruning parameter to 0.17.
Delta: 0.9999
Beta: 32
Mode: 1
Candidate Height: 10
Target length: 2137
Trying to read: ./inppap/svpc-e1-d68-97575.txt
Read a basis of dimension: 68 / 68 with |b_0| = 0.345085281e205
Starting procedure
Preparing preprocessing of 16 threads.
Thread 0 is BKZ-32 reducing basis
Thread 3 is BKZ-32 reducing basis
Thread 5 is BKZ-32 reducing basis
Thread 7 is BKZ-32 reducing basis
Thread 9 is BKZ-32 reducing basis
Thread 10 is BKZ-32 reducing basis
Thread 1 is BKZ-32 reducing basis
Thread 6 is BKZ-32 reducing basis
Thread 8 is BKZ-32 reducing basis
Thread 15 is BKZ-32 reducing basis
Thread 13 is BKZ-32 reducing basis
Thread 4 is BKZ-32 reducing basis
Thread 2 is BKZ-32 reducing basis
Thread 12 is BKZ-32 reducing basis
Thread 14 is BKZ-32 reducing basis
Thread 11 is BKZ-32 reducing basis
|b_0| of BKZ-32 reduced basis of thread 0 is: 2408.515726(1.66938s [1.32485 s / 0.27116s ]).
|b_0| of BKZ-32 reduced basis of thread 3 is: 2342.100339(1.83834s [1.546 s / 0.181165s ]).
|b_0| of BKZ-32 reduced basis of thread 7 is: 2361.015883(1.88294s [1.67283 s / 0.0976405s ]).
|b_0| of BKZ-32 reduced basis of thread 8 is: 2402.37008(1.96317s [1.61731 s / 0.233272s ]).
|b_0| of BKZ-32 reduced basis of thread 9 is: 2423.501805(1.98225s [1.76818 s / 0.101521s ]).
|b_0| of BKZ-32 reduced basis of thread 4 is: 2298.223662(1.98891s [1.79896 s / 0.0757679s ]).
|b_0| of BKZ-32 reduced basis of thread 14 is: 2302.641309(1.99691s [1.76878 s / 0.142443s ]).
|b_0| of BKZ-32 reduced basis of thread 13 is: 2263.439418(2.03858s [1.64304 s / 0.280973s ]).
|b_0| of BKZ-32 reduced basis of thread 12 is: 2403.681759(2.07069s [1.60522 s / 0.378228s ]).
|b_0| of BKZ-32 reduced basis of thread 5 is: 2244.684165(2.08394s [1.82869 s / 0.141287s ]).
|b_0| of BKZ-32 reduced basis of thread 1 is: 2368.612674(2.14349s [1.8203 s / 0.237675s ]).
|b_0| of BKZ-32 reduced basis of thread 11 is: 2392.699312(2.19473s [1.97925 s / 0.125284s ]).
|b_0| of BKZ-32 reduced basis of thread 15 is: 2335.724941(2.19795s [1.93749 s / 0.142318s ]).
|b_0| of BKZ-32 reduced basis of thread 2 is: 2308.458143(2.24353s [1.97669 s / 0.15536s ]).
|b_0| of BKZ-32 reduced basis of thread 6 is: 2344.429781(2.2947s [1.6763 s / 0.505911s ]).
|b_0| of BKZ-32 reduced basis of thread 10 is: 2216.692581(2.33723s [1.9421 s / 0.283112s ]).
Sorting 16 bases.
Time for preprocessing: 2.34914 seconds.
Processing base of thread 10
Executing ENUM with target length 2137
A: 4.5668e+06
Searching candidates in depth 10
coefficients: [ 0 0 0 0 0 0 0 0 0 0 0 0 0 0 0 0 0 0 0 0 0 0 0 0 0 0 0 0 0 0 0 0 0 0 0 0 0 0 0 0 0 0 0 0 0 0 0 0 0 0 0 0 0 0 0 0 0 0 0 0 0 0 0 0 0 0 0 0 ]
Shortest Vector: [0 0 0 0 0 0 0 0 0 0 0 0 0 0 0 0 0 0 0 0 0 0 0 0 0 0 0 0 0 0 0 0 0 0 0 0 0 0 0 0 0 0 0 0 0 0 0 0 0 0 0 0 0 0 0 0 0 0 0 0 0 0 0 0 0 0 0 0 ]
Len: 0

Runtime of standard enumeration: 0.17108 s.
Processing base of thread 5
Executing ENUM with target length 2137
A: 4.5668e+06
Searching candidates in depth 10
coefficients: [ 0 0 0 0 0 0 0 0 0 0 0 0 0 0 0 0 0 0 0 0 0 0 0 0 0 0 0 0 0 0 0 0 0 0 0 0 0 0 0 0 0 0 0 0 0 0 0 0 0 0 0 0 0 0 0 0 0 0 0 0 0 0 0 0 0 0 0 0 ]
Shortest Vector: [0 0 0 0 0 0 0 0 0 0 0 0 0 0 0 0 0 0 0 0 0 0 0 0 0 0 0 0 0 0 0 0 0 0 0 0 0 0 0 0 0 0 0 0 0 0 0 0 0 0 0 0 0 0 0 0 0 0 0 0 0 0 0 0 0 0 0 0 ]
Len: 0

Runtime of standard enumeration: 0.21534 s.
Processing base of thread 13
Executing ENUM with target length 2137
A: 4.5668e+06
Searching candidates in depth 10
Found new minumun (length: 2135)   0    7  -13   -2   -4   -4   -2   -2   -5   -2    3   -7    0    0    6    1    3   -7   -7    0   -2    0   -5    0   -4    1   -1   -1    4    0    0   -4    1    0    2   -3    0    1    1   -3   -3    0   -4   -3    1   -3    0    0    2    2    2   -1    0    0    1    1    0    0    0    0    0    0    1   -1    1    1    0    0    0    0 
coefficients: [ -0 7 -13 -2 -4 -4 -2 -2 -5 -2 3 -7 -0 -0 6 1 3 -7 -7 -0 -2 -0 -5 -0 -4 1 -1 -1 4 -0 -0 -4 1 0 2 -3 -0 1 1 -3 -3 -0 -4 -3 1 -3 -0 -0 2 2 2 -1 -0 -0 1 1 0 0 -0 -0 -0 -0 1 -1 1 1 0 0 ]
Shortest Vector: [-27 -111 253 226 200 536 45 -412 -8 -446 -39 -40 -329 243 467 39 -390 -141 -59 -150 -232 -175 -285 -223 -74 82 -376 122 380 -225 -7 219 -13 175 236 -59 305 -351 302 88 -217 -115 -10 -520 -95 350 -244 185 187 -33 605 98 -277 258 90 -192 183 -333 -101 -221 645 199 160 111 -119 -328 374 8 ]
Len: 2135.6

Runtime of standard enumeration: 0.057951 s.
Finishing after 1 attemps in 3.0003 s (processed 3 bases).
Working threads: 16
Using NTL types.
Activating EXTREME pruning.
Setting pruning parameter to 0.22.
Setting candidate-queue size to 10240.
Setting parallel-enum threshold to dimension 15.
Disabling usage of Gauss heuristic
Enabling BKZ-auto-height adaption.
Setting bkz-height to 2.
Setting pre-beta to 24.
Setting parallel-BKZ instances to 32.
Setting randomized trials to 9.
Read conf file at penum.conf
Setting prebeta parameter to 24.
Setting pruning parameter to 0.17.
Delta: 0.9999
Beta: 32
Mode: 1
Candidate Height: 10
Target length: 2137
Trying to read: ./inppap/svpc-e1-d68-97575.txt
Read a basis of dimension: 68 / 68 with |b_0| = 0.345085281e205
Starting procedure
Preparing preprocessing of 16 threads.
Thread 0 is BKZ-32 reducing basis
Thread 8 is BKZ-32 reducing basis
Thread 13 is BKZ-32 reducing basis
Thread 10 is BKZ-32 reducing basis
Thread 14 is BKZ-32 reducing basis
Thread 9 is BKZ-32 reducing basis
Thread 6 is BKZ-32 reducing basis
Thread 4 is BKZ-32 reducing basis
Thread 2 is BKZ-32 reducing basis
Thread 11 is BKZ-32 reducing basis
Thread 12 is BKZ-32 reducing basis
Thread 5 is BKZ-32 reducing basis
Thread 7 is BKZ-32 reducing basis
Thread 1 is BKZ-32 reducing basis
Thread 15 is BKZ-32 reducing basis
Thread 3 is BKZ-32 reducing basis
|b_0| of BKZ-32 reduced basis of thread 0 is: 2408.515726(1.64573s [1.30716 s / 0.269668s ]).
|b_0| of BKZ-32 reduced basis of thread 2 is: 2302.758997(2.01072s [1.66235 s / 0.229969s ]).
|b_0| of BKZ-32 reduced basis of thread 14 is: |b_0| of BKZ-32 reduced basis of thread 15 is: 2330.087337(2.0193s [1.80947 s / 0.0863654s ]).
2396.474077(2.0186s [1.78179 s / 0.14455s ]).
|b_0| of BKZ-32 reduced basis of thread 13 is: 2241.900533(2.02798s [1.6746 s / 0.238781s ]).
|b_0| of BKZ-32 reduced basis of thread 7 is: 2383.981753(2.05044s [1.75356 s / 0.184214s ]).
|b_0| of BKZ-32 reduced basis of thread 3 is: 2459.992683(2.0611s [1.85446 s / 0.0945334s ]).
|b_0| of BKZ-32 reduced basis of thread 8 is: 2331.255885(2.16337s [1.81341 s / 0.236641s ]).
|b_0| of BKZ-32 reduced basis of thread 10 is: 2135.62684(2.1834s [1.94958 s / 0.115071s ]).
|b_0| of BKZ-32 reduced basis of thread 5 is: 2340.846642(2.18423s [1.86249 s / 0.204797s ]).
|b_0| of BKZ-32 reduced basis of thread 4 is: 2420.642064(2.19802s [1.91932 s / 0.165113s ]).
|b_0| of BKZ-32 reduced basis of thread 9 is: 2338.536722(2.21611s [2.00098 s / 0.103526s ]).
|b_0| of BKZ-32 reduced basis of thread 6 is: 2233.591279(2.2335s [1.98801 s / 0.158278s ]).
|b_0| of BKZ-32 reduced basis of thread 12 is: 2343.712866(2.23447s [1.87225 s / 0.281858s ]).
|b_0| of BKZ-32 reduced basis of thread 1 is: 2316.951445(2.30336s [1.83544 s / 0.355309s ]).
|b_0| of BKZ-32 reduced basis of thread 11 is: 2280.14539(2.42495s [1.89587 s / 0.415642s ]).
Sorting 16 bases.
Time for preprocessing: 2.43917 seconds.
Processing base of thread 10
Executing ENUM with target length 2137
A: 4.5668e+06
Searching candidates in depth 10
Found new minumun (length: 2135)   1    0    0    0    0    0    0    0    0    0    0    0    0    0    0    0    0    0    0    0    0    0    0    0    0    0    0    0    0    0    0    0    0    0    0    0    0    0    0    0    0    0    0    0    0    0    0    0    0    0    0    0    0    0    0    0    0    0    0    0    0    0    0    0    0    0    0    0    0    0 
coefficients: [ 1 0 0 0 0 0 0 0 0 0 0 0 0 0 0 0 0 0 0 0 0 0 0 0 0 0 0 0 0 0 0 0 0 0 0 0 0 0 0 0 0 0 0 0 0 0 0 0 0 0 0 0 0 0 0 0 0 0 0 0 0 0 0 0 0 0 0 0 ]
Shortest Vector: [27 111 -253 -226 -200 -536 -45 412 8 446 39 40 329 -243 -467 -39 390 141 59 150 232 175 285 223 74 -82 376 -122 -380 225 7 -219 13 -175 -236 59 -305 351 -302 -88 217 115 10 520 95 -350 244 -185 -187 33 -605 -98 277 -258 -90 192 -183 333 101 221 -645 -199 -160 -111 119 328 -374 -8 ]
Len: 2135.6

Runtime of standard enumeration: 0.094632 s.
Finishing after 1 attemps in 2.6026 s (processed 1 bases).
Working threads: 16
Using NTL types.
Activating EXTREME pruning.
Setting pruning parameter to 0.22.
Setting candidate-queue size to 10240.
Setting parallel-enum threshold to dimension 15.
Disabling usage of Gauss heuristic
Enabling BKZ-auto-height adaption.
Setting bkz-height to 2.
Setting pre-beta to 24.
Setting parallel-BKZ instances to 32.
Setting randomized trials to 9.
Read conf file at penum.conf
Setting prebeta parameter to 24.
Setting pruning parameter to 0.17.
Delta: 0.9999
Beta: 32
Mode: 1
Candidate Height: 10
Target length: 2137
Trying to read: ./inppap/svpc-e1-d68-97575.txt
Read a basis of dimension: 68 / 68 with |b_0| = 0.345085281e205
Starting procedure
Preparing preprocessing of 16 threads.
Thread 0 is BKZ-32 reducing basis
Thread 9 is BKZ-32 reducing basis
Thread 5 is BKZ-32 reducing basis
Thread 1 is BKZ-32 reducing basis
Thread 3 is BKZ-32 reducing basis
Thread 11 is BKZ-32 reducing basis
Thread 14 is BKZ-32 reducing basis
Thread 8 is BKZ-32 reducing basis
Thread 7 is BKZ-32 reducing basis
Thread 6 is BKZ-32 reducing basis
Thread 4 is BKZ-32 reducing basis
Thread 10 is BKZ-32 reducing basis
Thread 12 is BKZ-32 reducing basis
Thread 2 is BKZ-32 reducing basis
Thread 13 is BKZ-32 reducing basis
Thread 15 is BKZ-32 reducing basis
|b_0| of BKZ-32 reduced basis of thread 0 is: 2408.515726(1.65354s [1.31443 s / 0.269067s ]).
|b_0| of BKZ-32 reduced basis of thread 1 is: 2226.900986(1.89796s [1.6707 s / 0.11595s ]).
|b_0| of BKZ-32 reduced basis of thread 14 is: 2258.343641(1.95684s [1.59114 s / 0.255986s ]).
|b_0| of BKZ-32 reduced basis of thread 11 is: 2280.386809(2.01313s [1.76348 s / 0.137615s ]).
|b_0| of BKZ-32 reduced basis of thread 2 is: 2355.061783(2.02642s [1.7593 s / 0.17967s ]).
|b_0| of BKZ-32 reduced basis of thread 6 is: 2351.743183(2.03833s [1.78236 s / 0.145754s ]).
|b_0| of BKZ-32 reduced basis of thread 15 is: 2385.465363(2.05519s [1.81501 s / 0.131334s ]).
|b_0| of BKZ-32 reduced basis of thread 12 is: 2331.564282(2.08491s [1.66653 s / 0.344333s ]).
|b_0| of BKZ-32 reduced basis of thread 8 is: 2264.491334(2.10051s [1.87407 s / 0.113365s ]).
|b_0| of BKZ-32 reduced basis of thread 5 is: 2406.420371(2.1023s [1.7653 s / 0.221804s ]).
|b_0| of BKZ-32 reduced basis of thread 4 is: 2374.204288(2.1642s [1.81016 s / 0.242933s ]).
|b_0| of BKZ-32 reduced basis of thread 13 is: 2275.513568(2.18653s [1.92386 s / 0.176271s ]).
|b_0| of BKZ-32 reduced basis of thread 10 is: 2241.844999(2.20449s [1.75056 s / 0.342949s ]).
|b_0| of BKZ-32 reduced basis of thread 3 is: 2243.903518(2.23804s [1.74156 s / 0.385091s ]).
|b_0| of BKZ-32 reduced basis of thread 7 is: 2302.364871(2.32729s [2.00909 s / 0.232437s ]).
|b_0| of BKZ-32 reduced basis of thread 9 is: 2221.658165(2.50294s [2.06248 s / 0.330447s ]).
Sorting 16 bases.
Time for preprocessing: 2.51993 seconds.
Processing base of thread 9
Executing ENUM with target length 2137
A: 4.5668e+06
Searching candidates in depth 10
Found new minumun (length: 2135)  -3   -6   12    4    8   -6    1   -5    0    1  -10   -6   -1   -5    4   -4    2    2   -6   -5   -2   -3    7   -2    2    1   -3   -3    3   -2   -3   -3    0   -3    1   -2    0    3    0    1    0    0    0    0    0    1    0   -1    1   -2    0    0   -1    0   -1    0    0    1   -1    1   -1    0    0    0    0    1    0    0    0    0 
coefficients: [ -3 -6 12 4 8 -6 1 -5 -0 1 -10 -6 -1 -5 4 -4 2 2 -6 -5 -2 -3 7 -2 2 1 -3 -3 3 -2 -3 -3 -0 -3 1 -2 -0 3 0 1 -0 -0 -0 -0 -0 1 -0 -1 1 -2 -0 -0 -1 -0 -1 -0 -0 1 -1 1 -1 -0 -0 -0 -0 1 0 0 ]
Shortest Vector: [-27 -111 253 226 200 536 45 -412 -8 -446 -39 -40 -329 243 467 39 -390 -141 -59 -150 -232 -175 -285 -223 -74 82 -376 122 380 -225 -7 219 -13 175 236 -59 305 -351 302 88 -217 -115 -10 -520 -95 350 -244 185 187 -33 605 98 -277 258 90 -192 183 -333 -101 -221 645 199 160 111 -119 -328 374 8 ]
Len: 2135.6

Runtime of standard enumeration: 0.057099 s.
Finishing after 1 attemps in 2.6512 s (processed 1 bases).
Working threads: 16
Using NTL types.
Activating EXTREME pruning.
Setting pruning parameter to 0.22.
Setting candidate-queue size to 10240.
Setting parallel-enum threshold to dimension 15.
Disabling usage of Gauss heuristic
Enabling BKZ-auto-height adaption.
Setting bkz-height to 2.
Setting pre-beta to 24.
Setting parallel-BKZ instances to 32.
Setting randomized trials to 9.
Read conf file at penum.conf
Setting prebeta parameter to 24.
Setting pruning parameter to 0.17.
Delta: 0.9999
Beta: 32
Mode: 1
Candidate Height: 10
Target length: 2137
Trying to read: ./inppap/svpc-e1-d68-97575.txt
Read a basis of dimension: 68 / 68 with |b_0| = 0.345085281e205
Starting procedure
Preparing preprocessing of 16 threads.
Thread 0 is BKZ-32 reducing basis
Thread 11 is BKZ-32 reducing basis
Thread 9 is BKZ-32 reducing basis
Thread 7 is BKZ-32 reducing basis
Thread 13 is BKZ-32 reducing basis
Thread 8 is BKZ-32 reducing basis
Thread 12 is BKZ-32 reducing basis
Thread 4 is BKZ-32 reducing basis
Thread 1 is BKZ-32 reducing basis
Thread 10 is BKZ-32 reducing basis
Thread 3 is BKZ-32 reducing basis
Thread 2 is BKZ-32 reducing basis
Thread 5 is BKZ-32 reducing basis
Thread 6 is BKZ-32 reducing basis
Thread 15 is BKZ-32 reducing basis
Thread 14 is BKZ-32 reducing basis
|b_0| of BKZ-32 reduced basis of thread 0 is: 2408.515726(1.6574s [1.31601 s / 0.273217s ]).
|b_0| of BKZ-32 reduced basis of thread 7 is: 2407.146443(1.89719s [1.67772 s / 0.107192s ]).
|b_0| of BKZ-32 reduced basis of thread 13 is: 2281.214808(1.90469s [1.71029 s / 0.0821022s ]).
|b_0| of BKZ-32 reduced basis of thread 6 is: 2406.256844(1.96693s [1.63102 s / 0.223443s ]).
|b_0| of BKZ-32 reduced basis of thread 15 is: 2288.719511(2.01501s [1.7523 s / 0.169751s ]).
|b_0| of BKZ-32 reduced basis of thread 11 is: 2213.447085(2.0405s [1.81877 s / 0.108204s ]).
|b_0| of BKZ-32 reduced basis of thread 9 is: 2330.464761(2.04309s [1.78768 s / 0.140436s ]).
|b_0| of BKZ-32 reduced basis of thread 14 is: 2379.095206(2.09002s [1.83588 s / 0.161113s ]).
|b_0| of BKZ-32 reduced basis of thread 3 is: 2135.62684(2.09933s [1.70002 s / 0.285696s ]).
|b_0| of BKZ-32 reduced basis of thread 10 is: 2348.894634(2.12718s [1.91547 s / 0.0990294s ]).
|b_0| of BKZ-32 reduced basis of thread 8 is: 2309.806702(2.17146s [1.86532 s / 0.213866s ]).
|b_0| of BKZ-32 reduced basis of thread 4 is: 2391.295465(2.19384s [1.75242 s / 0.328483s ]).
|b_0| of BKZ-32 reduced basis of thread 12 is: 2335.293772(2.22491s [1.73438 s / 0.397735s ]).
|b_0| of BKZ-32 reduced basis of thread 5 is: 2303.108117(2.3351s [1.98875 s / 0.233485s ]).
|b_0| of BKZ-32 reduced basis of thread 2 is: 2255.32082(2.41887s [2.1008 s / 0.205322s ]).
|b_0| of BKZ-32 reduced basis of thread 1 is: 2135.62684(2.58218s [1.95362 s / 0.516421s ]).
Sorting 16 bases.
Time for preprocessing: 2.59458 seconds.
Processing base of thread 1
Executing ENUM with target length 2137
A: 4.5668e+06
Searching candidates in depth 10
Found new minumun (length: 2135)   1    0    0    0    0    0    0    0    0    0    0    0    0    0    0    0    0    0    0    0    0    0    0    0    0    0    0    0    0    0    0    0    0    0    0    0    0    0    0    0    0    0    0    0    0    0    0    0    0    0    0    0    0    0    0    0    0    0    0    0    0    0    0    0    0    0    0    0    0    0 
coefficients: [ 1 0 0 0 0 0 0 0 0 0 0 0 0 0 0 0 0 0 0 0 0 0 0 0 0 0 0 0 0 0 0 0 0 0 0 0 0 0 0 0 0 0 0 0 0 0 0 0 0 0 0 0 0 0 0 0 0 0 0 0 0 0 0 0 0 0 0 0 ]
Shortest Vector: [-27 -111 253 226 200 536 45 -412 -8 -446 -39 -40 -329 243 467 39 -390 -141 -59 -150 -232 -175 -285 -223 -74 82 -376 122 380 -225 -7 219 -13 175 236 -59 305 -351 302 88 -217 -115 -10 -520 -95 350 -244 185 187 -33 605 98 -277 258 90 -192 183 -333 -101 -221 645 199 160 111 -119 -328 374 8 ]
Len: 2135.6

Runtime of standard enumeration: 0.07876 s.
Finishing after 1 attemps in 2.749 s (processed 1 bases).
Working threads: 16
Using NTL types.
Activating EXTREME pruning.
Setting pruning parameter to 0.22.
Setting candidate-queue size to 10240.
Setting parallel-enum threshold to dimension 15.
Disabling usage of Gauss heuristic
Enabling BKZ-auto-height adaption.
Setting bkz-height to 2.
Setting pre-beta to 24.
Setting parallel-BKZ instances to 32.
Setting randomized trials to 9.
Read conf file at penum.conf
Setting prebeta parameter to 24.
Setting pruning parameter to 0.17.
Delta: 0.9999
Beta: 32
Mode: 1
Candidate Height: 10
Target length: 2137
Trying to read: ./inppap/svpc-e1-d68-97575.txt
Read a basis of dimension: 68 / 68 with |b_0| = 0.345085281e205
Starting procedure
Preparing preprocessing of 16 threads.
Thread 0 is BKZ-32 reducing basis
Thread 15 is BKZ-32 reducing basis
Thread 9 is BKZ-32 reducing basis
Thread 5 is BKZ-32 reducing basis
Thread 7 is BKZ-32 reducing basis
Thread 3 is BKZ-32 reducing basis
Thread 13 is BKZ-32 reducing basis
Thread 6 is BKZ-32 reducing basis
Thread 8 is BKZ-32 reducing basis
Thread 4 is BKZ-32 reducing basis
Thread 10 is BKZ-32 reducing basis
Thread 11 is BKZ-32 reducing basis
Thread 14 is BKZ-32 reducing basis
Thread 12 is BKZ-32 reducing basis
Thread 2 is BKZ-32 reducing basis
Thread 1 is BKZ-32 reducing basis
|b_0| of BKZ-32 reduced basis of thread 0 is: 2408.515726(1.68166s [1.33973 s / 0.272563s ]).
|b_0| of BKZ-32 reduced basis of thread 3 is: 2388.590798(2.05037s [1.767 s / 0.171765s ]).
|b_0| of BKZ-32 reduced basis of thread 15 is: 2294.820254(2.08189s [1.84046 s / 0.12828s ]).
|b_0| of BKZ-32 reduced basis of thread 8 is: 2324.641693(2.09096s [1.61262 s / 0.365704s ]).
|b_0| of BKZ-32 reduced basis of thread 2 is: 2359.537878(2.09382s [1.75238 s / 0.249185s ]).
|b_0| of BKZ-32 reduced basis of thread 4 is: 2213.321034(2.11195s [1.57618 s / 0.422809s ]).
|b_0| of BKZ-32 reduced basis of thread 9 is: 2318.704811(2.12231s [1.8401 s / 0.166417s ]).
|b_0| of BKZ-32 reduced basis of thread 6 is: 2209.081483(2.12409s [1.71149 s / 0.298553s ]).
|b_0| of BKZ-32 reduced basis of thread 11 is: 2325.563373(2.12847s [1.94789 s / 0.0864497s ]).
|b_0| of BKZ-32 reduced basis of thread 10 is: 2221.658165(2.14948s [1.96584 s / 0.0715581s ]).
|b_0| of BKZ-32 reduced basis of thread 5 is: 2225.69652(2.16345s [1.92844 s / 0.123072s ]).
|b_0| of BKZ-32 reduced basis of thread 1 is: 2434.563821(2.16652s [1.97401 s / 0.0987673s ]).
|b_0| of BKZ-32 reduced basis of thread 14 is: 2286.52225(2.22327s [2.03792 s / 0.0724983s ]).
|b_0| of BKZ-32 reduced basis of thread 13 is: 2313.307156(2.22821s [1.72615 s / 0.387009s ]).
|b_0| of BKZ-32 reduced basis of thread 12 is: 2258.343641(2.24308s [1.8391 s / 0.312616s ]).
|b_0| of BKZ-32 reduced basis of thread 7 is: 2152.60865(2.27842s [1.94531 s / 0.221233s ]).
Sorting 16 bases.
Time for preprocessing: 2.29078 seconds.
Processing base of thread 7
Executing ENUM with target length 2137
A: 4.5668e+06
Searching candidates in depth 10
coefficients: [ 0 0 0 0 0 0 0 0 0 0 0 0 0 0 0 0 0 0 0 0 0 0 0 0 0 0 0 0 0 0 0 0 0 0 0 0 0 0 0 0 0 0 0 0 0 0 0 0 0 0 0 0 0 0 0 0 0 0 0 0 0 0 0 0 0 0 0 0 ]
Shortest Vector: [0 0 0 0 0 0 0 0 0 0 0 0 0 0 0 0 0 0 0 0 0 0 0 0 0 0 0 0 0 0 0 0 0 0 0 0 0 0 0 0 0 0 0 0 0 0 0 0 0 0 0 0 0 0 0 0 0 0 0 0 0 0 0 0 0 0 0 0 ]
Len: 0

Runtime of standard enumeration: 0.11518 s.
Processing base of thread 6
Executing ENUM with target length 2137
A: 4.5668e+06
Searching candidates in depth 10
coefficients: [ 0 0 0 0 0 0 0 0 0 0 0 0 0 0 0 0 0 0 0 0 0 0 0 0 0 0 0 0 0 0 0 0 0 0 0 0 0 0 0 0 0 0 0 0 0 0 0 0 0 0 0 0 0 0 0 0 0 0 0 0 0 0 0 0 0 0 0 0 ]
Shortest Vector: [0 0 0 0 0 0 0 0 0 0 0 0 0 0 0 0 0 0 0 0 0 0 0 0 0 0 0 0 0 0 0 0 0 0 0 0 0 0 0 0 0 0 0 0 0 0 0 0 0 0 0 0 0 0 0 0 0 0 0 0 0 0 0 0 0 0 0 0 ]
Len: 0

Runtime of standard enumeration: 0.20947 s.
Processing base of thread 4
Executing ENUM with target length 2137
A: 4.5668e+06
Searching candidates in depth 10
coefficients: [ 0 0 0 0 0 0 0 0 0 0 0 0 0 0 0 0 0 0 0 0 0 0 0 0 0 0 0 0 0 0 0 0 0 0 0 0 0 0 0 0 0 0 0 0 0 0 0 0 0 0 0 0 0 0 0 0 0 0 0 0 0 0 0 0 0 0 0 0 ]
Shortest Vector: [0 0 0 0 0 0 0 0 0 0 0 0 0 0 0 0 0 0 0 0 0 0 0 0 0 0 0 0 0 0 0 0 0 0 0 0 0 0 0 0 0 0 0 0 0 0 0 0 0 0 0 0 0 0 0 0 0 0 0 0 0 0 0 0 0 0 0 0 ]
Len: 0

Runtime of standard enumeration: 0.17703 s.
Processing base of thread 10
Executing ENUM with target length 2137
A: 4.5668e+06
Searching candidates in depth 10
coefficients: [ 0 0 0 0 0 0 0 0 0 0 0 0 0 0 0 0 0 0 0 0 0 0 0 0 0 0 0 0 0 0 0 0 0 0 0 0 0 0 0 0 0 0 0 0 0 0 0 0 0 0 0 0 0 0 0 0 0 0 0 0 0 0 0 0 0 0 0 0 ]
Shortest Vector: [0 0 0 0 0 0 0 0 0 0 0 0 0 0 0 0 0 0 0 0 0 0 0 0 0 0 0 0 0 0 0 0 0 0 0 0 0 0 0 0 0 0 0 0 0 0 0 0 0 0 0 0 0 0 0 0 0 0 0 0 0 0 0 0 0 0 0 0 ]
Len: 0

Runtime of standard enumeration: 0.15228 s.
Processing base of thread 5
Executing ENUM with target length 2137
A: 4.5668e+06
Searching candidates in depth 10
coefficients: [ 0 0 0 0 0 0 0 0 0 0 0 0 0 0 0 0 0 0 0 0 0 0 0 0 0 0 0 0 0 0 0 0 0 0 0 0 0 0 0 0 0 0 0 0 0 0 0 0 0 0 0 0 0 0 0 0 0 0 0 0 0 0 0 0 0 0 0 0 ]
Shortest Vector: [0 0 0 0 0 0 0 0 0 0 0 0 0 0 0 0 0 0 0 0 0 0 0 0 0 0 0 0 0 0 0 0 0 0 0 0 0 0 0 0 0 0 0 0 0 0 0 0 0 0 0 0 0 0 0 0 0 0 0 0 0 0 0 0 0 0 0 0 ]
Len: 0

Runtime of standard enumeration: 0.22285 s.
Processing base of thread 12
Executing ENUM with target length 2137
A: 4.5668e+06
Searching candidates in depth 10
Found new minumun (length: 2135)   0    7  -17  -12  -12    2    3   -4  -16    0   14   10   -2  -10    8    8   -4   -1    2   -8    1   -5    2    1   -2   -2    0    3   -1    1   -3   -2    1    1    1    0    0    2    1   -1   -1    0    0   -1   -2    2    0   -1   -2    1    2    1   -1   -1    1    1    1    0   -1    0    0    1   -2    1    0    1    0    1    0    0 
coefficients: [ -0 7 -17 -12 -12 2 3 -4 -16 -0 14 10 -2 -10 8 8 -4 -1 2 -8 1 -5 2 1 -2 -2 -0 3 -1 1 -3 -2 1 1 1 -0 -0 2 1 -1 -1 -0 -0 -1 -2 2 -0 -1 -2 1 2 1 -1 -1 1 1 1 0 -1 0 -0 1 -2 1 -0 1 -0 1 ]
Shortest Vector: [27 111 -253 -226 -200 -536 -45 412 8 446 39 40 329 -243 -467 -39 390 141 59 150 232 175 285 223 74 -82 376 -122 -380 225 7 -219 13 -175 -236 59 -305 351 -302 -88 217 115 10 520 95 -350 244 -185 -187 33 -605 -98 277 -258 -90 192 -183 333 101 221 -645 -199 -160 -111 119 328 -374 -8 ]
Len: 2135.6

Runtime of standard enumeration: 0.12478 s.
Finishing after 1 attemps in 3.7139 s (processed 6 bases).
Working threads: 16
Using NTL types.
Activating EXTREME pruning.
Setting pruning parameter to 0.22.
Setting candidate-queue size to 10240.
Setting parallel-enum threshold to dimension 15.
Disabling usage of Gauss heuristic
Enabling BKZ-auto-height adaption.
Setting bkz-height to 2.
Setting pre-beta to 24.
Setting parallel-BKZ instances to 32.
Setting randomized trials to 9.
Read conf file at penum.conf
Setting prebeta parameter to 24.
Setting pruning parameter to 0.17.
Delta: 0.9999
Beta: 32
Mode: 1
Candidate Height: 10
Target length: 2137
Trying to read: ./inppap/svpc-e1-d68-97575.txt
Read a basis of dimension: 68 / 68 with |b_0| = 0.345085281e205
Starting procedure
Preparing preprocessing of 16 threads.
Thread 0 is BKZ-32 reducing basis
Thread 15 is BKZ-32 reducing basis
Thread 7 is BKZ-32 reducing basis
Thread 13 is BKZ-32 reducing basis
Thread 3 is BKZ-32 reducing basis
Thread 6 is BKZ-32 reducing basis
Thread 8 is BKZ-32 reducing basis
Thread 14 is BKZ-32 reducing basis
Thread 9 is BKZ-32 reducing basis
Thread 2 is BKZ-32 reducing basis
Thread 12 is BKZ-32 reducing basis
Thread 10 is BKZ-32 reducing basis
Thread 5 is BKZ-32 reducing basis
Thread 11 is BKZ-32 reducing basis
Thread 4 is BKZ-32 reducing basis
Thread 1 is BKZ-32 reducing basis
|b_0| of BKZ-32 reduced basis of thread 0 is: 2408.515726(1.67616s [1.3408 s / 0.268811s ]).
|b_0| of BKZ-32 reduced basis of thread 9 is: 2345.310001(1.92523s [1.70322 s / 0.110652s ]).
|b_0| of BKZ-32 reduced basis of thread 14 is: 2288.018575(2.06847s [1.69599 s / 0.261999s ]).
|b_0| of BKZ-32 reduced basis of thread 5 is: 2418.786679(2.08854s [1.73731 s / 0.239432s ]).
|b_0| of BKZ-32 reduced basis of thread 4 is: 2255.089799(2.10541s [1.76755 s / 0.234374s ]).
|b_0| of BKZ-32 reduced basis of thread 3 is: 2412.98736(2.10801s [1.82659 s / 0.157453s ]).
|b_0| of BKZ-32 reduced basis of thread 2 is: |b_0| of BKZ-32 reduced basis of thread 15 is: 2254.93215(2.11309s [1.81297 s / 0.179152s ]).
2364.714571(2.1145s [1.61216 s / 0.377596s ]).
|b_0| of BKZ-32 reduced basis of thread 11 is: 2289.086717(2.1208s [1.77537 s / 0.251968s ]).
|b_0| of BKZ-32 reduced basis of thread 6 is: 2241.844999(2.13409s [1.89311 s / 0.130222s ]).
|b_0| of BKZ-32 reduced basis of thread 8 is: 2241.900533(2.14492s [1.81158 s / 0.222286s ]).
|b_0| of BKZ-32 reduced basis of thread 1 is: 2241.900533(2.15556s [1.91148 s / 0.151589s ]).
|b_0| of BKZ-32 reduced basis of thread 7 is: 2213.447085(2.25527s [1.90273 s / 0.241154s ]).
|b_0| of BKZ-32 reduced basis of thread 10 is: 2234.319583(2.30189s [2.03895 s / 0.152811s ]).
|b_0| of BKZ-32 reduced basis of thread 12 is: 2216.563556(2.32536s [2.12132 s / 0.104126s ]).
|b_0| of BKZ-32 reduced basis of thread 13 is: 2354.415851(2.32777s [1.7108 s / 0.497752s ]).
Sorting 16 bases.
Time for preprocessing: 2.34131 seconds.
Processing base of thread 7
Executing ENUM with target length 2137
A: 4.5668e+06
Searching candidates in depth 10
coefficients: [ 0 0 0 0 0 0 0 0 0 0 0 0 0 0 0 0 0 0 0 0 0 0 0 0 0 0 0 0 0 0 0 0 0 0 0 0 0 0 0 0 0 0 0 0 0 0 0 0 0 0 0 0 0 0 0 0 0 0 0 0 0 0 0 0 0 0 0 0 ]
Shortest Vector: [0 0 0 0 0 0 0 0 0 0 0 0 0 0 0 0 0 0 0 0 0 0 0 0 0 0 0 0 0 0 0 0 0 0 0 0 0 0 0 0 0 0 0 0 0 0 0 0 0 0 0 0 0 0 0 0 0 0 0 0 0 0 0 0 0 0 0 0 ]
Len: 0

Runtime of standard enumeration: 0.19041 s.
Processing base of thread 12
Executing ENUM with target length 2137
A: 4.5668e+06
Searching candidates in depth 10
Found new minumun (length: 2135)  -4   -1    9    7   -2    3    0   -3  -10    3    8   -5   -7   -8   -1   -2   -5    1    0    4    1    4   -6   -2    0    3    1   -3    1    1    2   -3    0   -2    0   -1    0    0    0   -1   -1    0    1   -1    0    1    0   -1    1   -2    1    2    0    0   -1    2    1    1    1    0    0    1    1    0    0    0    0    0    0    0 
coefficients: [ -4 -1 9 7 -2 3 -0 -3 -10 3 8 -5 -7 -8 -1 -2 -5 1 -0 4 1 4 -6 -2 -0 3 1 -3 1 1 2 -3 -0 -2 -0 -1 -0 -0 -0 -1 -1 -0 1 -1 -0 1 -0 -1 1 -2 1 2 -0 -0 -1 2 1 1 1 -0 -0 1 1 0 0 0 0 0 ]
Shortest Vector: [27 111 -253 -226 -200 -536 -45 412 8 446 39 40 329 -243 -467 -39 390 141 59 150 232 175 285 223 74 -82 376 -122 -380 225 7 -219 13 -175 -236 59 -305 351 -302 -88 217 115 10 520 95 -350 244 -185 -187 33 -605 -98 277 -258 -90 192 -183 333 101 221 -645 -199 -160 -111 119 328 -374 -8 ]
Len: 2135.6

Runtime of standard enumeration: 0.068731 s.
Finishing after 1 attemps in 2.7416 s (processed 2 bases).
Working threads: 16
Using NTL types.
Activating EXTREME pruning.
Setting pruning parameter to 0.22.
Setting candidate-queue size to 10240.
Setting parallel-enum threshold to dimension 15.
Disabling usage of Gauss heuristic
Enabling BKZ-auto-height adaption.
Setting bkz-height to 2.
Setting pre-beta to 24.
Setting parallel-BKZ instances to 32.
Setting randomized trials to 9.
Read conf file at penum.conf
Setting prebeta parameter to 24.
Setting pruning parameter to 0.17.
Delta: 0.9999
Beta: 32
Mode: 1
Candidate Height: 10
Target length: 2137
Trying to read: ./inppap/svpc-e1-d68-97575.txt
Read a basis of dimension: 68 / 68 with |b_0| = 0.345085281e205
Starting procedure
Preparing preprocessing of 16 threads.
Thread 0 is BKZ-32 reducing basis
Thread 11 is BKZ-32 reducing basis
Thread 7 is BKZ-32 reducing basis
Thread 15 is BKZ-32 reducing basis
Thread 6 is BKZ-32 reducing basis
Thread 4 is BKZ-32 reducing basis
Thread 9 is BKZ-32 reducing basis
Thread 10 is BKZ-32 reducing basis
Thread 5 is BKZ-32 reducing basis
Thread 1 is BKZ-32 reducing basis
Thread 14 is BKZ-32 reducing basis
Thread 13 is BKZ-32 reducing basis
Thread 2 is BKZ-32 reducing basis
Thread 8 is BKZ-32 reducing basis
Thread 12 is BKZ-32 reducing basis
Thread 3 is BKZ-32 reducing basis
|b_0| of BKZ-32 reduced basis of thread 0 is: 2408.515726(1.64548s [1.31004 s / 0.268224s ]).
|b_0| of BKZ-32 reduced basis of thread 12 is: 2410.704047(1.89978s [1.60932 s / 0.195327s ]).
|b_0| of BKZ-32 reduced basis of thread 15 is: 2385.947191(2.02762s [1.77056 s / 0.138277s ]).
|b_0| of BKZ-32 reduced basis of thread 10 is: 2402.667684(2.03474s [1.74509 s / 0.170147s ]).
|b_0| of BKZ-32 reduced basis of thread 11 is: 2386.851902(2.07269s [1.72136 s / 0.233505s ]).
|b_0| of BKZ-32 reduced basis of thread 2 is: 2329.064834(2.08925s [1.81417 s / 0.154909s ]).
|b_0| of BKZ-32 reduced basis of thread 3 is: 2317.150189(2.11209s [1.94331 s / 0.0730556s ]).
|b_0| of BKZ-32 reduced basis of thread 8 is: 2402.994382(2.12764s [1.76625 s / 0.241227s ]).
|b_0| of BKZ-32 reduced basis of thread 4 is: 2235.491669(2.18049s [1.92365 s / 0.136828s ]).
|b_0| of BKZ-32 reduced basis of thread 6 is: 2268.228163(2.25011s [2.02702 s / 0.104278s ]).
|b_0| of BKZ-32 reduced basis of thread 5 is: 2235.491669(2.25576s [1.95741 s / 0.178818s ]).
|b_0| of BKZ-32 reduced basis of thread 7 is: 2303.034954(2.26152s [2.05818 s / 0.0839907s ]).
|b_0| of BKZ-32 reduced basis of thread 14 is: 2248.283123(2.28519s [1.95544 s / 0.246552s ]).
|b_0| of BKZ-32 reduced basis of thread 9 is: 2341.643867(2.30349s [1.89515 s / 0.289217s ]).
|b_0| of BKZ-32 reduced basis of thread 1 is: 2307.840332(2.33919s [2.18124 s / 0.0645856s ]).
|b_0| of BKZ-32 reduced basis of thread 13 is: 2241.900533(2.50225s [1.96045 s / 0.405997s ]).
Sorting 16 bases.
Time for preprocessing: 2.51618 seconds.
Processing base of thread 4
Executing ENUM with target length 2137
A: 4.5668e+06
Searching candidates in depth 10
Found new minumun (length: 2135)  11  -11   -2    0   13  -10    2    2    3   -2  -16  -13    1   -8    3   -1    9    4    3   -4   -1   -2   -3   -5   -3    3   -1    2    0    0    2    2    3    2    0   -1    1    0   -2   -2   -2    0   -1   -2   -1    0    0    1    1    1    0   -1    0    0    1    0    0    0    1    0    0   -1    0    0    0   -1   -1    0    0    0 
coefficients: [ 11 -11 -2 -0 13 -10 2 2 3 -2 -16 -13 1 -8 3 -1 9 4 3 -4 -1 -2 -3 -5 -3 3 -1 2 -0 -0 2 2 3 2 -0 -1 1 -0 -2 -2 -2 -0 -1 -2 -1 0 -0 1 1 1 -0 -1 -0 -0 1 0 0 0 1 -0 0 -1 -0 -0 0 -1 -1 0 ]
Shortest Vector: [27 111 -253 -226 -200 -536 -45 412 8 446 39 40 329 -243 -467 -39 390 141 59 150 232 175 285 223 74 -82 376 -122 -380 225 7 -219 13 -175 -236 59 -305 351 -302 -88 217 115 10 520 95 -350 244 -185 -187 33 -605 -98 277 -258 -90 192 -183 333 101 221 -645 -199 -160 -111 119 328 -374 -8 ]
Len: 2135.6

Runtime of standard enumeration: 0.11513 s.
Finishing after 1 attemps in 2.7045 s (processed 1 bases).
Working threads: 16
Using NTL types.
Activating EXTREME pruning.
Setting pruning parameter to 0.22.
Setting candidate-queue size to 10240.
Setting parallel-enum threshold to dimension 15.
Disabling usage of Gauss heuristic
Enabling BKZ-auto-height adaption.
Setting bkz-height to 2.
Setting pre-beta to 24.
Setting parallel-BKZ instances to 32.
Setting randomized trials to 9.
Read conf file at penum.conf
Setting prebeta parameter to 24.
Setting pruning parameter to 0.17.
Delta: 0.9999
Beta: 32
Mode: 1
Candidate Height: 10
Target length: 2137
Trying to read: ./inppap/svpc-e1-d68-97575.txt
Read a basis of dimension: 68 / 68 with |b_0| = 0.345085281e205
Starting procedure
Preparing preprocessing of 16 threads.
Thread 0 is BKZ-32 reducing basis
Thread 8 is BKZ-32 reducing basis
Thread Thread 11 is BKZ-325 reducing basis is BKZ-32 reducing basis

Thread 6 is BKZ-32 reducing basis
Thread 9 is BKZ-32 reducing basis
Thread 2 is BKZ-32 reducing basis
Thread Thread 15Thread  is BKZ-32 reducing basis3
 is BKZ-3213 reducing basis is BKZ-32 reducing basis

Thread 12 is BKZ-32 reducing basis
Thread 10 is BKZ-32Thread  reducing basis
Thread 144 is BKZ- is BKZ-3232 reducing basis reducing basis

Thread 7 is BKZ-32 reducing basis
Thread 1 is BKZ-32 reducing basis
|b_0| of BKZ-32 reduced basis of thread 0 is: 2408.515726(1.68579s [1.33891 s / 0.269576s ]).
|b_0| of BKZ-32 reduced basis of thread 5 is: 2245.682524(2.03105s [1.76802 s / 0.169416s ]).
|b_0| of BKZ-32 reduced basis of thread 7 is: 2361.418641(2.06801s [1.78046 s / 0.177634s ]).
|b_0| of BKZ-32 reduced basis of thread 12 is: 2319.823269(2.08193s [1.80542 s / 0.182717s ]).
|b_0| of BKZ-32 reduced basis of thread 13 is: 2192.773814(2.15166s [1.68835 s / 0.348433s ]).
|b_0| of BKZ-32 reduced basis of thread 11 is: 2348.445443(2.15927s [1.78973 s / 0.249319s ]).
|b_0| of BKZ-32 reduced basis of thread 3 is: 2299.864561(2.15927s [1.92636 s / 0.11494s ]).
|b_0| of BKZ-32 reduced basis of thread 10 is: 2278.71433(2.17079s [2.05087 s / 0.0134795s ]).
|b_0| of BKZ-32 reduced basis of thread 9 is: 2376.657106(2.18518s [1.92606 s / 0.146165s ]).
|b_0| of BKZ-32 reduced basis of thread 1 is: 2353.018487(2.22263s [1.86015 s / 0.270886s ]).
|b_0| of BKZ-32 reduced basis of thread 14 is: 2462.471117(2.237s [1.78268 s / 0.338894s ]).
|b_0| of BKZ-32 reduced basis of thread 2 is: 2296.908575(2.24146s [1.83471 s / 0.292508s ]).
|b_0| of BKZ-32 reduced basis of thread 4 is: 2241.844999(2.25431s [2.01217 s / 0.13564s ]).
|b_0| of BKZ-32 reduced basis of thread 8 is: 2271.863552(2.29801s [1.88311 s / 0.308741s ]).
|b_0| of BKZ-32 reduced basis of thread 15 is: 2413.37813(2.33026s [1.97431 s / 0.243824s ]).
|b_0| of BKZ-32 reduced basis of thread 6 is: 2300.108041(2.46085s [1.93502 s / 0.436752s ]).
Sorting 16 bases.
Time for preprocessing: 2.48109 seconds.
Processing base of thread 13
Executing ENUM with target length 2137
A: 4.5668e+06
Searching candidates in depth 10
Found new minumun (length: 2135)  -4    3   -4    3    6    0    2    2   -5   -7   -5  -10   -2    5   -4    4    0   -2    3    6    2    2   -7   -2   -1    0   -4    0    3   -3    1   -1    4    5   -2    0   -1   -1   -1   -3    0    1   -1    1   -2   -2    0   -1    1   -1   -1    0   -1    1   -1    1    0    0    0    0    0    0    0   -1    0    0    0    0    0    0 
coefficients: [ -4 3 -4 3 6 -0 2 2 -5 -7 -5 -10 -2 5 -4 4 -0 -2 3 6 2 2 -7 -2 -1 -0 -4 -0 3 -3 1 -1 4 5 -2 -0 -1 -1 -1 -3 -0 1 -1 1 -2 -2 -0 -1 1 -1 -1 -0 -1 1 -1 1 0 0 -0 -0 -0 -0 -0 -1 0 0 0 0 ]
Shortest Vector: [-27 -111 253 226 200 536 45 -412 -8 -446 -39 -40 -329 243 467 39 -390 -141 -59 -150 -232 -175 -285 -223 -74 82 -376 122 380 -225 -7 219 -13 175 236 -59 305 -351 302 88 -217 -115 -10 -520 -95 350 -244 185 187 -33 605 98 -277 258 90 -192 183 -333 -101 -221 645 199 160 111 -119 -328 374 8 ]
Len: 2135.6

Runtime of standard enumeration: 0.057932 s.
Finishing after 1 attemps in 2.6147 s (processed 1 bases).
Working threads: 16
Using NTL types.
Activating EXTREME pruning.
Setting pruning parameter to 0.22.
Setting candidate-queue size to 10240.
Setting parallel-enum threshold to dimension 15.
Disabling usage of Gauss heuristic
Enabling BKZ-auto-height adaption.
Setting bkz-height to 2.
Setting pre-beta to 24.
Setting parallel-BKZ instances to 32.
Setting randomized trials to 9.
Read conf file at penum.conf
Setting prebeta parameter to 24.
Setting pruning parameter to 0.17.
Delta: 0.9999
Beta: 32
Mode: 1
Candidate Height: 10
Target length: 2137
Trying to read: ./inppap/svpc-e1-d68-97575.txt
Read a basis of dimension: 68 / 68 with |b_0| = 0.345085281e205
Starting procedure
Preparing preprocessing of 16 threads.
Thread 0 is BKZ-32 reducing basis
Thread 15 is BKZ-32 reducing basis
Thread 4 is BKZ-32 reducing basis
Thread 2 is BKZ-32 reducing basis
Thread 11 is BKZ-32 reducing basis
Thread 8 is BKZ-32 reducing basis
Thread 7 is BKZ-32 reducing basis
Thread 3 is BKZ-32 reducing basis
Thread 9 is BKZ-32 reducing basis
Thread 14 is BKZ-32 reducing basis
Thread 10 is BKZ-32 reducing basis
Thread 5 is BKZ-32 reducing basis
Thread 6 is BKZ-32 reducing basis
Thread 12 is BKZ-32 reducing basis
Thread 13 is BKZ-32 reducing basis
Thread 1 is BKZ-32 reducing basis
|b_0| of BKZ-32 reduced basis of thread 0 is: 2408.515726(1.68588s [1.34402 s / 0.270856s ]).
|b_0| of BKZ-32 reduced basis of thread 5 is: 2309.64283(1.95519s [1.71945 s / 0.119591s ]).
|b_0| of BKZ-32 reduced basis of thread 13 is: 2450.003878(1.98288s [1.76035 s / 0.141537s ]).
|b_0| of BKZ-32 reduced basis of thread 8 is: 2344.666927(1.99269s [1.62835 s / 0.250443s ]).
|b_0| of BKZ-32 reduced basis of thread 7 is: 2241.900533(2.01377s [1.73214 s / 0.165725s ]).
|b_0| of BKZ-32 reduced basis of thread 15 is: 2317.537055(2.04177s [1.72777 s / 0.198359s ]).
|b_0| of BKZ-32 reduced basis of thread 11 is: 2253.774833(2.10248s [1.86379 s / 0.121173s ]).
|b_0| of BKZ-32 reduced basis of thread 9 is: 2209.081483(2.10618s [1.90315 s / 0.0866496s ]).
|b_0| of BKZ-32 reduced basis of thread 10 is: 2135.62684(2.16559s [1.90555 s / 0.145222s ]).
|b_0| of BKZ-32 reduced basis of thread 3 is: 2245.682524(2.18169s [1.87566 s / 0.190681s ]).
|b_0| of BKZ-32 reduced basis of thread 4 is: 2282.670366(2.18836s [1.93909 s / 0.13371s ]).
|b_0| of BKZ-32 reduced basis of thread 2 is: 2342.244223(2.23168s [2.0654 s / 0.0500431s ]).
|b_0| of BKZ-32 reduced basis of thread 14 is: 2376.433041(2.23928s [1.78111 s / 0.365205s ]).
|b_0| of BKZ-32 reduced basis of thread 1 is: 2405.474174(2.26859s [1.84654 s / 0.329425s ]).
|b_0| of BKZ-32 reduced basis of thread 6 is: 2153.025081(2.3068s [1.95649 s / 0.236519s ]).
|b_0| of BKZ-32 reduced basis of thread 12 is: 2257.922718(2.45015s [1.86348 s / 0.491816s ]).
Sorting 16 bases.
Time for preprocessing: 2.46578 seconds.
Processing base of thread 10
Executing ENUM with target length 2137
A: 4.5668e+06
Searching candidates in depth 10
Found new minumun (length: 2135)   1    0    0    0    0    0    0    0    0    0    0    0    0    0    0    0    0    0    0    0    0    0    0    0    0    0    0    0    0    0    0    0    0    0    0    0    0    0    0    0    0    0    0    0    0    0    0    0    0    0    0    0    0    0    0    0    0    0    0    0    0    0    0    0    0    0    0    0    0    0 
coefficients: [ 1 0 0 0 0 0 0 0 0 0 0 0 0 0 0 0 0 0 0 0 0 0 0 0 0 0 0 0 0 0 0 0 0 0 0 0 0 0 0 0 0 0 0 0 0 0 0 0 0 0 0 0 0 0 0 0 0 0 0 0 0 0 0 0 0 0 0 0 ]
Shortest Vector: [-27 -111 253 226 200 536 45 -412 -8 -446 -39 -40 -329 243 467 39 -390 -141 -59 -150 -232 -175 -285 -223 -74 82 -376 122 380 -225 -7 219 -13 175 236 -59 305 -351 302 88 -217 -115 -10 -520 -95 350 -244 185 187 -33 605 98 -277 258 90 -192 183 -333 -101 -221 645 199 160 111 -119 -328 374 8 ]
Len: 2135.6

Runtime of standard enumeration: 0.10211 s.
Finishing after 1 attemps in 2.6425 s (processed 1 bases).
Working threads: 16
Using NTL types.
Activating EXTREME pruning.
Setting pruning parameter to 0.22.
Setting candidate-queue size to 10240.
Setting parallel-enum threshold to dimension 15.
Disabling usage of Gauss heuristic
Enabling BKZ-auto-height adaption.
Setting bkz-height to 2.
Setting pre-beta to 24.
Setting parallel-BKZ instances to 32.
Setting randomized trials to 9.
Read conf file at penum.conf
Setting prebeta parameter to 24.
Setting pruning parameter to 0.17.
Delta: 0.9999
Beta: 32
Mode: 1
Candidate Height: 10
Target length: 2137
Trying to read: ./inppap/svpc-e1-d68-97575.txt
Read a basis of dimension: 68 / 68 with |b_0| = 0.345085281e205
Starting procedure
Preparing preprocessing of 16 threads.
Thread 0 is BKZ-32 reducing basis
Thread 15 is BKZ-32 reducing basis
Thread 9 is BKZ-32 reducing basis
Thread 10 is BKZ-32 reducing basis
Thread 8 is BKZ-32 reducing basis
Thread 13 is BKZ-32 reducing basis
Thread 6 is BKZ-32 reducing basis
Thread 4 is BKZ-32 reducing basis
Thread 14 is BKZ-32 reducing basis
Thread 1 is BKZ-32 reducing basis
Thread 5 is BKZ-32 reducing basis
Thread 7 is BKZ-32 reducing basis
Thread 2 is BKZ-32 reducing basis
Thread 11 is BKZ-32 reducing basis
Thread 12 is BKZ-32 reducing basis
Thread 3 is BKZ-32 reducing basis
|b_0| of BKZ-32 reduced basis of thread 0 is: 2408.515726(1.65313s [1.31544 s / 0.270607s ]).
|b_0| of BKZ-32 reduced basis of thread 4 is: 2428.567067(2.0534s [1.7272 s / 0.214644s ]).
|b_0| of BKZ-32 reduced basis of thread 8 is: 2304.973536(2.05638s [1.83177 s / 0.111853s ]).
|b_0| of BKZ-32 reduced basis of thread 6 is: 2268.950859(2.07509s [1.64207 s / 0.322969s ]).
|b_0| of BKZ-32 reduced basis of thread 15 is: 2338.413137(2.12211s [1.723 s / 0.320389s ]).
|b_0| of BKZ-32 reduced basis of thread 3 is: 2276.16893(2.12944s [1.78565 s / 0.260046s ]).
|b_0| of BKZ-32 reduced basis of thread 9 is: 2350.975755(2.14233s [1.81264 s / 0.215402s ]).
|b_0| of BKZ-32 reduced basis of thread 14 is: 2367.177222(2.14301s [1.80215 s / 0.224789s ]).
|b_0| of BKZ-32 reduced basis of thread 11 is: 2204.793188(2.18478s [1.88391 s / 0.188031s ]).
|b_0| of BKZ-32 reduced basis of thread 12 is: 2283.381265(2.18639s [1.99556 s / 0.104778s ]).
|b_0| of BKZ-32 reduced basis of thread 10 is: 2313.129482(2.23261s [1.89716 s / 0.224681s ]).
|b_0| of BKZ-32 reduced basis of thread 2 is: 2309.64283(2.23704s [1.79293 s / 0.332808s ]).
|b_0| of BKZ-32 reduced basis of thread 7 is: 2309.865148(2.24197s [1.87353 s / 0.260684s ]).
|b_0| of BKZ-32 reduced basis of thread 1 is: 2233.846235(2.25811s [1.67227 s / 0.473618s ]).
|b_0| of BKZ-32 reduced basis of thread 5 is: 2319.028676(2.25846s [1.99454 s / 0.14755s ]).
|b_0| of BKZ-32 reduced basis of thread 13 is: 2241.900533(2.42254s [2.14047 s / 0.175085s ]).
Sorting 16 bases.
Time for preprocessing: 2.43651 seconds.
Processing base of thread 11
Executing ENUM with target length 2137
A: 4.5668e+06
Searching candidates in depth 10
Found new minumun (length: 2135)   4    1    6   -6   -1    2    1    1   -4    3    2    1   -1    0    1   -1   -5   -2    4    0    1   -4    0   -2   -1    0    0    1   -1    1   -1    1    1   -1    1   -1    1   -2   -1   -1    1   -2    1    0    0    0    0   -1    0    0   -1    0    1    1    0    0    0    0    1    0   -1   -1   -1    0    0    0    0    0    0    0 
coefficients: [ 4 1 6 -6 -1 2 1 1 -4 3 2 1 -1 -0 1 -1 -5 -2 4 -0 1 -4 -0 -2 -1 -0 -0 1 -1 1 -1 1 1 -1 1 -1 1 -2 -1 -1 1 -2 1 -0 -0 -0 -0 -1 0 -0 -1 -0 1 1 0 0 0 0 1 0 -1 -1 -1 0 0 0 0 0 ]
Shortest Vector: [27 111 -253 -226 -200 -536 -45 412 8 446 39 40 329 -243 -467 -39 390 141 59 150 232 175 285 223 74 -82 376 -122 -380 225 7 -219 13 -175 -236 59 -305 351 -302 -88 217 115 10 520 95 -350 244 -185 -187 33 -605 -98 277 -258 -90 192 -183 333 101 221 -645 -199 -160 -111 119 328 -374 -8 ]
Len: 2135.6

Runtime of standard enumeration: 0.070694 s.
Finishing after 1 attemps in 2.5972 s (processed 1 bases).
Working threads: 16
Using NTL types.
Activating EXTREME pruning.
Setting pruning parameter to 0.22.
Setting candidate-queue size to 10240.
Setting parallel-enum threshold to dimension 15.
Disabling usage of Gauss heuristic
Enabling BKZ-auto-height adaption.
Setting bkz-height to 2.
Setting pre-beta to 24.
Setting parallel-BKZ instances to 32.
Setting randomized trials to 9.
Read conf file at penum.conf
Setting prebeta parameter to 24.
Setting pruning parameter to 0.17.
Delta: 0.9999
Beta: 32
Mode: 1
Candidate Height: 10
Target length: 2137
Trying to read: ./inppap/svpc-e1-d68-97575.txt
Read a basis of dimension: 68 / 68 with |b_0| = 0.345085281e205
Starting procedure
Preparing preprocessing of 16 threads.
Thread 0 is BKZ-32 reducing basis
Thread 7 is BKZ-32 reducing basis
Thread 4 is BKZ-32 reducing basis
Thread 3 is BKZ-32 reducing basis
Thread 13 is BKZ-32 reducing basis
Thread 10 is BKZ-32 reducing basis
Thread 6 is BKZ-32 reducing basis
Thread 14 is BKZ-32 reducing basis
Thread 8 is BKZ-32 reducing basis
Thread 9 is BKZ-32 reducing basis
Thread 5 is BKZ-32 reducing basis
Thread 1 is BKZ-32 reducing basis
Thread 15 is BKZ-32 reducing basis
Thread 12 is BKZ-32 reducing basis
Thread 2 is BKZ-32 reducing basis
Thread 11 is BKZ-32 reducing basis
|b_0| of BKZ-32 reduced basis of thread 0 is: 2408.515726(1.6495s [1.31112 s / 0.269161s ]).
|b_0| of BKZ-32 reduced basis of thread 8 is: 2350.465486(1.9839s [1.84937 s / 0.0247055s ]).
|b_0| of BKZ-32 reduced basis of thread 6 is: 2288.059658(2.02917s [1.64194 s / 0.289254s ]).
|b_0| of BKZ-32 reduced basis of thread 15 is: 2225.69652(2.04736s [1.65498 s / 0.292886s ]).
|b_0| of BKZ-32 reduced basis of thread 14 is: 2278.076382(2.07157s [1.87962 s / 0.0770423s ]).
|b_0| of BKZ-32 reduced basis of thread 13 is: 2323.379866(2.10255s [1.7439 s / 0.245108s ]).
|b_0| of BKZ-32 reduced basis of thread 4 is: 2351.084643(2.11086s [1.81466 s / 0.185597s ]).
|b_0| of BKZ-32 reduced basis of thread 9 is: 2344.666927(2.14423s [2.01756 s / 0.0134981s ]).
|b_0| of BKZ-32 reduced basis of thread 10 is: 2216.563556(2.15368s [1.94511 s / 0.0937115s ]).
|b_0| of BKZ-32 reduced basis of thread 12 is: 2288.018575(2.19797s [1.82292 s / 0.268423s ]).
|b_0| of BKZ-32 reduced basis of thread 3 is: 2302.758997(2.20116s [1.88372 s / 0.195563s ]).
|b_0| of BKZ-32 reduced basis of thread 1 is: 2254.462685(2.22683s [2.05532 s / 0.0592709s ]).
|b_0| of BKZ-32 reduced basis of thread 11 is: 2294.330621(2.24425s [1.9381 s / 0.207784s ]).
|b_0| of BKZ-32 reduced basis of thread 5 is: 2135.62684(2.25876s [1.95463 s / 0.189105s ]).
|b_0| of BKZ-32 reduced basis of thread 2 is: 2204.793188(2.37298s [1.58882 s / 0.673216s ]).
|b_0| of BKZ-32 reduced basis of thread 7 is: 2252.318139(2.5623s [2.41925 s / 0.0420132s ]).
Sorting 16 bases.
Time for preprocessing: 2.5802 seconds.
Processing base of thread 5
Executing ENUM with target length 2137
A: 4.5668e+06
Searching candidates in depth 10
Found new minumun (length: 2135)   1    0    0    0    0    0    0    0    0    0    0    0    0    0    0    0    0    0    0    0    0    0    0    0    0    0    0    0    0    0    0    0    0    0    0    0    0    0    0    0    0    0    0    0    0    0    0    0    0    0    0    0    0    0    0    0    0    0    0    0    0    0    0    0    0    0    0    0    0    0 
coefficients: [ 1 0 0 0 0 0 0 0 0 0 0 0 0 0 0 0 0 0 0 0 0 0 0 0 0 0 0 0 0 0 0 0 0 0 0 0 0 0 0 0 0 0 0 0 0 0 0 0 0 0 0 0 0 0 0 0 0 0 0 0 0 0 0 0 0 0 0 0 ]
Shortest Vector: [-27 -111 253 226 200 536 45 -412 -8 -446 -39 -40 -329 243 467 39 -390 -141 -59 -150 -232 -175 -285 -223 -74 82 -376 122 380 -225 -7 219 -13 175 236 -59 305 -351 302 88 -217 -115 -10 -520 -95 350 -244 185 187 -33 605 98 -277 258 90 -192 183 -333 -101 -221 645 199 160 111 -119 -328 374 8 ]
Len: 2135.6

Runtime of standard enumeration: 0.09423 s.
Finishing after 1 attemps in 2.7495 s (processed 1 bases).
Working threads: 16
Using NTL types.
Activating EXTREME pruning.
Setting pruning parameter to 0.22.
Setting candidate-queue size to 10240.
Setting parallel-enum threshold to dimension 15.
Disabling usage of Gauss heuristic
Enabling BKZ-auto-height adaption.
Setting bkz-height to 2.
Setting pre-beta to 24.
Setting parallel-BKZ instances to 32.
Setting randomized trials to 9.
Read conf file at penum.conf
Setting prebeta parameter to 24.
Setting pruning parameter to 0.17.
Delta: 0.9999
Beta: 32
Mode: 1
Candidate Height: 10
Target length: 2137
Trying to read: ./inppap/svpc-e1-d68-97575.txt
Read a basis of dimension: 68 / 68 with |b_0| = 0.345085281e205
Starting procedure
Preparing preprocessing of 16 threads.
Thread 0 is BKZ-32 reducing basis
Thread 1 is BKZ-32 reducing basis
Thread 3 is BKZ-32 reducing basis
Thread 15 is BKZ-32 reducing basis
Thread 9 is BKZ-32 reducing basis
Thread 7 is BKZ-32 reducing basis
Thread 5 is BKZ-32 reducing basis
Thread 6 is BKZ-32 reducing basis
Thread 14 is BKZ-32 reducing basis
Thread Thread 2 is BKZ-4 is BKZ-3232 reducing basis
 reducing basis
Thread 8 is BKZ-32 reducing basis
Thread 10 is BKZ-32 reducing basis
Thread 12 is BKZ-32 reducing basis
Thread 13 is BKZ-32 reducing basis
Thread 11 is BKZ-32 reducing basis
|b_0| of BKZ-32 reduced basis of thread 0 is: 2408.515726(1.67802s [1.33948 s / 0.269559s ]).
|b_0| of BKZ-32 reduced basis of thread 8 is: 2371.394948(1.98878s [1.71653 s / 0.161164s ]).
|b_0| of BKZ-32 reduced basis of thread 7 is: 2152.60865(1.99373s [1.60861 s / 0.272084s ]).
|b_0| of BKZ-32 reduced basis of thread 3 is: 2370.552467(2.08846s [1.71851 s / 0.252226s ]).
|b_0| of BKZ-32 reduced basis of thread 10 is: 2349.375662(2.09346s [1.79818 s / 0.169809s ]).
|b_0| of BKZ-32 reduced basis of thread 12 is: 2307.840332(2.0944s [1.87279 s / 0.117633s ]).
|b_0| of BKZ-32 reduced basis of thread 2 is: 2320.503178(2.09609s [1.78333 s / 0.192834s ]).
|b_0| of BKZ-32 reduced basis of thread 6 is: 2278.061018(2.10396s [1.67658 s / 0.317275s ]).
|b_0| of BKZ-32 reduced basis of thread 1 is: 2330.91763(2.16876s [1.83291 s / 0.222066s ]).
|b_0| of BKZ-32 reduced basis of thread 11 is: 2330.91763(2.18269s [1.73815 s / 0.351964s ]).
|b_0| of BKZ-32 reduced basis of thread 4 is: 2339.78952(2.2428s [1.93267 s / 0.200199s ]).
|b_0| of BKZ-32 reduced basis of thread 14 is: 2204.38767(2.31523s [1.87755 s / 0.340826s ]).
|b_0| of BKZ-32 reduced basis of thread 5 is: 2304.99436(2.31711s [2.01599 s / 0.184609s ]).
|b_0| of BKZ-32 reduced basis of thread 9 is: 2135.62684(2.36492s [1.98983 s / 0.263033s ]).
|b_0| of BKZ-32 reduced basis of thread 13 is: 2192.773814(2.50551s [2.0998 s / 0.312515s ]).
|b_0| of BKZ-32 reduced basis of thread 15 is: 2187.984461(2.56779s [2.19464 s / 0.261937s ]).
Sorting 16 bases.
Time for preprocessing: 2.58147 seconds.
Processing base of thread 9
Executing ENUM with target length 2137
A: 4.5668e+06
Searching candidates in depth 10
Found new minumun (length: 2135)   1    0    0    0    0    0    0    0    0    0    0    0    0    0    0    0    0    0    0    0    0    0    0    0    0    0    0    0    0    0    0    0    0    0    0    0    0    0    0    0    0    0    0    0    0    0    0    0    0    0    0    0    0    0    0    0    0    0    0    0    0    0    0    0    0    0    0    0    0    0 
coefficients: [ 1 0 0 0 0 0 0 0 0 0 0 0 0 0 0 0 0 0 0 0 0 0 0 0 0 0 0 0 0 0 0 0 0 0 0 0 0 0 0 0 0 0 0 0 0 0 0 0 0 0 0 0 0 0 0 0 0 0 0 0 0 0 0 0 0 0 0 0 ]
Shortest Vector: [-27 -111 253 226 200 536 45 -412 -8 -446 -39 -40 -329 243 467 39 -390 -141 -59 -150 -232 -175 -285 -223 -74 82 -376 122 380 -225 -7 219 -13 175 236 -59 305 -351 302 88 -217 -115 -10 -520 -95 350 -244 185 187 -33 605 98 -277 258 90 -192 183 -333 -101 -221 645 199 160 111 -119 -328 374 8 ]
Len: 2135.6

Runtime of standard enumeration: 0.060576 s.
Finishing after 1 attemps in 2.7192 s (processed 1 bases).
Working threads: 16
Using NTL types.
Activating EXTREME pruning.
Setting pruning parameter to 0.22.
Setting candidate-queue size to 10240.
Setting parallel-enum threshold to dimension 15.
Disabling usage of Gauss heuristic
Enabling BKZ-auto-height adaption.
Setting bkz-height to 2.
Setting pre-beta to 24.
Setting parallel-BKZ instances to 32.
Setting randomized trials to 9.
Read conf file at penum.conf
Setting prebeta parameter to 24.
Setting pruning parameter to 0.17.
Delta: 0.9999
Beta: 32
Mode: 1
Candidate Height: 10
Target length: 2137
Trying to read: ./inppap/svpc-e1-d68-97575.txt
Read a basis of dimension: 68 / 68 with |b_0| = 0.345085281e205
Starting procedure
Preparing preprocessing of 16 threads.
Thread 0 is BKZ-32 reducing basis
Thread 2 is BKZ-32 reducing basis
Thread 1 is BKZ-32 reducing basis
Thread 8 is BKZ-32 reducing basis
Thread 4 is BKZ-32 reducing basis
Thread 9 is BKZ-32 reducing basis
Thread 3 is BKZ-32 reducing basis
Thread 7 is BKZ-32 reducing basis
Thread 6 is BKZ-32 reducing basis
Thread 15 is BKZ-32 reducing basisThread 
10 is BKZ-32 reducing basis
Thread 12 is BKZ-32 reducing basis
Thread 14 is BKZ-32 reducing basis
Thread 11 is BKZ-32 reducing basis
Thread 13 is BKZ-32 reducing basis
Thread 5 is BKZ-32 reducing basis
|b_0| of BKZ-32 reduced basis of thread 0 is: 2408.515726(1.66175s [1.31779 s / 0.270986s ]).
|b_0| of BKZ-32 reduced basis of thread 14 is: 2341.306259(1.8879s [1.66066 s / 0.114159s ]).
|b_0| of BKZ-32 reduced basis of thread 15 is: 2437.895609(1.90154s [1.77081 s / 0.0314085s ]).
|b_0| of BKZ-32 reduced basis of thread 1 is: 2257.922718(1.94662s [1.74349 s / 0.0888212s ]).
|b_0| of BKZ-32 reduced basis of thread 9 is: 2302.641309(1.95623s [1.69709 s / 0.14489s ]).
|b_0| of BKZ-32 reduced basis of thread 4 is: 2350.115316(2.00923s [1.57252 s / 0.322976s ]).
|b_0| of BKZ-32 reduced basis of thread 2 is: 2305.109976(2.02775s [1.81011 s / 0.107408s ]).
|b_0| of BKZ-32 reduced basis of thread 5 is: 2152.60865(2.15674s [1.93805 s / 0.118825s ]).
|b_0| of BKZ-32 reduced basis of thread 8 is: 2303.950303(2.164s [1.73591 s / 0.314673s ]).
|b_0| of BKZ-32 reduced basis of thread 10 is: 2216.563556(2.18948s [1.96771 s / 0.125269s ]).
|b_0| of BKZ-32 reduced basis of thread 13 is: 2284.735214(2.19759s [1.88829 s / 0.196326s ]).
|b_0| of BKZ-32 reduced basis of thread 6 is: 2329.019966(2.21374s [1.85573 s / 0.243734s ]).
|b_0| of BKZ-32 reduced basis of thread 7 is: 2340.682166(2.23936s [1.71222 s / 0.412554s ]).
|b_0| of BKZ-32 reduced basis of thread 12 is: 2316.519803(2.28061s [1.88487 s / 0.299158s ]).
|b_0| of BKZ-32 reduced basis of thread 3 is: 2269.753731(2.43946s [1.92439 s / 0.400716s ]).
|b_0| of BKZ-32 reduced basis of thread 11 is: 2279.955701(2.48034s [1.98375 s / 0.384263s ]).
Sorting 16 bases.
Time for preprocessing: 2.49953 seconds.
Processing base of thread 5
Executing ENUM with target length 2137
A: 4.5668e+06
Searching candidates in depth 10
coefficients: [ 0 0 0 0 0 0 0 0 0 0 0 0 0 0 0 0 0 0 0 0 0 0 0 0 0 0 0 0 0 0 0 0 0 0 0 0 0 0 0 0 0 0 0 0 0 0 0 0 0 0 0 0 0 0 0 0 0 0 0 0 0 0 0 0 0 0 0 0 ]
Shortest Vector: [0 0 0 0 0 0 0 0 0 0 0 0 0 0 0 0 0 0 0 0 0 0 0 0 0 0 0 0 0 0 0 0 0 0 0 0 0 0 0 0 0 0 0 0 0 0 0 0 0 0 0 0 0 0 0 0 0 0 0 0 0 0 0 0 0 0 0 0 ]
Len: 0

Runtime of standard enumeration: 0.17814 s.
Processing base of thread 10
Executing ENUM with target length 2137
A: 4.5668e+06
Searching candidates in depth 10
Found new minumun (length: 2135) -15    6    4    6   -7   13   10   -5    8    1    9    3   -2    0   -1   -7   -3   -5   -7    0    4   -1   -4   -3   -1    0    0    0    0    0    0    4   -3   -3    0    2   -1    1    0   -1    2    0   -1   -1   -1   -1    0    1    2   -1    1    2    1    1    0    1    0    0    1    1   -1    0    0    1    0    0   -1   -1    0    0 
coefficients: [ -15 6 4 6 -7 13 10 -5 8 1 9 3 -2 -0 -1 -7 -3 -5 -7 -0 4 -1 -4 -3 -1 -0 -0 -0 -0 -0 -0 4 -3 -3 -0 2 -1 1 0 -1 2 -0 -1 -1 -1 -1 -0 1 2 -1 1 2 1 1 -0 1 0 0 1 1 -1 -0 0 1 -0 0 -1 -1 ]
Shortest Vector: [27 111 -253 -226 -200 -536 -45 412 8 446 39 40 329 -243 -467 -39 390 141 59 150 232 175 285 223 74 -82 376 -122 -380 225 7 -219 13 -175 -236 59 -305 351 -302 -88 217 115 10 520 95 -350 244 -185 -187 33 -605 -98 277 -258 -90 192 -183 333 101 221 -645 -199 -160 -111 119 328 -374 -8 ]
Len: 2135.6

Runtime of standard enumeration: 0.17164 s.
Finishing after 1 attemps in 2.9945 s (processed 2 bases).
Working threads: 16
Using NTL types.
Activating EXTREME pruning.
Setting pruning parameter to 0.22.
Setting candidate-queue size to 10240.
Setting parallel-enum threshold to dimension 15.
Disabling usage of Gauss heuristic
Enabling BKZ-auto-height adaption.
Setting bkz-height to 2.
Setting pre-beta to 24.
Setting parallel-BKZ instances to 32.
Setting randomized trials to 9.
Read conf file at penum.conf
Setting prebeta parameter to 24.
Setting pruning parameter to 0.17.
Delta: 0.9999
Beta: 32
Mode: 1
Candidate Height: 10
Target length: 2137
Trying to read: ./inppap/svpc-e1-d68-97575.txt
Read a basis of dimension: 68 / 68 with |b_0| = 0.345085281e205
Starting procedure
Preparing preprocessing of 16 threads.
Thread 0 is BKZ-32 reducing basis
Thread 11 is BKZ-32 reducing basis
Thread 1 is BKZ-32 reducing basis
Thread 9 is BKZ-32 reducing basis
Thread 3 is BKZ-32 reducing basis
Thread 13 is BKZ-32 reducing basis
Thread 7 is BKZ-32 reducing basis
Thread 4 is BKZ-Thread 32 reducing basis6
 is BKZ-32 reducing basis
Thread Thread 10 is BKZ-32 reducing basis
8 is BKZ-32 reducing basis
Thread 5 is BKZ-32 reducing basis
Thread 12 is BKZ-32 reducing basis
Thread 14 is BKZ-32 reducing basis
Thread 15 is BKZ-32 reducing basis
Thread 2 is BKZ-32 reducing basis
|b_0| of BKZ-32 reduced basis of thread 0 is: 2408.515726(1.70114s [1.35934 s / 0.270015s ]).
|b_0| of BKZ-32 reduced basis of thread 1 is: 2373.124944(1.93587s [1.70916 s / 0.116506s ]).
|b_0| of BKZ-32 reduced basis of thread 4 is: 2405.756638(2.01197s [1.78872 s / 0.114565s ]).
|b_0| of BKZ-32 reduced basis of thread 14 is: 2387.62162(2.04043s [1.68536 s / 0.245757s ]).
|b_0| of BKZ-32 reduced basis of thread 9 is: 2294.772538(2.05157s [1.82996 s / 0.111507s ]).
|b_0| of BKZ-32 reduced basis of thread 10 is: 2379.556681(2.05539s [1.70485 s / 0.239071s ]).
|b_0| of BKZ-32 reduced basis of thread 3 is: 2341.559523(2.06438s [1.67462 s / 0.278118s ]).
|b_0| of BKZ-32 reduced basis of thread 12 is: 2294.330621(2.09427s [1.93951 s / 0.0750994s ]).
|b_0| of BKZ-32 reduced basis of thread 2 is: 2320.819252(2.12818s [1.80113 s / 0.245378s ]).
|b_0| of BKZ-32 reduced basis of thread 8 is: 2359.763759(2.18872s [1.98067 s / 0.096897s ]).
|b_0| of BKZ-32 reduced basis of thread 6 is: 2261.518516(2.1911s [1.87765 s / 0.202736s ]).
|b_0| of BKZ-32 reduced basis of thread 15 is: 2213.447085(2.2151s [1.83418 s / 0.299436s ]).
|b_0| of BKZ-32 reduced basis of thread 5 is: 2239.454175(2.2282s [1.99698 s / 0.152925s ]).
|b_0| of BKZ-32 reduced basis of thread 13 is: 2263.439418(2.26883s [2.07966 s / 0.0780969s ]).
|b_0| of BKZ-32 reduced basis of thread 7 is: 2204.38767(2.27875s [1.82338 s / 0.34528s ]).
|b_0| of BKZ-32 reduced basis of thread 11 is: 2152.60865(2.37159s [1.91623 s / 0.347349s ]).
Sorting 16 bases.
Time for preprocessing: 2.38402 seconds.
Processing base of thread 11
Executing ENUM with target length 2137
A: 4.5668e+06
Searching candidates in depth 10
coefficients: [ 0 0 0 0 0 0 0 0 0 0 0 0 0 0 0 0 0 0 0 0 0 0 0 0 0 0 0 0 0 0 0 0 0 0 0 0 0 0 0 0 0 0 0 0 0 0 0 0 0 0 0 0 0 0 0 0 0 0 0 0 0 0 0 0 0 0 0 0 ]
Shortest Vector: [0 0 0 0 0 0 0 0 0 0 0 0 0 0 0 0 0 0 0 0 0 0 0 0 0 0 0 0 0 0 0 0 0 0 0 0 0 0 0 0 0 0 0 0 0 0 0 0 0 0 0 0 0 0 0 0 0 0 0 0 0 0 0 0 0 0 0 0 ]
Len: 0

Runtime of standard enumeration: 0.15735 s.
Processing base of thread 7
Executing ENUM with target length 2137
A: 4.5668e+06
Searching candidates in depth 10
Found new minumun (length: 2135)  -3  -11   -4    0    7    4   -1    7   -3   -7    3    3    3   -1    2    2   -1    3   -1    3   -3   -1    0    3    0    1    1    1   -3    1    0    1   -1    0    0   -1    0   -1    1   -1   -1   -1    0    1    0   -1   -1    0    0    1    0    0    0    1    0    0    0    1    0    0    0    0    0    1   -1   -1    0    0    0    0 
coefficients: [ -3 -11 -4 -0 7 4 -1 7 -3 -7 3 3 3 -1 2 2 -1 3 -1 3 -3 -1 -0 3 -0 1 1 1 -3 1 -0 1 -1 -0 -0 -1 -0 -1 1 -1 -1 -1 -0 1 -0 -1 -1 -0 -0 1 -0 -0 -0 1 -0 -0 0 1 0 0 -0 0 -0 1 -1 -1 0 0 ]
Shortest Vector: [27 111 -253 -226 -200 -536 -45 412 8 446 39 40 329 -243 -467 -39 390 141 59 150 232 175 285 223 74 -82 376 -122 -380 225 7 -219 13 -175 -236 59 -305 351 -302 -88 217 115 10 520 95 -350 244 -185 -187 33 -605 -98 277 -258 -90 192 -183 333 101 221 -645 -199 -160 -111 119 328 -374 -8 ]
Len: 2135.6

Runtime of standard enumeration: 0.060842 s.
Finishing after 1 attemps in 2.7416 s (processed 2 bases).
Working threads: 16
Using NTL types.
Activating EXTREME pruning.
Setting pruning parameter to 0.22.
Setting candidate-queue size to 10240.
Setting parallel-enum threshold to dimension 15.
Disabling usage of Gauss heuristic
Enabling BKZ-auto-height adaption.
Setting bkz-height to 2.
Setting pre-beta to 24.
Setting parallel-BKZ instances to 32.
Setting randomized trials to 9.
Read conf file at penum.conf
Setting prebeta parameter to 24.
Setting pruning parameter to 0.17.
Delta: 0.9999
Beta: 32
Mode: 1
Candidate Height: 10
Target length: 2137
Trying to read: ./inppap/svpc-e1-d68-97575.txt
Read a basis of dimension: 68 / 68 with |b_0| = 0.345085281e205
Starting procedure
Preparing preprocessing of 16 threads.
Thread 0 is BKZ-32 reducing basis
Thread 14 is BKZ-32 reducing basis
Thread 12 is BKZ-32 reducing basis
Thread 9 is BKZ-32 reducing basis
Thread 2 is BKZ-32 reducing basis
Thread 15 is BKZ-32 reducing basis
Thread 7 is BKZ-32 reducing basis
Thread 6 is BKZ-32 reducing basis
Thread 5 is BKZ-32 reducing basis
Thread 11 is BKZ-32 reducing basis
Thread 8 is BKZ-32 reducing basis
Thread 10 is BKZ-32 reducing basis
Thread 4 is BKZ-32 reducing basis
Thread 13 is BKZ-32 reducing basis
Thread 3 is BKZ-32 reducing basis
Thread 1 is BKZ-32 reducing basis
|b_0| of BKZ-32 reduced basis of thread 0 is: 2408.515726(1.70638s [1.36411 s / 0.271347s ]).
|b_0| of BKZ-32 reduced basis of thread 9 is: 2243.903518(1.89465s [1.67778 s / 0.1012s ]).
|b_0| of BKZ-32 reduced basis of thread 5 is: 2363.046339(1.91778s [1.66439 s / 0.139333s ]).
|b_0| of BKZ-32 reduced basis of thread 8 is: 2313.929774(1.99074s [1.64242 s / 0.235793s ]).
|b_0| of BKZ-32 reduced basis of thread 4 is: 2357.666855(2.00031s [1.81694 s / 0.069764s ]).
|b_0| of BKZ-32 reduced basis of thread 6 is: 2417.562409(2.05659s [1.62338 s / 0.319081s ]).
|b_0| of BKZ-32 reduced basis of thread 7 is: 2152.60865(2.0819s [1.67294 s / 0.294134s ]).
|b_0| of BKZ-32 reduced basis of thread 1 is: 2383.659791(2.08921s [1.90266 s / 0.0927199s ]).
|b_0| of BKZ-32 reduced basis of thread 14 is: 2258.343641(2.13402s [1.87423 s / 0.146652s ]).
|b_0| of BKZ-32 reduced basis of thread 2 is: 2234.319583(2.15483s [1.93337 s / 0.108675s ]).
|b_0| of BKZ-32 reduced basis of thread 10 is: 2289.944104(2.16121s [1.92088 s / 0.146453s ]).
|b_0| of BKZ-32 reduced basis of thread 15 is: 2309.447769(2.20153s [1.77797 s / 0.309946s ]).
|b_0| of BKZ-32 reduced basis of thread 13 is: 2278.076382(2.21392s [2.01435 s / 0.103424s ]).
|b_0| of BKZ-32 reduced basis of thread 12 is: 2288.719511(2.23853s [1.95735 s / 0.168149s ]).
|b_0| of BKZ-32 reduced basis of thread 3 is: 2329.44414(2.47555s [1.99658 s / 0.382845s ]).
|b_0| of BKZ-32 reduced basis of thread 11 is: 2258.343641(2.54498s [2.28718 s / 0.146985s ]).
Sorting 16 bases.
Time for preprocessing: 2.55915 seconds.
Processing base of thread 7
Executing ENUM with target length 2137
A: 4.5668e+06
Searching candidates in depth 10
Found new minumun (length: 2135) -11    8    7   -1    2   -6    2    3   -4    5    4    8   -4   -5    0    0    7   -5   -6   -3    1   -3    6   -1    3    0    1   -1    1   -3    2   -4   -1    4    3    2    1    2   -1    0    2    0    2   -1   -1    0    0   -1    0    0   -1    1    1    0    0    0    1    1    1    0    0    0    0    0    0    0    0    0    0    0 
coefficients: [ -11 8 7 -1 2 -6 2 3 -4 5 4 8 -4 -5 -0 -0 7 -5 -6 -3 1 -3 6 -1 3 -0 1 -1 1 -3 2 -4 -1 4 3 2 1 2 -1 0 2 -0 2 -1 -1 -0 0 -1 0 -0 -1 1 1 -0 -0 -0 1 1 1 0 0 0 0 0 0 0 0 0 ]
Shortest Vector: [27 111 -253 -226 -200 -536 -45 412 8 446 39 40 329 -243 -467 -39 390 141 59 150 232 175 285 223 74 -82 376 -122 -380 225 7 -219 13 -175 -236 59 -305 351 -302 -88 217 115 10 520 95 -350 244 -185 -187 33 -605 -98 277 -258 -90 192 -183 333 101 221 -645 -199 -160 -111 119 328 -374 -8 ]
Len: 2135.6

Runtime of standard enumeration: 0.072666 s.
Finishing after 1 attemps in 2.7056 s (processed 1 bases).
Working threads: 16
Using NTL types.
Activating EXTREME pruning.
Setting pruning parameter to 0.22.
Setting candidate-queue size to 10240.
Setting parallel-enum threshold to dimension 15.
Disabling usage of Gauss heuristic
Enabling BKZ-auto-height adaption.
Setting bkz-height to 2.
Setting pre-beta to 24.
Setting parallel-BKZ instances to 32.
Setting randomized trials to 9.
Read conf file at penum.conf
Setting prebeta parameter to 24.
Setting pruning parameter to 0.17.
Delta: 0.9999
Beta: 32
Mode: 1
Candidate Height: 10
Target length: 2137
Trying to read: ./inppap/svpc-e1-d68-97575.txt
Read a basis of dimension: 68 / 68 with |b_0| = 0.345085281e205
Starting procedure
Preparing preprocessing of 16 threads.
Thread 0 is BKZ-32 reducing basis
Thread 13 is BKZ-32 reducing basis
Thread 15 is BKZ-32 reducing basis
Thread 3 is BKZ-32 reducing basis
Thread 7 is BKZ-32 reducing basis
Thread 4 is BKZ-32 reducing basis
Thread 10 is BKZ-32 reducing basis
Thread 5 is BKZ-32 reducing basis
Thread 6 is BKZ-32 reducing basis
Thread 11 is BKZ-32 reducing basis
Thread 2 is BKZ-32 reducing basis
Thread 8 is BKZ-32 reducing basis
Thread 14 is BKZ-32 reducing basis
Thread 1 is BKZ-32 reducing basis
Thread 12 is BKZ-32 reducing basis
Thread 9 is BKZ-32 reducing basis
|b_0| of BKZ-32 reduced basis of thread 0 is: 2408.515726(1.66947s [1.33392 s / 0.26923s ]).
|b_0| of BKZ-32 reduced basis of thread 9 is: 2360.199992(1.90503s [1.71408 s / 0.0974459s ]).
|b_0| of BKZ-32 reduced basis of thread 6 is: 2304.505804(1.94232s [1.69306 s / 0.135377s ]).
|b_0| of BKZ-32 reduced basis of thread 10 is: 2364.193943(1.99996s [1.81039 s / 0.0785421s ]).
|b_0| of BKZ-32 reduced basis of thread 15 is: 2375.563302(2.01232s [1.82843 s / 0.0709678s ]).
|b_0| of BKZ-32 reduced basis of thread 11 is: 2209.081483(2.01668s [1.64394 s / 0.298787s ]).
|b_0| of BKZ-32 reduced basis of thread 14 is: 2204.38767(2.0649s [1.72335 s / 0.23007s ]).
|b_0| of BKZ-32 reduced basis of thread 7 is: 2408.868199(2.09145s [1.85311 s / 0.125119s ]).
|b_0| of BKZ-32 reduced basis of thread 2 is: 2322.858799(2.09728s [1.74898 s / 0.235985s ]).
|b_0| of BKZ-32 reduced basis of thread 1 is: 2387.604867(2.11784s [1.64883 s / 0.376627s ]).
|b_0| of BKZ-32 reduced basis of thread 8 is: 2221.658165(2.14027s [1.79183 s / 0.237703s ]).
|b_0| of BKZ-32 reduced basis of thread 4 is: 2268.950859(2.17874s [1.87416 s / 0.194447s ]).
|b_0| of BKZ-32 reduced basis of thread 13 is: 2334.871089(2.23817s [2.05353 s / 0.0722507s ]).
|b_0| of BKZ-32 reduced basis of thread 12 is: 2289.635779(2.2761s [2.06445 s / 0.119172s ]).
|b_0| of BKZ-32 reduced basis of thread 5 is: 2291.923428(2.28937s [2.04587 s / 0.129323s ]).
|b_0| of BKZ-32 reduced basis of thread 3 is: 2244.684165(2.30926s [1.95441 s / 0.242112s ]).
Sorting 16 bases.
Time for preprocessing: 2.32101 seconds.
Processing base of thread 14
Executing ENUM with target length 2137
A: 4.5668e+06
Searching candidates in depth 10
coefficients: [ 0 0 0 0 0 0 0 0 0 0 0 0 0 0 0 0 0 0 0 0 0 0 0 0 0 0 0 0 0 0 0 0 0 0 0 0 0 0 0 0 0 0 0 0 0 0 0 0 0 0 0 0 0 0 0 0 0 0 0 0 0 0 0 0 0 0 0 0 ]
Shortest Vector: [0 0 0 0 0 0 0 0 0 0 0 0 0 0 0 0 0 0 0 0 0 0 0 0 0 0 0 0 0 0 0 0 0 0 0 0 0 0 0 0 0 0 0 0 0 0 0 0 0 0 0 0 0 0 0 0 0 0 0 0 0 0 0 0 0 0 0 0 ]
Len: 0

Runtime of standard enumeration: 0.20457 s.
Processing base of thread 11
Executing ENUM with target length 2137
A: 4.5668e+06
Searching candidates in depth 10
coefficients: [ 0 0 0 0 0 0 0 0 0 0 0 0 0 0 0 0 0 0 0 0 0 0 0 0 0 0 0 0 0 0 0 0 0 0 0 0 0 0 0 0 0 0 0 0 0 0 0 0 0 0 0 0 0 0 0 0 0 0 0 0 0 0 0 0 0 0 0 0 ]
Shortest Vector: [0 0 0 0 0 0 0 0 0 0 0 0 0 0 0 0 0 0 0 0 0 0 0 0 0 0 0 0 0 0 0 0 0 0 0 0 0 0 0 0 0 0 0 0 0 0 0 0 0 0 0 0 0 0 0 0 0 0 0 0 0 0 0 0 0 0 0 0 ]
Len: 0

Runtime of standard enumeration: 0.1744 s.
Processing base of thread 8
Executing ENUM with target length 2137
A: 4.5668e+06
Searching candidates in depth 10
Found new minumun (length: 2135)  -8    3    1    2    3    3  -14  -11    6    2    9    5   -4    5    0   -4    4    0    0    1    2    1   -1   -1   -2    1    0    1    0    1    0   -1    0    0    0   -1   -1    0    1    0    1    0    0    0    0   -1    0    0    0    0    0    0    0    0   -1   -1    1    0    0    0    0    0    1    0    0    0    0    0    0    0 
coefficients: [ -8 3 1 2 3 3 -14 -11 6 2 9 5 -4 5 -0 -4 4 -0 -0 1 2 1 -1 -1 -2 1 -0 1 -0 1 -0 -1 -0 -0 -0 -1 -1 -0 1 -0 1 -0 -0 -0 -0 -1 -0 -0 -0 0 0 -0 -0 -0 -1 -1 1 0 -0 -0 -0 -0 1 0 0 0 0 0 ]
Shortest Vector: [-27 -111 253 226 200 536 45 -412 -8 -446 -39 -40 -329 243 467 39 -390 -141 -59 -150 -232 -175 -285 -223 -74 82 -376 122 380 -225 -7 219 -13 175 236 -59 305 -351 302 88 -217 -115 -10 -520 -95 350 -244 185 187 -33 605 98 -277 258 90 -192 183 -333 -101 -221 645 199 160 111 -119 -328 374 8 ]
Len: 2135.6

Runtime of standard enumeration: 0.072195 s.
Finishing after 1 attemps in 2.9807 s (processed 3 bases).
Working threads: 16
Using NTL types.
Activating EXTREME pruning.
Setting pruning parameter to 0.22.
Setting candidate-queue size to 10240.
Setting parallel-enum threshold to dimension 15.
Disabling usage of Gauss heuristic
Enabling BKZ-auto-height adaption.
Setting bkz-height to 2.
Setting pre-beta to 24.
Setting parallel-BKZ instances to 32.
Setting randomized trials to 9.
Read conf file at penum.conf
Setting prebeta parameter to 24.
Setting pruning parameter to 0.17.
Delta: 0.9999
Beta: 32
Mode: 1
Candidate Height: 10
Target length: 2137
Trying to read: ./inppap/svpc-e1-d68-97575.txt
Read a basis of dimension: 68 / 68 with |b_0| = 0.345085281e205
Starting procedure
Preparing preprocessing of 16 threads.
Thread 0 is BKZ-32 reducing basis
Thread 11 is BKZ-32 reducing basis
Thread 2 is BKZ-32 reducing basis
Thread 5 is BKZ-32 reducing basis
Thread 13 is BKZ-32 reducing basis
Thread 4 is BKZ-32 reducing basis
Thread 10 is BKZ-32 reducing basis
Thread 6 is BKZ-32 reducing basis
Thread 15 is BKZ-32 reducing basis
Thread 7 is BKZ-32 reducing basis
Thread 9 is BKZ-32 reducing basis
Thread 12 is BKZ-32 reducing basis
Thread 14 is BKZ-32 reducing basis
Thread 8 is BKZ-32 reducing basis
Thread 1 is BKZ-32 reducing basis
Thread 3 is BKZ-32 reducing basis
|b_0| of BKZ-32 reduced basis of thread 0 is: 2408.515726(1.6678s [1.32011 s / 0.269243s ]).
|b_0| of BKZ-32 reduced basis of thread 6 is: 2394.323078(1.87999s [1.68192 s / 0.0799035s ]).
|b_0| of BKZ-32 reduced basis of thread 1 is: 2303.621931(1.94576s [1.7346 s / 0.107989s ]).
|b_0| of BKZ-32 reduced basis of thread 14 is: 2406.902366(2.00385s [1.8708 s / 0.0137593s ]).
|b_0| of BKZ-32 reduced basis of thread 4 is: 2409.778621(2.01788s [1.73935 s / 0.159277s ]).
|b_0| of BKZ-32 reduced basis of thread 13 is: 2244.684165(2.09697s [1.87915 s / 0.0961455s ]).
|b_0| of BKZ-32 reduced basis of thread 7 is: 2203.601597(2.12888s [1.84143 s / 0.166938s ]).
|b_0| of BKZ-32 reduced basis of thread 11 is: 2244.684165(2.1345s [1.81353 s / 0.197596s ]).
|b_0| of BKZ-32 reduced basis of thread 5 is: 2278.71433(2.13782s [1.92943 s / 0.0898878s ]).
|b_0| of BKZ-32 reduced basis of thread 15 is: 2192.773814(2.14273s [1.86543 s / 0.15834s ]).
|b_0| of BKZ-32 reduced basis of thread 12 is: 2299.037625(2.2143s [1.79332 s / 0.32052s ]).
|b_0| of BKZ-32 reduced basis of thread 8 is: 2247.418297(2.26812s [2.00889 s / 0.156192s ]).
|b_0| of BKZ-32 reduced basis of thread 3 is: 2378.733697(2.27428s [2.03294 s / 0.139934s ]).
|b_0| of BKZ-32 reduced basis of thread 9 is: 2261.518516(2.28272s [1.81326 s / 0.349279s ]).
|b_0| of BKZ-32 reduced basis of thread 2 is: 2298.84036(2.29258s [2.01289 s / 0.157605s ]).
|b_0| of BKZ-32 reduced basis of thread 10 is: 2303.163911(2.30301s [1.87935 s / 0.303675s ]).
Sorting 16 bases.
Time for preprocessing: 2.32294 seconds.
Processing base of thread 15
Executing ENUM with target length 2137
A: 4.5668e+06
Searching candidates in depth 10
coefficients: [ 0 0 0 0 0 0 0 0 0 0 0 0 0 0 0 0 0 0 0 0 0 0 0 0 0 0 0 0 0 0 0 0 0 0 0 0 0 0 0 0 0 0 0 0 0 0 0 0 0 0 0 0 0 0 0 0 0 0 0 0 0 0 0 0 0 0 0 0 ]
Shortest Vector: [0 0 0 0 0 0 0 0 0 0 0 0 0 0 0 0 0 0 0 0 0 0 0 0 0 0 0 0 0 0 0 0 0 0 0 0 0 0 0 0 0 0 0 0 0 0 0 0 0 0 0 0 0 0 0 0 0 0 0 0 0 0 0 0 0 0 0 0 ]
Len: 0

Runtime of standard enumeration: 0.22524 s.
Processing base of thread 7
Executing ENUM with target length 2137
A: 4.5668e+06
Searching candidates in depth 10
coefficients: [ 0 0 0 0 0 0 0 0 0 0 0 0 0 0 0 0 0 0 0 0 0 0 0 0 0 0 0 0 0 0 0 0 0 0 0 0 0 0 0 0 0 0 0 0 0 0 0 0 0 0 0 0 0 0 0 0 0 0 0 0 0 0 0 0 0 0 0 0 ]
Shortest Vector: [0 0 0 0 0 0 0 0 0 0 0 0 0 0 0 0 0 0 0 0 0 0 0 0 0 0 0 0 0 0 0 0 0 0 0 0 0 0 0 0 0 0 0 0 0 0 0 0 0 0 0 0 0 0 0 0 0 0 0 0 0 0 0 0 0 0 0 0 ]
Len: 0

Runtime of standard enumeration: 0.29955 s.
Processing base of thread 11
Executing ENUM with target length 2137
A: 4.5668e+06
Searching candidates in depth 10
coefficients: [ 0 0 0 0 0 0 0 0 0 0 0 0 0 0 0 0 0 0 0 0 0 0 0 0 0 0 0 0 0 0 0 0 0 0 0 0 0 0 0 0 0 0 0 0 0 0 0 0 0 0 0 0 0 0 0 0 0 0 0 0 0 0 0 0 0 0 0 0 ]
Shortest Vector: [0 0 0 0 0 0 0 0 0 0 0 0 0 0 0 0 0 0 0 0 0 0 0 0 0 0 0 0 0 0 0 0 0 0 0 0 0 0 0 0 0 0 0 0 0 0 0 0 0 0 0 0 0 0 0 0 0 0 0 0 0 0 0 0 0 0 0 0 ]
Len: 0

Runtime of standard enumeration: 0.24371 s.
Processing base of thread 13
Executing ENUM with target length 2137
A: 4.5668e+06
Searching candidates in depth 10
coefficients: [ 0 0 0 0 0 0 0 0 0 0 0 0 0 0 0 0 0 0 0 0 0 0 0 0 0 0 0 0 0 0 0 0 0 0 0 0 0 0 0 0 0 0 0 0 0 0 0 0 0 0 0 0 0 0 0 0 0 0 0 0 0 0 0 0 0 0 0 0 ]
Shortest Vector: [0 0 0 0 0 0 0 0 0 0 0 0 0 0 0 0 0 0 0 0 0 0 0 0 0 0 0 0 0 0 0 0 0 0 0 0 0 0 0 0 0 0 0 0 0 0 0 0 0 0 0 0 0 0 0 0 0 0 0 0 0 0 0 0 0 0 0 0 ]
Len: 0

Runtime of standard enumeration: 0.13055 s.
Processing base of thread 8
Executing ENUM with target length 2137
A: 4.5668e+06
Searching candidates in depth 10
coefficients: [ 0 0 0 0 0 0 0 0 0 0 0 0 0 0 0 0 0 0 0 0 0 0 0 0 0 0 0 0 0 0 0 0 0 0 0 0 0 0 0 0 0 0 0 0 0 0 0 0 0 0 0 0 0 0 0 0 0 0 0 0 0 0 0 0 0 0 0 0 ]
Shortest Vector: [0 0 0 0 0 0 0 0 0 0 0 0 0 0 0 0 0 0 0 0 0 0 0 0 0 0 0 0 0 0 0 0 0 0 0 0 0 0 0 0 0 0 0 0 0 0 0 0 0 0 0 0 0 0 0 0 0 0 0 0 0 0 0 0 0 0 0 0 ]
Len: 0

Runtime of standard enumeration: 0.17357 s.
Processing base of thread 9
Executing ENUM with target length 2137
A: 4.5668e+06
Searching candidates in depth 10
coefficients: [ 0 0 0 0 0 0 0 0 0 0 0 0 0 0 0 0 0 0 0 0 0 0 0 0 0 0 0 0 0 0 0 0 0 0 0 0 0 0 0 0 0 0 0 0 0 0 0 0 0 0 0 0 0 0 0 0 0 0 0 0 0 0 0 0 0 0 0 0 ]
Shortest Vector: [0 0 0 0 0 0 0 0 0 0 0 0 0 0 0 0 0 0 0 0 0 0 0 0 0 0 0 0 0 0 0 0 0 0 0 0 0 0 0 0 0 0 0 0 0 0 0 0 0 0 0 0 0 0 0 0 0 0 0 0 0 0 0 0 0 0 0 0 ]
Len: 0

Runtime of standard enumeration: 0.13454 s.
Processing base of thread 5
Executing ENUM with target length 2137
A: 4.5668e+06
Searching candidates in depth 10
coefficients: [ 0 0 0 0 0 0 0 0 0 0 0 0 0 0 0 0 0 0 0 0 0 0 0 0 0 0 0 0 0 0 0 0 0 0 0 0 0 0 0 0 0 0 0 0 0 0 0 0 0 0 0 0 0 0 0 0 0 0 0 0 0 0 0 0 0 0 0 0 ]
Shortest Vector: [0 0 0 0 0 0 0 0 0 0 0 0 0 0 0 0 0 0 0 0 0 0 0 0 0 0 0 0 0 0 0 0 0 0 0 0 0 0 0 0 0 0 0 0 0 0 0 0 0 0 0 0 0 0 0 0 0 0 0 0 0 0 0 0 0 0 0 0 ]
Len: 0

Runtime of standard enumeration: 0.25566 s.
Processing base of thread 2
Executing ENUM with target length 2137
A: 4.5668e+06
Searching candidates in depth 10
coefficients: [ 0 0 0 0 0 0 0 0 0 0 0 0 0 0 0 0 0 0 0 0 0 0 0 0 0 0 0 0 0 0 0 0 0 0 0 0 0 0 0 0 0 0 0 0 0 0 0 0 0 0 0 0 0 0 0 0 0 0 0 0 0 0 0 0 0 0 0 0 ]
Shortest Vector: [0 0 0 0 0 0 0 0 0 0 0 0 0 0 0 0 0 0 0 0 0 0 0 0 0 0 0 0 0 0 0 0 0 0 0 0 0 0 0 0 0 0 0 0 0 0 0 0 0 0 0 0 0 0 0 0 0 0 0 0 0 0 0 0 0 0 0 0 ]
Len: 0

Runtime of standard enumeration: 0.27512 s.
Processing base of thread 12
Executing ENUM with target length 2137
A: 4.5668e+06
Searching candidates in depth 10
coefficients: [ 0 0 0 0 0 0 0 0 0 0 0 0 0 0 0 0 0 0 0 0 0 0 0 0 0 0 0 0 0 0 0 0 0 0 0 0 0 0 0 0 0 0 0 0 0 0 0 0 0 0 0 0 0 0 0 0 0 0 0 0 0 0 0 0 0 0 0 0 ]
Shortest Vector: [0 0 0 0 0 0 0 0 0 0 0 0 0 0 0 0 0 0 0 0 0 0 0 0 0 0 0 0 0 0 0 0 0 0 0 0 0 0 0 0 0 0 0 0 0 0 0 0 0 0 0 0 0 0 0 0 0 0 0 0 0 0 0 0 0 0 0 0 ]
Len: 0

Runtime of standard enumeration: 0.19031 s.
Processing base of thread 10
Executing ENUM with target length 2137
A: 4.5668e+06
Searching candidates in depth 10
coefficients: [ 0 0 0 0 0 0 0 0 0 0 0 0 0 0 0 0 0 0 0 0 0 0 0 0 0 0 0 0 0 0 0 0 0 0 0 0 0 0 0 0 0 0 0 0 0 0 0 0 0 0 0 0 0 0 0 0 0 0 0 0 0 0 0 0 0 0 0 0 ]
Shortest Vector: [0 0 0 0 0 0 0 0 0 0 0 0 0 0 0 0 0 0 0 0 0 0 0 0 0 0 0 0 0 0 0 0 0 0 0 0 0 0 0 0 0 0 0 0 0 0 0 0 0 0 0 0 0 0 0 0 0 0 0 0 0 0 0 0 0 0 0 0 ]
Len: 0

Runtime of standard enumeration: 0.14562 s.
Processing base of thread 1
Executing ENUM with target length 2137
A: 4.5668e+06
Searching candidates in depth 10
coefficients: [ 0 0 0 0 0 0 0 0 0 0 0 0 0 0 0 0 0 0 0 0 0 0 0 0 0 0 0 0 0 0 0 0 0 0 0 0 0 0 0 0 0 0 0 0 0 0 0 0 0 0 0 0 0 0 0 0 0 0 0 0 0 0 0 0 0 0 0 0 ]
Shortest Vector: [0 0 0 0 0 0 0 0 0 0 0 0 0 0 0 0 0 0 0 0 0 0 0 0 0 0 0 0 0 0 0 0 0 0 0 0 0 0 0 0 0 0 0 0 0 0 0 0 0 0 0 0 0 0 0 0 0 0 0 0 0 0 0 0 0 0 0 0 ]
Len: 0

Runtime of standard enumeration: 0.12988 s.
Processing base of thread 3
Executing ENUM with target length 2137
A: 4.5668e+06
Searching candidates in depth 10
coefficients: [ 0 0 0 0 0 0 0 0 0 0 0 0 0 0 0 0 0 0 0 0 0 0 0 0 0 0 0 0 0 0 0 0 0 0 0 0 0 0 0 0 0 0 0 0 0 0 0 0 0 0 0 0 0 0 0 0 0 0 0 0 0 0 0 0 0 0 0 0 ]
Shortest Vector: [0 0 0 0 0 0 0 0 0 0 0 0 0 0 0 0 0 0 0 0 0 0 0 0 0 0 0 0 0 0 0 0 0 0 0 0 0 0 0 0 0 0 0 0 0 0 0 0 0 0 0 0 0 0 0 0 0 0 0 0 0 0 0 0 0 0 0 0 ]
Len: 0

Runtime of standard enumeration: 0.1941 s.
Processing base of thread 6
Executing ENUM with target length 2137
A: 4.5668e+06
Searching candidates in depth 10
Found new minumun (length: 2135)   1    4    2    1   -5    2    3    4    0    2    0   -1   -1    0    0   -1    0    1    3    0    3    0    4    1    1    4    0    1    2    1    1   -3    0    0    0    2   -2   -1    1    1    0    1    0    0    1   -1    1   -2    1    2    0    0   -1    0    0    1    0    1    0   -1    0    0    0    0    1    0    0    0    0    0 
coefficients: [ 1 4 2 1 -5 2 3 4 -0 2 -0 -1 -1 -0 -0 -1 -0 1 3 -0 3 -0 4 1 1 4 -0 1 2 1 1 -3 -0 -0 -0 2 -2 -1 1 1 -0 1 -0 -0 1 -1 1 -2 1 2 0 -0 -1 -0 -0 1 -0 1 -0 -1 -0 -0 -0 -0 1 0 0 0 ]
Shortest Vector: [27 111 -253 -226 -200 -536 -45 412 8 446 39 40 329 -243 -467 -39 390 141 59 150 232 175 285 223 74 -82 376 -122 -380 225 7 -219 13 -175 -236 59 -305 351 -302 -88 217 115 10 520 95 -350 244 -185 -187 33 -605 -98 277 -258 -90 192 -183 333 101 221 -645 -199 -160 -111 119 328 -374 -8 ]
Len: 2135.6

Runtime of standard enumeration: 0.080852 s.
Finishing after 1 attemps in 5.7058 s (processed 13 bases).
Working threads: 16
Using NTL types.
Activating EXTREME pruning.
Setting pruning parameter to 0.22.
Setting candidate-queue size to 10240.
Setting parallel-enum threshold to dimension 15.
Disabling usage of Gauss heuristic
Enabling BKZ-auto-height adaption.
Setting bkz-height to 2.
Setting pre-beta to 24.
Setting parallel-BKZ instances to 32.
Setting randomized trials to 9.
Read conf file at penum.conf
Setting prebeta parameter to 24.
Setting pruning parameter to 0.17.
Delta: 0.9999
Beta: 32
Mode: 1
Candidate Height: 10
Target length: 2137
Trying to read: ./inppap/svpc-e1-d68-97575.txt
Read a basis of dimension: 68 / 68 with |b_0| = 0.345085281e205
Starting procedure
Preparing preprocessing of 16 threads.
Thread 0 is BKZ-32 reducing basis
Thread 13 is BKZ-32 reducing basis
Thread 4 is BKZ-32 reducing basis
Thread 7 is BKZ-32 reducing basis
Thread 1 is BKZ-32 reducing basis
Thread 5 is BKZ-32 reducing basis
Thread 9 is BKZ-32 reducing basis
Thread 6 is BKZ-32 reducing basis
Thread 3 is BKZ-32 reducing basis
Thread Thread 10 is BKZ-32 reducing basis
Thread 8 is BKZ-1232 is BKZ- reducing basis32
 reducing basis
Thread 14 is BKZ-32 reducing basis
Thread 2 is BKZ-32 reducing basis
Thread 15 is BKZ-32 reducing basis
Thread 11 is BKZ-32 reducing basis
|b_0| of BKZ-32 reduced basis of thread 0 is: 2408.515726(1.65372s [1.31392 s / 0.270025s ]).
|b_0| of BKZ-32 reduced basis of thread 11 is: 2346.426645(1.81671s [1.70335 s / 0.0137798s ]).
|b_0| of BKZ-32 reduced basis of thread 1 is: 2348.172055(1.83873s [1.57362 s / 0.147049s ]).
|b_0| of BKZ-32 reduced basis of thread 2 is: 2344.933475(1.93521s [1.668 s / 0.150749s ]).
|b_0| of BKZ-32 reduced basis of thread 3 is: 2372.093379(1.98909s [1.77189 s / 0.100492s ]).
|b_0| of BKZ-32 reduced basis of thread 7 is: 2342.4389(2.05209s [1.73876 s / 0.197397s ]).
|b_0| of BKZ-32 reduced basis of thread 14 is: 2333.574297(2.09629s [1.84454 s / 0.146844s ]).
|b_0| of BKZ-32 reduced basis of thread 15 is: 2319.028676(2.09806s [1.90487 s / 0.088884s ]).
|b_0| of BKZ-32 reduced basis of thread 10 is: 2216.563556(2.10899s [1.80811 s / 0.187104s ]).
|b_0| of BKZ-32 reduced basis of thread 12 is: 2243.903518(2.16665s [1.79554 s / 0.270245s ]).
|b_0| of BKZ-32 reduced basis of thread 6 is: 2383.418763(2.17855s [1.94469 s / 0.119305s ]).
|b_0| of BKZ-32 reduced basis of thread 9 is: 2356.630646(2.22293s [1.92239 s / 0.184979s ]).
|b_0| of BKZ-32 reduced basis of thread 13 is: 2299.549739(2.24523s [1.96287 s / 0.164339s ]).
|b_0| of BKZ-32 reduced basis of thread 4 is: 2262.874278(2.24718s [1.9893 s / 0.140572s ]).
|b_0| of BKZ-32 reduced basis of thread 5 is: 2413.729065(2.27094s [1.72282 s / 0.432315s ]).
|b_0| of BKZ-32 reduced basis of thread 8 is: 2248.283123(2.32828s [1.82829 s / 0.385266s ]).
Sorting 16 bases.
Time for preprocessing: 2.34315 seconds.
Processing base of thread 10
Executing ENUM with target length 2137
A: 4.5668e+06
Searching candidates in depth 10
Found new minumun (length: 2135)   2    0   -6    8   -5   10  -17   -1    9    2   10    4    6   -4    2   -4    1    0   -2    2   -1    1   -1   -2   -4   -4    4   -2    1    2   -1    2   -1    0    2   -2   -1    0    3    3    0    1    0   -1   -1   -1   -2   -1    2    0    1   -1    0    1    0    0    0    0    0    0    1   -2    1    0    0    0   -1    0    0    0 
coefficients: [ 2 -0 -6 8 -5 10 -17 -1 9 2 10 4 6 -4 2 -4 1 -0 -2 2 -1 1 -1 -2 -4 -4 4 -2 1 2 -1 2 -1 -0 2 -2 -1 -0 3 3 -0 1 -0 -1 -1 -1 -2 -1 2 -0 1 -1 -0 1 0 0 0 0 0 -0 1 -2 1 -0 -0 -0 -1 0 ]
Shortest Vector: [27 111 -253 -226 -200 -536 -45 412 8 446 39 40 329 -243 -467 -39 390 141 59 150 232 175 285 223 74 -82 376 -122 -380 225 7 -219 13 -175 -236 59 -305 351 -302 -88 217 115 10 520 95 -350 244 -185 -187 33 -605 -98 277 -258 -90 192 -183 333 101 221 -645 -199 -160 -111 119 328 -374 -8 ]
Len: 2135.6

Runtime of standard enumeration: 0.10926 s.
Finishing after 1 attemps in 2.5214 s (processed 1 bases).
Working threads: 16
Using NTL types.
Activating EXTREME pruning.
Setting pruning parameter to 0.22.
Setting candidate-queue size to 10240.
Setting parallel-enum threshold to dimension 15.
Disabling usage of Gauss heuristic
Enabling BKZ-auto-height adaption.
Setting bkz-height to 2.
Setting pre-beta to 24.
Setting parallel-BKZ instances to 32.
Setting randomized trials to 9.
Read conf file at penum.conf
Setting prebeta parameter to 24.
Setting pruning parameter to 0.17.
Delta: 0.9999
Beta: 32
Mode: 1
Candidate Height: 10
Target length: 2137
Trying to read: ./inppap/svpc-e1-d68-97575.txt
Read a basis of dimension: 68 / 68 with |b_0| = 0.345085281e205
Starting procedure
Preparing preprocessing of 16 threads.
Thread 0 is BKZ-32 reducing basis
Thread 11 is BKZ-32 reducing basis
Thread 5 is BKZ-32 reducing basis
Thread 7 is BKZ-32 reducing basis
Thread 3 is BKZ-32 reducing basis
Thread 6 is BKZ-32 reducing basis
Thread 9 is BKZ-32 reducing basis
Thread 8 is BKZ-32 reducing basis
Thread 2Thread  is BKZ-432 reducing basis is BKZ-
32 reducing basis
Thread 10 is BKZ-32 reducing basisThread 
14 is BKZ-32 reducing basis
Thread 1 is BKZ-32 reducing basis
Thread 15 is BKZ-32 reducing basis
Thread 12 is BKZ-32 reducing basis
Thread 13 is BKZ-32 reducing basis
|b_0| of BKZ-32 reduced basis of thread 0 is: 2408.515726(1.66976s [1.32406 s / 0.271326s ]).
|b_0| of BKZ-32 reduced basis of thread 4 is: 2400.288108(1.92903s [1.62419 s / 0.191437s ]).
|b_0| of BKZ-32 reduced basis of thread 6 is: 2342.473479(1.96552s [1.7483 s / 0.103358s ]).
|b_0| of BKZ-32 reduced basis of thread 14 is: 2363.998096(1.98487s [1.67774 s / 0.193245s ]).
|b_0| of BKZ-32 reduced basis of thread 5 is: 2280.026096(1.99512s [1.87526 s / 0.0135886s ]).
|b_0| of BKZ-32 reduced basis of thread 2 is: 2221.658165(2.02381s [1.66925 s / 0.239897s ]).
|b_0| of BKZ-32 reduced basis of thread 12 is: 2355.061783(2.05005s [1.85277 s / 0.116341s ]).
|b_0| of BKZ-32 reduced basis of thread 13 is: 2344.855219(2.05395s [1.83719 s / 0.117916s ]).
|b_0| of BKZ-32 reduced basis of thread 9 is: |b_0| of BKZ-32 reduced basis of thread 11 is: 2152.60865(2.06444s [1.85638 s / 0.106987s ]).
2213.321034(2.06804s [1.78137 s / 0.174993s ]).
|b_0| of BKZ-32 reduced basis of thread 1 is: 2368.874838(2.09852s [1.91474 s / 0.0709571s ]).
|b_0| of BKZ-32 reduced basis of thread 3 is: 2221.658165(2.23818s [1.88665 s / 0.237901s ]).
|b_0| of BKZ-32 reduced basis of thread 8 is: 2231.92809(2.26108s [2.09874 s / 0.0525722s ]).
|b_0| of BKZ-32 reduced basis of thread 10 is: 2216.692581(2.29935s [2.12635 s / 0.0634589s ]).
|b_0| of BKZ-32 reduced basis of thread 7 is: 2243.903518(2.31564s [1.73862 s / 0.463018s ]).
|b_0| of BKZ-32 reduced basis of thread 15 is: 2204.793188(2.43367s [2.06184 s / 0.280278s ]).
Sorting 16 bases.
Time for preprocessing: 2.45667 seconds.
Processing base of thread 9
Executing ENUM with target length 2137
A: 4.5668e+06
Searching candidates in depth 10
coefficients: [ 0 0 0 0 0 0 0 0 0 0 0 0 0 0 0 0 0 0 0 0 0 0 0 0 0 0 0 0 0 0 0 0 0 0 0 0 0 0 0 0 0 0 0 0 0 0 0 0 0 0 0 0 0 0 0 0 0 0 0 0 0 0 0 0 0 0 0 0 ]
Shortest Vector: [0 0 0 0 0 0 0 0 0 0 0 0 0 0 0 0 0 0 0 0 0 0 0 0 0 0 0 0 0 0 0 0 0 0 0 0 0 0 0 0 0 0 0 0 0 0 0 0 0 0 0 0 0 0 0 0 0 0 0 0 0 0 0 0 0 0 0 0 ]
Len: 0

Runtime of standard enumeration: 0.1789 s.
Processing base of thread 15
Executing ENUM with target length 2137
A: 4.5668e+06
Searching candidates in depth 10
coefficients: [ 0 0 0 0 0 0 0 0 0 0 0 0 0 0 0 0 0 0 0 0 0 0 0 0 0 0 0 0 0 0 0 0 0 0 0 0 0 0 0 0 0 0 0 0 0 0 0 0 0 0 0 0 0 0 0 0 0 0 0 0 0 0 0 0 0 0 0 0 ]
Shortest Vector: [0 0 0 0 0 0 0 0 0 0 0 0 0 0 0 0 0 0 0 0 0 0 0 0 0 0 0 0 0 0 0 0 0 0 0 0 0 0 0 0 0 0 0 0 0 0 0 0 0 0 0 0 0 0 0 0 0 0 0 0 0 0 0 0 0 0 0 0 ]
Len: 0

Runtime of standard enumeration: 0.10101 s.
Processing base of thread 11
Executing ENUM with target length 2137
A: 4.5668e+06
Searching candidates in depth 10
coefficients: [ 0 0 0 0 0 0 0 0 0 0 0 0 0 0 0 0 0 0 0 0 0 0 0 0 0 0 0 0 0 0 0 0 0 0 0 0 0 0 0 0 0 0 0 0 0 0 0 0 0 0 0 0 0 0 0 0 0 0 0 0 0 0 0 0 0 0 0 0 ]
Shortest Vector: [0 0 0 0 0 0 0 0 0 0 0 0 0 0 0 0 0 0 0 0 0 0 0 0 0 0 0 0 0 0 0 0 0 0 0 0 0 0 0 0 0 0 0 0 0 0 0 0 0 0 0 0 0 0 0 0 0 0 0 0 0 0 0 0 0 0 0 0 ]
Len: 0

Runtime of standard enumeration: 0.12144 s.
Processing base of thread 10
Executing ENUM with target length 2137
A: 4.5668e+06
Searching candidates in depth 10
coefficients: [ 0 0 0 0 0 0 0 0 0 0 0 0 0 0 0 0 0 0 0 0 0 0 0 0 0 0 0 0 0 0 0 0 0 0 0 0 0 0 0 0 0 0 0 0 0 0 0 0 0 0 0 0 0 0 0 0 0 0 0 0 0 0 0 0 0 0 0 0 ]
Shortest Vector: [0 0 0 0 0 0 0 0 0 0 0 0 0 0 0 0 0 0 0 0 0 0 0 0 0 0 0 0 0 0 0 0 0 0 0 0 0 0 0 0 0 0 0 0 0 0 0 0 0 0 0 0 0 0 0 0 0 0 0 0 0 0 0 0 0 0 0 0 ]
Len: 0

Runtime of standard enumeration: 0.18471 s.
Processing base of thread 3
Executing ENUM with target length 2137
A: 4.5668e+06
Searching candidates in depth 10
Found new minumun (length: 2135)  -1    1  -10   -4   10   -2    8   -7    6   -1   -6   -3   -4   -1   -7    4    0   10    4   -1    7   -2    3   -4    6   -3    0   -1    0   -3   -1    0    4    0   -1   -3    2   -1    1    0    0   -2    1   -1    1    0    0    1   -1   -3    0    2    0    1    1    1    1    0    0    1    1    1   -1    0   -1    0    0    0    0    0 
coefficients: [ -1 1 -10 -4 10 -2 8 -7 6 -1 -6 -3 -4 -1 -7 4 -0 10 4 -1 7 -2 3 -4 6 -3 -0 -1 -0 -3 -1 -0 4 -0 -1 -3 2 -1 1 -0 -0 -2 1 -1 1 -0 -0 1 -1 -3 -0 2 -0 1 1 1 1 0 0 1 1 1 -1 -0 -1 0 0 0 ]
Shortest Vector: [-27 -111 253 226 200 536 45 -412 -8 -446 -39 -40 -329 243 467 39 -390 -141 -59 -150 -232 -175 -285 -223 -74 82 -376 122 380 -225 -7 219 -13 175 236 -59 305 -351 302 88 -217 -115 -10 -520 -95 350 -244 185 187 -33 605 98 -277 258 90 -192 183 -333 -101 -221 645 199 160 111 -119 -328 374 8 ]
Len: 2135.6

Runtime of standard enumeration: 0.056965 s.
Finishing after 1 attemps in 3.4502 s (processed 5 bases).
