Working threads: 8
Using NTL types.
Activating EXTREME pruning.
Setting pruning parameter to 0.22.
Setting candidate-queue size to 10240.
Setting parallel-enum threshold to dimension 15.
Disabling usage of Gauss heuristic
Enabling BKZ-auto-height adaption.
Setting bkz-height to 2.
Setting pre-beta to 24.
Setting parallel-BKZ instances to 32.
Setting randomized trials to 9.
Read conf file at penum.conf
Setting prebeta parameter to 20.
Setting pruning parameter to 0.19.
Delta: 0.9
Beta: 2
Mode: 1
Candidate Height: 10
Target length: 2100
Trying to read: ./inppap/svpc-e1-d66-0.txt
Read a basis of dimension: 66 / 66 with |b_0| = 0.3538148218e199
Starting procedure
Preparing preprocessing of 8 threads.
Thread 0 is BKZ-2 reducing basis
Thread Thread 73 is BKZ-2 reducing basis is BKZ-2 reducing basis

Thread 4 is BKZ-2 reducing basis
Thread 2 is BKZ-2 reducing basis
Thread 5 is BKZ-2 reducing basis
Thread 6 is BKZ-2 reducing basis
Thread 1 is BKZ-2 reducing basis
|b_0| of BKZ-2 reduced basis of thread 0 is: 2614.852195(0.748281s [0.669808 s / 0.0100358s ]).
|b_0| of BKZ-2 reduced basis of thread 2 is: 2405.648769(1.07024s [0.975309 s / 0.0101793s ]).
|b_0| of BKZ-2 reduced basis of thread 7 is: 2426.039365(1.075s [0.984385 s / 0.0103299s ]).
|b_0| of BKZ-2 reduced basis of thread 5 is: 2613.966717(1.09008s [1.00486 s / 0.00996061s ]).
|b_0| of BKZ-2 reduced basis of thread 6 is: 2279.239786(1.11996s [1.03102 s / 0.0100133s ]).
|b_0| of BKZ-2 reduced basis of thread 1 is: 2392.568076(1.11618s [1.03412 s / 0.00987692s ]).
|b_0| of BKZ-2 reduced basis of thread 4 is: 2537.159041(1.13978s [1.05433 s / 0.00977291s ]).
|b_0| of BKZ-2 reduced basis of thread 3 is: 2443.10315(1.16105s [1.07747 s / 0.00981733s ]).
Sorting 8 bases.
Time for preprocessing: 1.19229 seconds.
Processing base of thread 6
Executing ENUM with target length 2100
A: 4.41e+06
Searching candidates in depth 10
coefficients: [ 0 0 0 0 0 0 0 0 0 0 0 0 0 0 0 0 0 0 0 0 0 0 0 0 0 0 0 0 0 0 0 0 0 0 0 0 0 0 0 0 0 0 0 0 0 0 0 0 0 0 0 0 0 0 0 0 0 0 0 0 0 0 0 0 0 0 ]
Shortest Vector: [0 0 0 0 0 0 0 0 0 0 0 0 0 0 0 0 0 0 0 0 0 0 0 0 0 0 0 0 0 0 0 0 0 0 0 0 0 0 0 0 0 0 0 0 0 0 0 0 0 0 0 0 0 0 0 0 0 0 0 0 0 0 0 0 0 0 ]
Len: 0

Runtime of standard enumeration: 0.55893 s.
Processing base of thread 1
Executing ENUM with target length 2100
A: 4.41e+06
Searching candidates in depth 10
Found new minumun (length: 2098)  -3   -3    1    2   -3   -3    8   -3   -3    1    1    5   -1    4    1    2   -1   -1    2    0   -1    1   -1    2    0   -1    0   -1   -1    0    1   -1    0    1    0   -1    0    0    0   -1    1    1    0    0    1    0    0    0    0    0    0    0    1    0    0    0    0    0    0    0    0    0    0    0    0    0    0    0 
coefficients: [ -3 -3 1 2 -3 -3 8 -3 -3 1 1 5 -1 4 1 2 -1 -1 2 0 -1 1 -1 2 -0 -1 -0 -1 -1 0 1 -1 -0 1 -0 -1 -0 -0 -0 -1 1 1 -0 -0 1 -0 -0 -0 -0 -0 -0 -0 1 0 0 0 0 0 0 0 0 0 0 0 0 0 ]
Shortest Vector: [159 186 188 -170 -192 85 5 -240 -155 -362 5 59 169 28 27 37 -410 -268 213 -229 25 107 10 -90 3 -207 148 -159 -21 -215 285 224 392 -389 68 410 -105 246 188 -302 432 -171 121 180 257 -81 -173 169 444 -28 124 -115 757 94 181 -432 -753 13 -110 606 -62 432 -175 -281 113 82 ]
Len: 2099

Runtime of standard enumeration: 0.10324 s.
Finishing after 1 attemps in 2.0044 s (processed 2 bases).
Working threads: 8
Using NTL types.
Activating EXTREME pruning.
Setting pruning parameter to 0.22.
Setting candidate-queue size to 10240.
Setting parallel-enum threshold to dimension 15.
Disabling usage of Gauss heuristic
Enabling BKZ-auto-height adaption.
Setting bkz-height to 2.
Setting pre-beta to 24.
Setting parallel-BKZ instances to 32.
Setting randomized trials to 9.
Read conf file at penum.conf
Setting prebeta parameter to 20.
Setting pruning parameter to 0.19.
Delta: 0.9
Beta: 2
Mode: 1
Candidate Height: 10
Target length: 2100
Trying to read: ./inppap/svpc-e1-d66-0.txt
Read a basis of dimension: 66 / 66 with |b_0| = 0.3538148218e199
Starting procedure
Preparing preprocessing of 8 threads.
Thread 0 is BKZ-2 reducing basis
Thread 7 is BKZ-2 reducing basis
Thread 2 is BKZ-2 reducing basis
Thread 3 is BKZ-2 reducing basis
Thread 4 is BKZ-2 reducing basis
Thread 6 is BKZ-2 reducing basis
Thread 5 is BKZ-2 reducing basis
Thread 1 is BKZ-2 reducing basis
|b_0| of BKZ-2 reduced basis of thread 0 is: 2614.852195(0.689463s [0.609604 s / 0.00992687s ]).
|b_0| of BKZ-2 reduced basis of thread 4 is: 2315.908893(1.04637s [0.964587 s / 0.0103364s ]).
|b_0| of BKZ-2 reduced basis of thread 5 is: 2450.230601(1.05235s [0.962941 s / 0.0111147s ]).
|b_0| of BKZ-2 reduced basis of thread 6 is: 2271.521957(1.05591s [0.966861 s / 0.0101478s ]).
|b_0| of BKZ-2 reduced basis of thread 7 is: 2454.664132(1.08352s [0.991502 s / 0.0111903s ]).
|b_0| of BKZ-2 reduced basis of thread 3 is: 2339.03805(1.0808s [0.99355 s / 0.010738s ]).
|b_0| of BKZ-2 reduced basis of thread 2 is: 2693.864139(1.10606s [1.0106 s / 0.00970904s ]).
|b_0| of BKZ-2 reduced basis of thread 1 is: 2412.496218(1.09566s [1.01614 s / 0.00972909s ]).
Sorting 8 bases.
Time for preprocessing: 1.13918 seconds.
Processing base of thread 6
Executing ENUM with target length 2100
A: 4.41e+06
Searching candidates in depth 10
Found new minumun (length: 2098)   5   -2    5   10   -3    0   -2   -3   -3   -1   -3    3    2   -3   -3   -2    3    3    0   -2    2    1    1    3    0    4   -4   -1   -1    0    2   -1    1    0    1   -1   -1    1   -1    0   -1   -1    1    0    0    1   -1   -1    0   -1    0    0    0    0    0    1    0    1    0    0    0    0    0    0    0    0    0    0 
coefficients: [ 5 -2 5 10 -3 -0 -2 -3 -3 -1 -3 3 2 -3 -3 -2 3 3 -0 -2 2 1 1 3 -0 4 -4 -1 -1 -0 2 -1 1 -0 1 -1 -1 1 -1 -0 -1 -1 1 -0 -0 1 -1 -1 -0 -1 -0 -0 -0 -0 -0 1 -0 1 0 0 0 0 0 0 0 0 ]
Shortest Vector: [-159 -186 -188 170 192 -85 -5 240 155 362 -5 -59 -169 -28 -27 -37 410 268 -213 229 -25 -107 -10 90 -3 207 -148 159 21 215 -285 -224 -392 389 -68 -410 105 -246 -188 302 -432 171 -121 -180 -257 81 173 -169 -444 28 -124 115 -757 -94 -181 432 753 -13 110 -606 62 -432 175 281 -113 -82 ]
Len: 2099

Runtime of standard enumeration: 0.06355 s.
Finishing after 1 attemps in 1.2846 s (processed 1 bases).
Working threads: 8
Using NTL types.
Activating EXTREME pruning.
Setting pruning parameter to 0.22.
Setting candidate-queue size to 10240.
Setting parallel-enum threshold to dimension 15.
Disabling usage of Gauss heuristic
Enabling BKZ-auto-height adaption.
Setting bkz-height to 2.
Setting pre-beta to 24.
Setting parallel-BKZ instances to 32.
Setting randomized trials to 9.
Read conf file at penum.conf
Setting prebeta parameter to 20.
Setting pruning parameter to 0.19.
Delta: 0.9
Beta: 2
Mode: 1
Candidate Height: 10
Target length: 2100
Trying to read: ./inppap/svpc-e1-d66-0.txt
Read a basis of dimension: 66 / 66 with |b_0| = 0.3538148218e199
Starting procedure
Preparing preprocessing of 8 threads.
Thread 0 is BKZ-2 reducing basis
Thread 2 is BKZ-2 reducing basis
Thread 3 is BKZ-2 reducing basis
Thread 1 is BKZ-2 reducing basis
Thread 7 is BKZ-2 reducing basis
Thread 5 is BKZ-2 reducing basis
Thread 4 is BKZ-2 reducing basis
Thread 6 is BKZ-2 reducing basis
|b_0| of BKZ-2 reduced basis of thread 0 is: 2614.852195(0.688059s [0.611018 s / 0.00995119s ]).
|b_0| of BKZ-2 reduced basis of thread 2 is: 2434.613522(1.03878s [0.936822 s / 0.0119092s ]).
|b_0| of BKZ-2 reduced basis of thread 7 is: 2430.181269(1.03391s [0.937682 s / 0.0126129s ]).
|b_0| of BKZ-2 reduced basis of thread 1 is: 2603.467688(1.04029s [0.949806 s / 0.0104091s ]).
|b_0| of BKZ-2 reduced basis of thread 5 is: 2494.410151(1.04598s [0.954122 s / 0.0109408s ]).
|b_0| of BKZ-2 reduced basis of thread 3 is: 2401.193453(1.05689s [0.957532 s / 0.0108843s ]).
|b_0| of BKZ-2 reduced basis of thread 4 is: 2455.189809(1.05332s [0.975555 s / 0.00983953s ]).
|b_0| of BKZ-2 reduced basis of thread 6 is: 2537.126327(1.06469s [0.987201 s / 0.00982379s ]).
Sorting 8 bases.
Time for preprocessing: 1.11632 seconds.
Processing base of thread 3
Executing ENUM with target length 2100
A: 4.41e+06
Searching candidates in depth 10
coefficients: [ 0 0 0 0 0 0 0 0 0 0 0 0 0 0 0 0 0 0 0 0 0 0 0 0 0 0 0 0 0 0 0 0 0 0 0 0 0 0 0 0 0 0 0 0 0 0 0 0 0 0 0 0 0 0 0 0 0 0 0 0 0 0 0 0 0 0 ]
Shortest Vector: [0 0 0 0 0 0 0 0 0 0 0 0 0 0 0 0 0 0 0 0 0 0 0 0 0 0 0 0 0 0 0 0 0 0 0 0 0 0 0 0 0 0 0 0 0 0 0 0 0 0 0 0 0 0 0 0 0 0 0 0 0 0 0 0 0 0 ]
Len: 0

Runtime of standard enumeration: 0.32494 s.
Processing base of thread 7
Executing ENUM with target length 2100
A: 4.41e+06
Searching candidates in depth 10
coefficients: [ 0 0 0 0 0 0 0 0 0 0 0 0 0 0 0 0 0 0 0 0 0 0 0 0 0 0 0 0 0 0 0 0 0 0 0 0 0 0 0 0 0 0 0 0 0 0 0 0 0 0 0 0 0 0 0 0 0 0 0 0 0 0 0 0 0 0 ]
Shortest Vector: [0 0 0 0 0 0 0 0 0 0 0 0 0 0 0 0 0 0 0 0 0 0 0 0 0 0 0 0 0 0 0 0 0 0 0 0 0 0 0 0 0 0 0 0 0 0 0 0 0 0 0 0 0 0 0 0 0 0 0 0 0 0 0 0 0 0 ]
Len: 0

Runtime of standard enumeration: 0.55679 s.
Processing base of thread 2
Executing ENUM with target length 2100
A: 4.41e+06
Searching candidates in depth 10
Found new minumun (length: 2098)  -9    3    1   -7   -4    0    6   -6    2   -1    2    1   -2    2   -2   -4    0   -2   -1    1    0    2    2    2   -1    0    1    0    2   -2   -3   -2   -2   -1    1   -2    0   -1    1    2    0    1    0    2    0    1    0    0   -1    1    2    0    1   -1    1    0    1    1    0    1    1   -1    1   -1    0    0    0    0 
coefficients: [ -9 3 1 -7 -4 -0 6 -6 2 -1 2 1 -2 2 -2 -4 -0 -2 -1 1 -0 2 2 2 -1 0 1 -0 2 -2 -3 -2 -2 -1 1 -2 -0 -1 1 2 -0 1 -0 2 0 1 -0 -0 -1 1 2 -0 1 -1 1 0 1 1 -0 1 1 -1 1 -1 0 0 ]
Shortest Vector: [-159 -186 -188 170 192 -85 -5 240 155 362 -5 -59 -169 -28 -27 -37 410 268 -213 229 -25 -107 -10 90 -3 207 -148 159 21 215 -285 -224 -392 389 -68 -410 105 -246 -188 302 -432 171 -121 -180 -257 81 173 -169 -444 28 -124 115 -757 -94 -181 432 753 -13 110 -606 62 -432 175 281 -113 -82 ]
Len: 2099

Runtime of standard enumeration: 0.28929 s.
Finishing after 1 attemps in 2.4978 s (processed 3 bases).
Working threads: 8
Using NTL types.
Activating EXTREME pruning.
Setting pruning parameter to 0.22.
Setting candidate-queue size to 10240.
Setting parallel-enum threshold to dimension 15.
Disabling usage of Gauss heuristic
Enabling BKZ-auto-height adaption.
Setting bkz-height to 2.
Setting pre-beta to 24.
Setting parallel-BKZ instances to 32.
Setting randomized trials to 9.
Read conf file at penum.conf
Setting prebeta parameter to 20.
Setting pruning parameter to 0.19.
Delta: 0.9
Beta: 2
Mode: 1
Candidate Height: 10
Target length: 2100
Trying to read: ./inppap/svpc-e1-d66-0.txt
Read a basis of dimension: 66 / 66 with |b_0| = 0.3538148218e199
Starting procedure
Preparing preprocessing of 8 threads.
Thread 0 is BKZ-2 reducing basis
Thread 1 is BKZ-2 reducing basis
Thread 5 is BKZ-2 reducing basis
Thread 4 is BKZ-2 reducing basis
Thread 2 is BKZ-2 reducing basis
Thread 7 is BKZ-2 reducing basis
Thread 3 is BKZ-2 reducing basis
Thread 6 is BKZ-2 reducing basis
|b_0| of BKZ-2 reduced basis of thread 0 is: 2614.852195(0.67744s [0.600978 s / 0.0100646s ]).
|b_0| of BKZ-2 reduced basis of thread 5 is: 2401.442275(0.995551s [0.910032 s / 0.0112074s ]).
|b_0| of BKZ-2 reduced basis of thread 6 is: 2426.660462(0.987827s [0.901672 s / 0.0111916s ]).
|b_0| of BKZ-2 reduced basis of thread 1 is: 2513.096297(1.01578s [0.933233 s / 0.0100305s ]).
|b_0| of BKZ-2 reduced basis of thread 4 is: 2482.463897(1.03659s [0.940293 s / 0.0108271s ]).
|b_0| of BKZ-2 reduced basis of thread 3 is: 2589.529301(1.0362s [0.948136 s / 0.0106828s ]).
|b_0| of BKZ-2 reduced basis of thread 7 is: 2484.986117(1.04151s [0.957273 s / 0.0104763s ]).
|b_0| of BKZ-2 reduced basis of thread 2 is: 2439.447683(1.08368s [1.00264 s / 0.00980915s ]).
Sorting 8 bases.
Time for preprocessing: 1.11641 seconds.
Processing base of thread 5
Executing ENUM with target length 2100
A: 4.41e+06
Searching candidates in depth 10
coefficients: [ 0 0 0 0 0 0 0 0 0 0 0 0 0 0 0 0 0 0 0 0 0 0 0 0 0 0 0 0 0 0 0 0 0 0 0 0 0 0 0 0 0 0 0 0 0 0 0 0 0 0 0 0 0 0 0 0 0 0 0 0 0 0 0 0 0 0 ]
Shortest Vector: [0 0 0 0 0 0 0 0 0 0 0 0 0 0 0 0 0 0 0 0 0 0 0 0 0 0 0 0 0 0 0 0 0 0 0 0 0 0 0 0 0 0 0 0 0 0 0 0 0 0 0 0 0 0 0 0 0 0 0 0 0 0 0 0 0 0 ]
Len: 0

Runtime of standard enumeration: 0.45593 s.
Processing base of thread 6
Executing ENUM with target length 2100
A: 4.41e+06
Searching candidates in depth 10
coefficients: [ 0 0 0 0 0 0 0 0 0 0 0 0 0 0 0 0 0 0 0 0 0 0 0 0 0 0 0 0 0 0 0 0 0 0 0 0 0 0 0 0 0 0 0 0 0 0 0 0 0 0 0 0 0 0 0 0 0 0 0 0 0 0 0 0 0 0 ]
Shortest Vector: [0 0 0 0 0 0 0 0 0 0 0 0 0 0 0 0 0 0 0 0 0 0 0 0 0 0 0 0 0 0 0 0 0 0 0 0 0 0 0 0 0 0 0 0 0 0 0 0 0 0 0 0 0 0 0 0 0 0 0 0 0 0 0 0 0 0 ]
Len: 0

Runtime of standard enumeration: 0.67557 s.
Processing base of thread 2
Executing ENUM with target length 2100
A: 4.41e+06
Searching candidates in depth 10
Found new minumun (length: 2098)   0   -1   -1    2    1   -1   -3    0   -2    0    0   -1   -1    2   -2    0    2    1   -1   -2    0    3   -3   -1   -2    1   -1    3    1   -1    1   -1    1    0   -1    1    2   -1   -1    0   -1    0    1    1    0    0    0    1    0    0    0    0    0    0    1    0    0    0    1    0    0    1    0    0    0    0    0    0 
coefficients: [ -0 -1 -1 2 1 -1 -3 -0 -2 -0 -0 -1 -1 2 -2 -0 2 1 -1 -2 -0 3 -3 -1 -2 1 -1 3 1 -1 1 -1 1 -0 -1 1 2 -1 -1 -0 -1 -0 1 1 -0 -0 0 1 -0 -0 -0 -0 -0 -0 1 0 -0 -0 1 -0 -0 1 0 0 0 0 ]
Shortest Vector: [-159 -186 -188 170 192 -85 -5 240 155 362 -5 -59 -169 -28 -27 -37 410 268 -213 229 -25 -107 -10 90 -3 207 -148 159 21 215 -285 -224 -392 389 -68 -410 105 -246 -188 302 -432 171 -121 -180 -257 81 173 -169 -444 28 -124 115 -757 -94 -181 432 753 -13 110 -606 62 -432 175 281 -113 -82 ]
Len: 2099

Runtime of standard enumeration: 0.059316 s.
Finishing after 1 attemps in 2.5179 s (processed 3 bases).
Working threads: 8
Using NTL types.
Activating EXTREME pruning.
Setting pruning parameter to 0.22.
Setting candidate-queue size to 10240.
Setting parallel-enum threshold to dimension 15.
Disabling usage of Gauss heuristic
Enabling BKZ-auto-height adaption.
Setting bkz-height to 2.
Setting pre-beta to 24.
Setting parallel-BKZ instances to 32.
Setting randomized trials to 9.
Read conf file at penum.conf
Setting prebeta parameter to 20.
Setting pruning parameter to 0.19.
Delta: 0.9
Beta: 2
Mode: 1
Candidate Height: 10
Target length: 2100
Trying to read: ./inppap/svpc-e1-d66-0.txt
Read a basis of dimension: 66 / 66 with |b_0| = 0.3538148218e199
Starting procedure
Preparing preprocessing of 8 threads.
Thread 0 is BKZ-2 reducing basis
Thread 3 is BKZ-2 reducing basis
Thread 1 is BKZ-2 reducing basis
Thread 2 is BKZ-2 reducing basis
Thread 5 is BKZ-2 reducing basis
Thread 4 is BKZ-2 reducing basis
Thread 7 is BKZ-2 reducing basis
Thread 6 is BKZ-2 reducing basis
|b_0| of BKZ-2 reduced basis of thread 0 is: 2614.852195(0.713787s [0.634383 s / 0.00996071s ]).
|b_0| of BKZ-2 reduced basis of thread 6 is: 2632.58941(1.03044s [0.94528 s / 0.0100151s ]).
|b_0| of BKZ-2 reduced basis of thread 7 is: 2494.755699(1.05474s [0.967702 s / 0.010836s ]).
|b_0| of BKZ-2 reduced basis of thread 1 is: 2518.650234(1.08884s [0.988652 s / 0.0110964s ]).
|b_0| of BKZ-2 reduced basis of thread 4 is: 2515.791923(1.07911s [0.989223 s / 0.0119407s ]).
|b_0| of BKZ-2 reduced basis of thread 3 is: 2583.371441(1.10915s [1.01223 s / 0.0107565s ]).
|b_0| of BKZ-2 reduced basis of thread 2 is: 2143.288595(1.11455s [1.0187 s / 0.0097617s ]).
|b_0| of BKZ-2 reduced basis of thread 5 is: 2489.27379(1.1334s [1.04562 s / 0.00978993s ]).
Sorting 8 bases.
Time for preprocessing: 1.18236 seconds.
Processing base of thread 2
Executing ENUM with target length 2100
A: 4.41e+06
Searching candidates in depth 10
coefficients: [ 0 0 0 0 0 0 0 0 0 0 0 0 0 0 0 0 0 0 0 0 0 0 0 0 0 0 0 0 0 0 0 0 0 0 0 0 0 0 0 0 0 0 0 0 0 0 0 0 0 0 0 0 0 0 0 0 0 0 0 0 0 0 0 0 0 0 ]
Shortest Vector: [0 0 0 0 0 0 0 0 0 0 0 0 0 0 0 0 0 0 0 0 0 0 0 0 0 0 0 0 0 0 0 0 0 0 0 0 0 0 0 0 0 0 0 0 0 0 0 0 0 0 0 0 0 0 0 0 0 0 0 0 0 0 0 0 0 0 ]
Len: 0

Runtime of standard enumeration: 0.39249 s.
Processing base of thread 5
Executing ENUM with target length 2100
A: 4.41e+06
Searching candidates in depth 10
coefficients: [ 0 0 0 0 0 0 0 0 0 0 0 0 0 0 0 0 0 0 0 0 0 0 0 0 0 0 0 0 0 0 0 0 0 0 0 0 0 0 0 0 0 0 0 0 0 0 0 0 0 0 0 0 0 0 0 0 0 0 0 0 0 0 0 0 0 0 ]
Shortest Vector: [0 0 0 0 0 0 0 0 0 0 0 0 0 0 0 0 0 0 0 0 0 0 0 0 0 0 0 0 0 0 0 0 0 0 0 0 0 0 0 0 0 0 0 0 0 0 0 0 0 0 0 0 0 0 0 0 0 0 0 0 0 0 0 0 0 0 ]
Len: 0

Runtime of standard enumeration: 0.58174 s.
Processing base of thread 7
Executing ENUM with target length 2100
A: 4.41e+06
Searching candidates in depth 10
Found new minumun (length: 2098)   7    6    6   -2    1    1   -1   -3    7   -9   -1   -7   -6   -6   -6   -4   -3   -1    1   -2   -2    2    2    1   -1    2    3    0   -1   -2   -2    0   -3   -5   -3    0    0    1   -1    1    0    2   -2    3   -2    1   -1    1    0    1    1    1    1   -1    1    1    0    1    1    1    0   -1    0   -1    0    0    0    0 
coefficients: [ 7 6 6 -2 1 1 -1 -3 7 -9 -1 -7 -6 -6 -6 -4 -3 -1 1 -2 -2 2 2 1 -1 2 3 -0 -1 -2 -2 -0 -3 -5 -3 -0 -0 1 -1 1 -0 2 -2 3 -2 1 -1 1 -0 1 1 1 1 -1 1 1 -0 1 1 1 -0 -1 -0 -1 0 0 ]
Shortest Vector: [-159 -186 -188 170 192 -85 -5 240 155 362 -5 -59 -169 -28 -27 -37 410 268 -213 229 -25 -107 -10 90 -3 207 -148 159 21 215 -285 -224 -392 389 -68 -410 105 -246 -188 302 -432 171 -121 -180 -257 81 173 -169 -444 28 -124 115 -757 -94 -181 432 753 -13 110 -606 62 -432 175 281 -113 -82 ]
Len: 2099

Runtime of standard enumeration: 0.1666 s.
Finishing after 1 attemps in 2.5449 s (processed 3 bases).
Working threads: 8
Using NTL types.
Activating EXTREME pruning.
Setting pruning parameter to 0.22.
Setting candidate-queue size to 10240.
Setting parallel-enum threshold to dimension 15.
Disabling usage of Gauss heuristic
Enabling BKZ-auto-height adaption.
Setting bkz-height to 2.
Setting pre-beta to 24.
Setting parallel-BKZ instances to 32.
Setting randomized trials to 9.
Read conf file at penum.conf
Setting prebeta parameter to 20.
Setting pruning parameter to 0.19.
Delta: 0.9
Beta: 2
Mode: 1
Candidate Height: 10
Target length: 2100
Trying to read: ./inppap/svpc-e1-d66-0.txt
Read a basis of dimension: 66 / 66 with |b_0| = 0.3538148218e199
Starting procedure
Preparing preprocessing of 8 threads.
Thread 0 is BKZ-2 reducing basis
Thread 2 is BKZ-2 reducing basis
Thread 5 is BKZ-2 reducing basis
Thread 4 is BKZ-2 reducing basis
Thread 1 is BKZ-2 reducing basis
Thread 3 is BKZ-2 reducing basis
Thread 7 is BKZ-2 reducing basis
Thread 6 is BKZ-2 reducing basis
|b_0| of BKZ-2 reduced basis of thread 0 is: 2614.852195(0.692794s [0.608579 s / 0.00990567s ]).
|b_0| of BKZ-2 reduced basis of thread 5 is: 2502.86316(0.973179s [0.886288 s / 0.0100898s ]).
|b_0| of BKZ-2 reduced basis of thread 3 is: 2432.86395(0.971643s [0.885831 s / 0.0101719s ]).
|b_0| of BKZ-2 reduced basis of thread 4 is: 2557.810196(1.02564s [0.941013 s / 0.010082s ]).
|b_0| of BKZ-2 reduced basis of thread 7 is: 2454.73135(1.08804s [1.00335 s / 0.00982121s ]).
|b_0| of BKZ-2 reduced basis of thread 2 is: 2517.13766(1.15012s [1.06823 s / 0.00944086s ]).
|b_0| of BKZ-2 reduced basis of thread 6 is: 2338.727218(1.32653s [1.24836 s / 0.00975717s ]).
|b_0| of BKZ-2 reduced basis of thread 1 is: 2374.76062(1.36335s [1.28139 s / 0.0095558s ]).
Sorting 8 bases.
Time for preprocessing: 1.40207 seconds.
Processing base of thread 6
Executing ENUM with target length 2100
A: 4.41e+06
Searching candidates in depth 10
coefficients: [ 0 0 0 0 0 0 0 0 0 0 0 0 0 0 0 0 0 0 0 0 0 0 0 0 0 0 0 0 0 0 0 0 0 0 0 0 0 0 0 0 0 0 0 0 0 0 0 0 0 0 0 0 0 0 0 0 0 0 0 0 0 0 0 0 0 0 ]
Shortest Vector: [0 0 0 0 0 0 0 0 0 0 0 0 0 0 0 0 0 0 0 0 0 0 0 0 0 0 0 0 0 0 0 0 0 0 0 0 0 0 0 0 0 0 0 0 0 0 0 0 0 0 0 0 0 0 0 0 0 0 0 0 0 0 0 0 0 0 ]
Len: 0

Runtime of standard enumeration: 0.66849 s.
Processing base of thread 1
Executing ENUM with target length 2100
A: 4.41e+06
Searching candidates in depth 10
Found new minumun (length: 2098)   5    5   -7   -5   -2   -1   -4   -5    5   -2    8   -2   -2    1   -5    2   -3   -5    3    1    1    0    3    2   -1   -1    1   -1    0    0    1    1   -1   -1   -1    1    1    0   -1   -1    0   -1    0    0    0    0    0    1    0    0    0    1    0    0    0    0    0    1    0    0    1    0    0    0    0   -1    0    0 
coefficients: [ 5 5 -7 -5 -2 -1 -4 -5 5 -2 8 -2 -2 1 -5 2 -3 -5 3 1 1 -0 3 2 -1 -1 1 -1 -0 -0 1 1 -1 -1 -1 1 1 -0 -1 -1 -0 -1 -0 -0 -0 0 -0 1 -0 -0 -0 1 0 0 0 0 -0 1 -0 -0 1 -0 -0 -0 -0 -1 ]
Shortest Vector: [-159 -186 -188 170 192 -85 -5 240 155 362 -5 -59 -169 -28 -27 -37 410 268 -213 229 -25 -107 -10 90 -3 207 -148 159 21 215 -285 -224 -392 389 -68 -410 105 -246 -188 302 -432 171 -121 -180 -257 81 173 -169 -444 28 -124 115 -757 -94 -181 432 753 -13 110 -606 62 -432 175 281 -113 -82 ]
Len: 2099

Runtime of standard enumeration: 0.49542 s.
Finishing after 1 attemps in 2.7041 s (processed 2 bases).
Working threads: 8
Using NTL types.
Activating EXTREME pruning.
Setting pruning parameter to 0.22.
Setting candidate-queue size to 10240.
Setting parallel-enum threshold to dimension 15.
Disabling usage of Gauss heuristic
Enabling BKZ-auto-height adaption.
Setting bkz-height to 2.
Setting pre-beta to 24.
Setting parallel-BKZ instances to 32.
Setting randomized trials to 9.
Read conf file at penum.conf
Setting prebeta parameter to 20.
Setting pruning parameter to 0.19.
Delta: 0.9
Beta: 2
Mode: 1
Candidate Height: 10
Target length: 2100
Trying to read: ./inppap/svpc-e1-d66-0.txt
Read a basis of dimension: 66 / 66 with |b_0| = 0.3538148218e199
Starting procedure
Preparing preprocessing of 8 threads.
Thread 0 is BKZ-2 reducing basis
Thread 7 is BKZ-2 reducing basis
Thread 3 is BKZ-2 reducing basis
Thread 6 is BKZ-2 reducing basis
Thread 2 is BKZ-2 reducing basis
Thread 1 is BKZ-2 reducing basis
Thread 5 is BKZ-2 reducing basis
Thread 4 is BKZ-2 reducing basis
|b_0| of BKZ-2 reduced basis of thread 0 is: 2614.852195(0.69192s [0.616941 s / 0.00991764s ]).
|b_0| of BKZ-2 reduced basis of thread 3 is: 2461.827979(1.03014s [0.933749 s / 0.0117126s ]).
|b_0| of BKZ-2 reduced basis of thread 7 is: 2301.137545(1.07455s [0.980991 s / 0.010113s ]).
|b_0| of BKZ-2 reduced basis of thread 1 is: 2201.883285(1.06559s [0.971669 s / 0.0101265s ]).
|b_0| of BKZ-2 reduced basis of thread 2 is: 2221.03737(1.06692s [0.973179 s / 0.0105744s ]).
|b_0| of BKZ-2 reduced basis of thread 4 is: 2375.333029(1.08811s [1.00408 s / 0.00985401s ]).
|b_0| of BKZ-2 reduced basis of thread 5 is: 2341.991033(1.09231s [1.0103 s / 0.0098445s ]).
|b_0| of BKZ-2 reduced basis of thread 6 is: 2548.181116(1.11265s [1.02377 s / 0.00987558s ]).
Sorting 8 bases.
Time for preprocessing: 1.14789 seconds.
Processing base of thread 1
Executing ENUM with target length 2100
A: 4.41e+06
Searching candidates in depth 10
Found new minumun (length: 2098)   3    2    4    2    2    2    4   -2    2   -3    0   -3   -2   -1   -4   -1   -2   -1    2    2    1    2    0    0   -1    1    1    1    0    0    0    0    0    0    0    1    0   -1    0    1    0    0    0    0    0    0    1    0    0    0    0    0    0    0    0    0    0    0    0    0    0    0    0    1    0    0    0    0 
coefficients: [ 3 2 4 2 2 2 4 -2 2 -3 -0 -3 -2 -1 -4 -1 -2 -1 2 2 1 2 -0 -0 -1 1 1 1 -0 0 -0 -0 -0 -0 -0 1 -0 -1 0 1 -0 -0 -0 -0 -0 -0 1 0 0 0 0 0 0 0 0 0 -0 -0 -0 -0 -0 -0 -0 1 0 0 ]
Shortest Vector: [-159 -186 -188 170 192 -85 -5 240 155 362 -5 -59 -169 -28 -27 -37 410 268 -213 229 -25 -107 -10 90 -3 207 -148 159 21 215 -285 -224 -392 389 -68 -410 105 -246 -188 302 -432 171 -121 -180 -257 81 173 -169 -444 28 -124 115 -757 -94 -181 432 753 -13 110 -606 62 -432 175 281 -113 -82 ]
Len: 2099

Runtime of standard enumeration: 0.21401 s.
Finishing after 1 attemps in 1.4431 s (processed 1 bases).
Working threads: 8
Using NTL types.
Activating EXTREME pruning.
Setting pruning parameter to 0.22.
Setting candidate-queue size to 10240.
Setting parallel-enum threshold to dimension 15.
Disabling usage of Gauss heuristic
Enabling BKZ-auto-height adaption.
Setting bkz-height to 2.
Setting pre-beta to 24.
Setting parallel-BKZ instances to 32.
Setting randomized trials to 9.
Read conf file at penum.conf
Setting prebeta parameter to 20.
Setting pruning parameter to 0.19.
Delta: 0.9
Beta: 2
Mode: 1
Candidate Height: 10
Target length: 2100
Trying to read: ./inppap/svpc-e1-d66-0.txt
Read a basis of dimension: 66 / 66 with |b_0| = 0.3538148218e199
Starting procedure
Preparing preprocessing of 8 threads.
Thread 0 is BKZ-2 reducing basis
Thread 1 is BKZ-2 reducing basis
Thread 2 is BKZ-2 reducing basis
Thread 4 is BKZ-2 reducing basis
Thread 3 is BKZ-2 reducing basis
Thread 5 is BKZ-2 reducing basis
Thread 6 is BKZ-2 reducing basis
Thread 7 is BKZ-2 reducing basis
|b_0| of BKZ-2 reduced basis of thread 0 is: 2614.852195(0.813345s [0.735035 s / 0.00997178s ]).
|b_0| of BKZ-2 reduced basis of thread 6 is: 2362.354546(1.03556s [0.950865 s / 0.0100606s ]).
|b_0| of BKZ-2 reduced basis of thread 4 is: 2466.675901(1.05997s [0.974431 s / 0.00993035s ]).
|b_0| of BKZ-2 reduced basis of thread 1 is: 2531.841425(1.09485s [1.01354 s / 0.00996809s ]).
|b_0| of BKZ-2 reduced basis of thread 7 is: 2554.420678(1.07915s [0.985001 s / 0.0100042s ]).
|b_0| of BKZ-2 reduced basis of thread 5 is: 2594.013493(1.09397s [0.978644 s / 0.0100493s ]).
|b_0| of BKZ-2 reduced basis of thread 3 is: 2556.234731(1.11662s [1.03192 s / 0.00983982s ]).
|b_0| of BKZ-2 reduced basis of thread 2 is: 2679.997388(1.15504s [1.07813 s / 0.00977388s ]).
Sorting 8 bases.
Time for preprocessing: 1.17949 seconds.
Processing base of thread 6
Executing ENUM with target length 2100
A: 4.41e+06
Searching candidates in depth 10
coefficients: [ 0 0 0 0 0 0 0 0 0 0 0 0 0 0 0 0 0 0 0 0 0 0 0 0 0 0 0 0 0 0 0 0 0 0 0 0 0 0 0 0 0 0 0 0 0 0 0 0 0 0 0 0 0 0 0 0 0 0 0 0 0 0 0 0 0 0 ]
Shortest Vector: [0 0 0 0 0 0 0 0 0 0 0 0 0 0 0 0 0 0 0 0 0 0 0 0 0 0 0 0 0 0 0 0 0 0 0 0 0 0 0 0 0 0 0 0 0 0 0 0 0 0 0 0 0 0 0 0 0 0 0 0 0 0 0 0 0 0 ]
Len: 0

Runtime of standard enumeration: 0.61723 s.
Processing base of thread 4
Executing ENUM with target length 2100
A: 4.41e+06
Searching candidates in depth 10
Found new minumun (length: 2098)   0    3    5    4   -5    6   -4    3    3    3   -4    2    1   -5    7    7    3   -4    7   -4   -3   -2   -5    1    4    0   -3    2    4   -3    3    2   -2    0    0    1    0   -1    2    0    1    0   -3   -2    1    0    0    0   -1    1   -1    0    0    0    0    1   -1    0   -1    0   -1    0    1    0    0    1    0    0 
coefficients: [ -0 3 5 4 -5 6 -4 3 3 3 -4 2 1 -5 7 7 3 -4 7 -4 -3 -2 -5 1 4 -0 -3 2 4 -3 3 2 -2 -0 -0 1 -0 -1 2 -0 1 -0 -3 -2 1 -0 -0 -0 -1 1 -1 -0 -0 0 -0 1 -1 -0 -1 -0 -1 -0 1 -0 -0 1 ]
Shortest Vector: [-159 -186 -188 170 192 -85 -5 240 155 362 -5 -59 -169 -28 -27 -37 410 268 -213 229 -25 -107 -10 90 -3 207 -148 159 21 215 -285 -224 -392 389 -68 -410 105 -246 -188 302 -432 171 -121 -180 -257 81 173 -169 -444 28 -124 115 -757 -94 -181 432 753 -13 110 -606 62 -432 175 281 -113 -82 ]
Len: 2099

Runtime of standard enumeration: 0.33618 s.
Finishing after 1 attemps in 2.2769 s (processed 2 bases).
Working threads: 8
Using NTL types.
Activating EXTREME pruning.
Setting pruning parameter to 0.22.
Setting candidate-queue size to 10240.
Setting parallel-enum threshold to dimension 15.
Disabling usage of Gauss heuristic
Enabling BKZ-auto-height adaption.
Setting bkz-height to 2.
Setting pre-beta to 24.
Setting parallel-BKZ instances to 32.
Setting randomized trials to 9.
Read conf file at penum.conf
Setting prebeta parameter to 20.
Setting pruning parameter to 0.19.
Delta: 0.9
Beta: 2
Mode: 1
Candidate Height: 10
Target length: 2100
Trying to read: ./inppap/svpc-e1-d66-0.txt
Read a basis of dimension: 66 / 66 with |b_0| = 0.3538148218e199
Starting procedure
Preparing preprocessing of 8 threads.
Thread 0 is BKZ-2 reducing basis
Thread 7 is BKZ-2 reducing basis
Thread 5 is BKZ-2 reducing basis
Thread 3 is BKZ-2 reducing basis
Thread 2 is BKZ-2 reducing basis
Thread 6 is BKZ-2 reducing basis
Thread 1 is BKZ-2 reducing basis
Thread 4 is BKZ-2 reducing basis
|b_0| of BKZ-2 reduced basis of thread 0 is: 2614.852195(0.690386s [0.612899 s / 0.00993231s ]).
|b_0| of BKZ-2 reduced basis of thread 7 is: 2253.880653(0.987714s [0.896274 s / 0.00996525s ]).
|b_0| of BKZ-2 reduced basis of thread 3 is: 2351.836942(1.01909s [0.918379 s / 0.0109571s ]).
|b_0| of BKZ-2 reduced basis of thread 1 is: 2413.636468(1.07083s [0.979623 s / 0.00978491s ]).
|b_0| of BKZ-2 reduced basis of thread 6 is: 2288.343943(1.07856s [0.986389 s / 0.00997372s ]).
|b_0| of BKZ-2 reduced basis of thread 5 is: 2558.269923(1.09142s [0.993643 s / 0.0100002s ]).
|b_0| of BKZ-2 reduced basis of thread 4 is: 2352.2519(1.0829s [0.990319 s / 0.00997532s ]).
|b_0| of BKZ-2 reduced basis of thread 2 is: 2380.95191(1.11111s [1.01554 s / 0.00953966s ]).
Sorting 8 bases.
Time for preprocessing: 1.14134 seconds.
Processing base of thread 7
Executing ENUM with target length 2100
A: 4.41e+06
Searching candidates in depth 10
Found new minumun (length: 2098)   1    5    3   10    6   -2   -1    6    3   -2    9   -3    4    0    2    4    4   -3   -1    2    3    0   -3   -4   -7   -5   -1   -2    6    2   -3    2    1    2    1    1    2    3   -1   -1    1    1    0   -1   -1    0    1    0    0   -1    1    2    0    0    1    2    0    1    1    1    1    0    1   -1    0    0    0    0 
coefficients: [ 1 5 3 10 6 -2 -1 6 3 -2 9 -3 4 -0 2 4 4 -3 -1 2 3 -0 -3 -4 -7 -5 -1 -2 6 2 -3 2 1 2 1 1 2 3 -1 -1 1 1 -0 -1 -1 -0 1 -0 -0 -1 1 2 -0 -0 1 2 -0 1 1 1 1 -0 1 -1 0 0 ]
Shortest Vector: [159 186 188 -170 -192 85 5 -240 -155 -362 5 59 169 28 27 37 -410 -268 213 -229 25 107 10 -90 3 -207 148 -159 -21 -215 285 224 392 -389 68 410 -105 246 188 -302 432 -171 121 180 257 -81 -173 169 444 -28 124 -115 757 94 181 -432 -753 13 -110 606 -62 432 -175 -281 113 82 ]
Len: 2099

Runtime of standard enumeration: 0.18266 s.
Finishing after 1 attemps in 1.4019 s (processed 1 bases).
Working threads: 8
Using NTL types.
Activating EXTREME pruning.
Setting pruning parameter to 0.22.
Setting candidate-queue size to 10240.
Setting parallel-enum threshold to dimension 15.
Disabling usage of Gauss heuristic
Enabling BKZ-auto-height adaption.
Setting bkz-height to 2.
Setting pre-beta to 24.
Setting parallel-BKZ instances to 32.
Setting randomized trials to 9.
Read conf file at penum.conf
Setting prebeta parameter to 20.
Setting pruning parameter to 0.19.
Delta: 0.9
Beta: 2
Mode: 1
Candidate Height: 10
Target length: 2100
Trying to read: ./inppap/svpc-e1-d66-0.txt
Read a basis of dimension: 66 / 66 with |b_0| = 0.3538148218e199
Starting procedure
Preparing preprocessing of 8 threads.
Thread 0 is BKZ-2 reducing basis
Thread 5 is BKZ-2 reducing basis
Thread 1 is BKZ-2 reducing basis
Thread 2 is BKZ-2 reducing basis
Thread 3 is BKZ-2 reducing basis
Thread 6 is BKZ-2 reducing basis
Thread 4 is BKZ-2 reducing basis
Thread 7 is BKZ-2 reducing basis
|b_0| of BKZ-2 reduced basis of thread 0 is: 2614.852195(0.690722s [0.615904 s / 0.00998045s ]).
|b_0| of BKZ-2 reduced basis of thread 4 is: 2526.646988(0.981349s [0.904518 s / 0.00999068s ]).
|b_0| of BKZ-2 reduced basis of thread 3 is: 2484.281989(1.0286s [0.941101 s / 0.0119997s ]).
|b_0| of BKZ-2 reduced basis of thread 5 is: 2393.659541(1.09839s [1.00708 s / 0.0109192s ]).
|b_0| of BKZ-2 reduced basis of thread 7 is: 2389.534473(1.07114s [0.991732 s / 0.0108047s ]).
|b_0| of BKZ-2 reduced basis of thread 2 is: 2456.371918(1.08929s [1.00224 s / 0.00984191s ]).
|b_0| of BKZ-2 reduced basis of thread 6 is: 2453.974939(1.10829s [1.02319 s / 0.00972339s ]).
|b_0| of BKZ-2 reduced basis of thread 1 is: 2463.758917(1.16856s [1.0818 s / 0.00977528s ]).
Sorting 8 bases.
Time for preprocessing: 1.20581 seconds.
Processing base of thread 7
Executing ENUM with target length 2100
A: 4.41e+06
Searching candidates in depth 10
coefficients: [ 0 0 0 0 0 0 0 0 0 0 0 0 0 0 0 0 0 0 0 0 0 0 0 0 0 0 0 0 0 0 0 0 0 0 0 0 0 0 0 0 0 0 0 0 0 0 0 0 0 0 0 0 0 0 0 0 0 0 0 0 0 0 0 0 0 0 ]
Shortest Vector: [0 0 0 0 0 0 0 0 0 0 0 0 0 0 0 0 0 0 0 0 0 0 0 0 0 0 0 0 0 0 0 0 0 0 0 0 0 0 0 0 0 0 0 0 0 0 0 0 0 0 0 0 0 0 0 0 0 0 0 0 0 0 0 0 0 0 ]
Len: 0

Runtime of standard enumeration: 0.37599 s.
Processing base of thread 5
Executing ENUM with target length 2100
A: 4.41e+06
Searching candidates in depth 10
coefficients: [ 0 0 0 0 0 0 0 0 0 0 0 0 0 0 0 0 0 0 0 0 0 0 0 0 0 0 0 0 0 0 0 0 0 0 0 0 0 0 0 0 0 0 0 0 0 0 0 0 0 0 0 0 0 0 0 0 0 0 0 0 0 0 0 0 0 0 ]
Shortest Vector: [0 0 0 0 0 0 0 0 0 0 0 0 0 0 0 0 0 0 0 0 0 0 0 0 0 0 0 0 0 0 0 0 0 0 0 0 0 0 0 0 0 0 0 0 0 0 0 0 0 0 0 0 0 0 0 0 0 0 0 0 0 0 0 0 0 0 ]
Len: 0

Runtime of standard enumeration: 0.49551 s.
Processing base of thread 6
Executing ENUM with target length 2100
A: 4.41e+06
Searching candidates in depth 10
coefficients: [ 0 0 0 0 0 0 0 0 0 0 0 0 0 0 0 0 0 0 0 0 0 0 0 0 0 0 0 0 0 0 0 0 0 0 0 0 0 0 0 0 0 0 0 0 0 0 0 0 0 0 0 0 0 0 0 0 0 0 0 0 0 0 0 0 0 0 ]
Shortest Vector: [0 0 0 0 0 0 0 0 0 0 0 0 0 0 0 0 0 0 0 0 0 0 0 0 0 0 0 0 0 0 0 0 0 0 0 0 0 0 0 0 0 0 0 0 0 0 0 0 0 0 0 0 0 0 0 0 0 0 0 0 0 0 0 0 0 0 ]
Len: 0

Runtime of standard enumeration: 0.62748 s.
Processing base of thread 2
Executing ENUM with target length 2100
A: 4.41e+06
Searching candidates in depth 10
Found new minumun (length: 2098)  18    5   -9   -3    3   14    0   11   -4   -4  -14   12  -11  -16   -3  -12    5    8   -4    6  -10    0   -1   -3   -7   -3    2   -7    5    4   -1   -2   -3    3   -2   -2   -3   -4    4   -3   -3    2    2    3    1    1   -2    2    0   -2   -1   -1    0   -1    0    2    0    0   -2    1    1    0    0   -1    0    0    0    0 
coefficients: [ 18 5 -9 -3 3 14 -0 11 -4 -4 -14 12 -11 -16 -3 -12 5 8 -4 6 -10 -0 -1 -3 -7 -3 2 -7 5 4 -1 -2 -3 3 -2 -2 -3 -4 4 -3 -3 2 2 3 1 1 -2 2 -0 -2 -1 -1 -0 -1 -0 2 0 -0 -2 1 1 -0 -0 -1 0 0 ]
Shortest Vector: [-159 -186 -188 170 192 -85 -5 240 155 362 -5 -59 -169 -28 -27 -37 410 268 -213 229 -25 -107 -10 90 -3 207 -148 159 21 215 -285 -224 -392 389 -68 -410 105 -246 -188 302 -432 171 -121 -180 -257 81 173 -169 -444 28 -124 115 -757 -94 -181 432 753 -13 110 -606 62 -432 175 281 -113 -82 ]
Len: 2099

Runtime of standard enumeration: 0.21741 s.
Finishing after 1 attemps in 3.2007 s (processed 4 bases).
Working threads: 8
Using NTL types.
Activating EXTREME pruning.
Setting pruning parameter to 0.22.
Setting candidate-queue size to 10240.
Setting parallel-enum threshold to dimension 15.
Disabling usage of Gauss heuristic
Enabling BKZ-auto-height adaption.
Setting bkz-height to 2.
Setting pre-beta to 24.
Setting parallel-BKZ instances to 32.
Setting randomized trials to 9.
Read conf file at penum.conf
Setting prebeta parameter to 20.
Setting pruning parameter to 0.19.
Delta: 0.9
Beta: 2
Mode: 1
Candidate Height: 10
Target length: 2100
Trying to read: ./inppap/svpc-e1-d66-0.txt
Read a basis of dimension: 66 / 66 with |b_0| = 0.3538148218e199
Starting procedure
Preparing preprocessing of 8 threads.
Thread 0 is BKZ-2 reducing basis
Thread 5 is BKZ-2 reducing basis
Thread 7 is BKZ-2 reducing basis
Thread 6 is BKZ-2 reducing basis
Thread 1 is BKZ-2 reducing basis
Thread 3 is BKZ-2 reducing basis
Thread 2 is BKZ-2 reducing basis
Thread 4 is BKZ-2 reducing basis
|b_0| of BKZ-2 reduced basis of thread 0 is: 2614.852195(0.686216s [0.609215 s / 0.00993835s ]).
|b_0| of BKZ-2 reduced basis of thread 3 is: 2454.236337(1.01081s [0.903481 s / 0.0128896s ]).
|b_0| of BKZ-2 reduced basis of thread 4 is: 2269.920924(1.00031s [0.91582 s / 0.0126144s ]).
|b_0| of BKZ-2 reduced basis of thread 7 is: 2400.608465(1.02076s [0.927268 s / 0.0102326s ]).
|b_0| of BKZ-2 reduced basis of thread 6 is: 2590.605721(1.03205s [0.94837 s / 0.010643s ]).
|b_0| of BKZ-2 reduced basis of thread 2 is: 2543.663893(1.04205s [0.953164 s / 0.0101528s ]).
|b_0| of BKZ-2 reduced basis of thread 1 is: 2484.753509(1.05974s [0.968561 s / 0.00983746s ]).
|b_0| of BKZ-2 reduced basis of thread 5 is: 2505.35706(1.1128s [1.02561 s / 0.0097914s ]).
Sorting 8 bases.
Time for preprocessing: 1.14093 seconds.
Processing base of thread 4
Executing ENUM with target length 2100
A: 4.41e+06
Searching candidates in depth 10
Found new minumun (length: 2098)  -1    1    2   -4   -1   -4    1   -2    2    4   -1    3    7   -2   -1   -1    5    2   -1    5    0   -3   -3    2   -4    4   -3   -2   -1   -2    0    0   -1    0    2    0   -1    1    0    1   -1   -1    0    0    2    0    1   -1   -1    0   -1    0    1    1    0    0   -1    0   -1    0    0    0    0    0    0    0    0    0 
coefficients: [ -1 1 2 -4 -1 -4 1 -2 2 4 -1 3 7 -2 -1 -1 5 2 -1 5 -0 -3 -3 2 -4 4 -3 -2 -1 -2 -0 -0 -1 -0 2 -0 -1 1 0 1 -1 -1 -0 -0 2 0 1 -1 -1 -0 -1 -0 1 1 0 0 -1 -0 -1 0 0 0 0 0 0 0 ]
Shortest Vector: [159 186 188 -170 -192 85 5 -240 -155 -362 5 59 169 28 27 37 -410 -268 213 -229 25 107 10 -90 3 -207 148 -159 -21 -215 285 224 392 -389 68 410 -105 246 188 -302 432 -171 121 180 257 -81 -173 169 444 -28 124 -115 757 94 181 -432 -753 13 -110 606 -62 432 -175 -281 113 82 ]
Len: 2099

Runtime of standard enumeration: 0.082389 s.
Finishing after 1 attemps in 1.2978 s (processed 1 bases).
Working threads: 8
Using NTL types.
Activating EXTREME pruning.
Setting pruning parameter to 0.22.
Setting candidate-queue size to 10240.
Setting parallel-enum threshold to dimension 15.
Disabling usage of Gauss heuristic
Enabling BKZ-auto-height adaption.
Setting bkz-height to 2.
Setting pre-beta to 24.
Setting parallel-BKZ instances to 32.
Setting randomized trials to 9.
Read conf file at penum.conf
Setting prebeta parameter to 20.
Setting pruning parameter to 0.19.
Delta: 0.9
Beta: 2
Mode: 1
Candidate Height: 10
Target length: 2100
Trying to read: ./inppap/svpc-e1-d66-0.txt
Read a basis of dimension: 66 / 66 with |b_0| = 0.3538148218e199
Starting procedure
Preparing preprocessing of 8 threads.
Thread 0 is BKZ-2 reducing basis
Thread 7 is BKZ-2 reducing basis
Thread 2 is BKZ-2 reducing basis
Thread 1 is BKZ-2 reducing basis
Thread 4 is BKZ-2 reducing basis
Thread 5 is BKZ-2 reducing basis
Thread 6 is BKZ-2 reducing basis
Thread 3 is BKZ-2 reducing basis
|b_0| of BKZ-2 reduced basis of thread 0 is: 2614.852195(0.671449s [0.595247 s / 0.00995939s ]).
|b_0| of BKZ-2 reduced basis of thread 7 is: 2547.173924(0.963773s [0.89009 s / 0.0100535s ]).
|b_0| of BKZ-2 reduced basis of thread 1 is: 2577.554267(0.977307s [0.894939 s / 0.00999585s ]).
|b_0| of BKZ-2 reduced basis of thread 6 is: 2562.394193(0.990784s [0.912316 s / 0.0113483s ]).
|b_0| of BKZ-2 reduced basis of thread 3 is: 2444.474177(1.03919s [0.962284 s / 0.00989468s ]).
|b_0| of BKZ-2 reduced basis of thread 2 is: 2483.57283(1.06779s [0.97805 s / 0.00982529s ]).
|b_0| of BKZ-2 reduced basis of thread 5 is: 2597.152094(1.06466s [0.977412 s / 0.00989321s ]).
|b_0| of BKZ-2 reduced basis of thread 4 is: 2415.824083(1.1785s [1.09171 s / 0.00987328s ]).
Sorting 8 bases.
Time for preprocessing: 1.21219 seconds.
Processing base of thread 4
Executing ENUM with target length 2100
A: 4.41e+06
Searching candidates in depth 10
coefficients: [ 0 0 0 0 0 0 0 0 0 0 0 0 0 0 0 0 0 0 0 0 0 0 0 0 0 0 0 0 0 0 0 0 0 0 0 0 0 0 0 0 0 0 0 0 0 0 0 0 0 0 0 0 0 0 0 0 0 0 0 0 0 0 0 0 0 0 ]
Shortest Vector: [0 0 0 0 0 0 0 0 0 0 0 0 0 0 0 0 0 0 0 0 0 0 0 0 0 0 0 0 0 0 0 0 0 0 0 0 0 0 0 0 0 0 0 0 0 0 0 0 0 0 0 0 0 0 0 0 0 0 0 0 0 0 0 0 0 0 ]
Len: 0

Runtime of standard enumeration: 0.3152 s.
Processing base of thread 3
Executing ENUM with target length 2100
A: 4.41e+06
Searching candidates in depth 10
coefficients: [ 0 0 0 0 0 0 0 0 0 0 0 0 0 0 0 0 0 0 0 0 0 0 0 0 0 0 0 0 0 0 0 0 0 0 0 0 0 0 0 0 0 0 0 0 0 0 0 0 0 0 0 0 0 0 0 0 0 0 0 0 0 0 0 0 0 0 ]
Shortest Vector: [0 0 0 0 0 0 0 0 0 0 0 0 0 0 0 0 0 0 0 0 0 0 0 0 0 0 0 0 0 0 0 0 0 0 0 0 0 0 0 0 0 0 0 0 0 0 0 0 0 0 0 0 0 0 0 0 0 0 0 0 0 0 0 0 0 0 ]
Len: 0

Runtime of standard enumeration: 0.54987 s.
Processing base of thread 2
Executing ENUM with target length 2100
A: 4.41e+06
Searching candidates in depth 10
coefficients: [ 0 0 0 0 0 0 0 0 0 0 0 0 0 0 0 0 0 0 0 0 0 0 0 0 0 0 0 0 0 0 0 0 0 0 0 0 0 0 0 0 0 0 0 0 0 0 0 0 0 0 0 0 0 0 0 0 0 0 0 0 0 0 0 0 0 0 ]
Shortest Vector: [0 0 0 0 0 0 0 0 0 0 0 0 0 0 0 0 0 0 0 0 0 0 0 0 0 0 0 0 0 0 0 0 0 0 0 0 0 0 0 0 0 0 0 0 0 0 0 0 0 0 0 0 0 0 0 0 0 0 0 0 0 0 0 0 0 0 ]
Len: 0

Runtime of standard enumeration: 0.49738 s.
Processing base of thread 7
Executing ENUM with target length 2100
A: 4.41e+06
Searching candidates in depth 10
coefficients: [ 0 0 0 0 0 0 0 0 0 0 0 0 0 0 0 0 0 0 0 0 0 0 0 0 0 0 0 0 0 0 0 0 0 0 0 0 0 0 0 0 0 0 0 0 0 0 0 0 0 0 0 0 0 0 0 0 0 0 0 0 0 0 0 0 0 0 ]
Shortest Vector: [0 0 0 0 0 0 0 0 0 0 0 0 0 0 0 0 0 0 0 0 0 0 0 0 0 0 0 0 0 0 0 0 0 0 0 0 0 0 0 0 0 0 0 0 0 0 0 0 0 0 0 0 0 0 0 0 0 0 0 0 0 0 0 0 0 0 ]
Len: 0

Runtime of standard enumeration: 0.60148 s.
Processing base of thread 6
Executing ENUM with target length 2100
A: 4.41e+06
Searching candidates in depth 10
coefficients: [ 0 0 0 0 0 0 0 0 0 0 0 0 0 0 0 0 0 0 0 0 0 0 0 0 0 0 0 0 0 0 0 0 0 0 0 0 0 0 0 0 0 0 0 0 0 0 0 0 0 0 0 0 0 0 0 0 0 0 0 0 0 0 0 0 0 0 ]
Shortest Vector: [0 0 0 0 0 0 0 0 0 0 0 0 0 0 0 0 0 0 0 0 0 0 0 0 0 0 0 0 0 0 0 0 0 0 0 0 0 0 0 0 0 0 0 0 0 0 0 0 0 0 0 0 0 0 0 0 0 0 0 0 0 0 0 0 0 0 ]
Len: 0

Runtime of standard enumeration: 0.35764 s.
Processing base of thread 1
Executing ENUM with target length 2100
A: 4.41e+06
Searching candidates in depth 10
coefficients: [ 0 0 0 0 0 0 0 0 0 0 0 0 0 0 0 0 0 0 0 0 0 0 0 0 0 0 0 0 0 0 0 0 0 0 0 0 0 0 0 0 0 0 0 0 0 0 0 0 0 0 0 0 0 0 0 0 0 0 0 0 0 0 0 0 0 0 ]
Shortest Vector: [0 0 0 0 0 0 0 0 0 0 0 0 0 0 0 0 0 0 0 0 0 0 0 0 0 0 0 0 0 0 0 0 0 0 0 0 0 0 0 0 0 0 0 0 0 0 0 0 0 0 0 0 0 0 0 0 0 0 0 0 0 0 0 0 0 0 ]
Len: 0

Runtime of standard enumeration: 0.67364 s.
Processing base of thread 5
Executing ENUM with target length 2100
A: 4.41e+06
Searching candidates in depth 10
coefficients: [ 0 0 0 0 0 0 0 0 0 0 0 0 0 0 0 0 0 0 0 0 0 0 0 0 0 0 0 0 0 0 0 0 0 0 0 0 0 0 0 0 0 0 0 0 0 0 0 0 0 0 0 0 0 0 0 0 0 0 0 0 0 0 0 0 0 0 ]
Shortest Vector: [0 0 0 0 0 0 0 0 0 0 0 0 0 0 0 0 0 0 0 0 0 0 0 0 0 0 0 0 0 0 0 0 0 0 0 0 0 0 0 0 0 0 0 0 0 0 0 0 0 0 0 0 0 0 0 0 0 0 0 0 0 0 0 0 0 0 ]
Len: 0

Runtime of standard enumeration: 0.50393 s.
Processing base of thread 0
Executing ENUM with target length 2100
A: 4.41e+06
Searching candidates in depth 10
coefficients: [ 0 0 0 0 0 0 0 0 0 0 0 0 0 0 0 0 0 0 0 0 0 0 0 0 0 0 0 0 0 0 0 0 0 0 0 0 0 0 0 0 0 0 0 0 0 0 0 0 0 0 0 0 0 0 0 0 0 0 0 0 0 0 0 0 0 0 ]
Shortest Vector: [0 0 0 0 0 0 0 0 0 0 0 0 0 0 0 0 0 0 0 0 0 0 0 0 0 0 0 0 0 0 0 0 0 0 0 0 0 0 0 0 0 0 0 0 0 0 0 0 0 0 0 0 0 0 0 0 0 0 0 0 0 0 0 0 0 0 ]
Len: 0

Runtime of standard enumeration: 0.70664 s.
Thread 2 is BKZ-2 reducing basis
Thread 5 is BKZ-2 reducing basis
Thread 4 is BKZ-2 reducing basis
Thread 6 is BKZ-2 reducing basisThread 
3 is BKZ-2 reducing basis
Thread 7 is BKZ-2 reducing basis
Thread 1 is BKZ-2 reducing basis
Thread 0 is BKZ-2 reducing basis
|b_0| of BKZ-2 reduced basis of thread 1 is: 2751.307326(0.98645s [0.88799 s / 0.011543s ]).
|b_0| of BKZ-2 reduced basis of thread 4 is: 2236.898746(1.0569s [0.94275 s / 0.010587s ]).
|b_0| of BKZ-2 reduced basis of thread 2 is: 2400.436835(1.0615s [0.946 s / 0.010595s ]).
|b_0| of BKZ-2 reduced basis of thread 6 is: 2375.653384(1.0728s [0.9538 s / 0.010603s ]).
|b_0| of BKZ-2 reduced basis of thread 3 is: 2430.588818(1.0732s [0.95458 s / 0.010595s ]).
|b_0| of BKZ-2 reduced basis of thread 7 is: 2468.247354(1.0879s [0.97547 s / 0.010315s ]).
|b_0| of BKZ-2 reduced basis of thread 5 is: 2438.406037(1.0982s [0.98874 s / 0.010238s ]).
|b_0| of BKZ-2 reduced basis of thread 0 is: 2327.168451(1.1173s [0.93471 s / 0.0097466s ]).
Sorting 8 bases.
Time for preprocessing: 1.126 seconds.
Processing base of thread 4
Executing ENUM with target length 2100
A: 4.41e+06
Searching candidates in depth 10
Found new minumun (length: 2098)   0   -1    1    2   -1   -3    1    1    1   -1   -3    0    1    3   -2    1    1    1   -3   -1    1   -2   -1    0    3   -1    2    3   -1   -1    1    0   -1   -1    0    1    0    0    1    0    1    1    0    0    0   -1    1    0    1    0    0    0    0    0    0    0    0    0    0    0    0    0    0    0    0   -1    0    0 
coefficients: [ -0 -1 1 2 -1 -3 1 1 1 -1 -3 -0 1 3 -2 1 1 1 -3 -1 1 -2 -1 -0 3 -1 2 3 -1 -1 1 -0 -1 -1 -0 1 -0 -0 1 0 1 1 -0 -0 -0 -1 1 -0 1 0 0 0 0 0 0 0 -0 -0 -0 -0 -0 -0 -0 -0 -0 -1 ]
Shortest Vector: [159 186 188 -170 -192 85 5 -240 -155 -362 5 59 169 28 27 37 -410 -268 213 -229 25 107 10 -90 3 -207 148 -159 -21 -215 285 224 392 -389 68 410 -105 246 188 -302 432 -171 121 180 257 -81 -173 169 444 -28 124 -115 757 94 181 -432 -753 13 -110 606 -62 432 -175 -281 113 82 ]
Len: 2099

Runtime of standard enumeration: 0.43922 s.
Finishing after 2 attemps in 7.6047 s (processed 9 bases).
Working threads: 8
Using NTL types.
Activating EXTREME pruning.
Setting pruning parameter to 0.22.
Setting candidate-queue size to 10240.
Setting parallel-enum threshold to dimension 15.
Disabling usage of Gauss heuristic
Enabling BKZ-auto-height adaption.
Setting bkz-height to 2.
Setting pre-beta to 24.
Setting parallel-BKZ instances to 32.
Setting randomized trials to 9.
Read conf file at penum.conf
Setting prebeta parameter to 20.
Setting pruning parameter to 0.19.
Delta: 0.9
Beta: 2
Mode: 1
Candidate Height: 10
Target length: 2100
Trying to read: ./inppap/svpc-e1-d66-0.txt
Read a basis of dimension: 66 / 66 with |b_0| = 0.3538148218e199
Starting procedure
Preparing preprocessing of 8 threads.
Thread 0 is BKZ-2 reducing basis
Thread 1 is BKZ-2 reducing basis
Thread 7 is BKZ-2 reducing basis
Thread 5 is BKZ-2 reducing basis
Thread 2 is BKZ-2 reducing basis
Thread 6 is BKZ-2 reducing basis
Thread 3 is BKZ-2 reducing basis
Thread 4 is BKZ-2 reducing basis
|b_0| of BKZ-2 reduced basis of thread 0 is: 2614.852195(0.696979s [0.618728 s / 0.00991336s ]).
|b_0| of BKZ-2 reduced basis of thread 1 is: 2465.937955(1.04957s [0.946716 s / 0.011037s ]).
|b_0| of BKZ-2 reduced basis of thread 7 is: 2450.415475(1.05271s [0.949437 s / 0.0119229s ]).
|b_0| of BKZ-2 reduced basis of thread 4 is: 2484.352229(1.0685s [0.979093 s / 0.0108807s ]).
|b_0| of BKZ-2 reduced basis of thread 6 is: 2554.831306(1.09775s [1.0115 s / 0.0100331s ]).
|b_0| of BKZ-2 reduced basis of thread 3 is: 2703.413583(1.12009s [1.03628 s / 0.00976432s ]).
|b_0| of BKZ-2 reduced basis of thread 2 is: 2224.604684(1.13176s [1.04561 s / 0.00985587s ]).
|b_0| of BKZ-2 reduced basis of thread 5 is: 2357.318604(1.16554s [1.07477 s / 0.00965358s ]).
Sorting 8 bases.
Time for preprocessing: 1.20673 seconds.
Processing base of thread 2
Executing ENUM with target length 2100
A: 4.41e+06
Searching candidates in depth 10
coefficients: [ 0 0 0 0 0 0 0 0 0 0 0 0 0 0 0 0 0 0 0 0 0 0 0 0 0 0 0 0 0 0 0 0 0 0 0 0 0 0 0 0 0 0 0 0 0 0 0 0 0 0 0 0 0 0 0 0 0 0 0 0 0 0 0 0 0 0 ]
Shortest Vector: [0 0 0 0 0 0 0 0 0 0 0 0 0 0 0 0 0 0 0 0 0 0 0 0 0 0 0 0 0 0 0 0 0 0 0 0 0 0 0 0 0 0 0 0 0 0 0 0 0 0 0 0 0 0 0 0 0 0 0 0 0 0 0 0 0 0 ]
Len: 0

Runtime of standard enumeration: 0.31628 s.
Processing base of thread 5
Executing ENUM with target length 2100
A: 4.41e+06
Searching candidates in depth 10
coefficients: [ 0 0 0 0 0 0 0 0 0 0 0 0 0 0 0 0 0 0 0 0 0 0 0 0 0 0 0 0 0 0 0 0 0 0 0 0 0 0 0 0 0 0 0 0 0 0 0 0 0 0 0 0 0 0 0 0 0 0 0 0 0 0 0 0 0 0 ]
Shortest Vector: [0 0 0 0 0 0 0 0 0 0 0 0 0 0 0 0 0 0 0 0 0 0 0 0 0 0 0 0 0 0 0 0 0 0 0 0 0 0 0 0 0 0 0 0 0 0 0 0 0 0 0 0 0 0 0 0 0 0 0 0 0 0 0 0 0 0 ]
Len: 0

Runtime of standard enumeration: 0.46841 s.
Processing base of thread 7
Executing ENUM with target length 2100
A: 4.41e+06
Searching candidates in depth 10
Found new minumun (length: 2098) -11  -14    5   -7   -9  -12  -19   11   -7    2    4   -1   -4    9   -9   -1   -1    2    2   -2    6    1    1   -3    3    1    0   -1    4   -2   -2    2    3    4    1   -1    1    1   -1   -1   -1    0   -1    1    1    1    1   -1   -1   -1    1    2    1    0    1    1    0    1    0    0    0    0    0   -1    0    0    0    0 
coefficients: [ -11 -14 5 -7 -9 -12 -19 11 -7 2 4 -1 -4 9 -9 -1 -1 2 2 -2 6 1 1 -3 3 1 -0 -1 4 -2 -2 2 3 4 1 -1 1 1 -1 -1 -1 0 -1 1 1 1 1 -1 -1 -1 1 2 1 -0 1 1 -0 1 -0 -0 -0 -0 -0 -1 0 0 ]
Shortest Vector: [-159 -186 -188 170 192 -85 -5 240 155 362 -5 -59 -169 -28 -27 -37 410 268 -213 229 -25 -107 -10 90 -3 207 -148 159 21 215 -285 -224 -392 389 -68 -410 105 -246 -188 302 -432 171 -121 -180 -257 81 173 -169 -444 28 -124 115 -757 -94 -181 432 753 -13 110 -606 62 -432 175 281 -113 -82 ]
Len: 2099

Runtime of standard enumeration: 0.17163 s.
Finishing after 1 attemps in 2.3727 s (processed 3 bases).
Working threads: 8
Using NTL types.
Activating EXTREME pruning.
Setting pruning parameter to 0.22.
Setting candidate-queue size to 10240.
Setting parallel-enum threshold to dimension 15.
Disabling usage of Gauss heuristic
Enabling BKZ-auto-height adaption.
Setting bkz-height to 2.
Setting pre-beta to 24.
Setting parallel-BKZ instances to 32.
Setting randomized trials to 9.
Read conf file at penum.conf
Setting prebeta parameter to 20.
Setting pruning parameter to 0.19.
Delta: 0.9
Beta: 2
Mode: 1
Candidate Height: 10
Target length: 2100
Trying to read: ./inppap/svpc-e1-d66-0.txt
Read a basis of dimension: 66 / 66 with |b_0| = 0.3538148218e199
Starting procedure
Preparing preprocessing of 8 threads.
Thread 0 is BKZ-2 reducing basis
Thread 5 is BKZ-2 reducing basis
Thread 1 is BKZ-2 reducing basis
Thread 3 is BKZ-2 reducing basis
Thread 2 is BKZ-2 reducing basis
Thread 6 is BKZ-2 reducing basis
Thread 7 is BKZ-2 reducing basis
Thread 4 is BKZ-2 reducing basis
|b_0| of BKZ-2 reduced basis of thread 0 is: 2614.852195(0.698645s [0.622171 s / 0.00994423s ]).
|b_0| of BKZ-2 reduced basis of thread 5 is: 2482.210507(1.01009s [0.921376 s / 0.0101152s ]).
|b_0| of BKZ-2 reduced basis of thread 6 is: 2324.342273(1.02026s [0.930106 s / 0.0104203s ]).
|b_0| of BKZ-2 reduced basis of thread 4 is: 2432.532631(1.02596s [0.936149 s / 0.0106785s ]).
|b_0| of BKZ-2 reduced basis of thread 3 is: 2313.42884(1.08147s [0.995188 s / 0.00980557s ]).
|b_0| of BKZ-2 reduced basis of thread 7 is: 2393.008149(1.08874s [0.999363 s / 0.00994643s ]).
|b_0| of BKZ-2 reduced basis of thread 2 is: 2315.24448(1.10077s [1.01834 s / 0.00991943s ]).
|b_0| of BKZ-2 reduced basis of thread 1 is: 2431.499126(1.1812s [1.09757 s / 0.00983371s ]).
Sorting 8 bases.
Time for preprocessing: 1.21661 seconds.
Processing base of thread 3
Executing ENUM with target length 2100
A: 4.41e+06
Searching candidates in depth 10
coefficients: [ 0 0 0 0 0 0 0 0 0 0 0 0 0 0 0 0 0 0 0 0 0 0 0 0 0 0 0 0 0 0 0 0 0 0 0 0 0 0 0 0 0 0 0 0 0 0 0 0 0 0 0 0 0 0 0 0 0 0 0 0 0 0 0 0 0 0 ]
Shortest Vector: [0 0 0 0 0 0 0 0 0 0 0 0 0 0 0 0 0 0 0 0 0 0 0 0 0 0 0 0 0 0 0 0 0 0 0 0 0 0 0 0 0 0 0 0 0 0 0 0 0 0 0 0 0 0 0 0 0 0 0 0 0 0 0 0 0 0 ]
Len: 0

Runtime of standard enumeration: 0.41629 s.
Processing base of thread 2
Executing ENUM with target length 2100
A: 4.41e+06
Searching candidates in depth 10
coefficients: [ 0 0 0 0 0 0 0 0 0 0 0 0 0 0 0 0 0 0 0 0 0 0 0 0 0 0 0 0 0 0 0 0 0 0 0 0 0 0 0 0 0 0 0 0 0 0 0 0 0 0 0 0 0 0 0 0 0 0 0 0 0 0 0 0 0 0 ]
Shortest Vector: [0 0 0 0 0 0 0 0 0 0 0 0 0 0 0 0 0 0 0 0 0 0 0 0 0 0 0 0 0 0 0 0 0 0 0 0 0 0 0 0 0 0 0 0 0 0 0 0 0 0 0 0 0 0 0 0 0 0 0 0 0 0 0 0 0 0 ]
Len: 0

Runtime of standard enumeration: 0.36952 s.
Processing base of thread 6
Executing ENUM with target length 2100
A: 4.41e+06
Searching candidates in depth 10
Found new minumun (length: 2098)  11   -4    4   -4    0    4   -3    0    3   -4    1   -6    0   -5    4   -1   -2   -2    0   -3    1    4   -1    3    3   -1   -5    3    0   -3   -1   -2    1    2   -2   -1    1    0    0   -1    0    2    2   -1   -1    0    1    0    0   -1    1    0    0    0    0    1   -1    0    1    1   -1    0    1    0    0   -1    0    0 
coefficients: [ 11 -4 4 -4 -0 4 -3 -0 3 -4 1 -6 -0 -5 4 -1 -2 -2 -0 -3 1 4 -1 3 3 -1 -5 3 -0 -3 -1 -2 1 2 -2 -1 1 -0 -0 -1 -0 2 2 -1 -1 -0 1 -0 -0 -1 1 -0 -0 -0 0 1 -1 -0 1 1 -1 -0 1 -0 -0 -1 ]
Shortest Vector: [-159 -186 -188 170 192 -85 -5 240 155 362 -5 -59 -169 -28 -27 -37 410 268 -213 229 -25 -107 -10 90 -3 207 -148 159 21 215 -285 -224 -392 389 -68 -410 105 -246 -188 302 -432 171 -121 -180 -257 81 173 -169 -444 28 -124 115 -757 -94 -181 432 753 -13 110 -606 62 -432 175 281 -113 -82 ]
Len: 2099

Runtime of standard enumeration: 0.34514 s.
Finishing after 1 attemps in 2.5552 s (processed 3 bases).
Working threads: 8
Using NTL types.
Activating EXTREME pruning.
Setting pruning parameter to 0.22.
Setting candidate-queue size to 10240.
Setting parallel-enum threshold to dimension 15.
Disabling usage of Gauss heuristic
Enabling BKZ-auto-height adaption.
Setting bkz-height to 2.
Setting pre-beta to 24.
Setting parallel-BKZ instances to 32.
Setting randomized trials to 9.
Read conf file at penum.conf
Setting prebeta parameter to 20.
Setting pruning parameter to 0.19.
Delta: 0.9
Beta: 2
Mode: 1
Candidate Height: 10
Target length: 2100
Trying to read: ./inppap/svpc-e1-d66-0.txt
Read a basis of dimension: 66 / 66 with |b_0| = 0.3538148218e199
Starting procedure
Preparing preprocessing of 8 threads.
Thread 0 is BKZ-2 reducing basis
Thread 6 is BKZ-2 reducing basis
Thread 3 is BKZ-2 reducing basis
Thread 1 is BKZ-2 reducing basis
Thread 5 is BKZ-2 reducing basis
Thread 7 is BKZ-2 reducing basis
Thread 4 is BKZ-2 reducing basis
Thread 2 is BKZ-2 reducing basis
|b_0| of BKZ-2 reduced basis of thread 0 is: 2614.852195(0.738766s [0.655583 s / 0.00993697s ]).
|b_0| of BKZ-2 reduced basis of thread 6 is: 2511.578587(1.01325s [0.928759 s / 0.00999099s ]).
|b_0| of BKZ-2 reduced basis of thread 5 is: 2613.748458(1.04524s [0.963482 s / 0.0103137s ]).
|b_0| of BKZ-2 reduced basis of thread 7 is: 2493.361987(1.05078s [0.952423 s / 0.0110054s ]).
|b_0| of BKZ-2 reduced basis of thread 4 is: 2516.911004(1.05273s [0.955203 s / 0.0107995s ]).
|b_0| of BKZ-2 reduced basis of thread 2 is: 2529.832406(1.07359s [0.979995 s / 0.00999671s ]).
|b_0| of BKZ-2 reduced basis of thread 3 is: 2340.771027(1.11017s [1.02907 s / 0.00985402s ]).
|b_0| of BKZ-2 reduced basis of thread 1 is: 2376.048821(1.13151s [1.04029 s / 0.00979675s ]).
Sorting 8 bases.
Time for preprocessing: 1.15589 seconds.
Processing base of thread 3
Executing ENUM with target length 2100
A: 4.41e+06
Searching candidates in depth 10
coefficients: [ 0 0 0 0 0 0 0 0 0 0 0 0 0 0 0 0 0 0 0 0 0 0 0 0 0 0 0 0 0 0 0 0 0 0 0 0 0 0 0 0 0 0 0 0 0 0 0 0 0 0 0 0 0 0 0 0 0 0 0 0 0 0 0 0 0 0 ]
Shortest Vector: [0 0 0 0 0 0 0 0 0 0 0 0 0 0 0 0 0 0 0 0 0 0 0 0 0 0 0 0 0 0 0 0 0 0 0 0 0 0 0 0 0 0 0 0 0 0 0 0 0 0 0 0 0 0 0 0 0 0 0 0 0 0 0 0 0 0 ]
Len: 0

Runtime of standard enumeration: 0.4751 s.
Processing base of thread 1
Executing ENUM with target length 2100
A: 4.41e+06
Searching candidates in depth 10
Found new minumun (length: 2098)   0    3    3    0   -2   -2   -1   -1    2   -2   -1   -2    3   -1   -1    0   -1    0    1   -1   -1    1    0    2    2    0    0    0    0    0   -1    0    0   -1   -1    0    0    1    0   -2    0    0    0    0    0    2    0   -1    0    1   -1    0    1    0    0    0    0    0    0    0    1    0    0    0   -1    0    0    0 
coefficients: [ -0 3 3 -0 -2 -2 -1 -1 2 -2 -1 -2 3 -1 -1 -0 -1 -0 1 -1 -1 1 -0 2 2 -0 -0 -0 -0 -0 -1 -0 -0 -1 -1 -0 -0 1 -0 -2 -0 -0 -0 -0 -0 2 -0 -1 -0 1 -1 -0 1 0 0 0 -0 -0 -0 -0 1 -0 -0 -0 -1 0 ]
Shortest Vector: [-159 -186 -188 170 192 -85 -5 240 155 362 -5 -59 -169 -28 -27 -37 410 268 -213 229 -25 -107 -10 90 -3 207 -148 159 21 215 -285 -224 -392 389 -68 -410 105 -246 -188 302 -432 171 -121 -180 -257 81 173 -169 -444 28 -124 115 -757 -94 -181 432 753 -13 110 -606 62 -432 175 281 -113 -82 ]
Len: 2099

Runtime of standard enumeration: 0.18085 s.
Finishing after 1 attemps in 1.9518 s (processed 2 bases).
Working threads: 8
Using NTL types.
Activating EXTREME pruning.
Setting pruning parameter to 0.22.
Setting candidate-queue size to 10240.
Setting parallel-enum threshold to dimension 15.
Disabling usage of Gauss heuristic
Enabling BKZ-auto-height adaption.
Setting bkz-height to 2.
Setting pre-beta to 24.
Setting parallel-BKZ instances to 32.
Setting randomized trials to 9.
Read conf file at penum.conf
Setting prebeta parameter to 20.
Setting pruning parameter to 0.19.
Delta: 0.9
Beta: 2
Mode: 1
Candidate Height: 10
Target length: 2100
Trying to read: ./inppap/svpc-e1-d66-0.txt
Read a basis of dimension: 66 / 66 with |b_0| = 0.3538148218e199
Starting procedure
Preparing preprocessing of 8 threads.
Thread 0 is BKZ-2 reducing basis
Thread 7 is BKZ-2 reducing basis
Thread 4 is BKZ-2 reducing basis
Thread 3 is BKZ-2 reducing basis
Thread 5 is BKZ-2 reducing basis
Thread 2 is BKZ-2 reducing basis
Thread 1 is BKZ-2 reducing basis
Thread 6 is BKZ-2 reducing basis
|b_0| of BKZ-2 reduced basis of thread 0 is: 2614.852195(0.749343s [0.673005 s / 0.00997336s ]).
|b_0| of BKZ-2 reduced basis of thread 4 is: 2261.224668(1.0735s [0.978295 s / 0.0108237s ]).
|b_0| of BKZ-2 reduced basis of thread 2 is: 2678.382721(1.08686s [1.00351 s / 0.010022s ]).
|b_0| of BKZ-2 reduced basis of thread 5 is: 2535.418309(1.10592s [1.01343 s / 0.0100037s ]).
|b_0| of BKZ-2 reduced basis of thread 1 is: 2230.780133(1.10452s [1.01364 s / 0.00998009s ]).
|b_0| of BKZ-2 reduced basis of thread 3 is: 2539.937598(1.11962s [1.03079 s / 0.00994131s ]).
|b_0| of BKZ-2 reduced basis of thread 7 is: 2663.914413(1.1253s [1.02881 s / 0.00991115s ]).
|b_0| of BKZ-2 reduced basis of thread 6 is: 2453.569441(1.11563s [1.0409 s / 0.00981479s ]).
Sorting 8 bases.
Time for preprocessing: 1.16793 seconds.
Processing base of thread 1
Executing ENUM with target length 2100
A: 4.41e+06
Searching candidates in depth 10
coefficients: [ 0 0 0 0 0 0 0 0 0 0 0 0 0 0 0 0 0 0 0 0 0 0 0 0 0 0 0 0 0 0 0 0 0 0 0 0 0 0 0 0 0 0 0 0 0 0 0 0 0 0 0 0 0 0 0 0 0 0 0 0 0 0 0 0 0 0 ]
Shortest Vector: [0 0 0 0 0 0 0 0 0 0 0 0 0 0 0 0 0 0 0 0 0 0 0 0 0 0 0 0 0 0 0 0 0 0 0 0 0 0 0 0 0 0 0 0 0 0 0 0 0 0 0 0 0 0 0 0 0 0 0 0 0 0 0 0 0 0 ]
Len: 0

Runtime of standard enumeration: 0.55244 s.
Processing base of thread 4
Executing ENUM with target length 2100
A: 4.41e+06
Searching candidates in depth 10
coefficients: [ 0 0 0 0 0 0 0 0 0 0 0 0 0 0 0 0 0 0 0 0 0 0 0 0 0 0 0 0 0 0 0 0 0 0 0 0 0 0 0 0 0 0 0 0 0 0 0 0 0 0 0 0 0 0 0 0 0 0 0 0 0 0 0 0 0 0 ]
Shortest Vector: [0 0 0 0 0 0 0 0 0 0 0 0 0 0 0 0 0 0 0 0 0 0 0 0 0 0 0 0 0 0 0 0 0 0 0 0 0 0 0 0 0 0 0 0 0 0 0 0 0 0 0 0 0 0 0 0 0 0 0 0 0 0 0 0 0 0 ]
Len: 0

Runtime of standard enumeration: 0.42199 s.
Processing base of thread 6
Executing ENUM with target length 2100
A: 4.41e+06
Searching candidates in depth 10
coefficients: [ 0 0 0 0 0 0 0 0 0 0 0 0 0 0 0 0 0 0 0 0 0 0 0 0 0 0 0 0 0 0 0 0 0 0 0 0 0 0 0 0 0 0 0 0 0 0 0 0 0 0 0 0 0 0 0 0 0 0 0 0 0 0 0 0 0 0 ]
Shortest Vector: [0 0 0 0 0 0 0 0 0 0 0 0 0 0 0 0 0 0 0 0 0 0 0 0 0 0 0 0 0 0 0 0 0 0 0 0 0 0 0 0 0 0 0 0 0 0 0 0 0 0 0 0 0 0 0 0 0 0 0 0 0 0 0 0 0 0 ]
Len: 0

Runtime of standard enumeration: 0.50369 s.
Processing base of thread 5
Executing ENUM with target length 2100
A: 4.41e+06
Searching candidates in depth 10
Found new minumun (length: 2098)  -2    3   -3    3    0    1   -2   -4   -3    0    0   -4    1    3    0   -2   -1    0    0    2    2    0   -1    1    1    1   -1    2   -1    1    0    0    0    0    1   -1    0    0   -1   -1    1    1   -1   -1    0    0    1    0    0    1    0    0    0    0    0    0    0   -1   -1    0    0    0    0    1    0    0    0    0 
coefficients: [ -2 3 -3 3 -0 1 -2 -4 -3 -0 -0 -4 1 3 -0 -2 -1 -0 -0 2 2 -0 -1 1 1 1 -1 2 -1 1 -0 -0 -0 -0 1 -1 -0 -0 -1 -1 1 1 -1 -1 -0 -0 1 0 -0 1 0 0 0 0 0 0 -0 -1 -1 -0 -0 -0 -0 1 0 0 ]
Shortest Vector: [-159 -186 -188 170 192 -85 -5 240 155 362 -5 -59 -169 -28 -27 -37 410 268 -213 229 -25 -107 -10 90 -3 207 -148 159 21 215 -285 -224 -392 389 -68 -410 105 -246 -188 302 -432 171 -121 -180 -257 81 173 -169 -444 28 -124 115 -757 -94 -181 432 753 -13 110 -606 62 -432 175 281 -113 -82 ]
Len: 2099

Runtime of standard enumeration: 0.16186 s.
Finishing after 1 attemps in 3.0933 s (processed 4 bases).
Working threads: 8
Using NTL types.
Activating EXTREME pruning.
Setting pruning parameter to 0.22.
Setting candidate-queue size to 10240.
Setting parallel-enum threshold to dimension 15.
Disabling usage of Gauss heuristic
Enabling BKZ-auto-height adaption.
Setting bkz-height to 2.
Setting pre-beta to 24.
Setting parallel-BKZ instances to 32.
Setting randomized trials to 9.
Read conf file at penum.conf
Setting prebeta parameter to 20.
Setting pruning parameter to 0.19.
Delta: 0.9
Beta: 2
Mode: 1
Candidate Height: 10
Target length: 2100
Trying to read: ./inppap/svpc-e1-d66-0.txt
Read a basis of dimension: 66 / 66 with |b_0| = 0.3538148218e199
Starting procedure
Preparing preprocessing of 8 threads.
Thread 0 is BKZ-2 reducing basis
Thread 4 is BKZ-2 reducing basis
Thread 2 is BKZ-2 reducing basis
Thread 1 is BKZ-2 reducing basis
Thread 7 is BKZ-2 reducing basis
Thread 3 is BKZ-2 reducing basis
Thread 6 is BKZ-2 reducing basis
Thread 5 is BKZ-2 reducing basis
|b_0| of BKZ-2 reduced basis of thread 0 is: 2614.852195(0.690507s [0.615575 s / 0.00990852s ]).
|b_0| of BKZ-2 reduced basis of thread 4 is: 2593.360947(0.997119s [0.897388 s / 0.0100694s ]).
|b_0| of BKZ-2 reduced basis of thread 2 is: 2337.332668(1.02681s [0.927675 s / 0.00998829s ]).
|b_0| of BKZ-2 reduced basis of thread 7 is: 2282.169363(1.07494s [0.981095 s / 0.0110719s ]).
|b_0| of BKZ-2 reduced basis of thread 3 is: |b_0| of BKZ-2 reduced basis of thread 6 is: 2516.685717(1.06154s [0.979589 s / 0.0108229s ]).
2637.90087(1.04344s [0.961949 s / 0.010642s ]).
|b_0| of BKZ-2 reduced basis of thread 1 is: 2544.789579(1.09169s [0.983957 s / 0.00995605s ]).
|b_0| of BKZ-2 reduced basis of thread 5 is: 2507.134819(1.07565s [0.991493 s / 0.00985343s ]).
Sorting 8 bases.
Time for preprocessing: 1.1496 seconds.
Processing base of thread 7
Executing ENUM with target length 2100
A: 4.41e+06
Searching candidates in depth 10
coefficients: [ 0 0 0 0 0 0 0 0 0 0 0 0 0 0 0 0 0 0 0 0 0 0 0 0 0 0 0 0 0 0 0 0 0 0 0 0 0 0 0 0 0 0 0 0 0 0 0 0 0 0 0 0 0 0 0 0 0 0 0 0 0 0 0 0 0 0 ]
Shortest Vector: [0 0 0 0 0 0 0 0 0 0 0 0 0 0 0 0 0 0 0 0 0 0 0 0 0 0 0 0 0 0 0 0 0 0 0 0 0 0 0 0 0 0 0 0 0 0 0 0 0 0 0 0 0 0 0 0 0 0 0 0 0 0 0 0 0 0 ]
Len: 0

Runtime of standard enumeration: 0.52681 s.
Processing base of thread 2
Executing ENUM with target length 2100
A: 4.41e+06
Searching candidates in depth 10
coefficients: [ 0 0 0 0 0 0 0 0 0 0 0 0 0 0 0 0 0 0 0 0 0 0 0 0 0 0 0 0 0 0 0 0 0 0 0 0 0 0 0 0 0 0 0 0 0 0 0 0 0 0 0 0 0 0 0 0 0 0 0 0 0 0 0 0 0 0 ]
Shortest Vector: [0 0 0 0 0 0 0 0 0 0 0 0 0 0 0 0 0 0 0 0 0 0 0 0 0 0 0 0 0 0 0 0 0 0 0 0 0 0 0 0 0 0 0 0 0 0 0 0 0 0 0 0 0 0 0 0 0 0 0 0 0 0 0 0 0 0 ]
Len: 0

Runtime of standard enumeration: 0.49205 s.
Processing base of thread 5
Executing ENUM with target length 2100
A: 4.41e+06
Searching candidates in depth 10
Found new minumun (length: 2098)   4    6    3   -5   11    1    1    4  -12   14   -5    2   -3    2   -5    8    0   -7    3   -3   -3    2   -2   -1   -4    4    1   -3    1   -2    3   -1    1    3   -2    2    3   -1   -1    0   -3    3   -2    0   -1    1    0    2    1   -1    2    2    0    0    1    0    0   -1    0    0    0    0    1    0    0    0    0    0 
coefficients: [ 4 6 3 -5 11 1 1 4 -12 14 -5 2 -3 2 -5 8 -0 -7 3 -3 -3 2 -2 -1 -4 4 1 -3 1 -2 3 -1 1 3 -2 2 3 -1 -1 -0 -3 3 -2 -0 -1 1 -0 2 1 -1 2 2 -0 -0 1 0 -0 -1 -0 -0 -0 -0 1 0 0 0 ]
Shortest Vector: [159 186 188 -170 -192 85 5 -240 -155 -362 5 59 169 28 27 37 -410 -268 213 -229 25 107 10 -90 3 -207 148 -159 -21 -215 285 224 392 -389 68 410 -105 246 188 -302 432 -171 121 180 257 -81 -173 169 444 -28 124 -115 757 94 181 -432 -753 13 -110 606 -62 432 -175 -281 113 82 ]
Len: 2099

Runtime of standard enumeration: 0.093883 s.
Finishing after 1 attemps in 2.4715 s (processed 3 bases).
Working threads: 8
Using NTL types.
Activating EXTREME pruning.
Setting pruning parameter to 0.22.
Setting candidate-queue size to 10240.
Setting parallel-enum threshold to dimension 15.
Disabling usage of Gauss heuristic
Enabling BKZ-auto-height adaption.
Setting bkz-height to 2.
Setting pre-beta to 24.
Setting parallel-BKZ instances to 32.
Setting randomized trials to 9.
Read conf file at penum.conf
Setting prebeta parameter to 20.
Setting pruning parameter to 0.19.
Delta: 0.9
Beta: 2
Mode: 1
Candidate Height: 10
Target length: 2100
Trying to read: ./inppap/svpc-e1-d66-0.txt
Read a basis of dimension: 66 / 66 with |b_0| = 0.3538148218e199
Starting procedure
Preparing preprocessing of 8 threads.
Thread 0 is BKZ-2 reducing basis
Thread 2 is BKZ-2 reducing basis
Thread 6 is BKZ-2 reducing basis
Thread 3 is BKZ-2 reducing basis
Thread 1 is BKZ-2 reducing basis
Thread 7 is BKZ-2 reducing basis
Thread 5 is BKZ-2 reducing basis
Thread 4 is BKZ-2 reducing basis
|b_0| of BKZ-2 reduced basis of thread 0 is: 2614.852195(0.693803s [0.612848 s / 0.00992252s ]).
|b_0| of BKZ-2 reduced basis of thread 7 is: 2573.396782(1.06756s [0.97621 s / 0.0103067s ]).
|b_0| of BKZ-2 reduced basis of thread 4 is: 2469.243609(1.06321s [0.957229 s / 0.010954s ]).
|b_0| of BKZ-2 reduced basis of thread 3 is: 2456.305966(1.08222s [0.988974 s / 0.0100554s ]).
|b_0| of BKZ-2 reduced basis of thread 6 is: 2258.452125(1.10437s [1.01957 s / 0.00990633s ]).
|b_0| of BKZ-2 reduced basis of thread 1 is: 2390.942492(1.10768s [1.01339 s / 0.00986302s ]).
|b_0| of BKZ-2 reduced basis of thread 2 is: 2373.556614(1.12777s [1.04035 s / 0.00960457s ]).
|b_0| of BKZ-2 reduced basis of thread 5 is: 2304.079426(1.13184s [1.03742 s / 0.00979393s ]).
Sorting 8 bases.
Time for preprocessing: 1.16904 seconds.
Processing base of thread 6
Executing ENUM with target length 2100
A: 4.41e+06
Searching candidates in depth 10
coefficients: [ 0 0 0 0 0 0 0 0 0 0 0 0 0 0 0 0 0 0 0 0 0 0 0 0 0 0 0 0 0 0 0 0 0 0 0 0 0 0 0 0 0 0 0 0 0 0 0 0 0 0 0 0 0 0 0 0 0 0 0 0 0 0 0 0 0 0 ]
Shortest Vector: [0 0 0 0 0 0 0 0 0 0 0 0 0 0 0 0 0 0 0 0 0 0 0 0 0 0 0 0 0 0 0 0 0 0 0 0 0 0 0 0 0 0 0 0 0 0 0 0 0 0 0 0 0 0 0 0 0 0 0 0 0 0 0 0 0 0 ]
Len: 0

Runtime of standard enumeration: 0.50476 s.
Processing base of thread 5
Executing ENUM with target length 2100
A: 4.41e+06
Searching candidates in depth 10
coefficients: [ 0 0 0 0 0 0 0 0 0 0 0 0 0 0 0 0 0 0 0 0 0 0 0 0 0 0 0 0 0 0 0 0 0 0 0 0 0 0 0 0 0 0 0 0 0 0 0 0 0 0 0 0 0 0 0 0 0 0 0 0 0 0 0 0 0 0 ]
Shortest Vector: [0 0 0 0 0 0 0 0 0 0 0 0 0 0 0 0 0 0 0 0 0 0 0 0 0 0 0 0 0 0 0 0 0 0 0 0 0 0 0 0 0 0 0 0 0 0 0 0 0 0 0 0 0 0 0 0 0 0 0 0 0 0 0 0 0 0 ]
Len: 0

Runtime of standard enumeration: 0.43384 s.
Processing base of thread 2
Executing ENUM with target length 2100
A: 4.41e+06
Searching candidates in depth 10
coefficients: [ 0 0 0 0 0 0 0 0 0 0 0 0 0 0 0 0 0 0 0 0 0 0 0 0 0 0 0 0 0 0 0 0 0 0 0 0 0 0 0 0 0 0 0 0 0 0 0 0 0 0 0 0 0 0 0 0 0 0 0 0 0 0 0 0 0 0 ]
Shortest Vector: [0 0 0 0 0 0 0 0 0 0 0 0 0 0 0 0 0 0 0 0 0 0 0 0 0 0 0 0 0 0 0 0 0 0 0 0 0 0 0 0 0 0 0 0 0 0 0 0 0 0 0 0 0 0 0 0 0 0 0 0 0 0 0 0 0 0 ]
Len: 0

Runtime of standard enumeration: 0.40432 s.
Processing base of thread 1
Executing ENUM with target length 2100
A: 4.41e+06
Searching candidates in depth 10
Found new minumun (length: 2098)  -2   14   10    3   11   19  -11    8   -1   -2    5    0    2   -3   -5    3    2    0   -1    6    1   -4    2   -4   -4   -2    2   -4   -1    0   -2    1   -2   -1    2    3    0    3    1    2   -1   -2    0    3   -2    1    1    0    1    2    2    0   -1    0    0    1    1    0    0    0   -2   -1    1    0   -1    1    0    0 
coefficients: [ -2 14 10 3 11 19 -11 8 -1 -2 5 -0 2 -3 -5 3 2 -0 -1 6 1 -4 2 -4 -4 -2 2 -4 -1 -0 -2 1 -2 -1 2 3 -0 3 1 2 -1 -2 -0 3 -2 1 1 -0 1 2 2 0 -1 -0 -0 1 1 -0 0 -0 -2 -1 1 -0 -1 1 ]
Shortest Vector: [159 186 188 -170 -192 85 5 -240 -155 -362 5 59 169 28 27 37 -410 -268 213 -229 25 107 10 -90 3 -207 148 -159 -21 -215 285 224 392 -389 68 410 -105 246 188 -302 432 -171 121 180 257 -81 -173 169 444 -28 124 -115 757 94 181 -432 -753 13 -110 606 -62 432 -175 -281 113 82 ]
Len: 2099

Runtime of standard enumeration: 0.50094 s.
Finishing after 1 attemps in 3.2897 s (processed 4 bases).
Working threads: 8
Using NTL types.
Activating EXTREME pruning.
Setting pruning parameter to 0.22.
Setting candidate-queue size to 10240.
Setting parallel-enum threshold to dimension 15.
Disabling usage of Gauss heuristic
Enabling BKZ-auto-height adaption.
Setting bkz-height to 2.
Setting pre-beta to 24.
Setting parallel-BKZ instances to 32.
Setting randomized trials to 9.
Read conf file at penum.conf
Setting prebeta parameter to 20.
Setting pruning parameter to 0.19.
Delta: 0.9
Beta: 2
Mode: 1
Candidate Height: 10
Target length: 2100
Trying to read: ./inppap/svpc-e1-d66-0.txt
Read a basis of dimension: 66 / 66 with |b_0| = 0.3538148218e199
Starting procedure
Preparing preprocessing of 8 threads.
Thread 0 is BKZ-2 reducing basis
Thread 6 is BKZ-2 reducing basis
Thread 5 is BKZ-2 reducing basis
Thread 2 is BKZ-2 reducing basis
Thread 4 is BKZ-2 reducing basis
Thread 7 is BKZ-2 reducing basis
Thread 3 is BKZ-2 reducing basis
Thread 1 is BKZ-2 reducing basis
|b_0| of BKZ-2 reduced basis of thread 0 is: 2614.852195(0.989635s [0.840778 s / 0.0201146s ]).
|b_0| of BKZ-2 reduced basis of thread 3 is: 2505.153289(1.04935s [0.968009 s / 0.010947s ]).
|b_0| of BKZ-2 reduced basis of thread 1 is: 2560.626095(1.06759s [0.9689 s / 0.0107279s ]).
|b_0| of BKZ-2 reduced basis of thread 6 is: 2432.371477(1.09965s [1.00523 s / 0.0108045s ]).
|b_0| of BKZ-2 reduced basis of thread 4 is: 2444.828828(1.09032s [1.00351 s / 0.00998899s ]).
|b_0| of BKZ-2 reduced basis of thread 2 is: 2515.237166(1.14384s [1.05163 s / 0.00982796s ]).
|b_0| of BKZ-2 reduced basis of thread 7 is: 2314.158594(1.36397s [1.27705 s / 0.00991465s ]).
|b_0| of BKZ-2 reduced basis of thread 5 is: 2392.104513(1.40246s [1.31066 s / 0.00973974s ]).
Sorting 8 bases.
Time for preprocessing: 1.43284 seconds.
Processing base of thread 7
Executing ENUM with target length 2100
A: 4.41e+06
Searching candidates in depth 10
coefficients: [ 0 0 0 0 0 0 0 0 0 0 0 0 0 0 0 0 0 0 0 0 0 0 0 0 0 0 0 0 0 0 0 0 0 0 0 0 0 0 0 0 0 0 0 0 0 0 0 0 0 0 0 0 0 0 0 0 0 0 0 0 0 0 0 0 0 0 ]
Shortest Vector: [0 0 0 0 0 0 0 0 0 0 0 0 0 0 0 0 0 0 0 0 0 0 0 0 0 0 0 0 0 0 0 0 0 0 0 0 0 0 0 0 0 0 0 0 0 0 0 0 0 0 0 0 0 0 0 0 0 0 0 0 0 0 0 0 0 0 ]
Len: 0

Runtime of standard enumeration: 0.35676 s.
Processing base of thread 5
Executing ENUM with target length 2100
A: 4.41e+06
Searching candidates in depth 10
coefficients: [ 0 0 0 0 0 0 0 0 0 0 0 0 0 0 0 0 0 0 0 0 0 0 0 0 0 0 0 0 0 0 0 0 0 0 0 0 0 0 0 0 0 0 0 0 0 0 0 0 0 0 0 0 0 0 0 0 0 0 0 0 0 0 0 0 0 0 ]
Shortest Vector: [0 0 0 0 0 0 0 0 0 0 0 0 0 0 0 0 0 0 0 0 0 0 0 0 0 0 0 0 0 0 0 0 0 0 0 0 0 0 0 0 0 0 0 0 0 0 0 0 0 0 0 0 0 0 0 0 0 0 0 0 0 0 0 0 0 0 ]
Len: 0

Runtime of standard enumeration: 0.56446 s.
Processing base of thread 6
Executing ENUM with target length 2100
A: 4.41e+06
Searching candidates in depth 10
Found new minumun (length: 2098)   1    3    0    3   -2   -8    2    0   -2   -1    1   -1    0    2    2   -6   -1    2    1   -3    1   -2    1    0   -2    0    1    0   -1   -1    0    2    0    0   -1   -1   -2    1    0    1   -1    0    0    2    0   -2   -1    1    0    0    1    0    1    0    1    0   -1    1   -1    0    1   -1    0    0    1    0    0    0 
coefficients: [ 1 3 -0 3 -2 -8 2 -0 -2 -1 1 -1 -0 2 2 -6 -1 2 1 -3 1 -2 1 -0 -2 -0 1 -0 -1 -1 -0 2 -0 -0 -1 -1 -2 1 -0 1 -1 -0 0 2 -0 -2 -1 1 -0 0 1 -0 1 -0 1 0 -1 1 -1 -0 1 -1 -0 -0 1 0 ]
Shortest Vector: [-159 -186 -188 170 192 -85 -5 240 155 362 -5 -59 -169 -28 -27 -37 410 268 -213 229 -25 -107 -10 90 -3 207 -148 159 21 215 -285 -224 -392 389 -68 -410 105 -246 -188 302 -432 171 -121 -180 -257 81 173 -169 -444 28 -124 115 -757 -94 -181 432 753 -13 110 -606 62 -432 175 281 -113 -82 ]
Len: 2099

Runtime of standard enumeration: 0.34607 s.
Finishing after 1 attemps in 2.9189 s (processed 3 bases).
Working threads: 8
Using NTL types.
Activating EXTREME pruning.
Setting pruning parameter to 0.22.
Setting candidate-queue size to 10240.
Setting parallel-enum threshold to dimension 15.
Disabling usage of Gauss heuristic
Enabling BKZ-auto-height adaption.
Setting bkz-height to 2.
Setting pre-beta to 24.
Setting parallel-BKZ instances to 32.
Setting randomized trials to 9.
Read conf file at penum.conf
Setting prebeta parameter to 20.
Setting pruning parameter to 0.19.
Delta: 0.9
Beta: 2
Mode: 1
Candidate Height: 10
Target length: 2100
Trying to read: ./inppap/svpc-e1-d66-0.txt
Read a basis of dimension: 66 / 66 with |b_0| = 0.3538148218e199
Starting procedure
Preparing preprocessing of 8 threads.
Thread 0 is BKZ-2 reducing basis
Thread 1 is BKZ-2 reducing basis
Thread 4 is BKZ-2 reducing basis
Thread 7 is BKZ-2 reducing basis
Thread 5 is BKZ-2 reducing basis
Thread 3 is BKZ-2 reducing basis
Thread 6 is BKZ-2 reducing basis
Thread 2 is BKZ-2 reducing basis
|b_0| of BKZ-2 reduced basis of thread 0 is: 2614.852195(0.692393s [0.616902 s / 0.0100495s ]).
|b_0| of BKZ-2 reduced basis of thread 1 is: 2253.662131(1.02437s [0.92127 s / 0.0101913s ]).
|b_0| of BKZ-2 reduced basis of thread 3 is: 2475.115957(1.01401s [0.931725 s / 0.0113141s ]).
|b_0| of BKZ-2 reduced basis of thread 5 is: 2494.936472(1.06937s [0.980917 s / 0.0109737s ]).
|b_0| of BKZ-2 reduced basis of thread 4 is: 2251.590105(1.08777s [1.00542 s / 0.00999379s ]).
|b_0| of BKZ-2 reduced basis of thread 7 is: 2485.541792(1.09331s [1.00677 s / 0.0100234s ]).
|b_0| of BKZ-2 reduced basis of thread 6 is: 2646.902718(1.16326s [1.08513 s / 0.00990136s ]).
|b_0| of BKZ-2 reduced basis of thread 2 is: 2430.277556(1.21417s [1.1427 s / 0.00994581s ]).
Sorting 8 bases.
Time for preprocessing: 1.27237 seconds.
Processing base of thread 4
Executing ENUM with target length 2100
A: 4.41e+06
Searching candidates in depth 10
Found new minumun (length: 2098)   2    3   -4    8    5   -2   -5    5   -5    0   -2    0   -6   -1    3   -2    3   -1    3   -4    1   -1   -1    2    3   -2   -2    5    2    1   -5    2    0    3    2    1    3    1    1    1    2    1   -1    1    2   -1    1    0    0    1   -1    1    1    0    1    0    0    1    0    1   -1   -1   -1   -1    0    1    0    0 
coefficients: [ 2 3 -4 8 5 -2 -5 5 -5 -0 -2 -0 -6 -1 3 -2 3 -1 3 -4 1 -1 -1 2 3 -2 -2 5 2 1 -5 2 0 3 2 1 3 1 1 1 2 1 -1 1 2 -1 1 -0 0 1 -1 1 1 -0 1 0 -0 1 -0 1 -1 -1 -1 -1 -0 1 ]
Shortest Vector: [-159 -186 -188 170 192 -85 -5 240 155 362 -5 -59 -169 -28 -27 -37 410 268 -213 229 -25 -107 -10 90 -3 207 -148 159 21 215 -285 -224 -392 389 -68 -410 105 -246 -188 302 -432 171 -121 -180 -257 81 173 -169 -444 28 -124 115 -757 -94 -181 432 753 -13 110 -606 62 -432 175 281 -113 -82 ]
Len: 2099

Runtime of standard enumeration: 0.23443 s.
Finishing after 1 attemps in 1.5837 s (processed 1 bases).
